#
# A fatal error has been detected by the Java Runtime Environment:
#
#  EXCEPTION_ACCESS_VIOLATION (0xc0000005) at pc=0x0000000000000000, pid=14500, tid=20384
#
# JRE version: OpenJDK Runtime Environment Microsoft-9889606 (21.0.4+7) (build 21.0.4+7-LTS)
# Java VM: OpenJDK 64-Bit Server VM Microsoft-9889606 (21.0.4+7-LTS, mixed mode, sharing, tiered, compressed oops, compressed class ptrs, g1 gc, windows-amd64)
# Problematic frame:
# C  [jniRaylib.dll+0x1020d8]
#
# No core dump will be written. Minidumps are not enabled by default on client versions of Windows
#
# If you would like to submit a bug report, please visit:
#   https://github.com/microsoft/openjdk/issues
# The crash happened outside the Java Virtual Machine in native code.
# See problematic frame for where to report the bug.
#

---------------  S U M M A R Y ------------

Command Line: com.quimbertco.QuimbertQuarrel.QuimbertQuarrel

Host: 12th Gen Intel(R) Core(TM) i5-12500, 12 cores, 15G,  Windows 10 , 64 bit Build 19041 (10.0.19041.4957)
Time: Fri Nov  8 09:35:39 2024 Pacific Standard Time elapsed time: 0.384345 seconds (0d 0h 0m 0s)

---------------  T H R E A D  ---------------

Current thread (0x000001d40ab8f350):  JavaThread "main"             [_thread_in_native, id=20384, stack(0x0000008d80b00000,0x0000008d80c00000) (1024K)]

Stack: [0x0000008d80b00000,0x0000008d80c00000],  sp=0x0000008d80bfebc0,  free space=1018k
Native frames: (J=compiled Java code, j=interpreted, Vv=VM code, C=native code)

Java frames: (J=compiled Java code, j=interpreted, Vv=VM code)
j  com.raylib.Raylib.LoadTextureFromImage(Lcom/raylib/Raylib$Image;)Lcom/raylib/Raylib$Texture;+0
j  com.quimbertco.QuimbertQuarrel.QuimbertQuarrel.main([Ljava/lang/String;)V+667
v  ~StubRoutines::call_stub 0x000001d41cb3100d

siginfo: EXCEPTION_ACCESS_VIOLATION (0xc0000005), data execution prevention violation at address 0x0000000000000000


Registers:
RAX=0x00007a639d9a894d, RBX=0x0000000000000007, RCX=0x0000000000000de1, RDX=0x0000000000000000
RSP=0x0000008d80bfebb8, RBP=0x0000000000000040, RSI=0x0000000000000040, RDI=0x0000008d80bfed30
R8 =0x0000000000000040, R9 =0x0000000000000007, R10=0x0000000000000000, R11=0xcc7fd7ffff7f1f07
R12=0x0000000000000000, R13=0x000001d42c64efe0, R14=0x0000000000000000, R15=0x0000000000000040
RIP=0x0000000000000000, EFLAGS=0x0000000000010246


Register to memory mapping:

RAX=0x00007a639d9a894d is an unknown value
RBX=0x0000000000000007 is an unknown value
RCX=0x0000000000000de1 is an unknown value
RDX=0x0 is null
RSP=0x0000008d80bfebb8 is pointing into the stack for thread: 0x000001d40ab8f350
RBP=0x0000000000000040 is an unknown value
RSI=0x0000000000000040 is an unknown value
RDI=0x0000008d80bfed30 is pointing into the stack for thread: 0x000001d40ab8f350
R8 =0x0000000000000040 is an unknown value
R9 =0x0000000000000007 is an unknown value
R10=0x0 is null
R11=0xcc7fd7ffff7f1f07 is an unknown value
R12=0x0 is null
R13=0x000001d42c64efe0 points into unknown readable memory: 0x0000000000000000 | 00 00 00 00 00 00 00 00
R14=0x0 is null
R15=0x0000000000000040 is an unknown value

Top of Stack: (sp=0x0000008d80bfebb8)
0x0000008d80bfebb8:   00007ffdd7f220d8 0000d0f7d0d38fef
0x0000008d80bfebc8:   0000000000000000 000001d40ab8f350
0x0000008d80bfebd8:   0000008d80bfed20 000001d40ab80ec0
0x0000008d80bfebe8:   000001d40ab8f9c0 00007ffdd7e70490
0x0000008d80bfebf8:   00007ffdc18f3e60 000001d46e438180
0x0000008d80bfec08:   00007ffdd7e70490 000001d400000000
0x0000008d80bfec18:   000000000000000d 0000004000000040
0x0000008d80bfec28:   00007ffdc18c78ec 000001d46e4d33a0
0x0000008d80bfec38:   00007a639d9a894d 000001d40ab8f350
0x0000008d80bfec48:   0000008d80bfee08 000001d46e438180
0x0000008d80bfec58:   0000000000000000 0000000000000007
0x0000008d80bfec68:   0000000000000001 000001d46e438180
0x0000008d80bfec78:   0000000000000040 0000008d80bfed10
0x0000008d80bfec88:   00007ffdd7ef12b4 0000008d80bfede8
0x0000008d80bfec98:   0000000000000000 000001d4727fe470
0x0000008d80bfeca8:   00007ffdd7fb8143 0000000000000001
0x0000008d80bfecb8:   00007ffdc18d6bf9 000001d40ab8f350
0x0000008d80bfecc8:   0000008d80bfee08 000001d4727fe470
0x0000008d80bfecd8:   00007ffdd7e70524 000001d40ab8f708
0x0000008d80bfece8:   0000008d80bfede8 000001d4727fe190
0x0000008d80bfecf8:   00007ffdc162b745 0000008d80bfed20
0x0000008d80bfed08:   000001d40ab8f350 0000000000000000
0x0000008d80bfed18:   0000000000000000 000001d400000000
0x0000008d80bfed28:   000001d40ab8f350 000001d42c64efe0
0x0000008d80bfed38:   0000004000000040 0000000700000001
0x0000008d80bfed48:   000001d46e438190 000001d41cb389d2
0x0000008d80bfed58:   0000000000000000 000001d46e438190
0x0000008d80bfed68:   000001d41cb3ce4b 000001d40ab8f708
0x0000008d80bfed78:   0000000000000000 0000000000000000
0x0000008d80bfed88:   000001d40aba1fe8 000001d46e411b0d
0x0000008d80bfed98:   000001d41cb3cadf 0000008d80bfeda0
0x0000008d80bfeda8:   000001d46e438180 0000000000000004 

Instructions: (pc=0x00007ffdd7f220d8)
0x00007ffdd7f21fd8:   24 50 c7 44 24 50 00 00 00 00 ba 84 8b 00 00 8b
0x00007ffdd7f21fe8:   ce ff 15 49 4d 13 00 48 63 44 24 50 85 c0 7e 4d
0x00007ffdd7f21ff8:   48 8b c8 c7 44 24 20 00 00 00 00 ba 01 00 00 00
0x00007ffdd7f22008:   ff 15 12 96 09 00 8b 54 24 50 4c 8d 44 24 20 4c
0x00007ffdd7f22018:   8b c8 8b ce 48 8b d8 ff 15 7b 4c 13 00 4c 8b cb
0x00007ffdd7f22028:   48 8d 15 39 6b 0a 00 44 8b c6 b9 04 00 00 00 e8
0x00007ffdd7f22038:   b4 5a 08 00 48 8b cb ff 15 e3 95 09 00 8b ce ff
0x00007ffdd7f22048:   15 1b 46 13 00 33 c0 48 8b 5c 24 40 48 8b 74 24
0x00007ffdd7f22058:   48 48 83 c4 30 5f c3 48 8d 15 22 6b 0a 00 b9 03
0x00007ffdd7f22068:   00 00 00 e8 80 5a 08 00 48 8b 5c 24 40 8b c6 48
0x00007ffdd7f22078:   8b 74 24 48 48 83 c4 30 5f c3 cc cc cc cc cc cc
0x00007ffdd7f22088:   cc cc cc cc cc cc cc cc 40 53 55 41 55 41 56 41
0x00007ffdd7f22098:   57 48 81 ec a0 00 00 00 48 8b 05 21 1e 13 00 48
0x00007ffdd7f220a8:   33 c4 48 89 44 24 78 8b ea 89 54 24 60 4c 8b e9
0x00007ffdd7f220b8:   44 89 44 24 64 45 33 f6 33 d2 b9 e1 0d 00 00 44
0x00007ffdd7f220c8:   89 74 24 50 41 8b d9 45 8b f8 ff 15 a8 41 13 00
0x00007ffdd7f220d8:   44 38 35 50 78 13 00 75 1d 8d 43 f2 83 f8 03 77
0x00007ffdd7f220e8:   15 48 8d 15 78 63 0a 00 41 8d 4e 04 e8 f7 59 08
0x00007ffdd7f220f8:   00 e9 0a 04 00 00 44 38 35 2b 78 13 00 75 19 83
0x00007ffdd7f22108:   fb 12 75 14 48 8d 15 85 63 0a 00 8d 4b f2 e8 d5
0x00007ffdd7f22118:   59 08 00 e9 e8 03 00 00 44 38 35 0a 78 13 00 75
0x00007ffdd7f22128:   1e 8d 43 ed 83 f8 01 77 16 48 8d 15 98 63 0a 00
0x00007ffdd7f22138:   b9 04 00 00 00 e8 ae 59 08 00 e9 c1 03 00 00 44
0x00007ffdd7f22148:   38 35 e4 77 13 00 75 1e 8d 43 eb 83 f8 01 77 16
0x00007ffdd7f22158:   48 8d 15 a9 63 0a 00 b9 04 00 00 00 e8 87 59 08
0x00007ffdd7f22168:   00 e9 9a 03 00 00 44 38 35 be 77 13 00 75 1e 8d
0x00007ffdd7f22178:   43 e9 83 f8 01 77 16 48 8d 15 ba 63 0a 00 b9 04
0x00007ffdd7f22188:   00 00 00 e8 60 59 08 00 e9 73 03 00 00 48 89 b4
0x00007ffdd7f22198:   24 98 00 00 00 ba 01 00 00 00 48 89 bc 24 90 00
0x00007ffdd7f221a8:   00 00 b9 f5 0c 00 00 4c 89 a4 24 88 00 00 00 ff
0x00007ffdd7f221b8:   15 db 53 13 00 48 8d 54 24 50 b9 01 00 00 00 ff
0x00007ffdd7f221c8:   15 0b 48 13 00 8b 54 24 50 b9 e1 0d 00 00 ff 15 


Stack slot to memory mapping:

stack at sp + 0 slots: 0x0000d0f7d0d38fef is an unknown value
stack at sp + 1 slots: 0x0 is null
stack at sp + 2 slots: 0x000001d40ab8f350 is a thread
stack at sp + 3 slots: 0x0000008d80bfed20 is pointing into the stack for thread: 0x000001d40ab8f350
stack at sp + 4 slots: 0x000001d40ab80ec0 points into unknown readable memory: 0x005f003200730002 | 02 00 73 00 32 00 5f 00
stack at sp + 5 slots: 0x000001d40ab8f9c0 points into unknown readable memory: 0x0000000000000000 | 00 00 00 00 00 00 00 00
stack at sp + 6 slots: 0x00007ffdd7e70490 jniRaylib.dll
stack at sp + 7 slots: 0x00007ffdc18f3e60 jvm.dll


---------------  P R O C E S S  ---------------

Threads class SMR info:
_java_thread_list=0x000001d42c640f10, length=14, elements={
0x000001d40ab8f350, 0x000001d42c646e60, 0x000001d42c649c40, 0x000001d42c64a8a0,
0x000001d42c64e320, 0x000001d42c66f620, 0x000001d42c678090, 0x000001d42c67e330,
0x000001d42c680de0, 0x000001d42c802e80, 0x000001d42c80d8e0, 0x000001d42c9b22d0,
0x000001d42ca8cb60, 0x000001d4721ab0d0
}

Java Threads: ( => current thread )
=>0x000001d40ab8f350 JavaThread "main"                              [_thread_in_native, id=20384, stack(0x0000008d80b00000,0x0000008d80c00000) (1024K)]
  0x000001d42c646e60 JavaThread "Reference Handler"          daemon [_thread_blocked, id=15280, stack(0x0000008d81300000,0x0000008d81400000) (1024K)]
  0x000001d42c649c40 JavaThread "Finalizer"                  daemon [_thread_blocked, id=19720, stack(0x0000008d81400000,0x0000008d81500000) (1024K)]
  0x000001d42c64a8a0 JavaThread "Signal Dispatcher"          daemon [_thread_blocked, id=11972, stack(0x0000008d81500000,0x0000008d81600000) (1024K)]
  0x000001d42c64e320 JavaThread "Attach Listener"            daemon [_thread_blocked, id=5612, stack(0x0000008d81600000,0x0000008d81700000) (1024K)]
  0x000001d42c66f620 JavaThread "Service Thread"             daemon [_thread_blocked, id=10220, stack(0x0000008d81700000,0x0000008d81800000) (1024K)]
  0x000001d42c678090 JavaThread "Monitor Deflation Thread"   daemon [_thread_blocked, id=19572, stack(0x0000008d81800000,0x0000008d81900000) (1024K)]
  0x000001d42c67e330 JavaThread "C2 CompilerThread0"         daemon [_thread_blocked, id=21348, stack(0x0000008d81900000,0x0000008d81a00000) (1024K)]
  0x000001d42c680de0 JavaThread "C1 CompilerThread0"         daemon [_thread_blocked, id=11364, stack(0x0000008d81a00000,0x0000008d81b00000) (1024K)]
  0x000001d42c802e80 JavaThread "Notification Thread"        daemon [_thread_blocked, id=3756, stack(0x0000008d81b00000,0x0000008d81c00000) (1024K)]
  0x000001d42c80d8e0 JavaThread "Common-Cleaner"             daemon [_thread_blocked, id=17304, stack(0x0000008d81c00000,0x0000008d81d00000) (1024K)]
  0x000001d42c9b22d0 JavaThread "JavaCPP Deallocator"        daemon [_thread_blocked, id=16204, stack(0x0000008d81d00000,0x0000008d81e00000) (1024K)]
  0x000001d42ca8cb60 JavaThread "C2 CompilerThread1"         daemon [_thread_blocked, id=4064, stack(0x0000008d81e00000,0x0000008d81f00000) (1024K)]
  0x000001d4721ab0d0 JavaThread "C2 CompilerThread2"         daemon [_thread_blocked, id=20636, stack(0x0000008d81f00000,0x0000008d82000000) (1024K)]
Total: 14

Other Threads:
  0x000001d42c626960 VMThread "VM Thread"                           [id=12456, stack(0x0000008d81200000,0x0000008d81300000) (1024K)]
  0x000001d42c60df00 WatcherThread "VM Periodic Task Thread"        [id=13568, stack(0x0000008d81100000,0x0000008d81200000) (1024K)]
  0x000001d40cf83d10 WorkerThread "GC Thread#0"                     [id=17656, stack(0x0000008d80c00000,0x0000008d80d00000) (1024K)]
  0x000001d40cf946d0 ConcurrentGCThread "G1 Main Marker"            [id=3588, stack(0x0000008d80d00000,0x0000008d80e00000) (1024K)]
  0x000001d40cf95290 WorkerThread "G1 Conc#0"                       [id=17884, stack(0x0000008d80e00000,0x0000008d80f00000) (1024K)]
  0x000001d42c4e0160 ConcurrentGCThread "G1 Refine#0"               [id=21076, stack(0x0000008d80f00000,0x0000008d81000000) (1024K)]
  0x000001d42c4e0ae0 ConcurrentGCThread "G1 Service"                [id=10780, stack(0x0000008d81000000,0x0000008d81100000) (1024K)]
Total: 7

Threads with active compile tasks:
Total: 0

VM state: not at safepoint (normal execution)

VM Mutex/Monitor currently owned by a thread: None

Heap address: 0x0000000705200000, size: 4014 MB, Compressed Oops mode: Zero based, Oop shift amount: 3

CDS archive(s) mapped at: [0x000001d42d000000-0x000001d42dc90000-0x000001d42dc90000), size 13172736, SharedBaseAddress: 0x000001d42d000000, ArchiveRelocationMode: 1.
Compressed class space mapped at: 0x000001d42e000000-0x000001d46e000000, reserved size: 1073741824
Narrow klass base: 0x000001d42d000000, Narrow klass shift: 0, Narrow klass range: 0x100000000

GC Precious Log:
 CardTable entry size: 512
 Card Set container configuration: InlinePtr #cards 4 size 8 Array Of Cards #cards 16 size 48 Howl #buckets 8 coarsen threshold 3686 Howl Bitmap #cards 512 size 80 coarsen threshold 460 Card regions per heap region 1 cards per card region 4096
 CPUs: 12 total, 12 available
 Memory: 16053M
 Large Page Support: Disabled
 NUMA Support: Disabled
 Compressed Oops: Enabled (Zero based)
 Heap Region Size: 2M
 Heap Min Capacity: 8M
 Heap Initial Capacity: 252M
 Heap Max Capacity: 4014M
 Pre-touch: Disabled
 Parallel Workers: 10
 Concurrent Workers: 3
 Concurrent Refinement Workers: 10
 Periodic GC: Disabled

Heap:
 garbage-first heap   total 258048K, used 12288K [0x0000000705200000, 0x0000000800000000)
  region size 2048K, 7 young (14336K), 0 survivors (0K)
 Metaspace       used 2248K, committed 2432K, reserved 1114112K
  class space    used 193K, committed 256K, reserved 1048576K

Heap Regions: E=young(eden), S=young(survivor), O=old, HS=humongous(starts), HC=humongous(continues), CS=collection set, F=free, TAMS=top-at-mark-start, PB=parsable bottom
|   0|0x0000000705200000, 0x0000000705200000, 0x0000000705400000|  0%| F|  |TAMS 0x0000000705200000| PB 0x0000000705200000| Untracked 
|   1|0x0000000705400000, 0x0000000705400000, 0x0000000705600000|  0%| F|  |TAMS 0x0000000705400000| PB 0x0000000705400000| Untracked 
|   2|0x0000000705600000, 0x0000000705600000, 0x0000000705800000|  0%| F|  |TAMS 0x0000000705600000| PB 0x0000000705600000| Untracked 
|   3|0x0000000705800000, 0x0000000705800000, 0x0000000705a00000|  0%| F|  |TAMS 0x0000000705800000| PB 0x0000000705800000| Untracked 
|   4|0x0000000705a00000, 0x0000000705a00000, 0x0000000705c00000|  0%| F|  |TAMS 0x0000000705a00000| PB 0x0000000705a00000| Untracked 
|   5|0x0000000705c00000, 0x0000000705c00000, 0x0000000705e00000|  0%| F|  |TAMS 0x0000000705c00000| PB 0x0000000705c00000| Untracked 
|   6|0x0000000705e00000, 0x0000000705e00000, 0x0000000706000000|  0%| F|  |TAMS 0x0000000705e00000| PB 0x0000000705e00000| Untracked 
|   7|0x0000000706000000, 0x0000000706000000, 0x0000000706200000|  0%| F|  |TAMS 0x0000000706000000| PB 0x0000000706000000| Untracked 
|   8|0x0000000706200000, 0x0000000706200000, 0x0000000706400000|  0%| F|  |TAMS 0x0000000706200000| PB 0x0000000706200000| Untracked 
|   9|0x0000000706400000, 0x0000000706400000, 0x0000000706600000|  0%| F|  |TAMS 0x0000000706400000| PB 0x0000000706400000| Untracked 
|  10|0x0000000706600000, 0x0000000706600000, 0x0000000706800000|  0%| F|  |TAMS 0x0000000706600000| PB 0x0000000706600000| Untracked 
|  11|0x0000000706800000, 0x0000000706800000, 0x0000000706a00000|  0%| F|  |TAMS 0x0000000706800000| PB 0x0000000706800000| Untracked 
|  12|0x0000000706a00000, 0x0000000706a00000, 0x0000000706c00000|  0%| F|  |TAMS 0x0000000706a00000| PB 0x0000000706a00000| Untracked 
|  13|0x0000000706c00000, 0x0000000706c00000, 0x0000000706e00000|  0%| F|  |TAMS 0x0000000706c00000| PB 0x0000000706c00000| Untracked 
|  14|0x0000000706e00000, 0x0000000706e00000, 0x0000000707000000|  0%| F|  |TAMS 0x0000000706e00000| PB 0x0000000706e00000| Untracked 
|  15|0x0000000707000000, 0x0000000707000000, 0x0000000707200000|  0%| F|  |TAMS 0x0000000707000000| PB 0x0000000707000000| Untracked 
|  16|0x0000000707200000, 0x0000000707200000, 0x0000000707400000|  0%| F|  |TAMS 0x0000000707200000| PB 0x0000000707200000| Untracked 
|  17|0x0000000707400000, 0x0000000707400000, 0x0000000707600000|  0%| F|  |TAMS 0x0000000707400000| PB 0x0000000707400000| Untracked 
|  18|0x0000000707600000, 0x0000000707600000, 0x0000000707800000|  0%| F|  |TAMS 0x0000000707600000| PB 0x0000000707600000| Untracked 
|  19|0x0000000707800000, 0x0000000707800000, 0x0000000707a00000|  0%| F|  |TAMS 0x0000000707800000| PB 0x0000000707800000| Untracked 
|  20|0x0000000707a00000, 0x0000000707a00000, 0x0000000707c00000|  0%| F|  |TAMS 0x0000000707a00000| PB 0x0000000707a00000| Untracked 
|  21|0x0000000707c00000, 0x0000000707c00000, 0x0000000707e00000|  0%| F|  |TAMS 0x0000000707c00000| PB 0x0000000707c00000| Untracked 
|  22|0x0000000707e00000, 0x0000000707e00000, 0x0000000708000000|  0%| F|  |TAMS 0x0000000707e00000| PB 0x0000000707e00000| Untracked 
|  23|0x0000000708000000, 0x0000000708000000, 0x0000000708200000|  0%| F|  |TAMS 0x0000000708000000| PB 0x0000000708000000| Untracked 
|  24|0x0000000708200000, 0x0000000708200000, 0x0000000708400000|  0%| F|  |TAMS 0x0000000708200000| PB 0x0000000708200000| Untracked 
|  25|0x0000000708400000, 0x0000000708400000, 0x0000000708600000|  0%| F|  |TAMS 0x0000000708400000| PB 0x0000000708400000| Untracked 
|  26|0x0000000708600000, 0x0000000708600000, 0x0000000708800000|  0%| F|  |TAMS 0x0000000708600000| PB 0x0000000708600000| Untracked 
|  27|0x0000000708800000, 0x0000000708800000, 0x0000000708a00000|  0%| F|  |TAMS 0x0000000708800000| PB 0x0000000708800000| Untracked 
|  28|0x0000000708a00000, 0x0000000708a00000, 0x0000000708c00000|  0%| F|  |TAMS 0x0000000708a00000| PB 0x0000000708a00000| Untracked 
|  29|0x0000000708c00000, 0x0000000708c00000, 0x0000000708e00000|  0%| F|  |TAMS 0x0000000708c00000| PB 0x0000000708c00000| Untracked 
|  30|0x0000000708e00000, 0x0000000708e00000, 0x0000000709000000|  0%| F|  |TAMS 0x0000000708e00000| PB 0x0000000708e00000| Untracked 
|  31|0x0000000709000000, 0x0000000709000000, 0x0000000709200000|  0%| F|  |TAMS 0x0000000709000000| PB 0x0000000709000000| Untracked 
|  32|0x0000000709200000, 0x0000000709200000, 0x0000000709400000|  0%| F|  |TAMS 0x0000000709200000| PB 0x0000000709200000| Untracked 
|  33|0x0000000709400000, 0x0000000709400000, 0x0000000709600000|  0%| F|  |TAMS 0x0000000709400000| PB 0x0000000709400000| Untracked 
|  34|0x0000000709600000, 0x0000000709600000, 0x0000000709800000|  0%| F|  |TAMS 0x0000000709600000| PB 0x0000000709600000| Untracked 
|  35|0x0000000709800000, 0x0000000709800000, 0x0000000709a00000|  0%| F|  |TAMS 0x0000000709800000| PB 0x0000000709800000| Untracked 
|  36|0x0000000709a00000, 0x0000000709a00000, 0x0000000709c00000|  0%| F|  |TAMS 0x0000000709a00000| PB 0x0000000709a00000| Untracked 
|  37|0x0000000709c00000, 0x0000000709c00000, 0x0000000709e00000|  0%| F|  |TAMS 0x0000000709c00000| PB 0x0000000709c00000| Untracked 
|  38|0x0000000709e00000, 0x0000000709e00000, 0x000000070a000000|  0%| F|  |TAMS 0x0000000709e00000| PB 0x0000000709e00000| Untracked 
|  39|0x000000070a000000, 0x000000070a000000, 0x000000070a200000|  0%| F|  |TAMS 0x000000070a000000| PB 0x000000070a000000| Untracked 
|  40|0x000000070a200000, 0x000000070a200000, 0x000000070a400000|  0%| F|  |TAMS 0x000000070a200000| PB 0x000000070a200000| Untracked 
|  41|0x000000070a400000, 0x000000070a400000, 0x000000070a600000|  0%| F|  |TAMS 0x000000070a400000| PB 0x000000070a400000| Untracked 
|  42|0x000000070a600000, 0x000000070a600000, 0x000000070a800000|  0%| F|  |TAMS 0x000000070a600000| PB 0x000000070a600000| Untracked 
|  43|0x000000070a800000, 0x000000070a800000, 0x000000070aa00000|  0%| F|  |TAMS 0x000000070a800000| PB 0x000000070a800000| Untracked 
|  44|0x000000070aa00000, 0x000000070aa00000, 0x000000070ac00000|  0%| F|  |TAMS 0x000000070aa00000| PB 0x000000070aa00000| Untracked 
|  45|0x000000070ac00000, 0x000000070ac00000, 0x000000070ae00000|  0%| F|  |TAMS 0x000000070ac00000| PB 0x000000070ac00000| Untracked 
|  46|0x000000070ae00000, 0x000000070ae00000, 0x000000070b000000|  0%| F|  |TAMS 0x000000070ae00000| PB 0x000000070ae00000| Untracked 
|  47|0x000000070b000000, 0x000000070b000000, 0x000000070b200000|  0%| F|  |TAMS 0x000000070b000000| PB 0x000000070b000000| Untracked 
|  48|0x000000070b200000, 0x000000070b200000, 0x000000070b400000|  0%| F|  |TAMS 0x000000070b200000| PB 0x000000070b200000| Untracked 
|  49|0x000000070b400000, 0x000000070b400000, 0x000000070b600000|  0%| F|  |TAMS 0x000000070b400000| PB 0x000000070b400000| Untracked 
|  50|0x000000070b600000, 0x000000070b600000, 0x000000070b800000|  0%| F|  |TAMS 0x000000070b600000| PB 0x000000070b600000| Untracked 
|  51|0x000000070b800000, 0x000000070b800000, 0x000000070ba00000|  0%| F|  |TAMS 0x000000070b800000| PB 0x000000070b800000| Untracked 
|  52|0x000000070ba00000, 0x000000070ba00000, 0x000000070bc00000|  0%| F|  |TAMS 0x000000070ba00000| PB 0x000000070ba00000| Untracked 
|  53|0x000000070bc00000, 0x000000070bc00000, 0x000000070be00000|  0%| F|  |TAMS 0x000000070bc00000| PB 0x000000070bc00000| Untracked 
|  54|0x000000070be00000, 0x000000070be00000, 0x000000070c000000|  0%| F|  |TAMS 0x000000070be00000| PB 0x000000070be00000| Untracked 
|  55|0x000000070c000000, 0x000000070c000000, 0x000000070c200000|  0%| F|  |TAMS 0x000000070c000000| PB 0x000000070c000000| Untracked 
|  56|0x000000070c200000, 0x000000070c200000, 0x000000070c400000|  0%| F|  |TAMS 0x000000070c200000| PB 0x000000070c200000| Untracked 
|  57|0x000000070c400000, 0x000000070c400000, 0x000000070c600000|  0%| F|  |TAMS 0x000000070c400000| PB 0x000000070c400000| Untracked 
|  58|0x000000070c600000, 0x000000070c600000, 0x000000070c800000|  0%| F|  |TAMS 0x000000070c600000| PB 0x000000070c600000| Untracked 
|  59|0x000000070c800000, 0x000000070c800000, 0x000000070ca00000|  0%| F|  |TAMS 0x000000070c800000| PB 0x000000070c800000| Untracked 
|  60|0x000000070ca00000, 0x000000070ca00000, 0x000000070cc00000|  0%| F|  |TAMS 0x000000070ca00000| PB 0x000000070ca00000| Untracked 
|  61|0x000000070cc00000, 0x000000070cc00000, 0x000000070ce00000|  0%| F|  |TAMS 0x000000070cc00000| PB 0x000000070cc00000| Untracked 
|  62|0x000000070ce00000, 0x000000070ce00000, 0x000000070d000000|  0%| F|  |TAMS 0x000000070ce00000| PB 0x000000070ce00000| Untracked 
|  63|0x000000070d000000, 0x000000070d000000, 0x000000070d200000|  0%| F|  |TAMS 0x000000070d000000| PB 0x000000070d000000| Untracked 
|  64|0x000000070d200000, 0x000000070d200000, 0x000000070d400000|  0%| F|  |TAMS 0x000000070d200000| PB 0x000000070d200000| Untracked 
|  65|0x000000070d400000, 0x000000070d400000, 0x000000070d600000|  0%| F|  |TAMS 0x000000070d400000| PB 0x000000070d400000| Untracked 
|  66|0x000000070d600000, 0x000000070d600000, 0x000000070d800000|  0%| F|  |TAMS 0x000000070d600000| PB 0x000000070d600000| Untracked 
|  67|0x000000070d800000, 0x000000070d800000, 0x000000070da00000|  0%| F|  |TAMS 0x000000070d800000| PB 0x000000070d800000| Untracked 
|  68|0x000000070da00000, 0x000000070da00000, 0x000000070dc00000|  0%| F|  |TAMS 0x000000070da00000| PB 0x000000070da00000| Untracked 
|  69|0x000000070dc00000, 0x000000070dc00000, 0x000000070de00000|  0%| F|  |TAMS 0x000000070dc00000| PB 0x000000070dc00000| Untracked 
|  70|0x000000070de00000, 0x000000070de00000, 0x000000070e000000|  0%| F|  |TAMS 0x000000070de00000| PB 0x000000070de00000| Untracked 
|  71|0x000000070e000000, 0x000000070e000000, 0x000000070e200000|  0%| F|  |TAMS 0x000000070e000000| PB 0x000000070e000000| Untracked 
|  72|0x000000070e200000, 0x000000070e200000, 0x000000070e400000|  0%| F|  |TAMS 0x000000070e200000| PB 0x000000070e200000| Untracked 
|  73|0x000000070e400000, 0x000000070e400000, 0x000000070e600000|  0%| F|  |TAMS 0x000000070e400000| PB 0x000000070e400000| Untracked 
|  74|0x000000070e600000, 0x000000070e600000, 0x000000070e800000|  0%| F|  |TAMS 0x000000070e600000| PB 0x000000070e600000| Untracked 
|  75|0x000000070e800000, 0x000000070e800000, 0x000000070ea00000|  0%| F|  |TAMS 0x000000070e800000| PB 0x000000070e800000| Untracked 
|  76|0x000000070ea00000, 0x000000070ea00000, 0x000000070ec00000|  0%| F|  |TAMS 0x000000070ea00000| PB 0x000000070ea00000| Untracked 
|  77|0x000000070ec00000, 0x000000070ec00000, 0x000000070ee00000|  0%| F|  |TAMS 0x000000070ec00000| PB 0x000000070ec00000| Untracked 
|  78|0x000000070ee00000, 0x000000070ee00000, 0x000000070f000000|  0%| F|  |TAMS 0x000000070ee00000| PB 0x000000070ee00000| Untracked 
|  79|0x000000070f000000, 0x000000070f000000, 0x000000070f200000|  0%| F|  |TAMS 0x000000070f000000| PB 0x000000070f000000| Untracked 
|  80|0x000000070f200000, 0x000000070f200000, 0x000000070f400000|  0%| F|  |TAMS 0x000000070f200000| PB 0x000000070f200000| Untracked 
|  81|0x000000070f400000, 0x000000070f400000, 0x000000070f600000|  0%| F|  |TAMS 0x000000070f400000| PB 0x000000070f400000| Untracked 
|  82|0x000000070f600000, 0x000000070f600000, 0x000000070f800000|  0%| F|  |TAMS 0x000000070f600000| PB 0x000000070f600000| Untracked 
|  83|0x000000070f800000, 0x000000070f800000, 0x000000070fa00000|  0%| F|  |TAMS 0x000000070f800000| PB 0x000000070f800000| Untracked 
|  84|0x000000070fa00000, 0x000000070fa00000, 0x000000070fc00000|  0%| F|  |TAMS 0x000000070fa00000| PB 0x000000070fa00000| Untracked 
|  85|0x000000070fc00000, 0x000000070fc00000, 0x000000070fe00000|  0%| F|  |TAMS 0x000000070fc00000| PB 0x000000070fc00000| Untracked 
|  86|0x000000070fe00000, 0x000000070fe00000, 0x0000000710000000|  0%| F|  |TAMS 0x000000070fe00000| PB 0x000000070fe00000| Untracked 
|  87|0x0000000710000000, 0x0000000710000000, 0x0000000710200000|  0%| F|  |TAMS 0x0000000710000000| PB 0x0000000710000000| Untracked 
|  88|0x0000000710200000, 0x0000000710200000, 0x0000000710400000|  0%| F|  |TAMS 0x0000000710200000| PB 0x0000000710200000| Untracked 
|  89|0x0000000710400000, 0x0000000710400000, 0x0000000710600000|  0%| F|  |TAMS 0x0000000710400000| PB 0x0000000710400000| Untracked 
|  90|0x0000000710600000, 0x0000000710600000, 0x0000000710800000|  0%| F|  |TAMS 0x0000000710600000| PB 0x0000000710600000| Untracked 
|  91|0x0000000710800000, 0x0000000710800000, 0x0000000710a00000|  0%| F|  |TAMS 0x0000000710800000| PB 0x0000000710800000| Untracked 
|  92|0x0000000710a00000, 0x0000000710a00000, 0x0000000710c00000|  0%| F|  |TAMS 0x0000000710a00000| PB 0x0000000710a00000| Untracked 
|  93|0x0000000710c00000, 0x0000000710c00000, 0x0000000710e00000|  0%| F|  |TAMS 0x0000000710c00000| PB 0x0000000710c00000| Untracked 
|  94|0x0000000710e00000, 0x0000000710e00000, 0x0000000711000000|  0%| F|  |TAMS 0x0000000710e00000| PB 0x0000000710e00000| Untracked 
|  95|0x0000000711000000, 0x0000000711000000, 0x0000000711200000|  0%| F|  |TAMS 0x0000000711000000| PB 0x0000000711000000| Untracked 
|  96|0x0000000711200000, 0x0000000711200000, 0x0000000711400000|  0%| F|  |TAMS 0x0000000711200000| PB 0x0000000711200000| Untracked 
|  97|0x0000000711400000, 0x0000000711400000, 0x0000000711600000|  0%| F|  |TAMS 0x0000000711400000| PB 0x0000000711400000| Untracked 
|  98|0x0000000711600000, 0x0000000711600000, 0x0000000711800000|  0%| F|  |TAMS 0x0000000711600000| PB 0x0000000711600000| Untracked 
|  99|0x0000000711800000, 0x0000000711800000, 0x0000000711a00000|  0%| F|  |TAMS 0x0000000711800000| PB 0x0000000711800000| Untracked 
| 100|0x0000000711a00000, 0x0000000711a00000, 0x0000000711c00000|  0%| F|  |TAMS 0x0000000711a00000| PB 0x0000000711a00000| Untracked 
| 101|0x0000000711c00000, 0x0000000711c00000, 0x0000000711e00000|  0%| F|  |TAMS 0x0000000711c00000| PB 0x0000000711c00000| Untracked 
| 102|0x0000000711e00000, 0x0000000711e00000, 0x0000000712000000|  0%| F|  |TAMS 0x0000000711e00000| PB 0x0000000711e00000| Untracked 
| 103|0x0000000712000000, 0x0000000712000000, 0x0000000712200000|  0%| F|  |TAMS 0x0000000712000000| PB 0x0000000712000000| Untracked 
| 104|0x0000000712200000, 0x0000000712200000, 0x0000000712400000|  0%| F|  |TAMS 0x0000000712200000| PB 0x0000000712200000| Untracked 
| 105|0x0000000712400000, 0x0000000712400000, 0x0000000712600000|  0%| F|  |TAMS 0x0000000712400000| PB 0x0000000712400000| Untracked 
| 106|0x0000000712600000, 0x0000000712600000, 0x0000000712800000|  0%| F|  |TAMS 0x0000000712600000| PB 0x0000000712600000| Untracked 
| 107|0x0000000712800000, 0x0000000712800000, 0x0000000712a00000|  0%| F|  |TAMS 0x0000000712800000| PB 0x0000000712800000| Untracked 
| 108|0x0000000712a00000, 0x0000000712a00000, 0x0000000712c00000|  0%| F|  |TAMS 0x0000000712a00000| PB 0x0000000712a00000| Untracked 
| 109|0x0000000712c00000, 0x0000000712c00000, 0x0000000712e00000|  0%| F|  |TAMS 0x0000000712c00000| PB 0x0000000712c00000| Untracked 
| 110|0x0000000712e00000, 0x0000000712e00000, 0x0000000713000000|  0%| F|  |TAMS 0x0000000712e00000| PB 0x0000000712e00000| Untracked 
| 111|0x0000000713000000, 0x0000000713000000, 0x0000000713200000|  0%| F|  |TAMS 0x0000000713000000| PB 0x0000000713000000| Untracked 
| 112|0x0000000713200000, 0x0000000713200000, 0x0000000713400000|  0%| F|  |TAMS 0x0000000713200000| PB 0x0000000713200000| Untracked 
| 113|0x0000000713400000, 0x0000000713400000, 0x0000000713600000|  0%| F|  |TAMS 0x0000000713400000| PB 0x0000000713400000| Untracked 
| 114|0x0000000713600000, 0x0000000713600000, 0x0000000713800000|  0%| F|  |TAMS 0x0000000713600000| PB 0x0000000713600000| Untracked 
| 115|0x0000000713800000, 0x0000000713800000, 0x0000000713a00000|  0%| F|  |TAMS 0x0000000713800000| PB 0x0000000713800000| Untracked 
| 116|0x0000000713a00000, 0x0000000713a00000, 0x0000000713c00000|  0%| F|  |TAMS 0x0000000713a00000| PB 0x0000000713a00000| Untracked 
| 117|0x0000000713c00000, 0x0000000713c00000, 0x0000000713e00000|  0%| F|  |TAMS 0x0000000713c00000| PB 0x0000000713c00000| Untracked 
| 118|0x0000000713e00000, 0x0000000713e00000, 0x0000000714000000|  0%| F|  |TAMS 0x0000000713e00000| PB 0x0000000713e00000| Untracked 
| 119|0x0000000714000000, 0x00000007141c3698, 0x0000000714200000| 88%| E|  |TAMS 0x0000000714000000| PB 0x0000000714000000| Complete 
| 120|0x0000000714200000, 0x0000000714400000, 0x0000000714400000|100%| E|CS|TAMS 0x0000000714200000| PB 0x0000000714200000| Complete 
| 121|0x0000000714400000, 0x0000000714600000, 0x0000000714600000|100%| E|CS|TAMS 0x0000000714400000| PB 0x0000000714400000| Complete 
| 122|0x0000000714600000, 0x0000000714800000, 0x0000000714800000|100%| E|CS|TAMS 0x0000000714600000| PB 0x0000000714600000| Complete 
| 123|0x0000000714800000, 0x0000000714a00000, 0x0000000714a00000|100%| E|CS|TAMS 0x0000000714800000| PB 0x0000000714800000| Complete 
| 124|0x0000000714a00000, 0x0000000714c00000, 0x0000000714c00000|100%| E|CS|TAMS 0x0000000714a00000| PB 0x0000000714a00000| Complete 
| 125|0x0000000714c00000, 0x0000000714e00000, 0x0000000714e00000|100%| E|CS|TAMS 0x0000000714c00000| PB 0x0000000714c00000| Complete 

Card table byte_map: [0x000001d425340000,0x000001d425b20000] _byte_map_base: 0x000001d421b17000

Marking Bits: (CMBitMap*) 0x000001d40cf84320
 Bits: [0x000001d425b20000, 0x000001d4299d8000)

Polling page: 0x000001d40add0000

Metaspace:

Usage:
  Non-class:      2.01 MB used.
      Class:    193.66 KB used.
       Both:      2.20 MB used.

Virtual space:
  Non-class space:       64.00 MB reserved,       2.12 MB (  3%) committed,  1 nodes.
      Class space:        1.00 GB reserved,     256.00 KB ( <1%) committed,  1 nodes.
             Both:        1.06 GB reserved,       2.38 MB ( <1%) committed. 

Chunk freelists:
   Non-Class:  11.17 MB
       Class:  15.66 MB
        Both:  26.83 MB

MaxMetaspaceSize: unlimited
CompressedClassSpaceSize: 1.00 GB
Initial GC threshold: 21.00 MB
Current GC threshold: 21.00 MB
CDS: on
 - commit_granule_bytes: 65536.
 - commit_granule_words: 8192.
 - virtual_space_node_default_size: 8388608.
 - enlarge_chunks_in_place: 1.
 - use_allocation_guard: 0.


Internal statistics:

num_allocs_failed_limit: 0.
num_arena_births: 28.
num_arena_deaths: 0.
num_vsnodes_births: 2.
num_vsnodes_deaths: 0.
num_space_committed: 38.
num_space_uncommitted: 0.
num_chunks_returned_to_freelist: 0.
num_chunks_taken_from_freelist: 72.
num_chunk_merges: 0.
num_chunk_splits: 46.
num_chunks_enlarged: 34.
num_inconsistent_stats: 0.

CodeHeap 'non-profiled nmethods': size=120000Kb used=365Kb max_used=365Kb free=119634Kb
 bounds [0x000001d41d0d0000, 0x000001d41d340000, 0x000001d424600000]
CodeHeap 'profiled nmethods': size=120000Kb used=1009Kb max_used=1009Kb free=118990Kb
 bounds [0x000001d415600000, 0x000001d415870000, 0x000001d41cb30000]
CodeHeap 'non-nmethods': size=5760Kb used=1390Kb max_used=1437Kb free=4369Kb
 bounds [0x000001d41cb30000, 0x000001d41cda0000, 0x000001d41d0d0000]
 total_blobs=1208 nmethods=717 adapters=396
 compilation: enabled
              stopped_count=0, restarted_count=0
 full_count=0

Compilation events (20 events):
Event: 0.351 Thread 0x000001d42c680de0 nmethod 717 0x000001d4156fbd10 code [0x000001d4156fbee0, 0x000001d4156fc2c8]
Event: 0.351 Thread 0x000001d42ca8cb60 nmethod 654 0x000001d41d11c310 code [0x000001d41d11c4a0, 0x000001d41d11c5d0]
Event: 0.351 Thread 0x000001d42ca8cb60  680   !   4       jdk.internal.loader.URLClassPath$JarLoader::ensureOpen (36 bytes)
Event: 0.352 Thread 0x000001d42ca8cb60 nmethod 680 0x000001d41d11c710 code [0x000001d41d11c880, 0x000001d41d11c928]
Event: 0.352 Thread 0x000001d42ca8cb60  653       4       java.util.zip.ZipCoder::hash (36 bytes)
Event: 0.353 Thread 0x000001d42ca8cb60 nmethod 653 0x000001d41d11ca10 code [0x000001d41d11cbe0, 0x000001d41d11d048]
Event: 0.353 Thread 0x000001d42ca8cb60  656   !   4       jdk.internal.loader.URLClassPath$JarLoader::getResource (40 bytes)
Event: 0.354 Thread 0x000001d42c67e330 nmethod 633 0x000001d41d11d290 code [0x000001d41d11d880, 0x000001d41d122318]
Event: 0.354 Thread 0x000001d42c67e330  646       4       jdk.internal.loader.URLClassPath$JarLoader::findResource (18 bytes)
Event: 0.355 Thread 0x000001d42ca8cb60 nmethod 656 0x000001d41d124b10 code [0x000001d41d124cc0, 0x000001d41d124ef8]
Event: 0.355 Thread 0x000001d42ca8cb60  639       4       java.lang.StringBuilder::toString (9 bytes)
Event: 0.355 Thread 0x000001d4721ab0d0 nmethod 644 0x000001d41d125190 code [0x000001d41d125520, 0x000001d41d1277d8]
Event: 0.356 Thread 0x000001d4721ab0d0  640       4       java.lang.String::<init> (99 bytes)
Event: 0.356 Thread 0x000001d42c67e330 nmethod 646 0x000001d41d128c90 code [0x000001d41d128e40, 0x000001d41d129098]
Event: 0.356 Thread 0x000001d42c67e330  641       4       java.lang.AbstractStringBuilder::<init> (39 bytes)
Event: 0.357 Thread 0x000001d42c67e330 nmethod 641 0x000001d41d129390 code [0x000001d41d129520, 0x000001d41d129798]
Event: 0.357 Thread 0x000001d42c67e330  699       4       java.util.ArrayDeque::elementAt (4 bytes)
Event: 0.357 Thread 0x000001d42c67e330 nmethod 699 0x000001d41d129890 code [0x000001d41d129a00, 0x000001d41d129ab0]
Event: 0.359 Thread 0x000001d42ca8cb60 nmethod 639 0x000001d41d129b90 code [0x000001d41d129d60, 0x000001d41d12a5d8]
Event: 0.359 Thread 0x000001d4721ab0d0 nmethod 640 0x000001d41d12a890 code [0x000001d41d12aa60, 0x000001d41d12b2a0]

GC Heap History (0 events):
No events

Dll operation events (20 events):
Event: 0.299 Loaded shared library C:\Program Files (x86)\Windows Kits\10\Redist\ucrt\DLLs\x64\api-ms-win-core-datetime-l1-1-0.dll
Event: 0.300 Loaded shared library C:\Program Files (x86)\Windows Kits\10\Redist\ucrt\DLLs\x64\api-ms-win-core-localization-l1-2-0.dll
Event: 0.302 Loaded shared library C:\Program Files (x86)\Windows Kits\10\Redist\ucrt\DLLs\x64\api-ms-win-core-sysinfo-l1-1-0.dll
Event: 0.303 Loaded shared library C:\Program Files (x86)\Windows Kits\10\Redist\ucrt\DLLs\x64\api-ms-win-core-synch-l1-2-0.dll
Event: 0.305 Loaded shared library C:\Program Files (x86)\Windows Kits\10\Redist\ucrt\DLLs\x64\api-ms-win-core-console-l1-1-0.dll
Event: 0.310 Loaded shared library C:\Program Files (x86)\Windows Kits\10\Redist\ucrt\DLLs\x64\api-ms-win-core-debug-l1-1-0.dll
Event: 0.312 Loaded shared library C:\Program Files (x86)\Windows Kits\10\Redist\ucrt\DLLs\x64\api-ms-win-core-rtlsupport-l1-1-0.dll
Event: 0.314 Loaded shared library C:\Program Files (x86)\Windows Kits\10\Redist\ucrt\DLLs\x64\api-ms-win-core-processthreads-l1-1-1.dll
Event: 0.315 Loaded shared library C:\Program Files (x86)\Windows Kits\10\Redist\ucrt\DLLs\x64\api-ms-win-core-file-l1-2-0.dll
Event: 0.317 Loaded shared library C:\Program Files (x86)\Windows Kits\10\Redist\ucrt\DLLs\x64\api-ms-win-core-profile-l1-1-0.dll
Event: 0.318 Loaded shared library C:\Program Files (x86)\Windows Kits\10\Redist\ucrt\DLLs\x64\api-ms-win-core-memory-l1-1-0.dll
Event: 0.320 Loaded shared library C:\Program Files (x86)\Windows Kits\10\Redist\ucrt\DLLs\x64\api-ms-win-core-util-l1-1-0.dll
Event: 0.322 Loaded shared library C:\Program Files (x86)\Windows Kits\10\Redist\ucrt\DLLs\x64\api-ms-win-core-interlocked-l1-1-0.dll
Event: 0.326 Loaded shared library C:\Program Files (x86)\Windows Kits\10\Redist\ucrt\DLLs\x64\ucrtbase.dll
Event: 0.327 Loaded shared library D:\Registries\microsoft-jdk-21.0.4-windows-x64\jdk-21.0.4+7\bin\vcruntime140.dll
Event: 0.328 Loaded shared library D:\Registries\microsoft-jdk-21.0.4-windows-x64\jdk-21.0.4+7\bin\vcruntime140_1.dll
Event: 0.329 Loaded shared library D:\Registries\microsoft-jdk-21.0.4-windows-x64\jdk-21.0.4+7\bin\msvcp140.dll
Event: 0.330 Loaded shared library C:\Windows\System32\msvcp140_1.dll
Event: 0.332 Loaded shared library C:\Windows\System32\concrt140.dll
Event: 0.334 Loaded shared library C:\Windows\System32\vcomp140.dll

Deoptimization events (20 events):
Event: 0.308 Thread 0x000001d40ab8f350 Uncommon trap: trap_request=0xffffffde fr.pc=0x000001d41d10724c relative=0x000000000000012c
Event: 0.308 Thread 0x000001d40ab8f350 Uncommon trap: reason=class_check action=maybe_recompile pc=0x000001d41d10724c method=jdk.internal.misc.Unsafe.allocateUninitializedArray(Ljava/lang/Class;I)Ljava/lang/Object; @ 51 c2
Event: 0.308 Thread 0x000001d40ab8f350 DEOPT PACKING pc=0x000001d41d10724c sp=0x0000008d80bfc510
Event: 0.308 Thread 0x000001d40ab8f350 DEOPT UNPACKING pc=0x000001d41cb846a2 sp=0x0000008d80bfc488 mode 2
Event: 0.308 Thread 0x000001d40ab8f350 Uncommon trap: trap_request=0xffffffde fr.pc=0x000001d41d10724c relative=0x000000000000012c
Event: 0.308 Thread 0x000001d40ab8f350 Uncommon trap: reason=class_check action=maybe_recompile pc=0x000001d41d10724c method=jdk.internal.misc.Unsafe.allocateUninitializedArray(Ljava/lang/Class;I)Ljava/lang/Object; @ 51 c2
Event: 0.308 Thread 0x000001d40ab8f350 DEOPT PACKING pc=0x000001d41d10724c sp=0x0000008d80bfc5a0
Event: 0.308 Thread 0x000001d40ab8f350 DEOPT UNPACKING pc=0x000001d41cb846a2 sp=0x0000008d80bfc518 mode 2
Event: 0.308 Thread 0x000001d40ab8f350 Uncommon trap: trap_request=0xffffffde fr.pc=0x000001d41d10724c relative=0x000000000000012c
Event: 0.308 Thread 0x000001d40ab8f350 Uncommon trap: reason=class_check action=maybe_recompile pc=0x000001d41d10724c method=jdk.internal.misc.Unsafe.allocateUninitializedArray(Ljava/lang/Class;I)Ljava/lang/Object; @ 51 c2
Event: 0.308 Thread 0x000001d40ab8f350 DEOPT PACKING pc=0x000001d41d10724c sp=0x0000008d80bfc510
Event: 0.308 Thread 0x000001d40ab8f350 DEOPT UNPACKING pc=0x000001d41cb846a2 sp=0x0000008d80bfc488 mode 2
Event: 0.309 Thread 0x000001d40ab8f350 Uncommon trap: trap_request=0xffffffde fr.pc=0x000001d41d10724c relative=0x000000000000012c
Event: 0.309 Thread 0x000001d40ab8f350 Uncommon trap: reason=class_check action=maybe_recompile pc=0x000001d41d10724c method=jdk.internal.misc.Unsafe.allocateUninitializedArray(Ljava/lang/Class;I)Ljava/lang/Object; @ 51 c2
Event: 0.309 Thread 0x000001d40ab8f350 DEOPT PACKING pc=0x000001d41d10724c sp=0x0000008d80bfc510
Event: 0.309 Thread 0x000001d40ab8f350 DEOPT UNPACKING pc=0x000001d41cb846a2 sp=0x0000008d80bfc488 mode 2
Event: 0.322 Thread 0x000001d40ab8f350 Uncommon trap: trap_request=0xffffff45 fr.pc=0x000001d41d0f90f0 relative=0x00000000000010d0
Event: 0.322 Thread 0x000001d40ab8f350 Uncommon trap: reason=unstable_if action=reinterpret pc=0x000001d41d0f90f0 method=jdk.internal.jimage.ImageStringsReader.stringFromByteBufferMatches(Ljava/nio/ByteBuffer;ILjava/lang/String;I)I @ 48 c2
Event: 0.322 Thread 0x000001d40ab8f350 DEOPT PACKING pc=0x000001d41d0f90f0 sp=0x0000008d80bfc460
Event: 0.322 Thread 0x000001d40ab8f350 DEOPT UNPACKING pc=0x000001d41cb846a2 sp=0x0000008d80bfc198 mode 2

Classes loaded (20 events):
Event: 0.189 Loading class java/time/zone/ZoneOffsetTransitionRule$TimeDefinition
Event: 0.189 Loading class java/time/zone/ZoneOffsetTransitionRule$TimeDefinition done
Event: 0.189 Loading class java/time/zone/ZoneOffsetTransition
Event: 0.189 Loading class java/time/zone/ZoneOffsetTransition done
Event: 0.189 Loading class java/time/temporal/TemporalAdjusters
Event: 0.189 Loading class java/time/temporal/TemporalAdjusters done
Event: 0.219 Loading class java/lang/NumberFormatException
Event: 0.219 Loading class java/lang/NumberFormatException done
Event: 0.222 Loading class java/lang/ProcessEnvironment
Event: 0.222 Loading class java/lang/ProcessEnvironment done
Event: 0.222 Loading class java/lang/ProcessEnvironment$NameComparator
Event: 0.222 Loading class java/lang/ProcessEnvironment$NameComparator done
Event: 0.222 Loading class java/lang/ProcessEnvironment$EntryComparator
Event: 0.222 Loading class java/lang/ProcessEnvironment$EntryComparator done
Event: 0.222 Loading class java/lang/ProcessEnvironment$CheckedEntrySet
Event: 0.222 Loading class java/lang/ProcessEnvironment$CheckedEntrySet done
Event: 0.222 Loading class java/lang/ProcessEnvironment$CheckedEntrySet$1
Event: 0.222 Loading class java/lang/ProcessEnvironment$CheckedEntrySet$1 done
Event: 0.223 Loading class java/lang/ProcessEnvironment$CheckedEntry
Event: 0.223 Loading class java/lang/ProcessEnvironment$CheckedEntry done

Classes unloaded (0 events):
No events

Classes redefined (0 events):
No events

Internal exceptions (7 events):
Event: 0.150 Thread 0x000001d40ab8f350 Exception <a 'java/lang/NoSuchMethodError'{0x0000000714bfd540}: 'int java.lang.invoke.DirectMethodHandle$Holder.invokeStaticInit(java.lang.Object, java.lang.Object, java.lang.Object, java.lang.Object)'> (0x0000000714bfd540) 
thrown [s\src\hotspot\share\interpreter\linkResolver.cpp, line 773]
Event: 0.150 Thread 0x000001d40ab8f350 Exception <a 'java/lang/NoSuchMethodError'{0x00000007148065d0}: 'java.lang.Object java.lang.invoke.DirectMethodHandle$Holder.invokeInterface(java.lang.Object, java.lang.Object)'> (0x00000007148065d0) 
thrown [s\src\hotspot\share\interpreter\linkResolver.cpp, line 773]
Event: 0.150 Thread 0x000001d40ab8f350 Exception <a 'java/lang/IncompatibleClassChangeError'{0x00000007148098d8}: Found class java.lang.Object, but interface was expected> (0x00000007148098d8) 
thrown [s\src\hotspot\share\interpreter\linkResolver.cpp, line 840]
Event: 0.151 Thread 0x000001d40ab8f350 Exception <a 'java/lang/NoSuchMethodError'{0x000000071480c5a8}: 'void java.lang.invoke.DirectMethodHandle$Holder.invokeStatic(java.lang.Object, java.lang.Object)'> (0x000000071480c5a8) 
thrown [s\src\hotspot\share\interpreter\linkResolver.cpp, line 773]
Event: 0.151 Thread 0x000001d40ab8f350 Exception <a 'java/lang/NoSuchMethodError'{0x000000071480f9a8}: 'void java.lang.invoke.DirectMethodHandle$Holder.invokeStaticInit(java.lang.Object, java.lang.Object)'> (0x000000071480f9a8) 
thrown [s\src\hotspot\share\interpreter\linkResolver.cpp, line 773]
Event: 0.151 Thread 0x000001d40ab8f350 Exception <a 'java/lang/NoSuchMethodError'{0x00000007148155f8}: 'int java.lang.invoke.DirectMethodHandle$Holder.invokeStaticInit(java.lang.Object, java.lang.Object)'> (0x00000007148155f8) 
thrown [s\src\hotspot\share\interpreter\linkResolver.cpp, line 773]
Event: 0.190 Thread 0x000001d40ab8f350 Exception <a 'java/lang/NoSuchMethodError'{0x0000000714986100}: 'java.lang.Object java.lang.invoke.DirectMethodHandle$Holder.invokeStatic(java.lang.Object, int, java.lang.Object)'> (0x0000000714986100) 
thrown [s\src\hotspot\share\interpreter\linkResolver.cpp, line 773]

ZGC Phase Switch (0 events):
No events

VM Operations (4 events):
Event: 0.098 Executing VM operation: HandshakeAllThreads (Deoptimize)
Event: 0.098 Executing VM operation: HandshakeAllThreads (Deoptimize) done
Event: 0.222 Executing VM operation: HandshakeAllThreads (Deoptimize)
Event: 0.222 Executing VM operation: HandshakeAllThreads (Deoptimize) done

Memory protections (0 events):
No events

Nmethod flushes (0 events):
No events

Events (14 events):
Event: 0.035 Thread 0x000001d40ab8f350 Thread added: 0x000001d40ab8f350
Event: 0.044 Thread 0x000001d40ab8f350 Thread added: 0x000001d42c646e60
Event: 0.044 Thread 0x000001d40ab8f350 Thread added: 0x000001d42c649c40
Event: 0.044 Thread 0x000001d40ab8f350 Thread added: 0x000001d42c64a8a0
Event: 0.044 Thread 0x000001d40ab8f350 Thread added: 0x000001d42c64e320
Event: 0.044 Thread 0x000001d40ab8f350 Thread added: 0x000001d42c66f620
Event: 0.044 Thread 0x000001d40ab8f350 Thread added: 0x000001d42c678090
Event: 0.044 Thread 0x000001d40ab8f350 Thread added: 0x000001d42c67e330
Event: 0.044 Thread 0x000001d40ab8f350 Thread added: 0x000001d42c680de0
Event: 0.052 Thread 0x000001d40ab8f350 Thread added: 0x000001d42c802e80
Event: 0.053 Thread 0x000001d40ab8f350 Thread added: 0x000001d42c80d8e0
Event: 0.220 Thread 0x000001d40ab8f350 Thread added: 0x000001d42c9b22d0
Event: 0.290 Thread 0x000001d42c680de0 Thread added: 0x000001d42ca8cb60
Event: 0.302 Thread 0x000001d42ca8cb60 Thread added: 0x000001d4721ab0d0


Dynamic libraries:
0x00007ff7c4570000 - 0x00007ff7c457e000 	D:\Registries\microsoft-jdk-21.0.4-windows-x64\jdk-21.0.4+7\bin\java.exe
0x00007ffe38f70000 - 0x00007ffe39168000 	C:\WINDOWS\SYSTEM32\ntdll.dll
0x00007ffe38c30000 - 0x00007ffe38cf2000 	C:\WINDOWS\System32\KERNEL32.DLL
0x00007ffe36640000 - 0x00007ffe3693e000 	C:\WINDOWS\System32\KERNELBASE.dll
0x00007ffe369d0000 - 0x00007ffe36ad0000 	C:\WINDOWS\System32\ucrtbase.dll
0x00007ffe2af20000 - 0x00007ffe2af38000 	D:\Registries\microsoft-jdk-21.0.4-windows-x64\jdk-21.0.4+7\bin\jli.dll
0x00007ffe27a10000 - 0x00007ffe27a2d000 	D:\Registries\microsoft-jdk-21.0.4-windows-x64\jdk-21.0.4+7\bin\VCRUNTIME140.dll
0x00007ffe17f40000 - 0x00007ffe181da000 	C:\WINDOWS\WinSxS\amd64_microsoft.windows.common-controls_6595b64144ccf1df_6.0.19041.4355_none_60b8b9eb71f62e16\COMCTL32.dll
0x00007ffe375c0000 - 0x00007ffe3775d000 	C:\WINDOWS\System32\USER32.dll
0x00007ffe36f90000 - 0x00007ffe3702e000 	C:\WINDOWS\System32\msvcrt.dll
0x00007ffe36bf0000 - 0x00007ffe36c12000 	C:\WINDOWS\System32\win32u.dll
0x00007ffe38dc0000 - 0x00007ffe38deb000 	C:\WINDOWS\System32\GDI32.dll
0x00007ffe36ad0000 - 0x00007ffe36be7000 	C:\WINDOWS\System32\gdi32full.dll
0x00007ffe36d80000 - 0x00007ffe36e1d000 	C:\WINDOWS\System32\msvcp_win.dll
0x00007ffe37590000 - 0x00007ffe375bf000 	C:\WINDOWS\System32\IMM32.DLL
0x00007ffe308c0000 - 0x00007ffe308cc000 	D:\Registries\microsoft-jdk-21.0.4-windows-x64\jdk-21.0.4+7\bin\vcruntime140_1.dll
0x00007ffde11b0000 - 0x00007ffde123d000 	D:\Registries\microsoft-jdk-21.0.4-windows-x64\jdk-21.0.4+7\bin\msvcp140.dll
0x00007ffdc1250000 - 0x00007ffdc1fe0000 	D:\Registries\microsoft-jdk-21.0.4-windows-x64\jdk-21.0.4+7\bin\server\jvm.dll
0x00007ffe38d00000 - 0x00007ffe38db2000 	C:\WINDOWS\System32\ADVAPI32.dll
0x00007ffe389a0000 - 0x00007ffe38a40000 	C:\WINDOWS\System32\sechost.dll
0x00007ffe38a40000 - 0x00007ffe38b63000 	C:\WINDOWS\System32\RPCRT4.dll
0x00007ffe36610000 - 0x00007ffe36637000 	C:\WINDOWS\System32\bcrypt.dll
0x00007ffe38210000 - 0x00007ffe3827b000 	C:\WINDOWS\System32\WS2_32.dll
0x00007ffe35b50000 - 0x00007ffe35b9b000 	C:\WINDOWS\SYSTEM32\POWRPROF.dll
0x00007ffe2ba30000 - 0x00007ffe2ba57000 	C:\WINDOWS\SYSTEM32\WINMM.dll
0x00007ffe237a0000 - 0x00007ffe237aa000 	C:\WINDOWS\SYSTEM32\VERSION.dll
0x00007ffe35a10000 - 0x00007ffe35a22000 	C:\WINDOWS\SYSTEM32\UMPDC.dll
0x00007ffe34b40000 - 0x00007ffe34b52000 	C:\WINDOWS\SYSTEM32\kernel.appcore.dll
0x00007ffe30790000 - 0x00007ffe3079a000 	D:\Registries\microsoft-jdk-21.0.4-windows-x64\jdk-21.0.4+7\bin\jimage.dll
0x00007ffe33f00000 - 0x00007ffe340e4000 	C:\WINDOWS\SYSTEM32\DBGHELP.DLL
0x00007ffe0e080000 - 0x00007ffe0e0b4000 	C:\WINDOWS\SYSTEM32\dbgcore.DLL
0x00007ffe36940000 - 0x00007ffe369c2000 	C:\WINDOWS\System32\bcryptPrimitives.dll
0x00007ffe26b00000 - 0x00007ffe26b20000 	D:\Registries\microsoft-jdk-21.0.4-windows-x64\jdk-21.0.4+7\bin\java.dll
0x00007ffe37a90000 - 0x00007ffe381ff000 	C:\WINDOWS\System32\SHELL32.dll
0x00007ffe34380000 - 0x00007ffe34b24000 	C:\WINDOWS\SYSTEM32\windows.storage.dll
0x00007ffe37030000 - 0x00007ffe37383000 	C:\WINDOWS\System32\combase.dll
0x00007ffe36040000 - 0x00007ffe3606e000 	C:\WINDOWS\SYSTEM32\Wldp.dll
0x00007ffe38e60000 - 0x00007ffe38f2d000 	C:\WINDOWS\System32\OLEAUT32.dll
0x00007ffe37450000 - 0x00007ffe374fd000 	C:\WINDOWS\System32\SHCORE.dll
0x00007ffe37890000 - 0x00007ffe378e5000 	C:\WINDOWS\System32\shlwapi.dll
0x00007ffe36540000 - 0x00007ffe36564000 	C:\WINDOWS\SYSTEM32\profapi.dll
0x00007ffdde530000 - 0x00007ffdde607000 	D:\Registries\microsoft-jdk-21.0.4-windows-x64\jdk-21.0.4+7\bin\jsvml.dll
0x00007ffe301b0000 - 0x00007ffe301c0000 	D:\Registries\microsoft-jdk-21.0.4-windows-x64\jdk-21.0.4+7\bin\net.dll
0x00007ffe355d0000 - 0x00007ffe356dd000 	C:\WINDOWS\SYSTEM32\WINHTTP.dll
0x00007ffe35da0000 - 0x00007ffe35e0a000 	C:\WINDOWS\system32\mswsock.dll
0x00007ffe26ae0000 - 0x00007ffe26af6000 	D:\Registries\microsoft-jdk-21.0.4-windows-x64\jdk-21.0.4+7\bin\nio.dll
0x00007ffe26ac0000 - 0x00007ffe26ad8000 	D:\Registries\microsoft-jdk-21.0.4-windows-x64\jdk-21.0.4+7\bin\zip.dll
0x00007ffdde400000 - 0x00007ffdde528000 	C:\Windows\System32\opengl32.dll
0x00007ffe23a10000 - 0x00007ffe23a3c000 	C:\WINDOWS\SYSTEM32\GLU32.dll
0x00007ffdd7e20000 - 0x00007ffdd8081000 	C:\Users\lekoskos000\.javacpp\cache\jaylib-5.0.0-0.jar\com\raylib\windows-x86_64\jniRaylib.dll
0x000001d40ae10000 - 0x000001d40ae13000 	C:\Program Files (x86)\Windows Kits\10\Redist\ucrt\DLLs\x64\api-ms-win-crt-locale-l1-1-0.dll
0x000001d40ae20000 - 0x000001d40ae24000 	C:\Program Files (x86)\Windows Kits\10\Redist\ucrt\DLLs\x64\api-ms-win-crt-string-l1-1-0.dll
0x000001d40ae30000 - 0x000001d40ae34000 	C:\Program Files (x86)\Windows Kits\10\Redist\ucrt\DLLs\x64\api-ms-win-crt-stdio-l1-1-0.dll
0x000001d40ceb0000 - 0x000001d40ceb5000 	C:\Program Files (x86)\Windows Kits\10\Redist\ucrt\DLLs\x64\api-ms-win-crt-math-l1-1-0.dll
0x000001d40cec0000 - 0x000001d40cec3000 	C:\Program Files (x86)\Windows Kits\10\Redist\ucrt\DLLs\x64\api-ms-win-crt-heap-l1-1-0.dll
0x000001d40ced0000 - 0x000001d40ced4000 	C:\Program Files (x86)\Windows Kits\10\Redist\ucrt\DLLs\x64\api-ms-win-crt-runtime-l1-1-0.dll
0x000001d40cee0000 - 0x000001d40cee4000 	C:\Program Files (x86)\Windows Kits\10\Redist\ucrt\DLLs\x64\api-ms-win-crt-convert-l1-1-0.dll
0x000001d42ca90000 - 0x000001d42ca93000 	C:\Program Files (x86)\Windows Kits\10\Redist\ucrt\DLLs\x64\api-ms-win-crt-environment-l1-1-0.dll
0x000001d42caa0000 - 0x000001d42caa3000 	C:\Program Files (x86)\Windows Kits\10\Redist\ucrt\DLLs\x64\api-ms-win-crt-time-l1-1-0.dll
0x000001d42cab0000 - 0x000001d42cab3000 	C:\Program Files (x86)\Windows Kits\10\Redist\ucrt\DLLs\x64\api-ms-win-crt-filesystem-l1-1-0.dll
0x000001d42cac0000 - 0x000001d42cac3000 	C:\Program Files (x86)\Windows Kits\10\Redist\ucrt\DLLs\x64\api-ms-win-crt-utility-l1-1-0.dll
0x000001d42cad0000 - 0x000001d42cad5000 	C:\Program Files (x86)\Windows Kits\10\Redist\ucrt\DLLs\x64\api-ms-win-crt-multibyte-l1-1-0.dll
0x000001d42cae0000 - 0x000001d42cae3000 	C:\Program Files (x86)\Windows Kits\10\Redist\ucrt\DLLs\x64\api-ms-win-crt-conio-l1-1-0.dll
0x000001d42caf0000 - 0x000001d42caff000 	C:\Program Files (x86)\Windows Kits\10\Redist\ucrt\DLLs\x64\api-ms-win-crt-private-l1-1-0.dll
0x000001d42cb00000 - 0x000001d42cb03000 	C:\Program Files (x86)\Windows Kits\10\Redist\ucrt\DLLs\x64\api-ms-win-crt-process-l1-1-0.dll
0x000001d42cb10000 - 0x000001d42cb14000 	D:\Registries\microsoft-jdk-21.0.4-windows-x64\jdk-21.0.4+7\bin\api-ms-win-core-console-l1-2-0.dll
0x000001d42cb20000 - 0x000001d42cb23000 	C:\Program Files (x86)\Windows Kits\10\Redist\ucrt\DLLs\x64\api-ms-win-core-string-l1-1-0.dll
0x000001d42cb30000 - 0x000001d42cb33000 	C:\Program Files (x86)\Windows Kits\10\Redist\ucrt\DLLs\x64\api-ms-win-core-errorhandling-l1-1-0.dll
0x000001d42cb40000 - 0x000001d42cb43000 	C:\Program Files (x86)\Windows Kits\10\Redist\ucrt\DLLs\x64\api-ms-win-core-timezone-l1-1-0.dll
0x000001d42cb50000 - 0x000001d42cb54000 	C:\Program Files (x86)\Windows Kits\10\Redist\ucrt\DLLs\x64\api-ms-win-core-file-l1-1-0.dll
0x000001d42cb60000 - 0x000001d42cb63000 	C:\Program Files (x86)\Windows Kits\10\Redist\ucrt\DLLs\x64\api-ms-win-core-namedpipe-l1-1-0.dll
0x000001d42cb70000 - 0x000001d42cb73000 	C:\Program Files (x86)\Windows Kits\10\Redist\ucrt\DLLs\x64\api-ms-win-core-handle-l1-1-0.dll
0x000001d42cb80000 - 0x000001d42cb83000 	C:\Program Files (x86)\Windows Kits\10\Redist\ucrt\DLLs\x64\api-ms-win-core-file-l2-1-0.dll
0x000001d42cb90000 - 0x000001d42cb93000 	C:\Program Files (x86)\Windows Kits\10\Redist\ucrt\DLLs\x64\api-ms-win-core-heap-l1-1-0.dll
0x000001d42cba0000 - 0x000001d42cba3000 	C:\Program Files (x86)\Windows Kits\10\Redist\ucrt\DLLs\x64\api-ms-win-core-libraryloader-l1-1-0.dll
0x000001d42cbb0000 - 0x000001d42cbb3000 	C:\Program Files (x86)\Windows Kits\10\Redist\ucrt\DLLs\x64\api-ms-win-core-synch-l1-1-0.dll
0x000001d42cbc0000 - 0x000001d42cbc3000 	C:\Program Files (x86)\Windows Kits\10\Redist\ucrt\DLLs\x64\api-ms-win-core-processthreads-l1-1-0.dll
0x000001d42cbd0000 - 0x000001d42cbd3000 	C:\Program Files (x86)\Windows Kits\10\Redist\ucrt\DLLs\x64\api-ms-win-core-processenvironment-l1-1-0.dll
0x000001d42cbe0000 - 0x000001d42cbe3000 	C:\Program Files (x86)\Windows Kits\10\Redist\ucrt\DLLs\x64\api-ms-win-core-datetime-l1-1-0.dll
0x000001d42cbf0000 - 0x000001d42cbf3000 	C:\Program Files (x86)\Windows Kits\10\Redist\ucrt\DLLs\x64\api-ms-win-core-localization-l1-2-0.dll
0x000001d42cc00000 - 0x000001d42cc03000 	C:\Program Files (x86)\Windows Kits\10\Redist\ucrt\DLLs\x64\api-ms-win-core-sysinfo-l1-1-0.dll
0x000001d42cc10000 - 0x000001d42cc13000 	C:\Program Files (x86)\Windows Kits\10\Redist\ucrt\DLLs\x64\api-ms-win-core-synch-l1-2-0.dll
0x000001d42cc20000 - 0x000001d42cc23000 	C:\Program Files (x86)\Windows Kits\10\Redist\ucrt\DLLs\x64\api-ms-win-core-console-l1-1-0.dll
0x000001d42cc30000 - 0x000001d42cc33000 	C:\Program Files (x86)\Windows Kits\10\Redist\ucrt\DLLs\x64\api-ms-win-core-debug-l1-1-0.dll
0x000001d42cc40000 - 0x000001d42cc43000 	C:\Program Files (x86)\Windows Kits\10\Redist\ucrt\DLLs\x64\api-ms-win-core-rtlsupport-l1-1-0.dll
0x000001d42cc50000 - 0x000001d42cc53000 	C:\Program Files (x86)\Windows Kits\10\Redist\ucrt\DLLs\x64\api-ms-win-core-processthreads-l1-1-1.dll
0x000001d42cc60000 - 0x000001d42cc63000 	C:\Program Files (x86)\Windows Kits\10\Redist\ucrt\DLLs\x64\api-ms-win-core-file-l1-2-0.dll
0x000001d42cc70000 - 0x000001d42cc73000 	C:\Program Files (x86)\Windows Kits\10\Redist\ucrt\DLLs\x64\api-ms-win-core-profile-l1-1-0.dll
0x000001d42cc80000 - 0x000001d42cc83000 	C:\Program Files (x86)\Windows Kits\10\Redist\ucrt\DLLs\x64\api-ms-win-core-memory-l1-1-0.dll
0x000001d42cc90000 - 0x000001d42cc93000 	C:\Program Files (x86)\Windows Kits\10\Redist\ucrt\DLLs\x64\api-ms-win-core-util-l1-1-0.dll
0x000001d42cca0000 - 0x000001d42cca3000 	C:\Program Files (x86)\Windows Kits\10\Redist\ucrt\DLLs\x64\api-ms-win-core-interlocked-l1-1-0.dll
0x00007ffdd6cd0000 - 0x00007ffdd6dc2000 	C:\Program Files (x86)\Windows Kits\10\Redist\ucrt\DLLs\x64\ucrtbase.dll
0x00007ffe30130000 - 0x00007ffe30139000 	C:\Windows\System32\msvcp140_1.dll
0x00007ffe11c20000 - 0x00007ffe11c6d000 	C:\Windows\System32\concrt140.dll
0x00007ffe12080000 - 0x00007ffe120b2000 	C:\Windows\System32\vcomp140.dll

dbghelp: loaded successfully - version: 4.0.5 - missing functions: none
symbol engine: initialized successfully - sym options: 0x614 - pdb path: .;D:\Registries\microsoft-jdk-21.0.4-windows-x64\jdk-21.0.4+7\bin;C:\WINDOWS\SYSTEM32;C:\WINDOWS\WinSxS\amd64_microsoft.windows.common-controls_6595b64144ccf1df_6.0.19041.4355_none_60b8b9eb71f62e16;D:\Registries\microsoft-jdk-21.0.4-windows-x64\jdk-21.0.4+7\bin\server;C:\Users\lekoskos000\.javacpp\cache\jaylib-5.0.0-0.jar\com\raylib\windows-x86_64;C:\Program Files (x86)\Windows Kits\10\Redist\ucrt\DLLs\x64

VM Arguments:
java_command: com.quimbertco.QuimbertQuarrel.QuimbertQuarrel
java_class_path (initial): .\target\QuimbertQuarrel-1.0-SNAPSHOT.jar;.\lib\jaylib-5.0.0-0.jar
Launcher Type: SUN_STANDARD

[Global flags]
     intx CICompilerCount                          = 4                                         {product} {ergonomic}
     uint ConcGCThreads                            = 3                                         {product} {ergonomic}
     uint G1ConcRefinementThreads                  = 10                                        {product} {ergonomic}
   size_t G1HeapRegionSize                         = 2097152                                   {product} {ergonomic}
    uintx GCDrainStackTargetSize                   = 64                                        {product} {ergonomic}
   size_t InitialHeapSize                          = 264241152                                 {product} {ergonomic}
   size_t MarkStackSize                            = 4194304                                   {product} {ergonomic}
   size_t MaxHeapSize                              = 4208984064                                {product} {ergonomic}
   size_t MaxNewSize                               = 2524971008                                {product} {ergonomic}
   size_t MinHeapDeltaBytes                        = 2097152                                   {product} {ergonomic}
   size_t MinHeapSize                              = 8388608                                   {product} {ergonomic}
    uintx NonNMethodCodeHeapSize                   = 5839372                                {pd product} {ergonomic}
    uintx NonProfiledCodeHeapSize                  = 122909434                              {pd product} {ergonomic}
    uintx ProfiledCodeHeapSize                     = 122909434                              {pd product} {ergonomic}
    uintx ReservedCodeCacheSize                    = 251658240                              {pd product} {ergonomic}
     bool SegmentedCodeCache                       = true                                      {product} {ergonomic}
   size_t SoftMaxHeapSize                          = 4208984064                             {manageable} {ergonomic}
     bool UseCompressedOops                        = true                           {product lp64_product} {ergonomic}
     bool UseG1GC                                  = true                                      {product} {ergonomic}
     bool UseLargePagesIndividualAllocation        = false                                  {pd product} {ergonomic}

Logging:
Log output configuration:
 #0: stdout all=warning uptime,level,tags foldmultilines=false
 #1: stderr all=off uptime,level,tags foldmultilines=false

Environment Variables:
PATH=D:\Registries\microsoft-jdk-21.0.4-windows-x64\jdk-21.0.4+7\bin;D:\Registries\apache-maven-3.9.9-bin\apache-maven-3.9.9\bin;D:\Apps\w64devkit\w64devkit\bin;D:\Registries\git\Git\bin;C:\Program Files\Python37\Scripts\;C:\Program Files\Python37\;C:\Program Files (x86)\Common Files\Oracle\Java\javapath;C:\WINDOWS\system32;C:\WINDOWS;C:\WINDOWS\System32\Wbem;C:\WINDOWS\System32\WindowsPowerShell\v1.0\;C:\Program Files\dotnet\;C:\Program Files (x86)\Common Files\Acronis\SnapAPI\;C:\Program Files (x86)\Common Files\Acronis\VirtualFile\;C:\Program Files (x86)\Common Files\Acronis\VirtualFile64\;C:\Users\lekoskos000\AppData\Local\Microsoft\WindowsApps
USERNAME=lekoskos000
LANG=en_US.UTF-8
OS=Windows_NT
PROCESSOR_IDENTIFIER=Intel64 Family 6 Model 151 Stepping 5, GenuineIntel
TMP=C:\Users\LEKOSK~1\AppData\Local\Temp
TEMP=C:\Users\LEKOSK~1\AppData\Local\Temp




Periodic native trim disabled

---------------  S Y S T E M  ---------------

OS:
 Windows 10 , 64 bit Build 19041 (10.0.19041.4957)
OS uptime: 4 days 0:16 hours

CPU: total 12 (initial active 12) (6 cores per cpu, 2 threads per core) family 6 model 151 stepping 5 microcode 0x2e, cx8, cmov, fxsr, ht, mmx, 3dnowpref, sse, sse2, sse3, ssse3, sse4.1, sse4.2, popcnt, lzcnt, tsc, tscinvbit, avx, avx2, aes, erms, clmul, bmi1, bmi2, adx, sha, fma, vzeroupper, clflush, clflushopt, clwb, serialize, rdtscp, rdpid, fsrm, f16c, pku, cet_ibt, cet_ss
Processor Information for the first 12 processors :
  Max Mhz: 3000, Current Mhz: 3000, Mhz Limit: 3000

Memory: 4k page, system-wide physical 16053M (8197M free)
TotalPageFile size 18485M (AvailPageFile size 9172M)
current process WorkingSet (physical memory assigned to process): 65M, peak: 69M
current process commit charge ("private bytes"): 356M, peak: 359M

vm_info: OpenJDK 64-Bit Server VM (21.0.4+7-LTS) for windows-amd64 JRE (21.0.4+7-LTS), built on 2024-07-16T17:40:50Z by "MicrosoftCorporation" with unknown MS VC++:1939

END.
