#
# A fatal error has been detected by the Java Runtime Environment:
#
#  EXCEPTION_ACCESS_VIOLATION (0xc0000005) at pc=0x0000000000000000, pid=11856, tid=2496
#
# JRE version: OpenJDK Runtime Environment Microsoft-9889606 (21.0.4+7) (build 21.0.4+7-LTS)
# Java VM: OpenJDK 64-Bit Server VM Microsoft-9889606 (21.0.4+7-LTS, mixed mode, sharing, tiered, compressed oops, compressed class ptrs, g1 gc, windows-amd64)
# Problematic frame:
# C  [jniRaylib.dll+0x1020d8]
#
# No core dump will be written. Minidumps are not enabled by default on client versions of Windows
#
# If you would like to submit a bug report, please visit:
#   https://github.com/microsoft/openjdk/issues
# The crash happened outside the Java Virtual Machine in native code.
# See problematic frame for where to report the bug.
#

---------------  S U M M A R Y ------------

Command Line: com.quimbertco.QuimbertQuarrel.QuimbertQuarrel

Host: 12th Gen Intel(R) Core(TM) i5-12500, 12 cores, 15G,  Windows 10 , 64 bit Build 19041 (10.0.19041.4957)
Time: Fri Nov  8 09:38:08 2024 Pacific Standard Time elapsed time: 0.220746 seconds (0d 0h 0m 0s)

---------------  T H R E A D  ---------------

Current thread (0x000001ebd531e750):  JavaThread "main"             [_thread_in_native, id=2496, stack(0x000000955a800000,0x000000955a900000) (1024K)]

Stack: [0x000000955a800000,0x000000955a900000],  sp=0x000000955a8fef30,  free space=1019k
Native frames: (J=compiled Java code, j=interpreted, Vv=VM code, C=native code)

Java frames: (J=compiled Java code, j=interpreted, Vv=VM code)
j  com.raylib.Raylib.LoadTextureFromImage(Lcom/raylib/Raylib$Image;)Lcom/raylib/Raylib$Texture;+0
j  com.quimbertco.QuimbertQuarrel.QuimbertQuarrel.main([Ljava/lang/String;)V+667
v  ~StubRoutines::call_stub 0x000001ebe72e100d

siginfo: EXCEPTION_ACCESS_VIOLATION (0xc0000005), data execution prevention violation at address 0x0000000000000000


Registers:
RAX=0x00002fe69a2309be, RBX=0x0000000000000007, RCX=0x0000000000000de1, RDX=0x0000000000000000
RSP=0x000000955a8fef28, RBP=0x0000000000000040, RSI=0x0000000000000040, RDI=0x000000955a8ff0a0
R8 =0x0000000000000040, R9 =0x0000000000000007, R10=0x0000000000000140, R11=0xffdffefbffffdbef
R12=0x0000000000000000, R13=0x000001ebf6c40110, R14=0x0000000000000000, R15=0x0000000000000040
RIP=0x0000000000000000, EFLAGS=0x0000000000010246


Register to memory mapping:

RAX=0x00002fe69a2309be is an unknown value
RBX=0x0000000000000007 is an unknown value
RCX=0x0000000000000de1 is an unknown value
RDX=0x0 is null
RSP=0x000000955a8fef28 is pointing into the stack for thread: 0x000001ebd531e750
RBP=0x0000000000000040 is an unknown value
RSI=0x0000000000000040 is an unknown value
RDI=0x000000955a8ff0a0 is pointing into the stack for thread: 0x000001ebd531e750
R8 =0x0000000000000040 is an unknown value
R9 =0x0000000000000007 is an unknown value
R10=0x0000000000000140 is an unknown value
R11=0xffdffefbffffdbef is an unknown value
R12=0x0 is null
R13=0x000001ebf6c40110 points into unknown readable memory: 0x0000000000000000 | 00 00 00 00 00 00 00 00
R14=0x0 is null
R15=0x0000000000000040 is an unknown value

Top of Stack: (sp=0x000000955a8fef28)
0x000000955a8fef28:   00007ffdde4a20d8 00002cf9aa44b9a0
0x000000955a8fef38:   0000000000000000 000001ebd531e750
0x000000955a8fef48:   000000955a8ff090 000001ebd530fa40
0x000000955a8fef58:   000001ebd531edc0 00007ffdde3f0490
0x000000955a8fef68:   00007ffdc18f3e60 000001ebf7438180
0x000000955a8fef78:   00007ffdde3f0490 000001eb00000000
0x000000955a8fef88:   000000000000000d 0000004000000040
0x000000955a8fef98:   00007ffdc18c78ec 000001ebf74d33e8
0x000000955a8fefa8:   00002fe69a2309be 000001ebd531e750
0x000000955a8fefb8:   000000955a8ff178 000001ebf7438180
0x000000955a8fefc8:   0000000000000000 0000000000000007
0x000000955a8fefd8:   0000000000000001 000001ebf7438180
0x000000955a8fefe8:   0000000000000040 000000955a8ff080
0x000000955a8feff8:   00007ffdde4712b4 000000955a8ff158
0x000000955a8ff008:   0000000000000000 000001ebfb91b630
0x000000955a8ff018:   00007ffdde538143 0000000000000001
0x000000955a8ff028:   00007ffdc18d6bf9 000001ebd531e750
0x000000955a8ff038:   000000955a8ff178 000001ebfb91b630
0x000000955a8ff048:   00007ffdde3f0524 000001ebd531eb08
0x000000955a8ff058:   000000955a8ff158 000001ebfb91b930
0x000000955a8ff068:   00007ffdc162b745 000000955a8ff090
0x000000955a8ff078:   000001ebd531e750 0000000000000000
0x000000955a8ff088:   0000000000000000 000001eb00000000
0x000000955a8ff098:   000001ebd531e750 000001ebf6c40110
0x000000955a8ff0a8:   0000004000000040 0000000700000001
0x000000955a8ff0b8:   000001ebf7438190 000001ebe72e89d2
0x000000955a8ff0c8:   0000000000000000 000001ebf7438190
0x000000955a8ff0d8:   000001ebe72ece4b 000001ebd531eb08
0x000000955a8ff0e8:   0000000000000000 0000000000000000
0x000000955a8ff0f8:   000001ebd53360d8 000001ebf741182d
0x000000955a8ff108:   000001ebe72ecadf 000000955a8ff110
0x000000955a8ff118:   000001ebf7438180 0000000000000004 

Instructions: (pc=0x00007ffdde4a20d8)
0x00007ffdde4a1fd8:   24 50 c7 44 24 50 00 00 00 00 ba 84 8b 00 00 8b
0x00007ffdde4a1fe8:   ce ff 15 49 4d 13 00 48 63 44 24 50 85 c0 7e 4d
0x00007ffdde4a1ff8:   48 8b c8 c7 44 24 20 00 00 00 00 ba 01 00 00 00
0x00007ffdde4a2008:   ff 15 12 96 09 00 8b 54 24 50 4c 8d 44 24 20 4c
0x00007ffdde4a2018:   8b c8 8b ce 48 8b d8 ff 15 7b 4c 13 00 4c 8b cb
0x00007ffdde4a2028:   48 8d 15 39 6b 0a 00 44 8b c6 b9 04 00 00 00 e8
0x00007ffdde4a2038:   b4 5a 08 00 48 8b cb ff 15 e3 95 09 00 8b ce ff
0x00007ffdde4a2048:   15 1b 46 13 00 33 c0 48 8b 5c 24 40 48 8b 74 24
0x00007ffdde4a2058:   48 48 83 c4 30 5f c3 48 8d 15 22 6b 0a 00 b9 03
0x00007ffdde4a2068:   00 00 00 e8 80 5a 08 00 48 8b 5c 24 40 8b c6 48
0x00007ffdde4a2078:   8b 74 24 48 48 83 c4 30 5f c3 cc cc cc cc cc cc
0x00007ffdde4a2088:   cc cc cc cc cc cc cc cc 40 53 55 41 55 41 56 41
0x00007ffdde4a2098:   57 48 81 ec a0 00 00 00 48 8b 05 21 1e 13 00 48
0x00007ffdde4a20a8:   33 c4 48 89 44 24 78 8b ea 89 54 24 60 4c 8b e9
0x00007ffdde4a20b8:   44 89 44 24 64 45 33 f6 33 d2 b9 e1 0d 00 00 44
0x00007ffdde4a20c8:   89 74 24 50 41 8b d9 45 8b f8 ff 15 a8 41 13 00
0x00007ffdde4a20d8:   44 38 35 50 78 13 00 75 1d 8d 43 f2 83 f8 03 77
0x00007ffdde4a20e8:   15 48 8d 15 78 63 0a 00 41 8d 4e 04 e8 f7 59 08
0x00007ffdde4a20f8:   00 e9 0a 04 00 00 44 38 35 2b 78 13 00 75 19 83
0x00007ffdde4a2108:   fb 12 75 14 48 8d 15 85 63 0a 00 8d 4b f2 e8 d5
0x00007ffdde4a2118:   59 08 00 e9 e8 03 00 00 44 38 35 0a 78 13 00 75
0x00007ffdde4a2128:   1e 8d 43 ed 83 f8 01 77 16 48 8d 15 98 63 0a 00
0x00007ffdde4a2138:   b9 04 00 00 00 e8 ae 59 08 00 e9 c1 03 00 00 44
0x00007ffdde4a2148:   38 35 e4 77 13 00 75 1e 8d 43 eb 83 f8 01 77 16
0x00007ffdde4a2158:   48 8d 15 a9 63 0a 00 b9 04 00 00 00 e8 87 59 08
0x00007ffdde4a2168:   00 e9 9a 03 00 00 44 38 35 be 77 13 00 75 1e 8d
0x00007ffdde4a2178:   43 e9 83 f8 01 77 16 48 8d 15 ba 63 0a 00 b9 04
0x00007ffdde4a2188:   00 00 00 e8 60 59 08 00 e9 73 03 00 00 48 89 b4
0x00007ffdde4a2198:   24 98 00 00 00 ba 01 00 00 00 48 89 bc 24 90 00
0x00007ffdde4a21a8:   00 00 b9 f5 0c 00 00 4c 89 a4 24 88 00 00 00 ff
0x00007ffdde4a21b8:   15 db 53 13 00 48 8d 54 24 50 b9 01 00 00 00 ff
0x00007ffdde4a21c8:   15 0b 48 13 00 8b 54 24 50 b9 e1 0d 00 00 ff 15 


Stack slot to memory mapping:

stack at sp + 0 slots: 0x00002cf9aa44b9a0 is an unknown value
stack at sp + 1 slots: 0x0 is null
stack at sp + 2 slots: 0x000001ebd531e750 is a thread
stack at sp + 3 slots: 0x000000955a8ff090 is pointing into the stack for thread: 0x000001ebd531e750
stack at sp + 4 slots: 0x000001ebd530fa40 points into unknown readable memory: 0x0000000000000002 | 02 00 00 00 00 00 00 00
stack at sp + 5 slots: 0x000001ebd531edc0 points into unknown readable memory: 0x0000000000000000 | 00 00 00 00 00 00 00 00
stack at sp + 6 slots: 0x00007ffdde3f0490 jniRaylib.dll
stack at sp + 7 slots: 0x00007ffdc18f3e60 jvm.dll


---------------  P R O C E S S  ---------------

Threads class SMR info:
_java_thread_list=0x000001ebfb331050, length=14, elements={
0x000001ebd531e750, 0x000001ebf6e21680, 0x000001ebf6e235b0, 0x000001ebf6e256e0,
0x000001ebf6e28150, 0x000001ebf6e2d600, 0x000001ebfb031e40, 0x000001ebfb03e550,
0x000001ebfb040e20, 0x000001ebfb0324d0, 0x000001ebfb032b60, 0x000001ebfb0345a0,
0x000001ebfb432580, 0x000001ebfb432c50
}

Java Threads: ( => current thread )
=>0x000001ebd531e750 JavaThread "main"                              [_thread_in_native, id=2496, stack(0x000000955a800000,0x000000955a900000) (1024K)]
  0x000001ebf6e21680 JavaThread "Reference Handler"          daemon [_thread_blocked, id=8172, stack(0x000000955b000000,0x000000955b100000) (1024K)]
  0x000001ebf6e235b0 JavaThread "Finalizer"                  daemon [_thread_blocked, id=3736, stack(0x000000955b100000,0x000000955b200000) (1024K)]
  0x000001ebf6e256e0 JavaThread "Signal Dispatcher"          daemon [_thread_blocked, id=16692, stack(0x000000955b200000,0x000000955b300000) (1024K)]
  0x000001ebf6e28150 JavaThread "Attach Listener"            daemon [_thread_blocked, id=14564, stack(0x000000955b300000,0x000000955b400000) (1024K)]
  0x000001ebf6e2d600 JavaThread "Service Thread"             daemon [_thread_blocked, id=14292, stack(0x000000955b400000,0x000000955b500000) (1024K)]
  0x000001ebfb031e40 JavaThread "Monitor Deflation Thread"   daemon [_thread_blocked, id=2892, stack(0x000000955b500000,0x000000955b600000) (1024K)]
  0x000001ebfb03e550 JavaThread "C2 CompilerThread0"         daemon [_thread_blocked, id=16568, stack(0x000000955b600000,0x000000955b700000) (1024K)]
  0x000001ebfb040e20 JavaThread "C1 CompilerThread0"         daemon [_thread_blocked, id=19136, stack(0x000000955b700000,0x000000955b800000) (1024K)]
  0x000001ebfb0324d0 JavaThread "Notification Thread"        daemon [_thread_blocked, id=5684, stack(0x000000955b800000,0x000000955b900000) (1024K)]
  0x000001ebfb032b60 JavaThread "Common-Cleaner"             daemon [_thread_blocked, id=13800, stack(0x000000955b900000,0x000000955ba00000) (1024K)]
  0x000001ebfb0345a0 JavaThread "JavaCPP Deallocator"        daemon [_thread_blocked, id=13880, stack(0x000000955ba00000,0x000000955bb00000) (1024K)]
  0x000001ebfb432580 JavaThread "C2 CompilerThread1"         daemon [_thread_blocked, id=9528, stack(0x000000955bb00000,0x000000955bc00000) (1024K)]
  0x000001ebfb432c50 JavaThread "C2 CompilerThread2"         daemon [_thread_blocked, id=17184, stack(0x000000955bc00000,0x000000955bd00000) (1024K)]
Total: 14

Other Threads:
  0x000001ebf6e01470 VMThread "VM Thread"                           [id=14804, stack(0x000000955af00000,0x000000955b000000) (1024K)]
  0x000001ebf6de7160 WatcherThread "VM Periodic Task Thread"        [id=14500, stack(0x000000955ae00000,0x000000955af00000) (1024K)]
  0x000001ebd7731380 WorkerThread "GC Thread#0"                     [id=19916, stack(0x000000955a900000,0x000000955aa00000) (1024K)]
  0x000001ebd7741d40 ConcurrentGCThread "G1 Main Marker"            [id=13272, stack(0x000000955aa00000,0x000000955ab00000) (1024K)]
  0x000001ebd7742750 WorkerThread "G1 Conc#0"                       [id=15808, stack(0x000000955ab00000,0x000000955ac00000) (1024K)]
  0x000001ebf6cb9540 ConcurrentGCThread "G1 Refine#0"               [id=4032, stack(0x000000955ac00000,0x000000955ad00000) (1024K)]
  0x000001ebf6cb9ec0 ConcurrentGCThread "G1 Service"                [id=10348, stack(0x000000955ad00000,0x000000955ae00000) (1024K)]
Total: 7

Threads with active compile tasks:
Total: 0

VM state: not at safepoint (normal execution)

VM Mutex/Monitor currently owned by a thread: None

Heap address: 0x0000000705200000, size: 4014 MB, Compressed Oops mode: Zero based, Oop shift amount: 3

CDS archive(s) mapped at: [0x000001eb80000000-0x000001eb80c90000-0x000001eb80c90000), size 13172736, SharedBaseAddress: 0x000001eb80000000, ArchiveRelocationMode: 1.
Compressed class space mapped at: 0x000001eb81000000-0x000001ebc1000000, reserved size: 1073741824
Narrow klass base: 0x000001eb80000000, Narrow klass shift: 0, Narrow klass range: 0x100000000

GC Precious Log:
 CardTable entry size: 512
 Card Set container configuration: InlinePtr #cards 4 size 8 Array Of Cards #cards 16 size 48 Howl #buckets 8 coarsen threshold 3686 Howl Bitmap #cards 512 size 80 coarsen threshold 460 Card regions per heap region 1 cards per card region 4096
 CPUs: 12 total, 12 available
 Memory: 16053M
 Large Page Support: Disabled
 NUMA Support: Disabled
 Compressed Oops: Enabled (Zero based)
 Heap Region Size: 2M
 Heap Min Capacity: 8M
 Heap Initial Capacity: 252M
 Heap Max Capacity: 4014M
 Pre-touch: Disabled
 Parallel Workers: 10
 Concurrent Workers: 3
 Concurrent Refinement Workers: 10
 Periodic GC: Disabled

Heap:
 garbage-first heap   total 258048K, used 12288K [0x0000000705200000, 0x0000000800000000)
  region size 2048K, 7 young (14336K), 0 survivors (0K)
 Metaspace       used 2241K, committed 2368K, reserved 1114112K
  class space    used 193K, committed 256K, reserved 1048576K

Heap Regions: E=young(eden), S=young(survivor), O=old, HS=humongous(starts), HC=humongous(continues), CS=collection set, F=free, TAMS=top-at-mark-start, PB=parsable bottom
|   0|0x0000000705200000, 0x0000000705200000, 0x0000000705400000|  0%| F|  |TAMS 0x0000000705200000| PB 0x0000000705200000| Untracked 
|   1|0x0000000705400000, 0x0000000705400000, 0x0000000705600000|  0%| F|  |TAMS 0x0000000705400000| PB 0x0000000705400000| Untracked 
|   2|0x0000000705600000, 0x0000000705600000, 0x0000000705800000|  0%| F|  |TAMS 0x0000000705600000| PB 0x0000000705600000| Untracked 
|   3|0x0000000705800000, 0x0000000705800000, 0x0000000705a00000|  0%| F|  |TAMS 0x0000000705800000| PB 0x0000000705800000| Untracked 
|   4|0x0000000705a00000, 0x0000000705a00000, 0x0000000705c00000|  0%| F|  |TAMS 0x0000000705a00000| PB 0x0000000705a00000| Untracked 
|   5|0x0000000705c00000, 0x0000000705c00000, 0x0000000705e00000|  0%| F|  |TAMS 0x0000000705c00000| PB 0x0000000705c00000| Untracked 
|   6|0x0000000705e00000, 0x0000000705e00000, 0x0000000706000000|  0%| F|  |TAMS 0x0000000705e00000| PB 0x0000000705e00000| Untracked 
|   7|0x0000000706000000, 0x0000000706000000, 0x0000000706200000|  0%| F|  |TAMS 0x0000000706000000| PB 0x0000000706000000| Untracked 
|   8|0x0000000706200000, 0x0000000706200000, 0x0000000706400000|  0%| F|  |TAMS 0x0000000706200000| PB 0x0000000706200000| Untracked 
|   9|0x0000000706400000, 0x0000000706400000, 0x0000000706600000|  0%| F|  |TAMS 0x0000000706400000| PB 0x0000000706400000| Untracked 
|  10|0x0000000706600000, 0x0000000706600000, 0x0000000706800000|  0%| F|  |TAMS 0x0000000706600000| PB 0x0000000706600000| Untracked 
|  11|0x0000000706800000, 0x0000000706800000, 0x0000000706a00000|  0%| F|  |TAMS 0x0000000706800000| PB 0x0000000706800000| Untracked 
|  12|0x0000000706a00000, 0x0000000706a00000, 0x0000000706c00000|  0%| F|  |TAMS 0x0000000706a00000| PB 0x0000000706a00000| Untracked 
|  13|0x0000000706c00000, 0x0000000706c00000, 0x0000000706e00000|  0%| F|  |TAMS 0x0000000706c00000| PB 0x0000000706c00000| Untracked 
|  14|0x0000000706e00000, 0x0000000706e00000, 0x0000000707000000|  0%| F|  |TAMS 0x0000000706e00000| PB 0x0000000706e00000| Untracked 
|  15|0x0000000707000000, 0x0000000707000000, 0x0000000707200000|  0%| F|  |TAMS 0x0000000707000000| PB 0x0000000707000000| Untracked 
|  16|0x0000000707200000, 0x0000000707200000, 0x0000000707400000|  0%| F|  |TAMS 0x0000000707200000| PB 0x0000000707200000| Untracked 
|  17|0x0000000707400000, 0x0000000707400000, 0x0000000707600000|  0%| F|  |TAMS 0x0000000707400000| PB 0x0000000707400000| Untracked 
|  18|0x0000000707600000, 0x0000000707600000, 0x0000000707800000|  0%| F|  |TAMS 0x0000000707600000| PB 0x0000000707600000| Untracked 
|  19|0x0000000707800000, 0x0000000707800000, 0x0000000707a00000|  0%| F|  |TAMS 0x0000000707800000| PB 0x0000000707800000| Untracked 
|  20|0x0000000707a00000, 0x0000000707a00000, 0x0000000707c00000|  0%| F|  |TAMS 0x0000000707a00000| PB 0x0000000707a00000| Untracked 
|  21|0x0000000707c00000, 0x0000000707c00000, 0x0000000707e00000|  0%| F|  |TAMS 0x0000000707c00000| PB 0x0000000707c00000| Untracked 
|  22|0x0000000707e00000, 0x0000000707e00000, 0x0000000708000000|  0%| F|  |TAMS 0x0000000707e00000| PB 0x0000000707e00000| Untracked 
|  23|0x0000000708000000, 0x0000000708000000, 0x0000000708200000|  0%| F|  |TAMS 0x0000000708000000| PB 0x0000000708000000| Untracked 
|  24|0x0000000708200000, 0x0000000708200000, 0x0000000708400000|  0%| F|  |TAMS 0x0000000708200000| PB 0x0000000708200000| Untracked 
|  25|0x0000000708400000, 0x0000000708400000, 0x0000000708600000|  0%| F|  |TAMS 0x0000000708400000| PB 0x0000000708400000| Untracked 
|  26|0x0000000708600000, 0x0000000708600000, 0x0000000708800000|  0%| F|  |TAMS 0x0000000708600000| PB 0x0000000708600000| Untracked 
|  27|0x0000000708800000, 0x0000000708800000, 0x0000000708a00000|  0%| F|  |TAMS 0x0000000708800000| PB 0x0000000708800000| Untracked 
|  28|0x0000000708a00000, 0x0000000708a00000, 0x0000000708c00000|  0%| F|  |TAMS 0x0000000708a00000| PB 0x0000000708a00000| Untracked 
|  29|0x0000000708c00000, 0x0000000708c00000, 0x0000000708e00000|  0%| F|  |TAMS 0x0000000708c00000| PB 0x0000000708c00000| Untracked 
|  30|0x0000000708e00000, 0x0000000708e00000, 0x0000000709000000|  0%| F|  |TAMS 0x0000000708e00000| PB 0x0000000708e00000| Untracked 
|  31|0x0000000709000000, 0x0000000709000000, 0x0000000709200000|  0%| F|  |TAMS 0x0000000709000000| PB 0x0000000709000000| Untracked 
|  32|0x0000000709200000, 0x0000000709200000, 0x0000000709400000|  0%| F|  |TAMS 0x0000000709200000| PB 0x0000000709200000| Untracked 
|  33|0x0000000709400000, 0x0000000709400000, 0x0000000709600000|  0%| F|  |TAMS 0x0000000709400000| PB 0x0000000709400000| Untracked 
|  34|0x0000000709600000, 0x0000000709600000, 0x0000000709800000|  0%| F|  |TAMS 0x0000000709600000| PB 0x0000000709600000| Untracked 
|  35|0x0000000709800000, 0x0000000709800000, 0x0000000709a00000|  0%| F|  |TAMS 0x0000000709800000| PB 0x0000000709800000| Untracked 
|  36|0x0000000709a00000, 0x0000000709a00000, 0x0000000709c00000|  0%| F|  |TAMS 0x0000000709a00000| PB 0x0000000709a00000| Untracked 
|  37|0x0000000709c00000, 0x0000000709c00000, 0x0000000709e00000|  0%| F|  |TAMS 0x0000000709c00000| PB 0x0000000709c00000| Untracked 
|  38|0x0000000709e00000, 0x0000000709e00000, 0x000000070a000000|  0%| F|  |TAMS 0x0000000709e00000| PB 0x0000000709e00000| Untracked 
|  39|0x000000070a000000, 0x000000070a000000, 0x000000070a200000|  0%| F|  |TAMS 0x000000070a000000| PB 0x000000070a000000| Untracked 
|  40|0x000000070a200000, 0x000000070a200000, 0x000000070a400000|  0%| F|  |TAMS 0x000000070a200000| PB 0x000000070a200000| Untracked 
|  41|0x000000070a400000, 0x000000070a400000, 0x000000070a600000|  0%| F|  |TAMS 0x000000070a400000| PB 0x000000070a400000| Untracked 
|  42|0x000000070a600000, 0x000000070a600000, 0x000000070a800000|  0%| F|  |TAMS 0x000000070a600000| PB 0x000000070a600000| Untracked 
|  43|0x000000070a800000, 0x000000070a800000, 0x000000070aa00000|  0%| F|  |TAMS 0x000000070a800000| PB 0x000000070a800000| Untracked 
|  44|0x000000070aa00000, 0x000000070aa00000, 0x000000070ac00000|  0%| F|  |TAMS 0x000000070aa00000| PB 0x000000070aa00000| Untracked 
|  45|0x000000070ac00000, 0x000000070ac00000, 0x000000070ae00000|  0%| F|  |TAMS 0x000000070ac00000| PB 0x000000070ac00000| Untracked 
|  46|0x000000070ae00000, 0x000000070ae00000, 0x000000070b000000|  0%| F|  |TAMS 0x000000070ae00000| PB 0x000000070ae00000| Untracked 
|  47|0x000000070b000000, 0x000000070b000000, 0x000000070b200000|  0%| F|  |TAMS 0x000000070b000000| PB 0x000000070b000000| Untracked 
|  48|0x000000070b200000, 0x000000070b200000, 0x000000070b400000|  0%| F|  |TAMS 0x000000070b200000| PB 0x000000070b200000| Untracked 
|  49|0x000000070b400000, 0x000000070b400000, 0x000000070b600000|  0%| F|  |TAMS 0x000000070b400000| PB 0x000000070b400000| Untracked 
|  50|0x000000070b600000, 0x000000070b600000, 0x000000070b800000|  0%| F|  |TAMS 0x000000070b600000| PB 0x000000070b600000| Untracked 
|  51|0x000000070b800000, 0x000000070b800000, 0x000000070ba00000|  0%| F|  |TAMS 0x000000070b800000| PB 0x000000070b800000| Untracked 
|  52|0x000000070ba00000, 0x000000070ba00000, 0x000000070bc00000|  0%| F|  |TAMS 0x000000070ba00000| PB 0x000000070ba00000| Untracked 
|  53|0x000000070bc00000, 0x000000070bc00000, 0x000000070be00000|  0%| F|  |TAMS 0x000000070bc00000| PB 0x000000070bc00000| Untracked 
|  54|0x000000070be00000, 0x000000070be00000, 0x000000070c000000|  0%| F|  |TAMS 0x000000070be00000| PB 0x000000070be00000| Untracked 
|  55|0x000000070c000000, 0x000000070c000000, 0x000000070c200000|  0%| F|  |TAMS 0x000000070c000000| PB 0x000000070c000000| Untracked 
|  56|0x000000070c200000, 0x000000070c200000, 0x000000070c400000|  0%| F|  |TAMS 0x000000070c200000| PB 0x000000070c200000| Untracked 
|  57|0x000000070c400000, 0x000000070c400000, 0x000000070c600000|  0%| F|  |TAMS 0x000000070c400000| PB 0x000000070c400000| Untracked 
|  58|0x000000070c600000, 0x000000070c600000, 0x000000070c800000|  0%| F|  |TAMS 0x000000070c600000| PB 0x000000070c600000| Untracked 
|  59|0x000000070c800000, 0x000000070c800000, 0x000000070ca00000|  0%| F|  |TAMS 0x000000070c800000| PB 0x000000070c800000| Untracked 
|  60|0x000000070ca00000, 0x000000070ca00000, 0x000000070cc00000|  0%| F|  |TAMS 0x000000070ca00000| PB 0x000000070ca00000| Untracked 
|  61|0x000000070cc00000, 0x000000070cc00000, 0x000000070ce00000|  0%| F|  |TAMS 0x000000070cc00000| PB 0x000000070cc00000| Untracked 
|  62|0x000000070ce00000, 0x000000070ce00000, 0x000000070d000000|  0%| F|  |TAMS 0x000000070ce00000| PB 0x000000070ce00000| Untracked 
|  63|0x000000070d000000, 0x000000070d000000, 0x000000070d200000|  0%| F|  |TAMS 0x000000070d000000| PB 0x000000070d000000| Untracked 
|  64|0x000000070d200000, 0x000000070d200000, 0x000000070d400000|  0%| F|  |TAMS 0x000000070d200000| PB 0x000000070d200000| Untracked 
|  65|0x000000070d400000, 0x000000070d400000, 0x000000070d600000|  0%| F|  |TAMS 0x000000070d400000| PB 0x000000070d400000| Untracked 
|  66|0x000000070d600000, 0x000000070d600000, 0x000000070d800000|  0%| F|  |TAMS 0x000000070d600000| PB 0x000000070d600000| Untracked 
|  67|0x000000070d800000, 0x000000070d800000, 0x000000070da00000|  0%| F|  |TAMS 0x000000070d800000| PB 0x000000070d800000| Untracked 
|  68|0x000000070da00000, 0x000000070da00000, 0x000000070dc00000|  0%| F|  |TAMS 0x000000070da00000| PB 0x000000070da00000| Untracked 
|  69|0x000000070dc00000, 0x000000070dc00000, 0x000000070de00000|  0%| F|  |TAMS 0x000000070dc00000| PB 0x000000070dc00000| Untracked 
|  70|0x000000070de00000, 0x000000070de00000, 0x000000070e000000|  0%| F|  |TAMS 0x000000070de00000| PB 0x000000070de00000| Untracked 
|  71|0x000000070e000000, 0x000000070e000000, 0x000000070e200000|  0%| F|  |TAMS 0x000000070e000000| PB 0x000000070e000000| Untracked 
|  72|0x000000070e200000, 0x000000070e200000, 0x000000070e400000|  0%| F|  |TAMS 0x000000070e200000| PB 0x000000070e200000| Untracked 
|  73|0x000000070e400000, 0x000000070e400000, 0x000000070e600000|  0%| F|  |TAMS 0x000000070e400000| PB 0x000000070e400000| Untracked 
|  74|0x000000070e600000, 0x000000070e600000, 0x000000070e800000|  0%| F|  |TAMS 0x000000070e600000| PB 0x000000070e600000| Untracked 
|  75|0x000000070e800000, 0x000000070e800000, 0x000000070ea00000|  0%| F|  |TAMS 0x000000070e800000| PB 0x000000070e800000| Untracked 
|  76|0x000000070ea00000, 0x000000070ea00000, 0x000000070ec00000|  0%| F|  |TAMS 0x000000070ea00000| PB 0x000000070ea00000| Untracked 
|  77|0x000000070ec00000, 0x000000070ec00000, 0x000000070ee00000|  0%| F|  |TAMS 0x000000070ec00000| PB 0x000000070ec00000| Untracked 
|  78|0x000000070ee00000, 0x000000070ee00000, 0x000000070f000000|  0%| F|  |TAMS 0x000000070ee00000| PB 0x000000070ee00000| Untracked 
|  79|0x000000070f000000, 0x000000070f000000, 0x000000070f200000|  0%| F|  |TAMS 0x000000070f000000| PB 0x000000070f000000| Untracked 
|  80|0x000000070f200000, 0x000000070f200000, 0x000000070f400000|  0%| F|  |TAMS 0x000000070f200000| PB 0x000000070f200000| Untracked 
|  81|0x000000070f400000, 0x000000070f400000, 0x000000070f600000|  0%| F|  |TAMS 0x000000070f400000| PB 0x000000070f400000| Untracked 
|  82|0x000000070f600000, 0x000000070f600000, 0x000000070f800000|  0%| F|  |TAMS 0x000000070f600000| PB 0x000000070f600000| Untracked 
|  83|0x000000070f800000, 0x000000070f800000, 0x000000070fa00000|  0%| F|  |TAMS 0x000000070f800000| PB 0x000000070f800000| Untracked 
|  84|0x000000070fa00000, 0x000000070fa00000, 0x000000070fc00000|  0%| F|  |TAMS 0x000000070fa00000| PB 0x000000070fa00000| Untracked 
|  85|0x000000070fc00000, 0x000000070fc00000, 0x000000070fe00000|  0%| F|  |TAMS 0x000000070fc00000| PB 0x000000070fc00000| Untracked 
|  86|0x000000070fe00000, 0x000000070fe00000, 0x0000000710000000|  0%| F|  |TAMS 0x000000070fe00000| PB 0x000000070fe00000| Untracked 
|  87|0x0000000710000000, 0x0000000710000000, 0x0000000710200000|  0%| F|  |TAMS 0x0000000710000000| PB 0x0000000710000000| Untracked 
|  88|0x0000000710200000, 0x0000000710200000, 0x0000000710400000|  0%| F|  |TAMS 0x0000000710200000| PB 0x0000000710200000| Untracked 
|  89|0x0000000710400000, 0x0000000710400000, 0x0000000710600000|  0%| F|  |TAMS 0x0000000710400000| PB 0x0000000710400000| Untracked 
|  90|0x0000000710600000, 0x0000000710600000, 0x0000000710800000|  0%| F|  |TAMS 0x0000000710600000| PB 0x0000000710600000| Untracked 
|  91|0x0000000710800000, 0x0000000710800000, 0x0000000710a00000|  0%| F|  |TAMS 0x0000000710800000| PB 0x0000000710800000| Untracked 
|  92|0x0000000710a00000, 0x0000000710a00000, 0x0000000710c00000|  0%| F|  |TAMS 0x0000000710a00000| PB 0x0000000710a00000| Untracked 
|  93|0x0000000710c00000, 0x0000000710c00000, 0x0000000710e00000|  0%| F|  |TAMS 0x0000000710c00000| PB 0x0000000710c00000| Untracked 
|  94|0x0000000710e00000, 0x0000000710e00000, 0x0000000711000000|  0%| F|  |TAMS 0x0000000710e00000| PB 0x0000000710e00000| Untracked 
|  95|0x0000000711000000, 0x0000000711000000, 0x0000000711200000|  0%| F|  |TAMS 0x0000000711000000| PB 0x0000000711000000| Untracked 
|  96|0x0000000711200000, 0x0000000711200000, 0x0000000711400000|  0%| F|  |TAMS 0x0000000711200000| PB 0x0000000711200000| Untracked 
|  97|0x0000000711400000, 0x0000000711400000, 0x0000000711600000|  0%| F|  |TAMS 0x0000000711400000| PB 0x0000000711400000| Untracked 
|  98|0x0000000711600000, 0x0000000711600000, 0x0000000711800000|  0%| F|  |TAMS 0x0000000711600000| PB 0x0000000711600000| Untracked 
|  99|0x0000000711800000, 0x0000000711800000, 0x0000000711a00000|  0%| F|  |TAMS 0x0000000711800000| PB 0x0000000711800000| Untracked 
| 100|0x0000000711a00000, 0x0000000711a00000, 0x0000000711c00000|  0%| F|  |TAMS 0x0000000711a00000| PB 0x0000000711a00000| Untracked 
| 101|0x0000000711c00000, 0x0000000711c00000, 0x0000000711e00000|  0%| F|  |TAMS 0x0000000711c00000| PB 0x0000000711c00000| Untracked 
| 102|0x0000000711e00000, 0x0000000711e00000, 0x0000000712000000|  0%| F|  |TAMS 0x0000000711e00000| PB 0x0000000711e00000| Untracked 
| 103|0x0000000712000000, 0x0000000712000000, 0x0000000712200000|  0%| F|  |TAMS 0x0000000712000000| PB 0x0000000712000000| Untracked 
| 104|0x0000000712200000, 0x0000000712200000, 0x0000000712400000|  0%| F|  |TAMS 0x0000000712200000| PB 0x0000000712200000| Untracked 
| 105|0x0000000712400000, 0x0000000712400000, 0x0000000712600000|  0%| F|  |TAMS 0x0000000712400000| PB 0x0000000712400000| Untracked 
| 106|0x0000000712600000, 0x0000000712600000, 0x0000000712800000|  0%| F|  |TAMS 0x0000000712600000| PB 0x0000000712600000| Untracked 
| 107|0x0000000712800000, 0x0000000712800000, 0x0000000712a00000|  0%| F|  |TAMS 0x0000000712800000| PB 0x0000000712800000| Untracked 
| 108|0x0000000712a00000, 0x0000000712a00000, 0x0000000712c00000|  0%| F|  |TAMS 0x0000000712a00000| PB 0x0000000712a00000| Untracked 
| 109|0x0000000712c00000, 0x0000000712c00000, 0x0000000712e00000|  0%| F|  |TAMS 0x0000000712c00000| PB 0x0000000712c00000| Untracked 
| 110|0x0000000712e00000, 0x0000000712e00000, 0x0000000713000000|  0%| F|  |TAMS 0x0000000712e00000| PB 0x0000000712e00000| Untracked 
| 111|0x0000000713000000, 0x0000000713000000, 0x0000000713200000|  0%| F|  |TAMS 0x0000000713000000| PB 0x0000000713000000| Untracked 
| 112|0x0000000713200000, 0x0000000713200000, 0x0000000713400000|  0%| F|  |TAMS 0x0000000713200000| PB 0x0000000713200000| Untracked 
| 113|0x0000000713400000, 0x0000000713400000, 0x0000000713600000|  0%| F|  |TAMS 0x0000000713400000| PB 0x0000000713400000| Untracked 
| 114|0x0000000713600000, 0x0000000713600000, 0x0000000713800000|  0%| F|  |TAMS 0x0000000713600000| PB 0x0000000713600000| Untracked 
| 115|0x0000000713800000, 0x0000000713800000, 0x0000000713a00000|  0%| F|  |TAMS 0x0000000713800000| PB 0x0000000713800000| Untracked 
| 116|0x0000000713a00000, 0x0000000713a00000, 0x0000000713c00000|  0%| F|  |TAMS 0x0000000713a00000| PB 0x0000000713a00000| Untracked 
| 117|0x0000000713c00000, 0x0000000713c00000, 0x0000000713e00000|  0%| F|  |TAMS 0x0000000713c00000| PB 0x0000000713c00000| Untracked 
| 118|0x0000000713e00000, 0x0000000713e00000, 0x0000000714000000|  0%| F|  |TAMS 0x0000000713e00000| PB 0x0000000713e00000| Untracked 
| 119|0x0000000714000000, 0x00000007141c36d0, 0x0000000714200000| 88%| E|  |TAMS 0x0000000714000000| PB 0x0000000714000000| Complete 
| 120|0x0000000714200000, 0x0000000714400000, 0x0000000714400000|100%| E|CS|TAMS 0x0000000714200000| PB 0x0000000714200000| Complete 
| 121|0x0000000714400000, 0x0000000714600000, 0x0000000714600000|100%| E|CS|TAMS 0x0000000714400000| PB 0x0000000714400000| Complete 
| 122|0x0000000714600000, 0x0000000714800000, 0x0000000714800000|100%| E|CS|TAMS 0x0000000714600000| PB 0x0000000714600000| Complete 
| 123|0x0000000714800000, 0x0000000714a00000, 0x0000000714a00000|100%| E|CS|TAMS 0x0000000714800000| PB 0x0000000714800000| Complete 
| 124|0x0000000714a00000, 0x0000000714c00000, 0x0000000714c00000|100%| E|CS|TAMS 0x0000000714a00000| PB 0x0000000714a00000| Complete 
| 125|0x0000000714c00000, 0x0000000714e00000, 0x0000000714e00000|100%| E|CS|TAMS 0x0000000714c00000| PB 0x0000000714c00000| Complete 

Card table byte_map: [0x000001ebefae0000,0x000001ebf02c0000] _byte_map_base: 0x000001ebec2b7000

Marking Bits: (CMBitMap*) 0x000001ebd7731990
 Bits: [0x000001ebf02c0000, 0x000001ebf4178000)

Polling page: 0x000001ebd5550000

Metaspace:

Usage:
  Non-class:      2.00 MB used.
      Class:    193.66 KB used.
       Both:      2.19 MB used.

Virtual space:
  Non-class space:       64.00 MB reserved,       2.06 MB (  3%) committed,  1 nodes.
      Class space:        1.00 GB reserved,     256.00 KB ( <1%) committed,  1 nodes.
             Both:        1.06 GB reserved,       2.31 MB ( <1%) committed. 

Chunk freelists:
   Non-Class:  11.17 MB
       Class:  15.66 MB
        Both:  26.83 MB

MaxMetaspaceSize: unlimited
CompressedClassSpaceSize: 1.00 GB
Initial GC threshold: 21.00 MB
Current GC threshold: 21.00 MB
CDS: on
 - commit_granule_bytes: 65536.
 - commit_granule_words: 8192.
 - virtual_space_node_default_size: 8388608.
 - enlarge_chunks_in_place: 1.
 - use_allocation_guard: 0.


Internal statistics:

num_allocs_failed_limit: 0.
num_arena_births: 28.
num_arena_deaths: 0.
num_vsnodes_births: 2.
num_vsnodes_deaths: 0.
num_space_committed: 37.
num_space_uncommitted: 0.
num_chunks_returned_to_freelist: 0.
num_chunks_taken_from_freelist: 72.
num_chunk_merges: 0.
num_chunk_splits: 46.
num_chunks_enlarged: 34.
num_inconsistent_stats: 0.

CodeHeap 'non-profiled nmethods': size=120000Kb used=343Kb max_used=343Kb free=119656Kb
 bounds [0x000001ebe7880000, 0x000001ebe7af0000, 0x000001ebeedb0000]
CodeHeap 'profiled nmethods': size=120000Kb used=995Kb max_used=995Kb free=119004Kb
 bounds [0x000001ebdfdb0000, 0x000001ebe0020000, 0x000001ebe72e0000]
CodeHeap 'non-nmethods': size=5760Kb used=1391Kb max_used=1436Kb free=4369Kb
 bounds [0x000001ebe72e0000, 0x000001ebe7550000, 0x000001ebe7880000]
 total_blobs=1199 nmethods=708 adapters=396
 compilation: enabled
              stopped_count=0, restarted_count=0
 full_count=0

Compilation events (20 events):
Event: 0.198 Thread 0x000001ebfb040e20  696       3       java.util.zip.CRC32::updateBytesCheck (35 bytes)
Event: 0.199 Thread 0x000001ebfb040e20 nmethod 696 0x000001ebdfea4390 code [0x000001ebdfea4560, 0x000001ebdfea48b8]
Event: 0.199 Thread 0x000001ebfb040e20  700       3       java.lang.Class::forName (41 bytes)
Event: 0.199 Thread 0x000001ebfb040e20 nmethod 700 0x000001ebdfea4a90 code [0x000001ebdfea4c40, 0x000001ebdfea4e38]
Event: 0.199 Thread 0x000001ebfb040e20  698       1       java.util.jar.Attributes$Name::hashCode (5 bytes)
Event: 0.199 Thread 0x000001ebfb040e20 nmethod 698 0x000001ebe78c2990 code [0x000001ebe78c2b20, 0x000001ebe78c2be8]
Event: 0.199 Thread 0x000001ebfb040e20  701       3       sun.reflect.annotation.AnnotationInvocationHandler::invoke (182 bytes)
Event: 0.200 Thread 0x000001ebfb040e20 nmethod 701 0x000001ebdfea4f10 code [0x000001ebdfea5240, 0x000001ebdfea6348]
Event: 0.200 Thread 0x000001ebfb040e20  702       3       java.util.regex.Pattern::isSupplementary (21 bytes)
Event: 0.200 Thread 0x000001ebfb040e20 nmethod 702 0x000001ebdfea6890 code [0x000001ebdfea6a40, 0x000001ebdfea6cb0]
Event: 0.200 Thread 0x000001ebfb040e20  703       3       java.lang.Character::isSurrogate (18 bytes)
Event: 0.200 Thread 0x000001ebfb040e20 nmethod 703 0x000001ebdfea6d90 code [0x000001ebdfea6f20, 0x000001ebdfea70a0]
Event: 0.200 Thread 0x000001ebfb040e20  704       3       jdk.internal.loader.NativeLibraries$NativeLibraryImpl::find (9 bytes)
Event: 0.200 Thread 0x000001ebfb040e20 nmethod 704 0x000001ebdfea7110 code [0x000001ebdfea72c0, 0x000001ebdfea7400]
Event: 0.201 Thread 0x000001ebfb040e20  706       3       java.lang.String::codePointAt (50 bytes)
Event: 0.201 Thread 0x000001ebfb040e20 nmethod 706 0x000001ebdfea7490 code [0x000001ebdfea7680, 0x000001ebdfea7ae8]
Event: 0.202 Thread 0x000001ebfb040e20  707       3       java.util.Arrays::asList (9 bytes)
Event: 0.202 Thread 0x000001ebfb040e20 nmethod 707 0x000001ebdfea7d10 code [0x000001ebdfea7ee0, 0x000001ebdfea8368]
Event: 0.202 Thread 0x000001ebfb040e20  708       3       java.util.Arrays$ArrayList::<init> (16 bytes)
Event: 0.202 Thread 0x000001ebfb040e20 nmethod 708 0x000001ebdfea8510 code [0x000001ebdfea86e0, 0x000001ebdfea8ac8]

GC Heap History (0 events):
No events

Dll operation events (20 events):
Event: 0.166 Loaded shared library C:\Program Files (x86)\Windows Kits\10\Redist\ucrt\DLLs\x64\api-ms-win-core-datetime-l1-1-0.dll
Event: 0.167 Loaded shared library C:\Program Files (x86)\Windows Kits\10\Redist\ucrt\DLLs\x64\api-ms-win-core-localization-l1-2-0.dll
Event: 0.168 Loaded shared library C:\Program Files (x86)\Windows Kits\10\Redist\ucrt\DLLs\x64\api-ms-win-core-sysinfo-l1-1-0.dll
Event: 0.170 Loaded shared library C:\Program Files (x86)\Windows Kits\10\Redist\ucrt\DLLs\x64\api-ms-win-core-synch-l1-2-0.dll
Event: 0.172 Loaded shared library C:\Program Files (x86)\Windows Kits\10\Redist\ucrt\DLLs\x64\api-ms-win-core-console-l1-1-0.dll
Event: 0.173 Loaded shared library C:\Program Files (x86)\Windows Kits\10\Redist\ucrt\DLLs\x64\api-ms-win-core-debug-l1-1-0.dll
Event: 0.175 Loaded shared library C:\Program Files (x86)\Windows Kits\10\Redist\ucrt\DLLs\x64\api-ms-win-core-rtlsupport-l1-1-0.dll
Event: 0.176 Loaded shared library C:\Program Files (x86)\Windows Kits\10\Redist\ucrt\DLLs\x64\api-ms-win-core-processthreads-l1-1-1.dll
Event: 0.177 Loaded shared library C:\Program Files (x86)\Windows Kits\10\Redist\ucrt\DLLs\x64\api-ms-win-core-file-l1-2-0.dll
Event: 0.178 Loaded shared library C:\Program Files (x86)\Windows Kits\10\Redist\ucrt\DLLs\x64\api-ms-win-core-profile-l1-1-0.dll
Event: 0.180 Loaded shared library C:\Program Files (x86)\Windows Kits\10\Redist\ucrt\DLLs\x64\api-ms-win-core-memory-l1-1-0.dll
Event: 0.181 Loaded shared library C:\Program Files (x86)\Windows Kits\10\Redist\ucrt\DLLs\x64\api-ms-win-core-util-l1-1-0.dll
Event: 0.182 Loaded shared library C:\Program Files (x86)\Windows Kits\10\Redist\ucrt\DLLs\x64\api-ms-win-core-interlocked-l1-1-0.dll
Event: 0.184 Loaded shared library C:\Program Files (x86)\Windows Kits\10\Redist\ucrt\DLLs\x64\ucrtbase.dll
Event: 0.185 Loaded shared library D:\Registries\microsoft-jdk-21.0.4-windows-x64\jdk-21.0.4+7\bin\vcruntime140.dll
Event: 0.186 Loaded shared library D:\Registries\microsoft-jdk-21.0.4-windows-x64\jdk-21.0.4+7\bin\vcruntime140_1.dll
Event: 0.187 Loaded shared library D:\Registries\microsoft-jdk-21.0.4-windows-x64\jdk-21.0.4+7\bin\msvcp140.dll
Event: 0.188 Loaded shared library C:\Windows\System32\msvcp140_1.dll
Event: 0.190 Loaded shared library C:\Windows\System32\concrt140.dll
Event: 0.191 Loaded shared library C:\Windows\System32\vcomp140.dll

Deoptimization events (20 events):
Event: 0.179 Thread 0x000001ebd531e750 Uncommon trap: trap_request=0xffffffde fr.pc=0x000001ebe78baa4c relative=0x000000000000012c
Event: 0.179 Thread 0x000001ebd531e750 Uncommon trap: reason=class_check action=maybe_recompile pc=0x000001ebe78baa4c method=jdk.internal.misc.Unsafe.allocateUninitializedArray(Ljava/lang/Class;I)Ljava/lang/Object; @ 51 c2
Event: 0.179 Thread 0x000001ebd531e750 DEOPT PACKING pc=0x000001ebe78baa4c sp=0x000000955a8fc8e0
Event: 0.179 Thread 0x000001ebd531e750 DEOPT UNPACKING pc=0x000001ebe73346a2 sp=0x000000955a8fc858 mode 2
Event: 0.183 Thread 0x000001ebd531e750 Uncommon trap: trap_request=0xffffff45 fr.pc=0x000001ebe78a92f0 relative=0x00000000000010d0
Event: 0.183 Thread 0x000001ebd531e750 Uncommon trap: reason=unstable_if action=reinterpret pc=0x000001ebe78a92f0 method=jdk.internal.jimage.ImageStringsReader.stringFromByteBufferMatches(Ljava/nio/ByteBuffer;ILjava/lang/String;I)I @ 48 c2
Event: 0.183 Thread 0x000001ebd531e750 DEOPT PACKING pc=0x000001ebe78a92f0 sp=0x000000955a8fc6d0
Event: 0.183 Thread 0x000001ebd531e750 DEOPT UNPACKING pc=0x000001ebe73346a2 sp=0x000000955a8fc408 mode 2
Event: 0.191 Thread 0x000001ebd531e750 Uncommon trap: trap_request=0xffffffbe fr.pc=0x000001ebe78c091c relative=0x00000000000003dc
Event: 0.191 Thread 0x000001ebd531e750 Uncommon trap: reason=profile_predicate action=maybe_recompile pc=0x000001ebe78c091c method=java.lang.StringLatin1.indexOf([BI[BII)I @ 18 c2
Event: 0.191 Thread 0x000001ebd531e750 DEOPT PACKING pc=0x000001ebe78c091c sp=0x000000955a8fcc70
Event: 0.191 Thread 0x000001ebd531e750 DEOPT UNPACKING pc=0x000001ebe73346a2 sp=0x000000955a8fcbd0 mode 2
Event: 0.192 Thread 0x000001ebd531e750 Uncommon trap: trap_request=0xffffffbe fr.pc=0x000001ebe78c091c relative=0x00000000000003dc
Event: 0.192 Thread 0x000001ebd531e750 Uncommon trap: reason=profile_predicate action=maybe_recompile pc=0x000001ebe78c091c method=java.lang.StringLatin1.indexOf([BI[BII)I @ 18 c2
Event: 0.192 Thread 0x000001ebd531e750 DEOPT PACKING pc=0x000001ebe78c091c sp=0x000000955a8fcca0
Event: 0.192 Thread 0x000001ebd531e750 DEOPT UNPACKING pc=0x000001ebe73346a2 sp=0x000000955a8fcc00 mode 2
Event: 0.192 Thread 0x000001ebd531e750 Uncommon trap: trap_request=0xffffff45 fr.pc=0x000001ebe78c098c relative=0x000000000000044c
Event: 0.192 Thread 0x000001ebd531e750 Uncommon trap: reason=unstable_if action=reinterpret pc=0x000001ebe78c098c method=java.lang.StringLatin1.indexOf([BI[BII)I @ 91 c2
Event: 0.192 Thread 0x000001ebd531e750 DEOPT PACKING pc=0x000001ebe78c098c sp=0x000000955a8fcdf0
Event: 0.192 Thread 0x000001ebd531e750 DEOPT UNPACKING pc=0x000001ebe73346a2 sp=0x000000955a8fcd50 mode 2

Classes loaded (20 events):
Event: 0.100 Loading class java/time/zone/ZoneOffsetTransitionRule$TimeDefinition
Event: 0.100 Loading class java/time/zone/ZoneOffsetTransitionRule$TimeDefinition done
Event: 0.100 Loading class java/time/zone/ZoneOffsetTransition
Event: 0.101 Loading class java/time/zone/ZoneOffsetTransition done
Event: 0.101 Loading class java/time/temporal/TemporalAdjusters
Event: 0.101 Loading class java/time/temporal/TemporalAdjusters done
Event: 0.107 Loading class java/lang/NumberFormatException
Event: 0.107 Loading class java/lang/NumberFormatException done
Event: 0.108 Loading class java/lang/ProcessEnvironment
Event: 0.108 Loading class java/lang/ProcessEnvironment done
Event: 0.109 Loading class java/lang/ProcessEnvironment$NameComparator
Event: 0.109 Loading class java/lang/ProcessEnvironment$NameComparator done
Event: 0.109 Loading class java/lang/ProcessEnvironment$EntryComparator
Event: 0.109 Loading class java/lang/ProcessEnvironment$EntryComparator done
Event: 0.109 Loading class java/lang/ProcessEnvironment$CheckedEntrySet
Event: 0.109 Loading class java/lang/ProcessEnvironment$CheckedEntrySet done
Event: 0.109 Loading class java/lang/ProcessEnvironment$CheckedEntrySet$1
Event: 0.109 Loading class java/lang/ProcessEnvironment$CheckedEntrySet$1 done
Event: 0.109 Loading class java/lang/ProcessEnvironment$CheckedEntry
Event: 0.109 Loading class java/lang/ProcessEnvironment$CheckedEntry done

Classes unloaded (0 events):
No events

Classes redefined (0 events):
No events

Internal exceptions (7 events):
Event: 0.068 Thread 0x000001ebd531e750 Exception <a 'java/lang/NoSuchMethodError'{0x0000000714bfd500}: 'int java.lang.invoke.DirectMethodHandle$Holder.invokeStaticInit(java.lang.Object, java.lang.Object, java.lang.Object, java.lang.Object)'> (0x0000000714bfd500) 
thrown [s\src\hotspot\share\interpreter\linkResolver.cpp, line 773]
Event: 0.069 Thread 0x000001ebd531e750 Exception <a 'java/lang/NoSuchMethodError'{0x00000007148065d0}: 'java.lang.Object java.lang.invoke.DirectMethodHandle$Holder.invokeInterface(java.lang.Object, java.lang.Object)'> (0x00000007148065d0) 
thrown [s\src\hotspot\share\interpreter\linkResolver.cpp, line 773]
Event: 0.069 Thread 0x000001ebd531e750 Exception <a 'java/lang/IncompatibleClassChangeError'{0x00000007148098d8}: Found class java.lang.Object, but interface was expected> (0x00000007148098d8) 
thrown [s\src\hotspot\share\interpreter\linkResolver.cpp, line 840]
Event: 0.069 Thread 0x000001ebd531e750 Exception <a 'java/lang/NoSuchMethodError'{0x000000071480c5a8}: 'void java.lang.invoke.DirectMethodHandle$Holder.invokeStatic(java.lang.Object, java.lang.Object)'> (0x000000071480c5a8) 
thrown [s\src\hotspot\share\interpreter\linkResolver.cpp, line 773]
Event: 0.069 Thread 0x000001ebd531e750 Exception <a 'java/lang/NoSuchMethodError'{0x000000071480f9a8}: 'void java.lang.invoke.DirectMethodHandle$Holder.invokeStaticInit(java.lang.Object, java.lang.Object)'> (0x000000071480f9a8) 
thrown [s\src\hotspot\share\interpreter\linkResolver.cpp, line 773]
Event: 0.070 Thread 0x000001ebd531e750 Exception <a 'java/lang/NoSuchMethodError'{0x0000000714815818}: 'int java.lang.invoke.DirectMethodHandle$Holder.invokeStaticInit(java.lang.Object, java.lang.Object)'> (0x0000000714815818) 
thrown [s\src\hotspot\share\interpreter\linkResolver.cpp, line 773]
Event: 0.101 Thread 0x000001ebd531e750 Exception <a 'java/lang/NoSuchMethodError'{0x0000000714985f40}: 'java.lang.Object java.lang.invoke.DirectMethodHandle$Holder.invokeStatic(java.lang.Object, int, java.lang.Object)'> (0x0000000714985f40) 
thrown [s\src\hotspot\share\interpreter\linkResolver.cpp, line 773]

ZGC Phase Switch (0 events):
No events

VM Operations (4 events):
Event: 0.038 Executing VM operation: HandshakeAllThreads (Deoptimize)
Event: 0.038 Executing VM operation: HandshakeAllThreads (Deoptimize) done
Event: 0.109 Executing VM operation: HandshakeAllThreads (Deoptimize)
Event: 0.109 Executing VM operation: HandshakeAllThreads (Deoptimize) done

Memory protections (0 events):
No events

Nmethod flushes (0 events):
No events

Events (14 events):
Event: 0.015 Thread 0x000001ebd531e750 Thread added: 0x000001ebd531e750
Event: 0.023 Thread 0x000001ebd531e750 Thread added: 0x000001ebf6e21680
Event: 0.023 Thread 0x000001ebd531e750 Thread added: 0x000001ebf6e235b0
Event: 0.023 Thread 0x000001ebd531e750 Thread added: 0x000001ebf6e256e0
Event: 0.023 Thread 0x000001ebd531e750 Thread added: 0x000001ebf6e28150
Event: 0.023 Thread 0x000001ebd531e750 Thread added: 0x000001ebf6e2d600
Event: 0.023 Thread 0x000001ebd531e750 Thread added: 0x000001ebfb031e40
Event: 0.024 Thread 0x000001ebd531e750 Thread added: 0x000001ebfb03e550
Event: 0.024 Thread 0x000001ebd531e750 Thread added: 0x000001ebfb040e20
Event: 0.031 Thread 0x000001ebd531e750 Thread added: 0x000001ebfb0324d0
Event: 0.032 Thread 0x000001ebd531e750 Thread added: 0x000001ebfb032b60
Event: 0.107 Thread 0x000001ebd531e750 Thread added: 0x000001ebfb0345a0
Event: 0.161 Thread 0x000001ebfb03e550 Thread added: 0x000001ebfb432580
Event: 0.166 Thread 0x000001ebfb040e20 Thread added: 0x000001ebfb432c50


Dynamic libraries:
0x00007ff7c4570000 - 0x00007ff7c457e000 	D:\Registries\microsoft-jdk-21.0.4-windows-x64\jdk-21.0.4+7\bin\java.exe
0x00007ffe38f70000 - 0x00007ffe39168000 	C:\WINDOWS\SYSTEM32\ntdll.dll
0x00007ffe38c30000 - 0x00007ffe38cf2000 	C:\WINDOWS\System32\KERNEL32.DLL
0x00007ffe36640000 - 0x00007ffe3693e000 	C:\WINDOWS\System32\KERNELBASE.dll
0x00007ffe369d0000 - 0x00007ffe36ad0000 	C:\WINDOWS\System32\ucrtbase.dll
0x00007ffe307a0000 - 0x00007ffe307b8000 	D:\Registries\microsoft-jdk-21.0.4-windows-x64\jdk-21.0.4+7\bin\jli.dll
0x00007ffe2b8c0000 - 0x00007ffe2b8dd000 	D:\Registries\microsoft-jdk-21.0.4-windows-x64\jdk-21.0.4+7\bin\VCRUNTIME140.dll
0x00007ffe375c0000 - 0x00007ffe3775d000 	C:\WINDOWS\System32\USER32.dll
0x00007ffe17f40000 - 0x00007ffe181da000 	C:\WINDOWS\WinSxS\amd64_microsoft.windows.common-controls_6595b64144ccf1df_6.0.19041.4355_none_60b8b9eb71f62e16\COMCTL32.dll
0x00007ffe36bf0000 - 0x00007ffe36c12000 	C:\WINDOWS\System32\win32u.dll
0x00007ffe36f90000 - 0x00007ffe3702e000 	C:\WINDOWS\System32\msvcrt.dll
0x00007ffe38dc0000 - 0x00007ffe38deb000 	C:\WINDOWS\System32\GDI32.dll
0x00007ffe36ad0000 - 0x00007ffe36be7000 	C:\WINDOWS\System32\gdi32full.dll
0x00007ffe36d80000 - 0x00007ffe36e1d000 	C:\WINDOWS\System32\msvcp_win.dll
0x00007ffe37590000 - 0x00007ffe375bf000 	C:\WINDOWS\System32\IMM32.DLL
0x00007ffe308c0000 - 0x00007ffe308cc000 	D:\Registries\microsoft-jdk-21.0.4-windows-x64\jdk-21.0.4+7\bin\vcruntime140_1.dll
0x00007ffe26bf0000 - 0x00007ffe26c7d000 	D:\Registries\microsoft-jdk-21.0.4-windows-x64\jdk-21.0.4+7\bin\msvcp140.dll
0x00007ffdc1250000 - 0x00007ffdc1fe0000 	D:\Registries\microsoft-jdk-21.0.4-windows-x64\jdk-21.0.4+7\bin\server\jvm.dll
0x00007ffe38d00000 - 0x00007ffe38db2000 	C:\WINDOWS\System32\ADVAPI32.dll
0x00007ffe389a0000 - 0x00007ffe38a40000 	C:\WINDOWS\System32\sechost.dll
0x00007ffe38a40000 - 0x00007ffe38b63000 	C:\WINDOWS\System32\RPCRT4.dll
0x00007ffe36610000 - 0x00007ffe36637000 	C:\WINDOWS\System32\bcrypt.dll
0x00007ffe38210000 - 0x00007ffe3827b000 	C:\WINDOWS\System32\WS2_32.dll
0x00007ffe35b50000 - 0x00007ffe35b9b000 	C:\WINDOWS\SYSTEM32\POWRPROF.dll
0x00007ffe2ba30000 - 0x00007ffe2ba57000 	C:\WINDOWS\SYSTEM32\WINMM.dll
0x00007ffe237a0000 - 0x00007ffe237aa000 	C:\WINDOWS\SYSTEM32\VERSION.dll
0x00007ffe35a10000 - 0x00007ffe35a22000 	C:\WINDOWS\SYSTEM32\UMPDC.dll
0x00007ffe34b40000 - 0x00007ffe34b52000 	C:\WINDOWS\SYSTEM32\kernel.appcore.dll
0x00007ffe30790000 - 0x00007ffe3079a000 	D:\Registries\microsoft-jdk-21.0.4-windows-x64\jdk-21.0.4+7\bin\jimage.dll
0x00007ffe33f00000 - 0x00007ffe340e4000 	C:\WINDOWS\SYSTEM32\DBGHELP.DLL
0x00007ffe0e080000 - 0x00007ffe0e0b4000 	C:\WINDOWS\SYSTEM32\dbgcore.DLL
0x00007ffe36940000 - 0x00007ffe369c2000 	C:\WINDOWS\System32\bcryptPrimitives.dll
0x00007ffe2af20000 - 0x00007ffe2af40000 	D:\Registries\microsoft-jdk-21.0.4-windows-x64\jdk-21.0.4+7\bin\java.dll
0x00007ffe37a90000 - 0x00007ffe381ff000 	C:\WINDOWS\System32\SHELL32.dll
0x00007ffe34380000 - 0x00007ffe34b24000 	C:\WINDOWS\SYSTEM32\windows.storage.dll
0x00007ffe37030000 - 0x00007ffe37383000 	C:\WINDOWS\System32\combase.dll
0x00007ffe36040000 - 0x00007ffe3606e000 	C:\WINDOWS\SYSTEM32\Wldp.dll
0x00007ffe38e60000 - 0x00007ffe38f2d000 	C:\WINDOWS\System32\OLEAUT32.dll
0x00007ffe37450000 - 0x00007ffe374fd000 	C:\WINDOWS\System32\SHCORE.dll
0x00007ffe37890000 - 0x00007ffe378e5000 	C:\WINDOWS\System32\shlwapi.dll
0x00007ffe36540000 - 0x00007ffe36564000 	C:\WINDOWS\SYSTEM32\profapi.dll
0x00007ffe26b10000 - 0x00007ffe26be7000 	D:\Registries\microsoft-jdk-21.0.4-windows-x64\jdk-21.0.4+7\bin\jsvml.dll
0x00007ffe301b0000 - 0x00007ffe301c0000 	D:\Registries\microsoft-jdk-21.0.4-windows-x64\jdk-21.0.4+7\bin\net.dll
0x00007ffe355d0000 - 0x00007ffe356dd000 	C:\WINDOWS\SYSTEM32\WINHTTP.dll
0x00007ffe35da0000 - 0x00007ffe35e0a000 	C:\WINDOWS\system32\mswsock.dll
0x00007ffe2ae60000 - 0x00007ffe2ae76000 	D:\Registries\microsoft-jdk-21.0.4-windows-x64\jdk-21.0.4+7\bin\nio.dll
0x00007ffe2adb0000 - 0x00007ffe2adc8000 	D:\Registries\microsoft-jdk-21.0.4-windows-x64\jdk-21.0.4+7\bin\zip.dll
0x00007ffdded20000 - 0x00007ffddee48000 	C:\Windows\System32\opengl32.dll
0x00007ffe2ad80000 - 0x00007ffe2adac000 	C:\WINDOWS\SYSTEM32\GLU32.dll
0x00007ffdde3a0000 - 0x00007ffdde601000 	C:\Users\lekoskos000\.javacpp\cache\jaylib-5.0.0-0.jar\com\raylib\windows-x86_64\jniRaylib.dll
0x000001ebd5590000 - 0x000001ebd5593000 	C:\Program Files (x86)\Windows Kits\10\Redist\ucrt\DLLs\x64\api-ms-win-crt-locale-l1-1-0.dll
0x000001ebd55a0000 - 0x000001ebd55a4000 	C:\Program Files (x86)\Windows Kits\10\Redist\ucrt\DLLs\x64\api-ms-win-crt-string-l1-1-0.dll
0x000001ebd55b0000 - 0x000001ebd55b4000 	C:\Program Files (x86)\Windows Kits\10\Redist\ucrt\DLLs\x64\api-ms-win-crt-stdio-l1-1-0.dll
0x000001ebd55c0000 - 0x000001ebd55c5000 	C:\Program Files (x86)\Windows Kits\10\Redist\ucrt\DLLs\x64\api-ms-win-crt-math-l1-1-0.dll
0x000001ebd55d0000 - 0x000001ebd55d3000 	C:\Program Files (x86)\Windows Kits\10\Redist\ucrt\DLLs\x64\api-ms-win-crt-heap-l1-1-0.dll
0x000001ebd55e0000 - 0x000001ebd55e4000 	C:\Program Files (x86)\Windows Kits\10\Redist\ucrt\DLLs\x64\api-ms-win-crt-runtime-l1-1-0.dll
0x000001ebd7660000 - 0x000001ebd7664000 	C:\Program Files (x86)\Windows Kits\10\Redist\ucrt\DLLs\x64\api-ms-win-crt-convert-l1-1-0.dll
0x000001ebd7670000 - 0x000001ebd7673000 	C:\Program Files (x86)\Windows Kits\10\Redist\ucrt\DLLs\x64\api-ms-win-crt-environment-l1-1-0.dll
0x000001ebd7680000 - 0x000001ebd7683000 	C:\Program Files (x86)\Windows Kits\10\Redist\ucrt\DLLs\x64\api-ms-win-crt-time-l1-1-0.dll
0x000001ebd7690000 - 0x000001ebd7693000 	C:\Program Files (x86)\Windows Kits\10\Redist\ucrt\DLLs\x64\api-ms-win-crt-filesystem-l1-1-0.dll
0x000001ebf6e30000 - 0x000001ebf6e33000 	C:\Program Files (x86)\Windows Kits\10\Redist\ucrt\DLLs\x64\api-ms-win-crt-utility-l1-1-0.dll
0x000001ebf6e40000 - 0x000001ebf6e45000 	C:\Program Files (x86)\Windows Kits\10\Redist\ucrt\DLLs\x64\api-ms-win-crt-multibyte-l1-1-0.dll
0x000001ebf6e50000 - 0x000001ebf6e53000 	C:\Program Files (x86)\Windows Kits\10\Redist\ucrt\DLLs\x64\api-ms-win-crt-conio-l1-1-0.dll
0x000001ebf6e60000 - 0x000001ebf6e6f000 	C:\Program Files (x86)\Windows Kits\10\Redist\ucrt\DLLs\x64\api-ms-win-crt-private-l1-1-0.dll
0x000001ebf6e70000 - 0x000001ebf6e73000 	C:\Program Files (x86)\Windows Kits\10\Redist\ucrt\DLLs\x64\api-ms-win-crt-process-l1-1-0.dll
0x000001ebf6e80000 - 0x000001ebf6e84000 	D:\Registries\microsoft-jdk-21.0.4-windows-x64\jdk-21.0.4+7\bin\api-ms-win-core-console-l1-2-0.dll
0x000001ebf6e90000 - 0x000001ebf6e93000 	C:\Program Files (x86)\Windows Kits\10\Redist\ucrt\DLLs\x64\api-ms-win-core-string-l1-1-0.dll
0x000001ebf6ea0000 - 0x000001ebf6ea3000 	C:\Program Files (x86)\Windows Kits\10\Redist\ucrt\DLLs\x64\api-ms-win-core-errorhandling-l1-1-0.dll
0x000001ebf6eb0000 - 0x000001ebf6eb3000 	C:\Program Files (x86)\Windows Kits\10\Redist\ucrt\DLLs\x64\api-ms-win-core-timezone-l1-1-0.dll
0x000001ebf6ec0000 - 0x000001ebf6ec4000 	C:\Program Files (x86)\Windows Kits\10\Redist\ucrt\DLLs\x64\api-ms-win-core-file-l1-1-0.dll
0x000001ebf6ed0000 - 0x000001ebf6ed3000 	C:\Program Files (x86)\Windows Kits\10\Redist\ucrt\DLLs\x64\api-ms-win-core-namedpipe-l1-1-0.dll
0x000001ebf6ee0000 - 0x000001ebf6ee3000 	C:\Program Files (x86)\Windows Kits\10\Redist\ucrt\DLLs\x64\api-ms-win-core-handle-l1-1-0.dll
0x000001ebf6ef0000 - 0x000001ebf6ef3000 	C:\Program Files (x86)\Windows Kits\10\Redist\ucrt\DLLs\x64\api-ms-win-core-file-l2-1-0.dll
0x000001ebf6f00000 - 0x000001ebf6f03000 	C:\Program Files (x86)\Windows Kits\10\Redist\ucrt\DLLs\x64\api-ms-win-core-heap-l1-1-0.dll
0x000001ebf6f10000 - 0x000001ebf6f13000 	C:\Program Files (x86)\Windows Kits\10\Redist\ucrt\DLLs\x64\api-ms-win-core-libraryloader-l1-1-0.dll
0x000001ebf6f20000 - 0x000001ebf6f23000 	C:\Program Files (x86)\Windows Kits\10\Redist\ucrt\DLLs\x64\api-ms-win-core-synch-l1-1-0.dll
0x000001ebf6f30000 - 0x000001ebf6f33000 	C:\Program Files (x86)\Windows Kits\10\Redist\ucrt\DLLs\x64\api-ms-win-core-processthreads-l1-1-0.dll
0x000001ebf6f40000 - 0x000001ebf6f43000 	C:\Program Files (x86)\Windows Kits\10\Redist\ucrt\DLLs\x64\api-ms-win-core-processenvironment-l1-1-0.dll
0x000001ebf6f50000 - 0x000001ebf6f53000 	C:\Program Files (x86)\Windows Kits\10\Redist\ucrt\DLLs\x64\api-ms-win-core-datetime-l1-1-0.dll
0x000001ebf6f60000 - 0x000001ebf6f63000 	C:\Program Files (x86)\Windows Kits\10\Redist\ucrt\DLLs\x64\api-ms-win-core-localization-l1-2-0.dll
0x000001ebf6f70000 - 0x000001ebf6f73000 	C:\Program Files (x86)\Windows Kits\10\Redist\ucrt\DLLs\x64\api-ms-win-core-sysinfo-l1-1-0.dll
0x000001ebf6f80000 - 0x000001ebf6f83000 	C:\Program Files (x86)\Windows Kits\10\Redist\ucrt\DLLs\x64\api-ms-win-core-synch-l1-2-0.dll
0x000001ebf6f90000 - 0x000001ebf6f93000 	C:\Program Files (x86)\Windows Kits\10\Redist\ucrt\DLLs\x64\api-ms-win-core-console-l1-1-0.dll
0x000001ebf6fa0000 - 0x000001ebf6fa3000 	C:\Program Files (x86)\Windows Kits\10\Redist\ucrt\DLLs\x64\api-ms-win-core-debug-l1-1-0.dll
0x000001ebf6fb0000 - 0x000001ebf6fb3000 	C:\Program Files (x86)\Windows Kits\10\Redist\ucrt\DLLs\x64\api-ms-win-core-rtlsupport-l1-1-0.dll
0x000001ebf6fc0000 - 0x000001ebf6fc3000 	C:\Program Files (x86)\Windows Kits\10\Redist\ucrt\DLLs\x64\api-ms-win-core-processthreads-l1-1-1.dll
0x000001ebf6fd0000 - 0x000001ebf6fd3000 	C:\Program Files (x86)\Windows Kits\10\Redist\ucrt\DLLs\x64\api-ms-win-core-file-l1-2-0.dll
0x000001ebf6fe0000 - 0x000001ebf6fe3000 	C:\Program Files (x86)\Windows Kits\10\Redist\ucrt\DLLs\x64\api-ms-win-core-profile-l1-1-0.dll
0x000001ebf6ff0000 - 0x000001ebf6ff3000 	C:\Program Files (x86)\Windows Kits\10\Redist\ucrt\DLLs\x64\api-ms-win-core-memory-l1-1-0.dll
0x000001ebfbc00000 - 0x000001ebfbc03000 	C:\Program Files (x86)\Windows Kits\10\Redist\ucrt\DLLs\x64\api-ms-win-core-util-l1-1-0.dll
0x000001ebfbc10000 - 0x000001ebfbc13000 	C:\Program Files (x86)\Windows Kits\10\Redist\ucrt\DLLs\x64\api-ms-win-core-interlocked-l1-1-0.dll
0x00007ffdf3430000 - 0x00007ffdf3522000 	C:\Program Files (x86)\Windows Kits\10\Redist\ucrt\DLLs\x64\ucrtbase.dll
0x00007ffe30130000 - 0x00007ffe30139000 	C:\Windows\System32\msvcp140_1.dll
0x00007ffe27830000 - 0x00007ffe2787d000 	C:\Windows\System32\concrt140.dll
0x00007ffe26cc0000 - 0x00007ffe26cf2000 	C:\Windows\System32\vcomp140.dll

dbghelp: loaded successfully - version: 4.0.5 - missing functions: none
symbol engine: initialized successfully - sym options: 0x614 - pdb path: .;D:\Registries\microsoft-jdk-21.0.4-windows-x64\jdk-21.0.4+7\bin;C:\WINDOWS\SYSTEM32;C:\WINDOWS\WinSxS\amd64_microsoft.windows.common-controls_6595b64144ccf1df_6.0.19041.4355_none_60b8b9eb71f62e16;D:\Registries\microsoft-jdk-21.0.4-windows-x64\jdk-21.0.4+7\bin\server;C:\Users\lekoskos000\.javacpp\cache\jaylib-5.0.0-0.jar\com\raylib\windows-x86_64;C:\Program Files (x86)\Windows Kits\10\Redist\ucrt\DLLs\x64

VM Arguments:
java_command: com.quimbertco.QuimbertQuarrel.QuimbertQuarrel
java_class_path (initial): .\target\QuimbertQuarrel-1.0-SNAPSHOT.jar;.\lib\jaylib-5.0.0-0.jar
Launcher Type: SUN_STANDARD

[Global flags]
     intx CICompilerCount                          = 4                                         {product} {ergonomic}
     uint ConcGCThreads                            = 3                                         {product} {ergonomic}
     uint G1ConcRefinementThreads                  = 10                                        {product} {ergonomic}
   size_t G1HeapRegionSize                         = 2097152                                   {product} {ergonomic}
    uintx GCDrainStackTargetSize                   = 64                                        {product} {ergonomic}
   size_t InitialHeapSize                          = 264241152                                 {product} {ergonomic}
   size_t MarkStackSize                            = 4194304                                   {product} {ergonomic}
   size_t MaxHeapSize                              = 4208984064                                {product} {ergonomic}
   size_t MaxNewSize                               = 2524971008                                {product} {ergonomic}
   size_t MinHeapDeltaBytes                        = 2097152                                   {product} {ergonomic}
   size_t MinHeapSize                              = 8388608                                   {product} {ergonomic}
    uintx NonNMethodCodeHeapSize                   = 5839372                                {pd product} {ergonomic}
    uintx NonProfiledCodeHeapSize                  = 122909434                              {pd product} {ergonomic}
    uintx ProfiledCodeHeapSize                     = 122909434                              {pd product} {ergonomic}
    uintx ReservedCodeCacheSize                    = 251658240                              {pd product} {ergonomic}
     bool SegmentedCodeCache                       = true                                      {product} {ergonomic}
   size_t SoftMaxHeapSize                          = 4208984064                             {manageable} {ergonomic}
     bool UseCompressedOops                        = true                           {product lp64_product} {ergonomic}
     bool UseG1GC                                  = true                                      {product} {ergonomic}
     bool UseLargePagesIndividualAllocation        = false                                  {pd product} {ergonomic}

Logging:
Log output configuration:
 #0: stdout all=warning uptime,level,tags foldmultilines=false
 #1: stderr all=off uptime,level,tags foldmultilines=false

Environment Variables:
PATH=D:\Registries\microsoft-jdk-21.0.4-windows-x64\jdk-21.0.4+7\bin;D:\Registries\apache-maven-3.9.9-bin\apache-maven-3.9.9\bin;D:\Apps\w64devkit\w64devkit\bin;D:\Registries\git\Git\bin;C:\Program Files\Python37\Scripts\;C:\Program Files\Python37\;C:\Program Files (x86)\Common Files\Oracle\Java\javapath;C:\WINDOWS\system32;C:\WINDOWS;C:\WINDOWS\System32\Wbem;C:\WINDOWS\System32\WindowsPowerShell\v1.0\;C:\Program Files\dotnet\;C:\Program Files (x86)\Common Files\Acronis\SnapAPI\;C:\Program Files (x86)\Common Files\Acronis\VirtualFile\;C:\Program Files (x86)\Common Files\Acronis\VirtualFile64\;C:\Users\lekoskos000\AppData\Local\Microsoft\WindowsApps
USERNAME=lekoskos000
LANG=en_US.UTF-8
OS=Windows_NT
PROCESSOR_IDENTIFIER=Intel64 Family 6 Model 151 Stepping 5, GenuineIntel
TMP=C:\Users\LEKOSK~1\AppData\Local\Temp
TEMP=C:\Users\LEKOSK~1\AppData\Local\Temp




Periodic native trim disabled

---------------  S Y S T E M  ---------------

OS:
 Windows 10 , 64 bit Build 19041 (10.0.19041.4957)
OS uptime: 4 days 0:19 hours

CPU: total 12 (initial active 12) (6 cores per cpu, 2 threads per core) family 6 model 151 stepping 5 microcode 0x2e, cx8, cmov, fxsr, ht, mmx, 3dnowpref, sse, sse2, sse3, ssse3, sse4.1, sse4.2, popcnt, lzcnt, tsc, tscinvbit, avx, avx2, aes, erms, clmul, bmi1, bmi2, adx, sha, fma, vzeroupper, clflush, clflushopt, clwb, serialize, rdtscp, rdpid, fsrm, f16c, pku, cet_ibt, cet_ss
Processor Information for the first 12 processors :
  Max Mhz: 3000, Current Mhz: 3000, Mhz Limit: 3000

Memory: 4k page, system-wide physical 16053M (8196M free)
TotalPageFile size 18485M (AvailPageFile size 9172M)
current process WorkingSet (physical memory assigned to process): 63M, peak: 65M
current process commit charge ("private bytes"): 353M, peak: 355M

vm_info: OpenJDK 64-Bit Server VM (21.0.4+7-LTS) for windows-amd64 JRE (21.0.4+7-LTS), built on 2024-07-16T17:40:50Z by "MicrosoftCorporation" with unknown MS VC++:1939

END.
