#
# A fatal error has been detected by the Java Runtime Environment:
#
#  EXCEPTION_ACCESS_VIOLATION (0xc0000005) at pc=0x0000000000000000, pid=15612, tid=10628
#
# JRE version: OpenJDK Runtime Environment Microsoft-9889606 (21.0.4+7) (build 21.0.4+7-LTS)
# Java VM: OpenJDK 64-Bit Server VM Microsoft-9889606 (21.0.4+7-LTS, mixed mode, sharing, tiered, compressed oops, compressed class ptrs, g1 gc, windows-amd64)
# Problematic frame:
# C  [jniRaylib.dll+0x1020d8]
#
# No core dump will be written. Minidumps are not enabled by default on client versions of Windows
#
# If you would like to submit a bug report, please visit:
#   https://github.com/microsoft/openjdk/issues
# The crash happened outside the Java Virtual Machine in native code.
# See problematic frame for where to report the bug.
#

---------------  S U M M A R Y ------------

Command Line: QuimbertQuarrel

Host: Intel(R) Core(TM) i7-8700K CPU @ 3.70GHz, 12 cores, 31G,  Windows 11 , 64 bit Build 22621 (10.0.22621.3958)
Time: Sat Oct 12 16:24:57 2024 Pacific Daylight Time elapsed time: 0.383021 seconds (0d 0h 0m 0s)

---------------  T H R E A D  ---------------

Current thread (0x000002902538fbf0):  JavaThread "main"             [_thread_in_native, id=10628, stack(0x000000b042600000,0x000000b042700000) (1024K)]

Stack: [0x000000b042600000,0x000000b042700000],  sp=0x000000b0426feea0,  free space=1019k
Native frames: (J=compiled Java code, j=interpreted, Vv=VM code, C=native code)

Java frames: (J=compiled Java code, j=interpreted, Vv=VM code)
j  com.raylib.Raylib.InitWindow(IILjava/lang/String;)V+0
j  QuimbertQuarrel.main([Ljava/lang/String;)V+82
v  ~StubRoutines::call_stub 0x000002903723100d

siginfo: EXCEPTION_ACCESS_VIOLATION (0xc0000005), data execution prevention violation at address 0x0000000000000000


Registers:
RAX=0x0000171c8dff4641, RBX=0x0000000000000007, RCX=0x0000000000000de1, RDX=0x0000000000000000
RSP=0x000000b0426fee98, RBP=0x0000000000000001, RSI=0x00000290925172b0, RDI=0x0000000000000000
R8 =0x0000000000000001, R9 =0x0000000000000007, R10=0x0000000000000000, R11=0x000000b0426fed90
R12=0x0000000000000000, R13=0x000000b0426fefd0, R14=0x0000000000000000, R15=0x0000000000000001
RIP=0x0000000000000000, EFLAGS=0x0000000000010246


Register to memory mapping:

RAX=0x0000171c8dff4641 is an unknown value
RBX=0x0000000000000007 is an unknown value
RCX=0x0000000000000de1 is an unknown value
RDX=0x0 is null
RSP=0x000000b0426fee98 is pointing into the stack for thread: 0x000002902538fbf0
RBP=0x0000000000000001 is an unknown value
RSI=0x00000290925172b0 points into unknown readable memory: 0x747265626d697551 | 51 75 69 6d 62 65 72 74
RDI=0x0 is null
R8 =0x0000000000000001 is an unknown value
R9 =0x0000000000000007 is an unknown value
R10=0x0 is null
R11=0x000000b0426fed90 is pointing into the stack for thread: 0x000002902538fbf0
R12=0x0 is null
R13=0x000000b0426fefd0 is pointing into the stack for thread: 0x000002902538fbf0
R14=0x0 is null
R15=0x0000000000000001 is an unknown value

Top of Stack: (sp=0x000000b0426fee98)
0x000000b0426fee98:   00007fff37ba20d8 00007fff7408f4f8
0x000000b0426feea8:   000000b0426feed0 000000b0426fef90
0x000000b0426feeb8:   00007fff7408f4f8 00007fff7408f4f8
0x000000b0426feec8:   0000029025362680 3a474e494e524157
0x000000b0426feed8:   46203a57464c4720 6f742064656c6961
0x000000b0426feee8:   6c616974696e6920 646e695700000000
0x000000b0426feef8:   00000000000a776f 0000000100000001
0x000000b0426fef08:   0000000000000000 0000000000000000
0x000000b0426fef18:   0000171c8dff4641 0000000000000000
0x000000b0426fef28:   0000000000000000 0000000000000000
0x000000b0426fef38:   0000000000000000 000002902538fbf0
0x000000b0426fef48:   000000b0426ff158 000002908d412730
0x000000b0426fef58:   000000b0426ff009 0000000000000000
0x000000b0426fef68:   00007fff37ba4d04 00000000ffffffe2
0x000000b0426fef78:   00007fff37b8cab7 0000000000000000
0x000000b0426fef88:   00007fff37c49630 0000000000000001
0x000000b0426fef98:   00000000000000c0 0000000000000000
0x000000b0426fefa8:   000000061f8c9e78 000000b0426ff158
0x000000b0426fefb8:   00000000ffffffe2 00000000ffffffe2
0x000000b0426fefc8:   00007fff37b8cc7b 00000000ffffffff
0x000000b0426fefd8:   0000000000000000 0000000000000000
0x000000b0426fefe8:   000000b0426fe880 000002902538fbf0
0x000000b0426feff8:   0000000000000000 000002902538ffa8
0x000000b0426ff008:   000000b0426ff128 000002902538fbf0
0x000000b0426ff018:   000000b0426ff158 00000290925172b0
0x000000b0426ff028:   00007fff37ab5481 000002902538ffa8
0x000000b0426ff038:   0000000000000010 000002904b743320
0x000000b0426ff048:   00000000ffffffe2 0a163ef24847ac12
0x000000b0426ff058:   a8b648f312c2a0bb 000000b0426ff128
0x000000b0426ff068:   00007fff37acd9ae 00000000ffffffe2
0x000000b0426ff078:   00000290925172b0 0000000000000000
0x000000b0426ff088:   000000b0426ff150 0000029037238988 

Instructions: (pc=0x00007fff37ba20d8)
0x00007fff37ba1fd8:   24 50 c7 44 24 50 00 00 00 00 ba 84 8b 00 00 8b
0x00007fff37ba1fe8:   ce ff 15 49 4d 13 00 48 63 44 24 50 85 c0 7e 4d
0x00007fff37ba1ff8:   48 8b c8 c7 44 24 20 00 00 00 00 ba 01 00 00 00
0x00007fff37ba2008:   ff 15 12 96 09 00 8b 54 24 50 4c 8d 44 24 20 4c
0x00007fff37ba2018:   8b c8 8b ce 48 8b d8 ff 15 7b 4c 13 00 4c 8b cb
0x00007fff37ba2028:   48 8d 15 39 6b 0a 00 44 8b c6 b9 04 00 00 00 e8
0x00007fff37ba2038:   b4 5a 08 00 48 8b cb ff 15 e3 95 09 00 8b ce ff
0x00007fff37ba2048:   15 1b 46 13 00 33 c0 48 8b 5c 24 40 48 8b 74 24
0x00007fff37ba2058:   48 48 83 c4 30 5f c3 48 8d 15 22 6b 0a 00 b9 03
0x00007fff37ba2068:   00 00 00 e8 80 5a 08 00 48 8b 5c 24 40 8b c6 48
0x00007fff37ba2078:   8b 74 24 48 48 83 c4 30 5f c3 cc cc cc cc cc cc
0x00007fff37ba2088:   cc cc cc cc cc cc cc cc 40 53 55 41 55 41 56 41
0x00007fff37ba2098:   57 48 81 ec a0 00 00 00 48 8b 05 21 1e 13 00 48
0x00007fff37ba20a8:   33 c4 48 89 44 24 78 8b ea 89 54 24 60 4c 8b e9
0x00007fff37ba20b8:   44 89 44 24 64 45 33 f6 33 d2 b9 e1 0d 00 00 44
0x00007fff37ba20c8:   89 74 24 50 41 8b d9 45 8b f8 ff 15 a8 41 13 00
0x00007fff37ba20d8:   44 38 35 50 78 13 00 75 1d 8d 43 f2 83 f8 03 77
0x00007fff37ba20e8:   15 48 8d 15 78 63 0a 00 41 8d 4e 04 e8 f7 59 08
0x00007fff37ba20f8:   00 e9 0a 04 00 00 44 38 35 2b 78 13 00 75 19 83
0x00007fff37ba2108:   fb 12 75 14 48 8d 15 85 63 0a 00 8d 4b f2 e8 d5
0x00007fff37ba2118:   59 08 00 e9 e8 03 00 00 44 38 35 0a 78 13 00 75
0x00007fff37ba2128:   1e 8d 43 ed 83 f8 01 77 16 48 8d 15 98 63 0a 00
0x00007fff37ba2138:   b9 04 00 00 00 e8 ae 59 08 00 e9 c1 03 00 00 44
0x00007fff37ba2148:   38 35 e4 77 13 00 75 1e 8d 43 eb 83 f8 01 77 16
0x00007fff37ba2158:   48 8d 15 a9 63 0a 00 b9 04 00 00 00 e8 87 59 08
0x00007fff37ba2168:   00 e9 9a 03 00 00 44 38 35 be 77 13 00 75 1e 8d
0x00007fff37ba2178:   43 e9 83 f8 01 77 16 48 8d 15 ba 63 0a 00 b9 04
0x00007fff37ba2188:   00 00 00 e8 60 59 08 00 e9 73 03 00 00 48 89 b4
0x00007fff37ba2198:   24 98 00 00 00 ba 01 00 00 00 48 89 bc 24 90 00
0x00007fff37ba21a8:   00 00 b9 f5 0c 00 00 4c 89 a4 24 88 00 00 00 ff
0x00007fff37ba21b8:   15 db 53 13 00 48 8d 54 24 50 b9 01 00 00 00 ff
0x00007fff37ba21c8:   15 0b 48 13 00 8b 54 24 50 b9 e1 0d 00 00 ff 15 


Stack slot to memory mapping:

stack at sp + 0 slots: 0x00007fff7408f4f8 ucrtbase.dll
stack at sp + 1 slots: 0x000000b0426feed0 is pointing into the stack for thread: 0x000002902538fbf0
stack at sp + 2 slots: 0x000000b0426fef90 is pointing into the stack for thread: 0x000002902538fbf0
stack at sp + 3 slots: 0x00007fff7408f4f8 ucrtbase.dll
stack at sp + 4 slots: 0x00007fff7408f4f8 ucrtbase.dll
stack at sp + 5 slots: 0x0000029025362680 points into unknown readable memory: 0x00000290253625e0 | e0 25 36 25 90 02 00 00
stack at sp + 6 slots: 0x3a474e494e524157 is an unknown value
stack at sp + 7 slots: 0x46203a57464c4720 is an unknown value


---------------  P R O C E S S  ---------------

Threads class SMR info:
_java_thread_list=0x00000290911e0cf0, length=14, elements={
0x000002902538fbf0, 0x000002909100e260, 0x000002909100ee20, 0x000002909101cf70,
0x000002909103e740, 0x0000029091043170, 0x00000290910454b0, 0x0000029091051c30,
0x00000290910566e0, 0x00000290911d5a90, 0x00000290911de4f0, 0x00000290913fcfd0,
0x000002909181cf10, 0x00000290918fe600
}

Java Threads: ( => current thread )
=>0x000002902538fbf0 JavaThread "main"                              [_thread_in_native, id=10628, stack(0x000000b042600000,0x000000b042700000) (1024K)]
  0x000002909100e260 JavaThread "Reference Handler"          daemon [_thread_blocked, id=4888, stack(0x000000b042e00000,0x000000b042f00000) (1024K)]
  0x000002909100ee20 JavaThread "Finalizer"                  daemon [_thread_blocked, id=8084, stack(0x000000b042f00000,0x000000b043000000) (1024K)]
  0x000002909101cf70 JavaThread "Signal Dispatcher"          daemon [_thread_blocked, id=18920, stack(0x000000b043000000,0x000000b043100000) (1024K)]
  0x000002909103e740 JavaThread "Attach Listener"            daemon [_thread_blocked, id=10312, stack(0x000000b043100000,0x000000b043200000) (1024K)]
  0x0000029091043170 JavaThread "Service Thread"             daemon [_thread_blocked, id=1980, stack(0x000000b043200000,0x000000b043300000) (1024K)]
  0x00000290910454b0 JavaThread "Monitor Deflation Thread"   daemon [_thread_blocked, id=12068, stack(0x000000b043300000,0x000000b043400000) (1024K)]
  0x0000029091051c30 JavaThread "C2 CompilerThread0"         daemon [_thread_blocked, id=16400, stack(0x000000b043400000,0x000000b043500000) (1024K)]
  0x00000290910566e0 JavaThread "C1 CompilerThread0"         daemon [_thread_blocked, id=8756, stack(0x000000b043500000,0x000000b043600000) (1024K)]
  0x00000290911d5a90 JavaThread "Notification Thread"        daemon [_thread_blocked, id=2976, stack(0x000000b043600000,0x000000b043700000) (1024K)]
  0x00000290911de4f0 JavaThread "Common-Cleaner"             daemon [_thread_blocked, id=20680, stack(0x000000b043700000,0x000000b043800000) (1024K)]
  0x00000290913fcfd0 JavaThread "JavaCPP Deallocator"        daemon [_thread_blocked, id=15956, stack(0x000000b043800000,0x000000b043900000) (1024K)]
  0x000002909181cf10 JavaThread "C2 CompilerThread1"         daemon [_thread_blocked, id=16852, stack(0x000000b043900000,0x000000b043a00000) (1024K)]
  0x00000290918fe600 JavaThread "C2 CompilerThread2"         daemon [_thread_blocked, id=2268, stack(0x000000b043a00000,0x000000b043b00000) (1024K)]
Total: 14

Other Threads:
  0x000002904b740be0 VMThread "VM Thread"                           [id=16912, stack(0x000000b042d00000,0x000000b042e00000) (1024K)]
  0x000002904b726950 WatcherThread "VM Periodic Task Thread"        [id=20384, stack(0x000000b042c00000,0x000000b042d00000) (1024K)]
  0x00000290276cfe40 WorkerThread "GC Thread#0"                     [id=716, stack(0x000000b042700000,0x000000b042800000) (1024K)]
  0x00000290276e0e70 ConcurrentGCThread "G1 Main Marker"            [id=18772, stack(0x000000b042800000,0x000000b042900000) (1024K)]
  0x00000290276e1880 WorkerThread "G1 Conc#0"                       [id=20932, stack(0x000000b042900000,0x000000b042a00000) (1024K)]
  0x000002904b5e6260 ConcurrentGCThread "G1 Refine#0"               [id=23156, stack(0x000000b042a00000,0x000000b042b00000) (1024K)]
  0x000002904b5eac00 ConcurrentGCThread "G1 Service"                [id=11016, stack(0x000000b042b00000,0x000000b042c00000) (1024K)]
Total: 7

Threads with active compile tasks:
Total: 0

VM state: not at safepoint (normal execution)

VM Mutex/Monitor currently owned by a thread: None

Heap address: 0x0000000600c00000, size: 8180 MB, Compressed Oops mode: Zero based, Oop shift amount: 3

CDS archive(s) mapped at: [0x000002904c000000-0x000002904cc90000-0x000002904cc90000), size 13172736, SharedBaseAddress: 0x000002904c000000, ArchiveRelocationMode: 1.
Compressed class space mapped at: 0x000002904d000000-0x000002908d000000, reserved size: 1073741824
Narrow klass base: 0x000002904c000000, Narrow klass shift: 0, Narrow klass range: 0x100000000

GC Precious Log:
 CardTable entry size: 512
 Card Set container configuration: InlinePtr #cards 4 size 8 Array Of Cards #cards 32 size 80 Howl #buckets 8 coarsen threshold 7372 Howl Bitmap #cards 1024 size 144 coarsen threshold 921 Card regions per heap region 1 cards per card region 8192
 CPUs: 12 total, 12 available
 Memory: 32705M
 Large Page Support: Disabled
 NUMA Support: Disabled
 Compressed Oops: Enabled (Zero based)
 Heap Region Size: 4M
 Heap Min Capacity: 8M
 Heap Initial Capacity: 512M
 Heap Max Capacity: 8180M
 Pre-touch: Disabled
 Parallel Workers: 10
 Concurrent Workers: 3
 Concurrent Refinement Workers: 10
 Periodic GC: Disabled

Heap:
 garbage-first heap   total 524288K, used 16384K [0x0000000600c00000, 0x0000000800000000)
  region size 4096K, 5 young (20480K), 0 survivors (0K)
 Metaspace       used 2219K, committed 2368K, reserved 1114112K
  class space    used 190K, committed 256K, reserved 1048576K

Heap Regions: E=young(eden), S=young(survivor), O=old, HS=humongous(starts), HC=humongous(continues), CS=collection set, F=free, TAMS=top-at-mark-start, PB=parsable bottom
|   0|0x0000000600c00000, 0x0000000600c00000, 0x0000000601000000|  0%| F|  |TAMS 0x0000000600c00000| PB 0x0000000600c00000| Untracked 
|   1|0x0000000601000000, 0x0000000601000000, 0x0000000601400000|  0%| F|  |TAMS 0x0000000601000000| PB 0x0000000601000000| Untracked 
|   2|0x0000000601400000, 0x0000000601400000, 0x0000000601800000|  0%| F|  |TAMS 0x0000000601400000| PB 0x0000000601400000| Untracked 
|   3|0x0000000601800000, 0x0000000601800000, 0x0000000601c00000|  0%| F|  |TAMS 0x0000000601800000| PB 0x0000000601800000| Untracked 
|   4|0x0000000601c00000, 0x0000000601c00000, 0x0000000602000000|  0%| F|  |TAMS 0x0000000601c00000| PB 0x0000000601c00000| Untracked 
|   5|0x0000000602000000, 0x0000000602000000, 0x0000000602400000|  0%| F|  |TAMS 0x0000000602000000| PB 0x0000000602000000| Untracked 
|   6|0x0000000602400000, 0x0000000602400000, 0x0000000602800000|  0%| F|  |TAMS 0x0000000602400000| PB 0x0000000602400000| Untracked 
|   7|0x0000000602800000, 0x0000000602800000, 0x0000000602c00000|  0%| F|  |TAMS 0x0000000602800000| PB 0x0000000602800000| Untracked 
|   8|0x0000000602c00000, 0x0000000602c00000, 0x0000000603000000|  0%| F|  |TAMS 0x0000000602c00000| PB 0x0000000602c00000| Untracked 
|   9|0x0000000603000000, 0x0000000603000000, 0x0000000603400000|  0%| F|  |TAMS 0x0000000603000000| PB 0x0000000603000000| Untracked 
|  10|0x0000000603400000, 0x0000000603400000, 0x0000000603800000|  0%| F|  |TAMS 0x0000000603400000| PB 0x0000000603400000| Untracked 
|  11|0x0000000603800000, 0x0000000603800000, 0x0000000603c00000|  0%| F|  |TAMS 0x0000000603800000| PB 0x0000000603800000| Untracked 
|  12|0x0000000603c00000, 0x0000000603c00000, 0x0000000604000000|  0%| F|  |TAMS 0x0000000603c00000| PB 0x0000000603c00000| Untracked 
|  13|0x0000000604000000, 0x0000000604000000, 0x0000000604400000|  0%| F|  |TAMS 0x0000000604000000| PB 0x0000000604000000| Untracked 
|  14|0x0000000604400000, 0x0000000604400000, 0x0000000604800000|  0%| F|  |TAMS 0x0000000604400000| PB 0x0000000604400000| Untracked 
|  15|0x0000000604800000, 0x0000000604800000, 0x0000000604c00000|  0%| F|  |TAMS 0x0000000604800000| PB 0x0000000604800000| Untracked 
|  16|0x0000000604c00000, 0x0000000604c00000, 0x0000000605000000|  0%| F|  |TAMS 0x0000000604c00000| PB 0x0000000604c00000| Untracked 
|  17|0x0000000605000000, 0x0000000605000000, 0x0000000605400000|  0%| F|  |TAMS 0x0000000605000000| PB 0x0000000605000000| Untracked 
|  18|0x0000000605400000, 0x0000000605400000, 0x0000000605800000|  0%| F|  |TAMS 0x0000000605400000| PB 0x0000000605400000| Untracked 
|  19|0x0000000605800000, 0x0000000605800000, 0x0000000605c00000|  0%| F|  |TAMS 0x0000000605800000| PB 0x0000000605800000| Untracked 
|  20|0x0000000605c00000, 0x0000000605c00000, 0x0000000606000000|  0%| F|  |TAMS 0x0000000605c00000| PB 0x0000000605c00000| Untracked 
|  21|0x0000000606000000, 0x0000000606000000, 0x0000000606400000|  0%| F|  |TAMS 0x0000000606000000| PB 0x0000000606000000| Untracked 
|  22|0x0000000606400000, 0x0000000606400000, 0x0000000606800000|  0%| F|  |TAMS 0x0000000606400000| PB 0x0000000606400000| Untracked 
|  23|0x0000000606800000, 0x0000000606800000, 0x0000000606c00000|  0%| F|  |TAMS 0x0000000606800000| PB 0x0000000606800000| Untracked 
|  24|0x0000000606c00000, 0x0000000606c00000, 0x0000000607000000|  0%| F|  |TAMS 0x0000000606c00000| PB 0x0000000606c00000| Untracked 
|  25|0x0000000607000000, 0x0000000607000000, 0x0000000607400000|  0%| F|  |TAMS 0x0000000607000000| PB 0x0000000607000000| Untracked 
|  26|0x0000000607400000, 0x0000000607400000, 0x0000000607800000|  0%| F|  |TAMS 0x0000000607400000| PB 0x0000000607400000| Untracked 
|  27|0x0000000607800000, 0x0000000607800000, 0x0000000607c00000|  0%| F|  |TAMS 0x0000000607800000| PB 0x0000000607800000| Untracked 
|  28|0x0000000607c00000, 0x0000000607c00000, 0x0000000608000000|  0%| F|  |TAMS 0x0000000607c00000| PB 0x0000000607c00000| Untracked 
|  29|0x0000000608000000, 0x0000000608000000, 0x0000000608400000|  0%| F|  |TAMS 0x0000000608000000| PB 0x0000000608000000| Untracked 
|  30|0x0000000608400000, 0x0000000608400000, 0x0000000608800000|  0%| F|  |TAMS 0x0000000608400000| PB 0x0000000608400000| Untracked 
|  31|0x0000000608800000, 0x0000000608800000, 0x0000000608c00000|  0%| F|  |TAMS 0x0000000608800000| PB 0x0000000608800000| Untracked 
|  32|0x0000000608c00000, 0x0000000608c00000, 0x0000000609000000|  0%| F|  |TAMS 0x0000000608c00000| PB 0x0000000608c00000| Untracked 
|  33|0x0000000609000000, 0x0000000609000000, 0x0000000609400000|  0%| F|  |TAMS 0x0000000609000000| PB 0x0000000609000000| Untracked 
|  34|0x0000000609400000, 0x0000000609400000, 0x0000000609800000|  0%| F|  |TAMS 0x0000000609400000| PB 0x0000000609400000| Untracked 
|  35|0x0000000609800000, 0x0000000609800000, 0x0000000609c00000|  0%| F|  |TAMS 0x0000000609800000| PB 0x0000000609800000| Untracked 
|  36|0x0000000609c00000, 0x0000000609c00000, 0x000000060a000000|  0%| F|  |TAMS 0x0000000609c00000| PB 0x0000000609c00000| Untracked 
|  37|0x000000060a000000, 0x000000060a000000, 0x000000060a400000|  0%| F|  |TAMS 0x000000060a000000| PB 0x000000060a000000| Untracked 
|  38|0x000000060a400000, 0x000000060a400000, 0x000000060a800000|  0%| F|  |TAMS 0x000000060a400000| PB 0x000000060a400000| Untracked 
|  39|0x000000060a800000, 0x000000060a800000, 0x000000060ac00000|  0%| F|  |TAMS 0x000000060a800000| PB 0x000000060a800000| Untracked 
|  40|0x000000060ac00000, 0x000000060ac00000, 0x000000060b000000|  0%| F|  |TAMS 0x000000060ac00000| PB 0x000000060ac00000| Untracked 
|  41|0x000000060b000000, 0x000000060b000000, 0x000000060b400000|  0%| F|  |TAMS 0x000000060b000000| PB 0x000000060b000000| Untracked 
|  42|0x000000060b400000, 0x000000060b400000, 0x000000060b800000|  0%| F|  |TAMS 0x000000060b400000| PB 0x000000060b400000| Untracked 
|  43|0x000000060b800000, 0x000000060b800000, 0x000000060bc00000|  0%| F|  |TAMS 0x000000060b800000| PB 0x000000060b800000| Untracked 
|  44|0x000000060bc00000, 0x000000060bc00000, 0x000000060c000000|  0%| F|  |TAMS 0x000000060bc00000| PB 0x000000060bc00000| Untracked 
|  45|0x000000060c000000, 0x000000060c000000, 0x000000060c400000|  0%| F|  |TAMS 0x000000060c000000| PB 0x000000060c000000| Untracked 
|  46|0x000000060c400000, 0x000000060c400000, 0x000000060c800000|  0%| F|  |TAMS 0x000000060c400000| PB 0x000000060c400000| Untracked 
|  47|0x000000060c800000, 0x000000060c800000, 0x000000060cc00000|  0%| F|  |TAMS 0x000000060c800000| PB 0x000000060c800000| Untracked 
|  48|0x000000060cc00000, 0x000000060cc00000, 0x000000060d000000|  0%| F|  |TAMS 0x000000060cc00000| PB 0x000000060cc00000| Untracked 
|  49|0x000000060d000000, 0x000000060d000000, 0x000000060d400000|  0%| F|  |TAMS 0x000000060d000000| PB 0x000000060d000000| Untracked 
|  50|0x000000060d400000, 0x000000060d400000, 0x000000060d800000|  0%| F|  |TAMS 0x000000060d400000| PB 0x000000060d400000| Untracked 
|  51|0x000000060d800000, 0x000000060d800000, 0x000000060dc00000|  0%| F|  |TAMS 0x000000060d800000| PB 0x000000060d800000| Untracked 
|  52|0x000000060dc00000, 0x000000060dc00000, 0x000000060e000000|  0%| F|  |TAMS 0x000000060dc00000| PB 0x000000060dc00000| Untracked 
|  53|0x000000060e000000, 0x000000060e000000, 0x000000060e400000|  0%| F|  |TAMS 0x000000060e000000| PB 0x000000060e000000| Untracked 
|  54|0x000000060e400000, 0x000000060e400000, 0x000000060e800000|  0%| F|  |TAMS 0x000000060e400000| PB 0x000000060e400000| Untracked 
|  55|0x000000060e800000, 0x000000060e800000, 0x000000060ec00000|  0%| F|  |TAMS 0x000000060e800000| PB 0x000000060e800000| Untracked 
|  56|0x000000060ec00000, 0x000000060ec00000, 0x000000060f000000|  0%| F|  |TAMS 0x000000060ec00000| PB 0x000000060ec00000| Untracked 
|  57|0x000000060f000000, 0x000000060f000000, 0x000000060f400000|  0%| F|  |TAMS 0x000000060f000000| PB 0x000000060f000000| Untracked 
|  58|0x000000060f400000, 0x000000060f400000, 0x000000060f800000|  0%| F|  |TAMS 0x000000060f400000| PB 0x000000060f400000| Untracked 
|  59|0x000000060f800000, 0x000000060f800000, 0x000000060fc00000|  0%| F|  |TAMS 0x000000060f800000| PB 0x000000060f800000| Untracked 
|  60|0x000000060fc00000, 0x000000060fc00000, 0x0000000610000000|  0%| F|  |TAMS 0x000000060fc00000| PB 0x000000060fc00000| Untracked 
|  61|0x0000000610000000, 0x0000000610000000, 0x0000000610400000|  0%| F|  |TAMS 0x0000000610000000| PB 0x0000000610000000| Untracked 
|  62|0x0000000610400000, 0x0000000610400000, 0x0000000610800000|  0%| F|  |TAMS 0x0000000610400000| PB 0x0000000610400000| Untracked 
|  63|0x0000000610800000, 0x0000000610800000, 0x0000000610c00000|  0%| F|  |TAMS 0x0000000610800000| PB 0x0000000610800000| Untracked 
|  64|0x0000000610c00000, 0x0000000610c00000, 0x0000000611000000|  0%| F|  |TAMS 0x0000000610c00000| PB 0x0000000610c00000| Untracked 
|  65|0x0000000611000000, 0x0000000611000000, 0x0000000611400000|  0%| F|  |TAMS 0x0000000611000000| PB 0x0000000611000000| Untracked 
|  66|0x0000000611400000, 0x0000000611400000, 0x0000000611800000|  0%| F|  |TAMS 0x0000000611400000| PB 0x0000000611400000| Untracked 
|  67|0x0000000611800000, 0x0000000611800000, 0x0000000611c00000|  0%| F|  |TAMS 0x0000000611800000| PB 0x0000000611800000| Untracked 
|  68|0x0000000611c00000, 0x0000000611c00000, 0x0000000612000000|  0%| F|  |TAMS 0x0000000611c00000| PB 0x0000000611c00000| Untracked 
|  69|0x0000000612000000, 0x0000000612000000, 0x0000000612400000|  0%| F|  |TAMS 0x0000000612000000| PB 0x0000000612000000| Untracked 
|  70|0x0000000612400000, 0x0000000612400000, 0x0000000612800000|  0%| F|  |TAMS 0x0000000612400000| PB 0x0000000612400000| Untracked 
|  71|0x0000000612800000, 0x0000000612800000, 0x0000000612c00000|  0%| F|  |TAMS 0x0000000612800000| PB 0x0000000612800000| Untracked 
|  72|0x0000000612c00000, 0x0000000612c00000, 0x0000000613000000|  0%| F|  |TAMS 0x0000000612c00000| PB 0x0000000612c00000| Untracked 
|  73|0x0000000613000000, 0x0000000613000000, 0x0000000613400000|  0%| F|  |TAMS 0x0000000613000000| PB 0x0000000613000000| Untracked 
|  74|0x0000000613400000, 0x0000000613400000, 0x0000000613800000|  0%| F|  |TAMS 0x0000000613400000| PB 0x0000000613400000| Untracked 
|  75|0x0000000613800000, 0x0000000613800000, 0x0000000613c00000|  0%| F|  |TAMS 0x0000000613800000| PB 0x0000000613800000| Untracked 
|  76|0x0000000613c00000, 0x0000000613c00000, 0x0000000614000000|  0%| F|  |TAMS 0x0000000613c00000| PB 0x0000000613c00000| Untracked 
|  77|0x0000000614000000, 0x0000000614000000, 0x0000000614400000|  0%| F|  |TAMS 0x0000000614000000| PB 0x0000000614000000| Untracked 
|  78|0x0000000614400000, 0x0000000614400000, 0x0000000614800000|  0%| F|  |TAMS 0x0000000614400000| PB 0x0000000614400000| Untracked 
|  79|0x0000000614800000, 0x0000000614800000, 0x0000000614c00000|  0%| F|  |TAMS 0x0000000614800000| PB 0x0000000614800000| Untracked 
|  80|0x0000000614c00000, 0x0000000614c00000, 0x0000000615000000|  0%| F|  |TAMS 0x0000000614c00000| PB 0x0000000614c00000| Untracked 
|  81|0x0000000615000000, 0x0000000615000000, 0x0000000615400000|  0%| F|  |TAMS 0x0000000615000000| PB 0x0000000615000000| Untracked 
|  82|0x0000000615400000, 0x0000000615400000, 0x0000000615800000|  0%| F|  |TAMS 0x0000000615400000| PB 0x0000000615400000| Untracked 
|  83|0x0000000615800000, 0x0000000615800000, 0x0000000615c00000|  0%| F|  |TAMS 0x0000000615800000| PB 0x0000000615800000| Untracked 
|  84|0x0000000615c00000, 0x0000000615c00000, 0x0000000616000000|  0%| F|  |TAMS 0x0000000615c00000| PB 0x0000000615c00000| Untracked 
|  85|0x0000000616000000, 0x0000000616000000, 0x0000000616400000|  0%| F|  |TAMS 0x0000000616000000| PB 0x0000000616000000| Untracked 
|  86|0x0000000616400000, 0x0000000616400000, 0x0000000616800000|  0%| F|  |TAMS 0x0000000616400000| PB 0x0000000616400000| Untracked 
|  87|0x0000000616800000, 0x0000000616800000, 0x0000000616c00000|  0%| F|  |TAMS 0x0000000616800000| PB 0x0000000616800000| Untracked 
|  88|0x0000000616c00000, 0x0000000616c00000, 0x0000000617000000|  0%| F|  |TAMS 0x0000000616c00000| PB 0x0000000616c00000| Untracked 
|  89|0x0000000617000000, 0x0000000617000000, 0x0000000617400000|  0%| F|  |TAMS 0x0000000617000000| PB 0x0000000617000000| Untracked 
|  90|0x0000000617400000, 0x0000000617400000, 0x0000000617800000|  0%| F|  |TAMS 0x0000000617400000| PB 0x0000000617400000| Untracked 
|  91|0x0000000617800000, 0x0000000617800000, 0x0000000617c00000|  0%| F|  |TAMS 0x0000000617800000| PB 0x0000000617800000| Untracked 
|  92|0x0000000617c00000, 0x0000000617c00000, 0x0000000618000000|  0%| F|  |TAMS 0x0000000617c00000| PB 0x0000000617c00000| Untracked 
|  93|0x0000000618000000, 0x0000000618000000, 0x0000000618400000|  0%| F|  |TAMS 0x0000000618000000| PB 0x0000000618000000| Untracked 
|  94|0x0000000618400000, 0x0000000618400000, 0x0000000618800000|  0%| F|  |TAMS 0x0000000618400000| PB 0x0000000618400000| Untracked 
|  95|0x0000000618800000, 0x0000000618800000, 0x0000000618c00000|  0%| F|  |TAMS 0x0000000618800000| PB 0x0000000618800000| Untracked 
|  96|0x0000000618c00000, 0x0000000618c00000, 0x0000000619000000|  0%| F|  |TAMS 0x0000000618c00000| PB 0x0000000618c00000| Untracked 
|  97|0x0000000619000000, 0x0000000619000000, 0x0000000619400000|  0%| F|  |TAMS 0x0000000619000000| PB 0x0000000619000000| Untracked 
|  98|0x0000000619400000, 0x0000000619400000, 0x0000000619800000|  0%| F|  |TAMS 0x0000000619400000| PB 0x0000000619400000| Untracked 
|  99|0x0000000619800000, 0x0000000619800000, 0x0000000619c00000|  0%| F|  |TAMS 0x0000000619800000| PB 0x0000000619800000| Untracked 
| 100|0x0000000619c00000, 0x0000000619c00000, 0x000000061a000000|  0%| F|  |TAMS 0x0000000619c00000| PB 0x0000000619c00000| Untracked 
| 101|0x000000061a000000, 0x000000061a000000, 0x000000061a400000|  0%| F|  |TAMS 0x000000061a000000| PB 0x000000061a000000| Untracked 
| 102|0x000000061a400000, 0x000000061a400000, 0x000000061a800000|  0%| F|  |TAMS 0x000000061a400000| PB 0x000000061a400000| Untracked 
| 103|0x000000061a800000, 0x000000061a800000, 0x000000061ac00000|  0%| F|  |TAMS 0x000000061a800000| PB 0x000000061a800000| Untracked 
| 104|0x000000061ac00000, 0x000000061ac00000, 0x000000061b000000|  0%| F|  |TAMS 0x000000061ac00000| PB 0x000000061ac00000| Untracked 
| 105|0x000000061b000000, 0x000000061b000000, 0x000000061b400000|  0%| F|  |TAMS 0x000000061b000000| PB 0x000000061b000000| Untracked 
| 106|0x000000061b400000, 0x000000061b400000, 0x000000061b800000|  0%| F|  |TAMS 0x000000061b400000| PB 0x000000061b400000| Untracked 
| 107|0x000000061b800000, 0x000000061b800000, 0x000000061bc00000|  0%| F|  |TAMS 0x000000061b800000| PB 0x000000061b800000| Untracked 
| 108|0x000000061bc00000, 0x000000061bc00000, 0x000000061c000000|  0%| F|  |TAMS 0x000000061bc00000| PB 0x000000061bc00000| Untracked 
| 109|0x000000061c000000, 0x000000061c000000, 0x000000061c400000|  0%| F|  |TAMS 0x000000061c000000| PB 0x000000061c000000| Untracked 
| 110|0x000000061c400000, 0x000000061c400000, 0x000000061c800000|  0%| F|  |TAMS 0x000000061c400000| PB 0x000000061c400000| Untracked 
| 111|0x000000061c800000, 0x000000061c800000, 0x000000061cc00000|  0%| F|  |TAMS 0x000000061c800000| PB 0x000000061c800000| Untracked 
| 112|0x000000061cc00000, 0x000000061cc00000, 0x000000061d000000|  0%| F|  |TAMS 0x000000061cc00000| PB 0x000000061cc00000| Untracked 
| 113|0x000000061d000000, 0x000000061d000000, 0x000000061d400000|  0%| F|  |TAMS 0x000000061d000000| PB 0x000000061d000000| Untracked 
| 114|0x000000061d400000, 0x000000061d400000, 0x000000061d800000|  0%| F|  |TAMS 0x000000061d400000| PB 0x000000061d400000| Untracked 
| 115|0x000000061d800000, 0x000000061d800000, 0x000000061dc00000|  0%| F|  |TAMS 0x000000061d800000| PB 0x000000061d800000| Untracked 
| 116|0x000000061dc00000, 0x000000061dc00000, 0x000000061e000000|  0%| F|  |TAMS 0x000000061dc00000| PB 0x000000061dc00000| Untracked 
| 117|0x000000061e000000, 0x000000061e000000, 0x000000061e400000|  0%| F|  |TAMS 0x000000061e000000| PB 0x000000061e000000| Untracked 
| 118|0x000000061e400000, 0x000000061e400000, 0x000000061e800000|  0%| F|  |TAMS 0x000000061e400000| PB 0x000000061e400000| Untracked 
| 119|0x000000061e800000, 0x000000061e800000, 0x000000061ec00000|  0%| F|  |TAMS 0x000000061e800000| PB 0x000000061e800000| Untracked 
| 120|0x000000061ec00000, 0x000000061ec00000, 0x000000061f000000|  0%| F|  |TAMS 0x000000061ec00000| PB 0x000000061ec00000| Untracked 
| 121|0x000000061f000000, 0x000000061f000000, 0x000000061f400000|  0%| F|  |TAMS 0x000000061f000000| PB 0x000000061f000000| Untracked 
| 122|0x000000061f400000, 0x000000061f400000, 0x000000061f800000|  0%| F|  |TAMS 0x000000061f400000| PB 0x000000061f400000| Untracked 
| 123|0x000000061f800000, 0x000000061f8f68e0, 0x000000061fc00000| 24%| E|  |TAMS 0x000000061f800000| PB 0x000000061f800000| Complete 
| 124|0x000000061fc00000, 0x0000000620000000, 0x0000000620000000|100%| E|CS|TAMS 0x000000061fc00000| PB 0x000000061fc00000| Complete 
| 125|0x0000000620000000, 0x0000000620400000, 0x0000000620400000|100%| E|CS|TAMS 0x0000000620000000| PB 0x0000000620000000| Complete 
| 126|0x0000000620400000, 0x0000000620800000, 0x0000000620800000|100%| E|CS|TAMS 0x0000000620400000| PB 0x0000000620400000| Complete 
| 127|0x0000000620800000, 0x0000000620c00000, 0x0000000620c00000|100%| E|CS|TAMS 0x0000000620800000| PB 0x0000000620800000| Complete 

Card table byte_map: [0x0000029040250000,0x0000029041250000] _byte_map_base: 0x000002903d24a000

Marking Bits: (CMBitMap*) 0x00000290276d0450
 Bits: [0x0000029041250000, 0x0000029049220000)

Polling page: 0x00000290255e0000

Metaspace:

Usage:
  Non-class:      1.98 MB used.
      Class:    190.72 KB used.
       Both:      2.17 MB used.

Virtual space:
  Non-class space:       64.00 MB reserved,       2.06 MB (  3%) committed,  1 nodes.
      Class space:        1.00 GB reserved,     256.00 KB ( <1%) committed,  1 nodes.
             Both:        1.06 GB reserved,       2.31 MB ( <1%) committed. 

Chunk freelists:
   Non-Class:  11.22 MB
       Class:  15.66 MB
        Both:  26.88 MB

MaxMetaspaceSize: unlimited
CompressedClassSpaceSize: 1.00 GB
Initial GC threshold: 21.00 MB
Current GC threshold: 21.00 MB
CDS: on
 - commit_granule_bytes: 65536.
 - commit_granule_words: 8192.
 - virtual_space_node_default_size: 8388608.
 - enlarge_chunks_in_place: 1.
 - use_allocation_guard: 0.


Internal statistics:

num_allocs_failed_limit: 0.
num_arena_births: 28.
num_arena_deaths: 0.
num_vsnodes_births: 2.
num_vsnodes_deaths: 0.
num_space_committed: 37.
num_space_uncommitted: 0.
num_chunks_returned_to_freelist: 0.
num_chunks_taken_from_freelist: 67.
num_chunk_merges: 0.
num_chunk_splits: 47.
num_chunks_enlarged: 35.
num_inconsistent_stats: 0.

CodeHeap 'non-profiled nmethods': size=120000Kb used=436Kb max_used=436Kb free=119563Kb
 bounds [0x00000290377d0000, 0x0000029037a40000, 0x000002903ed00000]
CodeHeap 'profiled nmethods': size=120000Kb used=1195Kb max_used=1195Kb free=118805Kb
 bounds [0x000002902fd00000, 0x000002902ff70000, 0x0000029037230000]
CodeHeap 'non-nmethods': size=5760Kb used=1384Kb max_used=1470Kb free=4375Kb
 bounds [0x0000029037230000, 0x00000290374a0000, 0x00000290377d0000]
 total_blobs=1211 nmethods=726 adapters=390
 compilation: enabled
              stopped_count=0, restarted_count=0
 full_count=0

Compilation events (20 events):
Event: 0.353 Thread 0x0000029091051c30  691       4       java.lang.String::startsWith (7 bytes)
Event: 0.353 Thread 0x00000290918fe600  725       4       java.lang.System::getSecurityManager (12 bytes)
Event: 0.353 Thread 0x00000290918fe600 nmethod 725 0x0000029037829890 code [0x0000029037829a00, 0x0000029037829a68]
Event: 0.353 Thread 0x00000290918fe600  674       4       java.lang.String::getChars (55 bytes)
Event: 0.355 Thread 0x00000290918fe600 nmethod 674 0x0000029037829b90 code [0x0000029037829d40, 0x000002903782a0c8]
Event: 0.355 Thread 0x00000290918fe600  676       4       java.lang.StringLatin1::getChars (12 bytes)
Event: 0.356 Thread 0x0000029091051c30 nmethod 691 0x000002903782a310 code [0x000002903782a4c0, 0x000002903782a7b8]
Event: 0.356 Thread 0x0000029091051c30  679       4       java.lang.StringConcatHelper::prepend (37 bytes)
Event: 0.356 Thread 0x00000290918fe600 nmethod 676 0x000002903782aa10 code [0x000002903782aba0, 0x000002903782ad40]
Event: 0.356 Thread 0x00000290918fe600  671       4       jdk.internal.loader.BuiltinClassLoader::findResourcesOnClassPath (43 bytes)
Event: 0.356 Thread 0x00000290918fe600 nmethod 671 0x000002903782ae10 code [0x000002903782afa0, 0x000002903782b0c0]
Event: 0.356 Thread 0x00000290918fe600  668       4       java.lang.CompoundEnumeration::hasMoreElements (5 bytes)
Event: 0.357 Thread 0x0000029091051c30 nmethod 679 0x000002903782b190 code [0x000002903782b320, 0x000002903782b5c8]
Event: 0.357 Thread 0x0000029091051c30  681       4       java.lang.String::<init> (99 bytes)
Event: 0.359 Thread 0x00000290918fe600 nmethod 668 0x000002903782b790 code [0x000002903782b980, 0x000002903782bcf0]
Event: 0.359 Thread 0x00000290918fe600  682       4       java.lang.AbstractStringBuilder::<init> (39 bytes)
Event: 0.360 Thread 0x00000290918fe600 nmethod 682 0x000002903782c010 code [0x000002903782c1a0, 0x000002903782c438]
Event: 0.361 Thread 0x00000290918fe600  666       4       java.lang.ClassLoader::getResources (55 bytes)
Event: 0.362 Thread 0x0000029091051c30 nmethod 681 0x000002903782c510 code [0x000002903782c6e0, 0x000002903782cf78]
Event: 0.367 Thread 0x00000290918fe600 nmethod 666 0x000002903782d210 code [0x000002903782d480, 0x000002903782e140]

GC Heap History (0 events):
No events

Dll operation events (20 events):
Event: 0.220 Loaded shared library H:\Actually Useful\NonZips\java\jdk-21.0.4+7\bin\api-ms-win-core-datetime-l1-1-0.dll
Event: 0.223 Loaded shared library H:\Actually Useful\NonZips\java\jdk-21.0.4+7\bin\api-ms-win-core-localization-l1-2-0.dll
Event: 0.226 Loaded shared library H:\Actually Useful\NonZips\java\jdk-21.0.4+7\bin\api-ms-win-core-sysinfo-l1-1-0.dll
Event: 0.230 Loaded shared library H:\Actually Useful\NonZips\java\jdk-21.0.4+7\bin\api-ms-win-core-synch-l1-2-0.dll
Event: 0.233 Loaded shared library H:\Actually Useful\NonZips\java\jdk-21.0.4+7\bin\api-ms-win-core-console-l1-1-0.dll
Event: 0.236 Loaded shared library H:\Actually Useful\NonZips\java\jdk-21.0.4+7\bin\api-ms-win-core-debug-l1-1-0.dll
Event: 0.239 Loaded shared library H:\Actually Useful\NonZips\java\jdk-21.0.4+7\bin\api-ms-win-core-rtlsupport-l1-1-0.dll
Event: 0.244 Loaded shared library H:\Actually Useful\NonZips\java\jdk-21.0.4+7\bin\api-ms-win-core-processthreads-l1-1-1.dll
Event: 0.248 Loaded shared library H:\Actually Useful\NonZips\java\jdk-21.0.4+7\bin\api-ms-win-core-file-l1-2-0.dll
Event: 0.251 Loaded shared library H:\Actually Useful\NonZips\java\jdk-21.0.4+7\bin\api-ms-win-core-profile-l1-1-0.dll
Event: 0.255 Loaded shared library H:\Actually Useful\NonZips\java\jdk-21.0.4+7\bin\api-ms-win-core-memory-l1-1-0.dll
Event: 0.258 Loaded shared library H:\Actually Useful\NonZips\java\jdk-21.0.4+7\bin\api-ms-win-core-util-l1-1-0.dll
Event: 0.262 Loaded shared library H:\Actually Useful\NonZips\java\jdk-21.0.4+7\bin\api-ms-win-core-interlocked-l1-1-0.dll
Event: 0.266 Loaded shared library H:\Actually Useful\NonZips\java\jdk-21.0.4+7\bin\ucrtbase.dll
Event: 0.270 Loaded shared library H:\Actually Useful\NonZips\java\jdk-21.0.4+7\bin\vcruntime140.dll
Event: 0.273 Loaded shared library H:\Actually Useful\NonZips\java\jdk-21.0.4+7\bin\vcruntime140_1.dll
Event: 0.277 Loaded shared library H:\Actually Useful\NonZips\java\jdk-21.0.4+7\bin\msvcp140.dll
Event: 0.280 Loaded shared library C:\Windows\System32\msvcp140_1.dll
Event: 0.284 Loaded shared library C:\Windows\System32\concrt140.dll
Event: 0.288 Loaded shared library C:\Windows\System32\vcomp140.dll

Deoptimization events (20 events):
Event: 0.214 Thread 0x000002902538fbf0 Uncommon trap: trap_request=0xffffffde fr.pc=0x000002903780055c relative=0x000000000000013c
Event: 0.214 Thread 0x000002902538fbf0 Uncommon trap: reason=class_check action=maybe_recompile pc=0x000002903780055c method=jdk.internal.misc.Unsafe.allocateUninitializedArray(Ljava/lang/Class;I)Ljava/lang/Object; @ 51 c2
Event: 0.214 Thread 0x000002902538fbf0 DEOPT PACKING pc=0x000002903780055c sp=0x000000b0426fc810
Event: 0.214 Thread 0x000002902538fbf0 DEOPT UNPACKING pc=0x00000290372846a2 sp=0x000000b0426fc788 mode 2
Event: 0.214 Thread 0x000002902538fbf0 Uncommon trap: trap_request=0xffffffde fr.pc=0x000002903780055c relative=0x000000000000013c
Event: 0.214 Thread 0x000002902538fbf0 Uncommon trap: reason=class_check action=maybe_recompile pc=0x000002903780055c method=jdk.internal.misc.Unsafe.allocateUninitializedArray(Ljava/lang/Class;I)Ljava/lang/Object; @ 51 c2
Event: 0.214 Thread 0x000002902538fbf0 DEOPT PACKING pc=0x000002903780055c sp=0x000000b0426fc880
Event: 0.214 Thread 0x000002902538fbf0 DEOPT UNPACKING pc=0x00000290372846a2 sp=0x000000b0426fc7f8 mode 2
Event: 0.262 Thread 0x000002902538fbf0 Uncommon trap: trap_request=0xffffff45 fr.pc=0x0000029037806d0c relative=0x000000000000154c
Event: 0.262 Thread 0x000002902538fbf0 Uncommon trap: reason=unstable_if action=reinterpret pc=0x0000029037806d0c method=jdk.internal.jimage.ImageStringsReader.stringFromByteBufferMatches(Ljava/nio/ByteBuffer;ILjava/lang/String;I)I @ 48 c2
Event: 0.262 Thread 0x000002902538fbf0 DEOPT PACKING pc=0x0000029037806d0c sp=0x000000b0426fc820
Event: 0.262 Thread 0x000002902538fbf0 DEOPT UNPACKING pc=0x00000290372846a2 sp=0x000000b0426fc398 mode 2
Event: 0.289 Thread 0x000002902538fbf0 Uncommon trap: trap_request=0xffffff45 fr.pc=0x00000290377fe7e8 relative=0x0000000000000bc8
Event: 0.289 Thread 0x000002902538fbf0 Uncommon trap: reason=unstable_if action=reinterpret pc=0x00000290377fe7e8 method=jdk.internal.jimage.ImageStringsReader.stringFromByteBufferMatches(Ljava/nio/ByteBuffer;ILjava/lang/String;I)I @ 48 c2
Event: 0.289 Thread 0x000002902538fbf0 DEOPT PACKING pc=0x00000290377fe7e8 sp=0x000000b0426fc6b0
Event: 0.289 Thread 0x000002902538fbf0 DEOPT UNPACKING pc=0x00000290372846a2 sp=0x000000b0426fc3e8 mode 2
Event: 0.293 Thread 0x000002902538fbf0 Uncommon trap: trap_request=0xffffff45 fr.pc=0x0000029037817c18 relative=0x0000000000001238
Event: 0.293 Thread 0x000002902538fbf0 Uncommon trap: reason=unstable_if action=reinterpret pc=0x0000029037817c18 method=java.net.URL.<init>(Ljava/net/URL;Ljava/lang/String;Ljava/net/URLStreamHandler;)V @ 273 c2
Event: 0.293 Thread 0x000002902538fbf0 DEOPT PACKING pc=0x0000029037817c18 sp=0x000000b0426fc600
Event: 0.293 Thread 0x000002902538fbf0 DEOPT UNPACKING pc=0x00000290372846a2 sp=0x000000b0426fc590 mode 2

Classes loaded (20 events):
Event: 0.138 Loading class java/time/zone/ZoneOffsetTransitionRule$TimeDefinition
Event: 0.138 Loading class java/time/zone/ZoneOffsetTransitionRule$TimeDefinition done
Event: 0.138 Loading class java/time/zone/ZoneOffsetTransition
Event: 0.138 Loading class java/time/zone/ZoneOffsetTransition done
Event: 0.139 Loading class java/time/temporal/TemporalAdjusters
Event: 0.139 Loading class java/time/temporal/TemporalAdjusters done
Event: 0.146 Loading class java/lang/NumberFormatException
Event: 0.146 Loading class java/lang/NumberFormatException done
Event: 0.148 Loading class java/lang/ProcessEnvironment
Event: 0.148 Loading class java/lang/ProcessEnvironment done
Event: 0.148 Loading class java/lang/ProcessEnvironment$NameComparator
Event: 0.148 Loading class java/lang/ProcessEnvironment$NameComparator done
Event: 0.148 Loading class java/lang/ProcessEnvironment$EntryComparator
Event: 0.148 Loading class java/lang/ProcessEnvironment$EntryComparator done
Event: 0.148 Loading class java/lang/ProcessEnvironment$CheckedEntrySet
Event: 0.148 Loading class java/lang/ProcessEnvironment$CheckedEntrySet done
Event: 0.148 Loading class java/lang/ProcessEnvironment$CheckedEntrySet$1
Event: 0.148 Loading class java/lang/ProcessEnvironment$CheckedEntrySet$1 done
Event: 0.148 Loading class java/lang/ProcessEnvironment$CheckedEntry
Event: 0.149 Loading class java/lang/ProcessEnvironment$CheckedEntry done

Classes unloaded (0 events):
No events

Classes redefined (0 events):
No events

Internal exceptions (7 events):
Event: 0.091 Thread 0x000002902538fbf0 Exception <a 'java/lang/NoSuchMethodError'{0x0000000620bea1c8}: 'int java.lang.invoke.DirectMethodHandle$Holder.invokeStaticInit(java.lang.Object, java.lang.Object, java.lang.Object, java.lang.Object)'> (0x0000000620bea1c8) 
thrown [s\src\hotspot\share\interpreter\linkResolver.cpp, line 773]
Event: 0.092 Thread 0x000002902538fbf0 Exception <a 'java/lang/NoSuchMethodError'{0x0000000620bf2db0}: 'java.lang.Object java.lang.invoke.DirectMethodHandle$Holder.invokeInterface(java.lang.Object, java.lang.Object)'> (0x0000000620bf2db0) 
thrown [s\src\hotspot\share\interpreter\linkResolver.cpp, line 773]
Event: 0.092 Thread 0x000002902538fbf0 Exception <a 'java/lang/IncompatibleClassChangeError'{0x0000000620bf60b8}: Found class java.lang.Object, but interface was expected> (0x0000000620bf60b8) 
thrown [s\src\hotspot\share\interpreter\linkResolver.cpp, line 840]
Event: 0.092 Thread 0x000002902538fbf0 Exception <a 'java/lang/NoSuchMethodError'{0x0000000620bf8d88}: 'void java.lang.invoke.DirectMethodHandle$Holder.invokeStatic(java.lang.Object, java.lang.Object)'> (0x0000000620bf8d88) 
thrown [s\src\hotspot\share\interpreter\linkResolver.cpp, line 773]
Event: 0.092 Thread 0x000002902538fbf0 Exception <a 'java/lang/NoSuchMethodError'{0x0000000620bfc188}: 'void java.lang.invoke.DirectMethodHandle$Holder.invokeStaticInit(java.lang.Object, java.lang.Object)'> (0x0000000620bfc188) 
thrown [s\src\hotspot\share\interpreter\linkResolver.cpp, line 773]
Event: 0.093 Thread 0x000002902538fbf0 Exception <a 'java/lang/NoSuchMethodError'{0x00000006204021d8}: 'int java.lang.invoke.DirectMethodHandle$Holder.invokeStaticInit(java.lang.Object, java.lang.Object)'> (0x00000006204021d8) 
thrown [s\src\hotspot\share\interpreter\linkResolver.cpp, line 773]
Event: 0.139 Thread 0x000002902538fbf0 Exception <a 'java/lang/NoSuchMethodError'{0x000000062058a088}: 'java.lang.Object java.lang.invoke.DirectMethodHandle$Holder.invokeStatic(java.lang.Object, int, java.lang.Object)'> (0x000000062058a088) 
thrown [s\src\hotspot\share\interpreter\linkResolver.cpp, line 773]

ZGC Phase Switch (0 events):
No events

VM Operations (4 events):
Event: 0.077 Executing VM operation: HandshakeAllThreads (Deoptimize)
Event: 0.077 Executing VM operation: HandshakeAllThreads (Deoptimize) done
Event: 0.148 Executing VM operation: HandshakeAllThreads (Deoptimize)
Event: 0.148 Executing VM operation: HandshakeAllThreads (Deoptimize) done

Memory protections (0 events):
No events

Nmethod flushes (0 events):
No events

Events (14 events):
Event: 0.015 Thread 0x000002902538fbf0 Thread added: 0x000002902538fbf0
Event: 0.025 Thread 0x000002902538fbf0 Thread added: 0x000002909100e260
Event: 0.025 Thread 0x000002902538fbf0 Thread added: 0x000002909100ee20
Event: 0.025 Thread 0x000002902538fbf0 Thread added: 0x000002909101cf70
Event: 0.025 Thread 0x000002902538fbf0 Thread added: 0x000002909103e740
Event: 0.025 Thread 0x000002902538fbf0 Thread added: 0x0000029091043170
Event: 0.025 Thread 0x000002902538fbf0 Thread added: 0x00000290910454b0
Event: 0.025 Thread 0x000002902538fbf0 Thread added: 0x0000029091051c30
Event: 0.025 Thread 0x000002902538fbf0 Thread added: 0x00000290910566e0
Event: 0.034 Thread 0x000002902538fbf0 Thread added: 0x00000290911d5a90
Event: 0.036 Thread 0x000002902538fbf0 Thread added: 0x00000290911de4f0
Event: 0.147 Thread 0x000002902538fbf0 Thread added: 0x00000290913fcfd0
Event: 0.188 Thread 0x00000290910566e0 Thread added: 0x000002909181cf10
Event: 0.208 Thread 0x00000290910566e0 Thread added: 0x00000290918fe600


Dynamic libraries:
0x00007ff7b7f10000 - 0x00007ff7b7f1e000 	H:\Actually Useful\NonZips\java\jdk-21.0.4+7\bin\java.exe
0x00007fff767b0000 - 0x00007fff769c7000 	C:\WINDOWS\SYSTEM32\ntdll.dll
0x00007fff74bb0000 - 0x00007fff74c74000 	C:\WINDOWS\System32\KERNEL32.DLL
0x00007fff74120000 - 0x00007fff744d7000 	C:\WINDOWS\System32\KERNELBASE.dll
0x00007fff73f90000 - 0x00007fff740a1000 	C:\WINDOWS\System32\ucrtbase.dll
0x00007fff6f230000 - 0x00007fff6f248000 	H:\Actually Useful\NonZips\java\jdk-21.0.4+7\bin\jli.dll
0x00007fff6f210000 - 0x00007fff6f22d000 	H:\Actually Useful\NonZips\java\jdk-21.0.4+7\bin\VCRUNTIME140.dll
0x00007fff74ca0000 - 0x00007fff74e4f000 	C:\WINDOWS\System32\USER32.dll
0x00007fff73ac0000 - 0x00007fff73ae6000 	C:\WINDOWS\System32\win32u.dll
0x00007fff66f00000 - 0x00007fff67193000 	C:\WINDOWS\WinSxS\amd64_microsoft.windows.common-controls_6595b64144ccf1df_6.0.22621.3672_none_2713b9d173822955\COMCTL32.dll
0x00007fff75820000 - 0x00007fff75849000 	C:\WINDOWS\System32\GDI32.dll
0x00007fff758b0000 - 0x00007fff75957000 	C:\WINDOWS\System32\msvcrt.dll
0x00007fff73cd0000 - 0x00007fff73de8000 	C:\WINDOWS\System32\gdi32full.dll
0x00007fff73c30000 - 0x00007fff73cca000 	C:\WINDOWS\System32\msvcp_win.dll
0x00007fff756d0000 - 0x00007fff75701000 	C:\WINDOWS\System32\IMM32.DLL
0x00007fff6f200000 - 0x00007fff6f20c000 	H:\Actually Useful\NonZips\java\jdk-21.0.4+7\bin\vcruntime140_1.dll
0x00007fff62bd0000 - 0x00007fff62c5d000 	H:\Actually Useful\NonZips\java\jdk-21.0.4+7\bin\msvcp140.dll
0x00007fff56a70000 - 0x00007fff57800000 	H:\Actually Useful\NonZips\java\jdk-21.0.4+7\bin\server\jvm.dll
0x00007fff75760000 - 0x00007fff75812000 	C:\WINDOWS\System32\ADVAPI32.dll
0x00007fff744e0000 - 0x00007fff74588000 	C:\WINDOWS\System32\sechost.dll
0x00007fff73f60000 - 0x00007fff73f88000 	C:\WINDOWS\System32\bcrypt.dll
0x00007fff74710000 - 0x00007fff74824000 	C:\WINDOWS\System32\RPCRT4.dll
0x00007fff74690000 - 0x00007fff74701000 	C:\WINDOWS\System32\WS2_32.dll
0x00007fff72970000 - 0x00007fff729bd000 	C:\WINDOWS\SYSTEM32\POWRPROF.dll
0x00007fff6f0d0000 - 0x00007fff6f104000 	C:\WINDOWS\SYSTEM32\WINMM.dll
0x00007fff6ef10000 - 0x00007fff6ef1a000 	C:\WINDOWS\SYSTEM32\VERSION.dll
0x00007fff72950000 - 0x00007fff72963000 	C:\WINDOWS\SYSTEM32\UMPDC.dll
0x00007fff72c00000 - 0x00007fff72c18000 	C:\WINDOWS\SYSTEM32\kernel.appcore.dll
0x00007fff6f1f0000 - 0x00007fff6f1fa000 	H:\Actually Useful\NonZips\java\jdk-21.0.4+7\bin\jimage.dll
0x00007fff69fc0000 - 0x00007fff6a1f2000 	C:\WINDOWS\SYSTEM32\DBGHELP.DLL
0x00007fff76110000 - 0x00007fff7649e000 	C:\WINDOWS\System32\combase.dll
0x00007fff759f0000 - 0x00007fff75ac7000 	C:\WINDOWS\System32\OLEAUT32.dll
0x00007fff4c5a0000 - 0x00007fff4c5d2000 	C:\WINDOWS\SYSTEM32\dbgcore.DLL
0x00007fff73af0000 - 0x00007fff73b6b000 	C:\WINDOWS\System32\bcryptPrimitives.dll
0x00007fff6f1d0000 - 0x00007fff6f1f0000 	H:\Actually Useful\NonZips\java\jdk-21.0.4+7\bin\java.dll
0x00007fff74e60000 - 0x00007fff756c9000 	C:\WINDOWS\System32\SHELL32.dll
0x00007fff71a40000 - 0x00007fff7233f000 	C:\WINDOWS\SYSTEM32\windows.storage.dll
0x00007fff71900000 - 0x00007fff71a3f000 	C:\WINDOWS\SYSTEM32\wintypes.dll
0x00007fff76670000 - 0x00007fff76769000 	C:\WINDOWS\System32\SHCORE.dll
0x00007fff74830000 - 0x00007fff7488e000 	C:\WINDOWS\System32\shlwapi.dll
0x00007fff739f0000 - 0x00007fff73a17000 	C:\WINDOWS\SYSTEM32\profapi.dll
0x00007fff56990000 - 0x00007fff56a67000 	H:\Actually Useful\NonZips\java\jdk-21.0.4+7\bin\jsvml.dll
0x00007fff6f1a0000 - 0x00007fff6f1b0000 	H:\Actually Useful\NonZips\java\jdk-21.0.4+7\bin\net.dll
0x00007fff6eb90000 - 0x00007fff6ecc6000 	C:\WINDOWS\SYSTEM32\WINHTTP.dll
0x00007fff73070000 - 0x00007fff730d9000 	C:\WINDOWS\system32\mswsock.dll
0x00007fff6f130000 - 0x00007fff6f146000 	H:\Actually Useful\NonZips\java\jdk-21.0.4+7\bin\nio.dll
0x00007fff6ea40000 - 0x00007fff6ea58000 	H:\Actually Useful\NonZips\java\jdk-21.0.4+7\bin\zip.dll
0x00007fff08640000 - 0x00007fff08740000 	C:\Windows\System32\opengl32.dll
0x00007fff6fe80000 - 0x00007fff6fead000 	C:\WINDOWS\SYSTEM32\GLU32.dll
0x00007fff71120000 - 0x00007fff71157000 	C:\WINDOWS\SYSTEM32\dxcore.dll
0x00007fff37aa0000 - 0x00007fff37d01000 	C:\Users\User\.javacpp\cache\jaylib-5.0.0-0.jar\com\raylib\windows-x86_64\jniRaylib.dll
0x0000029025620000 - 0x0000029025624000 	H:\Actually Useful\NonZips\java\jdk-21.0.4+7\bin\api-ms-win-crt-locale-l1-1-0.dll
0x0000029025630000 - 0x0000029025635000 	H:\Actually Useful\NonZips\java\jdk-21.0.4+7\bin\api-ms-win-crt-string-l1-1-0.dll
0x00000290275c0000 - 0x00000290275c5000 	H:\Actually Useful\NonZips\java\jdk-21.0.4+7\bin\api-ms-win-crt-stdio-l1-1-0.dll
0x00000290275d0000 - 0x00000290275d6000 	H:\Actually Useful\NonZips\java\jdk-21.0.4+7\bin\api-ms-win-crt-math-l1-1-0.dll
0x00000290275e0000 - 0x00000290275e4000 	H:\Actually Useful\NonZips\java\jdk-21.0.4+7\bin\api-ms-win-crt-heap-l1-1-0.dll
0x000002904bed0000 - 0x000002904bed5000 	H:\Actually Useful\NonZips\java\jdk-21.0.4+7\bin\api-ms-win-crt-runtime-l1-1-0.dll
0x000002904bee0000 - 0x000002904bee5000 	H:\Actually Useful\NonZips\java\jdk-21.0.4+7\bin\api-ms-win-crt-convert-l1-1-0.dll
0x000002904bef0000 - 0x000002904bef4000 	H:\Actually Useful\NonZips\java\jdk-21.0.4+7\bin\api-ms-win-crt-environment-l1-1-0.dll
0x000002904bf00000 - 0x000002904bf04000 	H:\Actually Useful\NonZips\java\jdk-21.0.4+7\bin\api-ms-win-crt-time-l1-1-0.dll
0x000002904bf10000 - 0x000002904bf14000 	H:\Actually Useful\NonZips\java\jdk-21.0.4+7\bin\api-ms-win-crt-filesystem-l1-1-0.dll
0x000002904bf20000 - 0x000002904bf24000 	H:\Actually Useful\NonZips\java\jdk-21.0.4+7\bin\api-ms-win-crt-utility-l1-1-0.dll
0x000002904bf30000 - 0x000002904bf36000 	H:\Actually Useful\NonZips\java\jdk-21.0.4+7\bin\api-ms-win-crt-multibyte-l1-1-0.dll
0x000002904bf40000 - 0x000002904bf44000 	H:\Actually Useful\NonZips\java\jdk-21.0.4+7\bin\api-ms-win-crt-conio-l1-1-0.dll
0x000002904bf50000 - 0x000002904bf61000 	H:\Actually Useful\NonZips\java\jdk-21.0.4+7\bin\api-ms-win-crt-private-l1-1-0.dll
0x000002904bf70000 - 0x000002904bf74000 	H:\Actually Useful\NonZips\java\jdk-21.0.4+7\bin\api-ms-win-crt-process-l1-1-0.dll
0x000002904bf80000 - 0x000002904bf84000 	H:\Actually Useful\NonZips\java\jdk-21.0.4+7\bin\api-ms-win-core-console-l1-2-0.dll
0x000002904bf90000 - 0x000002904bf94000 	H:\Actually Useful\NonZips\java\jdk-21.0.4+7\bin\api-ms-win-core-string-l1-1-0.dll
0x000002904bfa0000 - 0x000002904bfa4000 	H:\Actually Useful\NonZips\java\jdk-21.0.4+7\bin\api-ms-win-core-errorhandling-l1-1-0.dll
0x000002904bfb0000 - 0x000002904bfb4000 	H:\Actually Useful\NonZips\java\jdk-21.0.4+7\bin\api-ms-win-core-timezone-l1-1-0.dll
0x000002904bfc0000 - 0x000002904bfc5000 	H:\Actually Useful\NonZips\java\jdk-21.0.4+7\bin\api-ms-win-core-file-l1-1-0.dll
0x000002904bfd0000 - 0x000002904bfd4000 	H:\Actually Useful\NonZips\java\jdk-21.0.4+7\bin\api-ms-win-core-namedpipe-l1-1-0.dll
0x000002904bfe0000 - 0x000002904bfe4000 	H:\Actually Useful\NonZips\java\jdk-21.0.4+7\bin\api-ms-win-core-handle-l1-1-0.dll
0x000002904bff0000 - 0x000002904bff4000 	H:\Actually Useful\NonZips\java\jdk-21.0.4+7\bin\api-ms-win-core-file-l2-1-0.dll
0x0000029091c00000 - 0x0000029091c04000 	H:\Actually Useful\NonZips\java\jdk-21.0.4+7\bin\api-ms-win-core-heap-l1-1-0.dll
0x0000029091c10000 - 0x0000029091c14000 	H:\Actually Useful\NonZips\java\jdk-21.0.4+7\bin\api-ms-win-core-libraryloader-l1-1-0.dll
0x0000029091c20000 - 0x0000029091c24000 	H:\Actually Useful\NonZips\java\jdk-21.0.4+7\bin\api-ms-win-core-synch-l1-1-0.dll
0x0000029091c30000 - 0x0000029091c34000 	H:\Actually Useful\NonZips\java\jdk-21.0.4+7\bin\api-ms-win-core-processthreads-l1-1-0.dll
0x0000029091c40000 - 0x0000029091c44000 	H:\Actually Useful\NonZips\java\jdk-21.0.4+7\bin\api-ms-win-core-processenvironment-l1-1-0.dll
0x0000029091c50000 - 0x0000029091c54000 	H:\Actually Useful\NonZips\java\jdk-21.0.4+7\bin\api-ms-win-core-datetime-l1-1-0.dll
0x0000029091c60000 - 0x0000029091c64000 	H:\Actually Useful\NonZips\java\jdk-21.0.4+7\bin\api-ms-win-core-localization-l1-2-0.dll
0x0000029091c70000 - 0x0000029091c74000 	H:\Actually Useful\NonZips\java\jdk-21.0.4+7\bin\api-ms-win-core-sysinfo-l1-1-0.dll
0x0000029091c80000 - 0x0000029091c84000 	H:\Actually Useful\NonZips\java\jdk-21.0.4+7\bin\api-ms-win-core-synch-l1-2-0.dll
0x0000029091c90000 - 0x0000029091c94000 	H:\Actually Useful\NonZips\java\jdk-21.0.4+7\bin\api-ms-win-core-console-l1-1-0.dll
0x0000029091ca0000 - 0x0000029091ca4000 	H:\Actually Useful\NonZips\java\jdk-21.0.4+7\bin\api-ms-win-core-debug-l1-1-0.dll
0x0000029091cb0000 - 0x0000029091cb4000 	H:\Actually Useful\NonZips\java\jdk-21.0.4+7\bin\api-ms-win-core-rtlsupport-l1-1-0.dll
0x0000029091cc0000 - 0x0000029091cc4000 	H:\Actually Useful\NonZips\java\jdk-21.0.4+7\bin\api-ms-win-core-processthreads-l1-1-1.dll
0x0000029091cd0000 - 0x0000029091cd4000 	H:\Actually Useful\NonZips\java\jdk-21.0.4+7\bin\api-ms-win-core-file-l1-2-0.dll
0x0000029091ce0000 - 0x0000029091ce4000 	H:\Actually Useful\NonZips\java\jdk-21.0.4+7\bin\api-ms-win-core-profile-l1-1-0.dll
0x0000029092cc0000 - 0x0000029092cc4000 	H:\Actually Useful\NonZips\java\jdk-21.0.4+7\bin\api-ms-win-core-memory-l1-1-0.dll
0x0000029092cd0000 - 0x0000029092cd4000 	H:\Actually Useful\NonZips\java\jdk-21.0.4+7\bin\api-ms-win-core-util-l1-1-0.dll
0x0000029092ce0000 - 0x0000029092ce4000 	H:\Actually Useful\NonZips\java\jdk-21.0.4+7\bin\api-ms-win-core-interlocked-l1-1-0.dll
0x00007fff3b9f0000 - 0x00007fff3bb01000 	H:\Actually Useful\NonZips\java\jdk-21.0.4+7\bin\ucrtbase.dll
0x00007fff4a5c0000 - 0x00007fff4a5c9000 	C:\Windows\System32\msvcp140_1.dll
0x00007fff62b80000 - 0x00007fff62bcd000 	C:\Windows\System32\concrt140.dll
0x00007fff62b50000 - 0x00007fff62b80000 	C:\Windows\System32\vcomp140.dll
0x00007fff06870000 - 0x00007fff068b6000 	C:\WINDOWS\SYSTEM32\dinput8.dll
0x00007fff251f0000 - 0x00007fff25201000 	C:\WINDOWS\SYSTEM32\xinput1_4.dll
0x00007fff737b0000 - 0x00007fff737fe000 	C:\WINDOWS\SYSTEM32\cfgmgr32.dll
0x00007fff73780000 - 0x00007fff737ac000 	C:\WINDOWS\SYSTEM32\DEVOBJ.dll
0x00007fff62400000 - 0x00007fff62613000 	C:\WINDOWS\SYSTEM32\inputhost.dll
0x00007fff6e790000 - 0x00007fff6e8c3000 	C:\WINDOWS\SYSTEM32\CoreMessaging.dll
0x00007fff70fd0000 - 0x00007fff71081000 	C:\WINDOWS\system32\uxtheme.dll
0x00007fff732e0000 - 0x00007fff732ec000 	C:\WINDOWS\SYSTEM32\CRYPTBASE.DLL
0x00007fff74910000 - 0x00007fff74a70000 	C:\WINDOWS\System32\MSCTF.dll
0x00007fff72340000 - 0x00007fff7234e000 	C:\WINDOWS\SYSTEM32\HID.DLL
0x00007fff75c90000 - 0x00007fff76104000 	C:\WINDOWS\System32\SETUPAPI.DLL
0x00007fff740b0000 - 0x00007fff7411c000 	C:\WINDOWS\System32\WINTRUST.dll
0x00007fff73df0000 - 0x00007fff73f56000 	C:\WINDOWS\System32\CRYPT32.dll
0x00007fff73760000 - 0x00007fff73772000 	C:\WINDOWS\SYSTEM32\MSASN1.dll

dbghelp: loaded successfully - version: 4.0.5 - missing functions: none
symbol engine: initialized successfully - sym options: 0x614 - pdb path: .;H:\Actually Useful\NonZips\java\jdk-21.0.4+7\bin;C:\WINDOWS\SYSTEM32;C:\WINDOWS\WinSxS\amd64_microsoft.windows.common-controls_6595b64144ccf1df_6.0.22621.3672_none_2713b9d173822955;H:\Actually Useful\NonZips\java\jdk-21.0.4+7\bin\server;C:\Users\User\.javacpp\cache\jaylib-5.0.0-0.jar\com\raylib\windows-x86_64

VM Arguments:
java_command: QuimbertQuarrel
java_class_path (initial): jaylib-5.0.0-0.jar;.
Launcher Type: SUN_STANDARD

[Global flags]
     intx CICompilerCount                          = 4                                         {product} {ergonomic}
     uint ConcGCThreads                            = 3                                         {product} {ergonomic}
     uint G1ConcRefinementThreads                  = 10                                        {product} {ergonomic}
   size_t G1HeapRegionSize                         = 4194304                                   {product} {ergonomic}
    uintx GCDrainStackTargetSize                   = 64                                        {product} {ergonomic}
   size_t InitialHeapSize                          = 536870912                                 {product} {ergonomic}
   size_t MarkStackSize                            = 4194304                                   {product} {ergonomic}
   size_t MaxHeapSize                              = 8577351680                                {product} {ergonomic}
   size_t MaxNewSize                               = 5146411008                                {product} {ergonomic}
   size_t MinHeapDeltaBytes                        = 4194304                                   {product} {ergonomic}
   size_t MinHeapSize                              = 8388608                                   {product} {ergonomic}
    uintx NonNMethodCodeHeapSize                   = 5839372                                {pd product} {ergonomic}
    uintx NonProfiledCodeHeapSize                  = 122909434                              {pd product} {ergonomic}
    uintx ProfiledCodeHeapSize                     = 122909434                              {pd product} {ergonomic}
    uintx ReservedCodeCacheSize                    = 251658240                              {pd product} {ergonomic}
     bool SegmentedCodeCache                       = true                                      {product} {ergonomic}
   size_t SoftMaxHeapSize                          = 8577351680                             {manageable} {ergonomic}
     bool UseCompressedOops                        = true                           {product lp64_product} {ergonomic}
     bool UseG1GC                                  = true                                      {product} {ergonomic}
     bool UseLargePagesIndividualAllocation        = false                                  {pd product} {ergonomic}

Logging:
Log output configuration:
 #0: stdout all=warning uptime,level,tags foldmultilines=false
 #1: stderr all=off uptime,level,tags foldmultilines=false

Environment Variables:
PATH=C:\Program Files\Common Files\Oracle\Java\javapath;H:\Actually Useful\NonZips\Vulkan\Bin;C:\Program Files (x86)\Common Files\Oracle\Java\javapath;C:\WINDOWS\system32;C:\WINDOWS;C:\WINDOWS\System32\Wbem;C:\WINDOWS\System32\WindowsPowerShell\v1.0\;C:\WINDOWS\System32\OpenSSH\;C:\Program Files\dotnet\;C:\Program Files\NVIDIA Corporation\NVIDIA NvDLISR;C:\Program Files (x86)\NVIDIA Corporation\PhysX\Common;C:\Users\User\AppData\Local\Microsoft\WindowsApps;C:\Users\User\.dotnet\tools
USERNAME=lekos
LANG=en_US.UTF-8
OS=Windows_NT
PROCESSOR_IDENTIFIER=Intel64 Family 6 Model 158 Stepping 10, GenuineIntel
TMP=C:\Users\User\AppData\Local\Temp
TEMP=C:\Users\User\AppData\Local\Temp




Periodic native trim disabled

---------------  S Y S T E M  ---------------

OS:
 Windows 11 , 64 bit Build 22621 (10.0.22621.3958)
OS uptime: 0 days 5:10 hours

CPU: total 12 (initial active 12) (6 cores per cpu, 2 threads per core) family 6 model 158 stepping 10 microcode 0xde, cx8, cmov, fxsr, ht, mmx, 3dnowpref, sse, sse2, sse3, ssse3, sse4.1, sse4.2, popcnt, lzcnt, tsc, tscinvbit, avx, avx2, aes, erms, clmul, bmi1, bmi2, rtm, adx, fma, vzeroupper, clflush, clflushopt, rdtscp, f16c
Processor Information for the first 12 processors :
  Max Mhz: 3696, Current Mhz: 3696, Mhz Limit: 3696

Memory: 4k page, system-wide physical 32705M (22177M free)
TotalPageFile size 34753M (AvailPageFile size 20960M)
current process WorkingSet (physical memory assigned to process): 88M, peak: 99M
current process commit charge ("private bytes"): 637M, peak: 649M

vm_info: OpenJDK 64-Bit Server VM (21.0.4+7-LTS) for windows-amd64 JRE (21.0.4+7-LTS), built on 2024-07-16T17:40:50Z by "MicrosoftCorporation" with unknown MS VC++:1939

END.
