#
# A fatal error has been detected by the Java Runtime Environment:
#
#  EXCEPTION_ACCESS_VIOLATION (0xc0000005) at pc=0x0000000000000000, pid=16568, tid=18964
#
# JRE version: OpenJDK Runtime Environment Microsoft-9889606 (21.0.4+7) (build 21.0.4+7-LTS)
# Java VM: OpenJDK 64-Bit Server VM Microsoft-9889606 (21.0.4+7-LTS, mixed mode, sharing, tiered, compressed oops, compressed class ptrs, g1 gc, windows-amd64)
# Problematic frame:
# C  [jniRaylib.dll+0x1020d8]
#
# No core dump will be written. Minidumps are not enabled by default on client versions of Windows
#
# If you would like to submit a bug report, please visit:
#   https://github.com/microsoft/openjdk/issues
# The crash happened outside the Java Virtual Machine in native code.
# See problematic frame for where to report the bug.
#

---------------  S U M M A R Y ------------

Command Line: com.quimbertco.QuimbertQuarrel.QuimbertQuarrel

Host: 12th Gen Intel(R) Core(TM) i3-1210U, 8 cores, 7G,  Windows 10 , 64 bit Build 19041 (10.0.19041.5072)
Time: Wed Jan 15 15:08:26 2025 Pacific Standard Time elapsed time: 1.447741 seconds (0d 0h 0m 1s)

---------------  T H R E A D  ---------------

Current thread (0x000001a67b0e9310):  JavaThread "main"             [_thread_in_native, id=18964, stack(0x00000069ac700000,0x00000069ac800000) (1024K)]

Stack: [0x00000069ac700000,0x00000069ac800000],  sp=0x00000069ac7fef10,  free space=1019k
Native frames: (J=compiled Java code, j=interpreted, Vv=VM code, C=native code)

Java frames: (J=compiled Java code, j=interpreted, Vv=VM code)
j  com.raylib.Raylib.LoadTextureFromImage(Lcom/raylib/Raylib$Image;)Lcom/raylib/Raylib$Texture;+0
j  com.quimbertco.QuimbertQuarrel.QuimbertQuarrel.main([Ljava/lang/String;)V+667
v  ~StubRoutines::call_stub 0x000001a60fb4100d

siginfo: EXCEPTION_ACCESS_VIOLATION (0xc0000005), data execution prevention violation at address 0x0000000000000000


Registers:
RAX=0x0000142373b4bf3e, RBX=0x0000000000000007, RCX=0x0000000000000de1, RDX=0x0000000000000000
RSP=0x00000069ac7fef08, RBP=0x0000000000000040, RSI=0x0000000000000040, RDI=0x00000069ac7ff080
R8 =0x0000000000000040, R9 =0x0000000000000007, R10=0x00000000000000c0, R11=0xffb46f5c7b9e7dff
R12=0x0000000000000000, R13=0x000001a65f397a70, R14=0x0000000000000000, R15=0x0000000000000040
RIP=0x0000000000000000, EFLAGS=0x0000000000010246


Register to memory mapping:

RAX=0x0000142373b4bf3e is an unknown value
RBX=0x0000000000000007 is an unknown value
RCX=0x0000000000000de1 is an unknown value
RDX=0x0 is null
RSP=0x00000069ac7fef08 is pointing into the stack for thread: 0x000001a67b0e9310
RBP=0x0000000000000040 is an unknown value
RSI=0x0000000000000040 is an unknown value
RDI=0x00000069ac7ff080 is pointing into the stack for thread: 0x000001a67b0e9310
R8 =0x0000000000000040 is an unknown value
R9 =0x0000000000000007 is an unknown value
R10=0x00000000000000c0 is an unknown value
R11=0xffb46f5c7b9e7dff is an unknown value
R12=0x0 is null
R13=0x000001a65f397a70 points into unknown readable memory: 0x0000000000000000 | 00 00 00 00 00 00 00 00
R14=0x0 is null
R15=0x0000000000000040 is an unknown value

Top of Stack: (sp=0x00000069ac7fef08)
0x00000069ac7fef08:   00007ffa32db20d8 0000450b80082e80
0x00000069ac7fef18:   0000000000000000 000001a67b0e9310
0x00000069ac7fef28:   00000069ac7ff070 000001a67b0deb30
0x00000069ac7fef38:   000001a67b0e9980 00007ffa32d00490
0x00000069ac7fef48:   00007ffa0a7c3e60 000001a65b438180
0x00000069ac7fef58:   00007ffa32d00490 000001a600000000
0x00000069ac7fef68:   000000000000000d 0000004000000040
0x00000069ac7fef78:   00007ffa0a7978ec 000001a65b4d33d8
0x00000069ac7fef88:   0000142373b4bf3e 000001a67b0e9310
0x00000069ac7fef98:   00000069ac7ff158 000001a65b438180
0x00000069ac7fefa8:   0000000000000000 0000000000000007
0x00000069ac7fefb8:   0000000000000001 000001a65b438180
0x00000069ac7fefc8:   0000000000000040 00000069ac7ff060
0x00000069ac7fefd8:   00007ffa32d812b4 00000069ac7ff138
0x00000069ac7fefe8:   0000000000000000 000001a65f6de850
0x00000069ac7feff8:   00007ffa32e48143 0000000000000001
0x00000069ac7ff008:   00007ffa0a7a6bf9 000001a67b0e9310
0x00000069ac7ff018:   00000069ac7ff158 000001a65f6de850
0x00000069ac7ff028:   00007ffa32d00524 000001a67b0e96c8
0x00000069ac7ff038:   00000069ac7ff138 000001a65f6de730
0x00000069ac7ff048:   00007ffa0a4fb745 00000069ac7ff070
0x00000069ac7ff058:   000001a67b0e9310 0000000000000000
0x00000069ac7ff068:   0000000000000000 000001a600000000
0x00000069ac7ff078:   000001a67b0e9310 000001a65f397a70
0x00000069ac7ff088:   0000004000000040 0000000700000001
0x00000069ac7ff098:   000001a65b438190 000001a60fb489d2
0x00000069ac7ff0a8:   0000000000000000 000001a65b438190
0x00000069ac7ff0b8:   000001a60fb4ce4b 000001a67b0e96c8
0x00000069ac7ff0c8:   0000000000000000 0000000000000000
0x00000069ac7ff0d8:   000001a67b0ff9b8 000001a65b41182d
0x00000069ac7ff0e8:   000001a60fb4cadf 00000069ac7ff0f0
0x00000069ac7ff0f8:   000001a65b438180 0000000000000004 

Instructions: (pc=0x00007ffa32db20d8)
0x00007ffa32db1fd8:   24 50 c7 44 24 50 00 00 00 00 ba 84 8b 00 00 8b
0x00007ffa32db1fe8:   ce ff 15 49 4d 13 00 48 63 44 24 50 85 c0 7e 4d
0x00007ffa32db1ff8:   48 8b c8 c7 44 24 20 00 00 00 00 ba 01 00 00 00
0x00007ffa32db2008:   ff 15 12 96 09 00 8b 54 24 50 4c 8d 44 24 20 4c
0x00007ffa32db2018:   8b c8 8b ce 48 8b d8 ff 15 7b 4c 13 00 4c 8b cb
0x00007ffa32db2028:   48 8d 15 39 6b 0a 00 44 8b c6 b9 04 00 00 00 e8
0x00007ffa32db2038:   b4 5a 08 00 48 8b cb ff 15 e3 95 09 00 8b ce ff
0x00007ffa32db2048:   15 1b 46 13 00 33 c0 48 8b 5c 24 40 48 8b 74 24
0x00007ffa32db2058:   48 48 83 c4 30 5f c3 48 8d 15 22 6b 0a 00 b9 03
0x00007ffa32db2068:   00 00 00 e8 80 5a 08 00 48 8b 5c 24 40 8b c6 48
0x00007ffa32db2078:   8b 74 24 48 48 83 c4 30 5f c3 cc cc cc cc cc cc
0x00007ffa32db2088:   cc cc cc cc cc cc cc cc 40 53 55 41 55 41 56 41
0x00007ffa32db2098:   57 48 81 ec a0 00 00 00 48 8b 05 21 1e 13 00 48
0x00007ffa32db20a8:   33 c4 48 89 44 24 78 8b ea 89 54 24 60 4c 8b e9
0x00007ffa32db20b8:   44 89 44 24 64 45 33 f6 33 d2 b9 e1 0d 00 00 44
0x00007ffa32db20c8:   89 74 24 50 41 8b d9 45 8b f8 ff 15 a8 41 13 00
0x00007ffa32db20d8:   44 38 35 50 78 13 00 75 1d 8d 43 f2 83 f8 03 77
0x00007ffa32db20e8:   15 48 8d 15 78 63 0a 00 41 8d 4e 04 e8 f7 59 08
0x00007ffa32db20f8:   00 e9 0a 04 00 00 44 38 35 2b 78 13 00 75 19 83
0x00007ffa32db2108:   fb 12 75 14 48 8d 15 85 63 0a 00 8d 4b f2 e8 d5
0x00007ffa32db2118:   59 08 00 e9 e8 03 00 00 44 38 35 0a 78 13 00 75
0x00007ffa32db2128:   1e 8d 43 ed 83 f8 01 77 16 48 8d 15 98 63 0a 00
0x00007ffa32db2138:   b9 04 00 00 00 e8 ae 59 08 00 e9 c1 03 00 00 44
0x00007ffa32db2148:   38 35 e4 77 13 00 75 1e 8d 43 eb 83 f8 01 77 16
0x00007ffa32db2158:   48 8d 15 a9 63 0a 00 b9 04 00 00 00 e8 87 59 08
0x00007ffa32db2168:   00 e9 9a 03 00 00 44 38 35 be 77 13 00 75 1e 8d
0x00007ffa32db2178:   43 e9 83 f8 01 77 16 48 8d 15 ba 63 0a 00 b9 04
0x00007ffa32db2188:   00 00 00 e8 60 59 08 00 e9 73 03 00 00 48 89 b4
0x00007ffa32db2198:   24 98 00 00 00 ba 01 00 00 00 48 89 bc 24 90 00
0x00007ffa32db21a8:   00 00 b9 f5 0c 00 00 4c 89 a4 24 88 00 00 00 ff
0x00007ffa32db21b8:   15 db 53 13 00 48 8d 54 24 50 b9 01 00 00 00 ff
0x00007ffa32db21c8:   15 0b 48 13 00 8b 54 24 50 b9 e1 0d 00 00 ff 15 


Stack slot to memory mapping:

stack at sp + 0 slots: 0x0000450b80082e80 is an unknown value
stack at sp + 1 slots: 0x0 is null
stack at sp + 2 slots: 0x000001a67b0e9310 is a thread
stack at sp + 3 slots: 0x00000069ac7ff070 is pointing into the stack for thread: 0x000001a67b0e9310
stack at sp + 4 slots: 0x000001a67b0deb30 points into unknown readable memory: 0x000001a67b0deb02 | 02 eb 0d 7b a6 01 00 00
stack at sp + 5 slots: 0x000001a67b0e9980 points into unknown readable memory: 0x0000000000000000 | 00 00 00 00 00 00 00 00
stack at sp + 6 slots: 0x00007ffa32d00490 jniRaylib.dll
stack at sp + 7 slots: 0x00007ffa0a7c3e60 jvm.dll


---------------  P R O C E S S  ---------------

Threads class SMR info:
_java_thread_list=0x000001a65f2265a0, length=14, elements={
0x000001a67b0e9310, 0x000001a619f16b70, 0x000001a619f188a0, 0x000001a619f1a470,
0x000001a619f1aed0, 0x000001a619f1b930, 0x000001a619f1c390, 0x000001a619f1cd30,
0x000001a619f1d7d0, 0x000001a65f123cd0, 0x000001a65f13d610, 0x000001a65f225810,
0x000001a65f3cf7e0, 0x000001a65f3f8680
}

Java Threads: ( => current thread )
=>0x000001a67b0e9310 JavaThread "main"                              [_thread_in_native, id=18964, stack(0x00000069ac700000,0x00000069ac800000) (1024K)]
  0x000001a619f16b70 JavaThread "Reference Handler"          daemon [_thread_blocked, id=18456, stack(0x00000069acf00000,0x00000069ad000000) (1024K)]
  0x000001a619f188a0 JavaThread "Finalizer"                  daemon [_thread_blocked, id=16956, stack(0x00000069ad000000,0x00000069ad100000) (1024K)]
  0x000001a619f1a470 JavaThread "Signal Dispatcher"          daemon [_thread_blocked, id=20724, stack(0x00000069ad100000,0x00000069ad200000) (1024K)]
  0x000001a619f1aed0 JavaThread "Attach Listener"            daemon [_thread_blocked, id=15892, stack(0x00000069ad200000,0x00000069ad300000) (1024K)]
  0x000001a619f1b930 JavaThread "Service Thread"             daemon [_thread_blocked, id=16688, stack(0x00000069ad300000,0x00000069ad400000) (1024K)]
  0x000001a619f1c390 JavaThread "Monitor Deflation Thread"   daemon [_thread_blocked, id=16752, stack(0x00000069ad400000,0x00000069ad500000) (1024K)]
  0x000001a619f1cd30 JavaThread "C2 CompilerThread0"         daemon [_thread_blocked, id=22096, stack(0x00000069ad500000,0x00000069ad600000) (1024K)]
  0x000001a619f1d7d0 JavaThread "C1 CompilerThread0"         daemon [_thread_blocked, id=18904, stack(0x00000069ad600000,0x00000069ad700000) (1024K)]
  0x000001a65f123cd0 JavaThread "Notification Thread"        daemon [_thread_blocked, id=15412, stack(0x00000069ad700000,0x00000069ad800000) (1024K)]
  0x000001a65f13d610 JavaThread "Common-Cleaner"             daemon [_thread_blocked, id=15756, stack(0x00000069ad800000,0x00000069ad900000) (1024K)]
  0x000001a65f225810 JavaThread "JavaCPP Deallocator"        daemon [_thread_blocked, id=3884, stack(0x00000069ad900000,0x00000069ada00000) (1024K)]
  0x000001a65f3cf7e0 JavaThread "C2 CompilerThread1"         daemon [_thread_blocked, id=8860, stack(0x00000069ada00000,0x00000069adb00000) (1024K)]
  0x000001a65f3f8680 JavaThread "C2 CompilerThread2"         daemon [_thread_blocked, id=16004, stack(0x00000069adb00000,0x00000069adc00000) (1024K)]
Total: 14

Other Threads:
  0x000001a619ef2310 VMThread "VM Thread"                           [id=17244, stack(0x00000069ace00000,0x00000069acf00000) (1024K)]
  0x000001a619ede690 WatcherThread "VM Periodic Task Thread"        [id=2648, stack(0x00000069acd00000,0x00000069ace00000) (1024K)]
  0x000001a67d42e3e0 WorkerThread "GC Thread#0"                     [id=11556, stack(0x00000069ac800000,0x00000069ac900000) (1024K)]
  0x000001a67d43e900 ConcurrentGCThread "G1 Main Marker"            [id=20372, stack(0x00000069ac900000,0x00000069aca00000) (1024K)]
  0x000001a67d43fc10 WorkerThread "G1 Conc#0"                       [id=16632, stack(0x00000069aca00000,0x00000069acb00000) (1024K)]
  0x000001a619dad120 ConcurrentGCThread "G1 Refine#0"               [id=16684, stack(0x00000069acb00000,0x00000069acc00000) (1024K)]
  0x000001a619dadc90 ConcurrentGCThread "G1 Service"                [id=4372, stack(0x00000069acc00000,0x00000069acd00000) (1024K)]
Total: 7

Threads with active compile tasks:
Total: 0

VM state: not at safepoint (normal execution)

VM Mutex/Monitor currently owned by a thread: None

Heap address: 0x0000000085600000, size: 1962 MB, Compressed Oops mode: 32-bit

CDS archive(s) mapped at: [0x000001a61a000000-0x000001a61ac90000-0x000001a61ac90000), size 13172736, SharedBaseAddress: 0x000001a61a000000, ArchiveRelocationMode: 1.
Compressed class space mapped at: 0x000001a61b000000-0x000001a65b000000, reserved size: 1073741824
Narrow klass base: 0x000001a61a000000, Narrow klass shift: 0, Narrow klass range: 0x100000000

GC Precious Log:
 CardTable entry size: 512
 Card Set container configuration: InlinePtr #cards 5 size 8 Array Of Cards #cards 12 size 40 Howl #buckets 4 coarsen threshold 1843 Howl Bitmap #cards 512 size 80 coarsen threshold 460 Card regions per heap region 1 cards per card region 2048
 CPUs: 8 total, 8 available
 Memory: 7840M
 Large Page Support: Disabled
 NUMA Support: Disabled
 Compressed Oops: Enabled (32-bit)
 Heap Region Size: 1M
 Heap Min Capacity: 8M
 Heap Initial Capacity: 124M
 Heap Max Capacity: 1962M
 Pre-touch: Disabled
 Parallel Workers: 8
 Concurrent Workers: 2
 Concurrent Refinement Workers: 8
 Periodic GC: Disabled

Heap:
 garbage-first heap   total 126976K, used 12288K [0x0000000085600000, 0x0000000100000000)
  region size 1024K, 14 young (14336K), 0 survivors (0K)
 Metaspace       used 2225K, committed 2368K, reserved 1114112K
  class space    used 193K, committed 256K, reserved 1048576K

Heap Regions: E=young(eden), S=young(survivor), O=old, HS=humongous(starts), HC=humongous(continues), CS=collection set, F=free, TAMS=top-at-mark-start, PB=parsable bottom
|   0|0x0000000085600000, 0x0000000085600000, 0x0000000085700000|  0%| F|  |TAMS 0x0000000085600000| PB 0x0000000085600000| Untracked 
|   1|0x0000000085700000, 0x0000000085700000, 0x0000000085800000|  0%| F|  |TAMS 0x0000000085700000| PB 0x0000000085700000| Untracked 
|   2|0x0000000085800000, 0x0000000085800000, 0x0000000085900000|  0%| F|  |TAMS 0x0000000085800000| PB 0x0000000085800000| Untracked 
|   3|0x0000000085900000, 0x0000000085900000, 0x0000000085a00000|  0%| F|  |TAMS 0x0000000085900000| PB 0x0000000085900000| Untracked 
|   4|0x0000000085a00000, 0x0000000085a00000, 0x0000000085b00000|  0%| F|  |TAMS 0x0000000085a00000| PB 0x0000000085a00000| Untracked 
|   5|0x0000000085b00000, 0x0000000085b00000, 0x0000000085c00000|  0%| F|  |TAMS 0x0000000085b00000| PB 0x0000000085b00000| Untracked 
|   6|0x0000000085c00000, 0x0000000085c00000, 0x0000000085d00000|  0%| F|  |TAMS 0x0000000085c00000| PB 0x0000000085c00000| Untracked 
|   7|0x0000000085d00000, 0x0000000085d00000, 0x0000000085e00000|  0%| F|  |TAMS 0x0000000085d00000| PB 0x0000000085d00000| Untracked 
|   8|0x0000000085e00000, 0x0000000085e00000, 0x0000000085f00000|  0%| F|  |TAMS 0x0000000085e00000| PB 0x0000000085e00000| Untracked 
|   9|0x0000000085f00000, 0x0000000085f00000, 0x0000000086000000|  0%| F|  |TAMS 0x0000000085f00000| PB 0x0000000085f00000| Untracked 
|  10|0x0000000086000000, 0x0000000086000000, 0x0000000086100000|  0%| F|  |TAMS 0x0000000086000000| PB 0x0000000086000000| Untracked 
|  11|0x0000000086100000, 0x0000000086100000, 0x0000000086200000|  0%| F|  |TAMS 0x0000000086100000| PB 0x0000000086100000| Untracked 
|  12|0x0000000086200000, 0x0000000086200000, 0x0000000086300000|  0%| F|  |TAMS 0x0000000086200000| PB 0x0000000086200000| Untracked 
|  13|0x0000000086300000, 0x0000000086300000, 0x0000000086400000|  0%| F|  |TAMS 0x0000000086300000| PB 0x0000000086300000| Untracked 
|  14|0x0000000086400000, 0x0000000086400000, 0x0000000086500000|  0%| F|  |TAMS 0x0000000086400000| PB 0x0000000086400000| Untracked 
|  15|0x0000000086500000, 0x0000000086500000, 0x0000000086600000|  0%| F|  |TAMS 0x0000000086500000| PB 0x0000000086500000| Untracked 
|  16|0x0000000086600000, 0x0000000086600000, 0x0000000086700000|  0%| F|  |TAMS 0x0000000086600000| PB 0x0000000086600000| Untracked 
|  17|0x0000000086700000, 0x0000000086700000, 0x0000000086800000|  0%| F|  |TAMS 0x0000000086700000| PB 0x0000000086700000| Untracked 
|  18|0x0000000086800000, 0x0000000086800000, 0x0000000086900000|  0%| F|  |TAMS 0x0000000086800000| PB 0x0000000086800000| Untracked 
|  19|0x0000000086900000, 0x0000000086900000, 0x0000000086a00000|  0%| F|  |TAMS 0x0000000086900000| PB 0x0000000086900000| Untracked 
|  20|0x0000000086a00000, 0x0000000086a00000, 0x0000000086b00000|  0%| F|  |TAMS 0x0000000086a00000| PB 0x0000000086a00000| Untracked 
|  21|0x0000000086b00000, 0x0000000086b00000, 0x0000000086c00000|  0%| F|  |TAMS 0x0000000086b00000| PB 0x0000000086b00000| Untracked 
|  22|0x0000000086c00000, 0x0000000086c00000, 0x0000000086d00000|  0%| F|  |TAMS 0x0000000086c00000| PB 0x0000000086c00000| Untracked 
|  23|0x0000000086d00000, 0x0000000086d00000, 0x0000000086e00000|  0%| F|  |TAMS 0x0000000086d00000| PB 0x0000000086d00000| Untracked 
|  24|0x0000000086e00000, 0x0000000086e00000, 0x0000000086f00000|  0%| F|  |TAMS 0x0000000086e00000| PB 0x0000000086e00000| Untracked 
|  25|0x0000000086f00000, 0x0000000086f00000, 0x0000000087000000|  0%| F|  |TAMS 0x0000000086f00000| PB 0x0000000086f00000| Untracked 
|  26|0x0000000087000000, 0x0000000087000000, 0x0000000087100000|  0%| F|  |TAMS 0x0000000087000000| PB 0x0000000087000000| Untracked 
|  27|0x0000000087100000, 0x0000000087100000, 0x0000000087200000|  0%| F|  |TAMS 0x0000000087100000| PB 0x0000000087100000| Untracked 
|  28|0x0000000087200000, 0x0000000087200000, 0x0000000087300000|  0%| F|  |TAMS 0x0000000087200000| PB 0x0000000087200000| Untracked 
|  29|0x0000000087300000, 0x0000000087300000, 0x0000000087400000|  0%| F|  |TAMS 0x0000000087300000| PB 0x0000000087300000| Untracked 
|  30|0x0000000087400000, 0x0000000087400000, 0x0000000087500000|  0%| F|  |TAMS 0x0000000087400000| PB 0x0000000087400000| Untracked 
|  31|0x0000000087500000, 0x0000000087500000, 0x0000000087600000|  0%| F|  |TAMS 0x0000000087500000| PB 0x0000000087500000| Untracked 
|  32|0x0000000087600000, 0x0000000087600000, 0x0000000087700000|  0%| F|  |TAMS 0x0000000087600000| PB 0x0000000087600000| Untracked 
|  33|0x0000000087700000, 0x0000000087700000, 0x0000000087800000|  0%| F|  |TAMS 0x0000000087700000| PB 0x0000000087700000| Untracked 
|  34|0x0000000087800000, 0x0000000087800000, 0x0000000087900000|  0%| F|  |TAMS 0x0000000087800000| PB 0x0000000087800000| Untracked 
|  35|0x0000000087900000, 0x0000000087900000, 0x0000000087a00000|  0%| F|  |TAMS 0x0000000087900000| PB 0x0000000087900000| Untracked 
|  36|0x0000000087a00000, 0x0000000087a00000, 0x0000000087b00000|  0%| F|  |TAMS 0x0000000087a00000| PB 0x0000000087a00000| Untracked 
|  37|0x0000000087b00000, 0x0000000087b00000, 0x0000000087c00000|  0%| F|  |TAMS 0x0000000087b00000| PB 0x0000000087b00000| Untracked 
|  38|0x0000000087c00000, 0x0000000087c00000, 0x0000000087d00000|  0%| F|  |TAMS 0x0000000087c00000| PB 0x0000000087c00000| Untracked 
|  39|0x0000000087d00000, 0x0000000087d00000, 0x0000000087e00000|  0%| F|  |TAMS 0x0000000087d00000| PB 0x0000000087d00000| Untracked 
|  40|0x0000000087e00000, 0x0000000087e00000, 0x0000000087f00000|  0%| F|  |TAMS 0x0000000087e00000| PB 0x0000000087e00000| Untracked 
|  41|0x0000000087f00000, 0x0000000087f00000, 0x0000000088000000|  0%| F|  |TAMS 0x0000000087f00000| PB 0x0000000087f00000| Untracked 
|  42|0x0000000088000000, 0x0000000088000000, 0x0000000088100000|  0%| F|  |TAMS 0x0000000088000000| PB 0x0000000088000000| Untracked 
|  43|0x0000000088100000, 0x0000000088100000, 0x0000000088200000|  0%| F|  |TAMS 0x0000000088100000| PB 0x0000000088100000| Untracked 
|  44|0x0000000088200000, 0x0000000088200000, 0x0000000088300000|  0%| F|  |TAMS 0x0000000088200000| PB 0x0000000088200000| Untracked 
|  45|0x0000000088300000, 0x0000000088300000, 0x0000000088400000|  0%| F|  |TAMS 0x0000000088300000| PB 0x0000000088300000| Untracked 
|  46|0x0000000088400000, 0x0000000088400000, 0x0000000088500000|  0%| F|  |TAMS 0x0000000088400000| PB 0x0000000088400000| Untracked 
|  47|0x0000000088500000, 0x0000000088500000, 0x0000000088600000|  0%| F|  |TAMS 0x0000000088500000| PB 0x0000000088500000| Untracked 
|  48|0x0000000088600000, 0x0000000088600000, 0x0000000088700000|  0%| F|  |TAMS 0x0000000088600000| PB 0x0000000088600000| Untracked 
|  49|0x0000000088700000, 0x0000000088700000, 0x0000000088800000|  0%| F|  |TAMS 0x0000000088700000| PB 0x0000000088700000| Untracked 
|  50|0x0000000088800000, 0x0000000088800000, 0x0000000088900000|  0%| F|  |TAMS 0x0000000088800000| PB 0x0000000088800000| Untracked 
|  51|0x0000000088900000, 0x0000000088900000, 0x0000000088a00000|  0%| F|  |TAMS 0x0000000088900000| PB 0x0000000088900000| Untracked 
|  52|0x0000000088a00000, 0x0000000088a00000, 0x0000000088b00000|  0%| F|  |TAMS 0x0000000088a00000| PB 0x0000000088a00000| Untracked 
|  53|0x0000000088b00000, 0x0000000088b00000, 0x0000000088c00000|  0%| F|  |TAMS 0x0000000088b00000| PB 0x0000000088b00000| Untracked 
|  54|0x0000000088c00000, 0x0000000088c00000, 0x0000000088d00000|  0%| F|  |TAMS 0x0000000088c00000| PB 0x0000000088c00000| Untracked 
|  55|0x0000000088d00000, 0x0000000088d00000, 0x0000000088e00000|  0%| F|  |TAMS 0x0000000088d00000| PB 0x0000000088d00000| Untracked 
|  56|0x0000000088e00000, 0x0000000088e00000, 0x0000000088f00000|  0%| F|  |TAMS 0x0000000088e00000| PB 0x0000000088e00000| Untracked 
|  57|0x0000000088f00000, 0x0000000088f00000, 0x0000000089000000|  0%| F|  |TAMS 0x0000000088f00000| PB 0x0000000088f00000| Untracked 
|  58|0x0000000089000000, 0x0000000089000000, 0x0000000089100000|  0%| F|  |TAMS 0x0000000089000000| PB 0x0000000089000000| Untracked 
|  59|0x0000000089100000, 0x0000000089100000, 0x0000000089200000|  0%| F|  |TAMS 0x0000000089100000| PB 0x0000000089100000| Untracked 
|  60|0x0000000089200000, 0x0000000089200000, 0x0000000089300000|  0%| F|  |TAMS 0x0000000089200000| PB 0x0000000089200000| Untracked 
|  61|0x0000000089300000, 0x0000000089300000, 0x0000000089400000|  0%| F|  |TAMS 0x0000000089300000| PB 0x0000000089300000| Untracked 
|  62|0x0000000089400000, 0x0000000089400000, 0x0000000089500000|  0%| F|  |TAMS 0x0000000089400000| PB 0x0000000089400000| Untracked 
|  63|0x0000000089500000, 0x0000000089500000, 0x0000000089600000|  0%| F|  |TAMS 0x0000000089500000| PB 0x0000000089500000| Untracked 
|  64|0x0000000089600000, 0x0000000089600000, 0x0000000089700000|  0%| F|  |TAMS 0x0000000089600000| PB 0x0000000089600000| Untracked 
|  65|0x0000000089700000, 0x0000000089700000, 0x0000000089800000|  0%| F|  |TAMS 0x0000000089700000| PB 0x0000000089700000| Untracked 
|  66|0x0000000089800000, 0x0000000089800000, 0x0000000089900000|  0%| F|  |TAMS 0x0000000089800000| PB 0x0000000089800000| Untracked 
|  67|0x0000000089900000, 0x0000000089900000, 0x0000000089a00000|  0%| F|  |TAMS 0x0000000089900000| PB 0x0000000089900000| Untracked 
|  68|0x0000000089a00000, 0x0000000089a00000, 0x0000000089b00000|  0%| F|  |TAMS 0x0000000089a00000| PB 0x0000000089a00000| Untracked 
|  69|0x0000000089b00000, 0x0000000089b00000, 0x0000000089c00000|  0%| F|  |TAMS 0x0000000089b00000| PB 0x0000000089b00000| Untracked 
|  70|0x0000000089c00000, 0x0000000089c00000, 0x0000000089d00000|  0%| F|  |TAMS 0x0000000089c00000| PB 0x0000000089c00000| Untracked 
|  71|0x0000000089d00000, 0x0000000089d00000, 0x0000000089e00000|  0%| F|  |TAMS 0x0000000089d00000| PB 0x0000000089d00000| Untracked 
|  72|0x0000000089e00000, 0x0000000089e00000, 0x0000000089f00000|  0%| F|  |TAMS 0x0000000089e00000| PB 0x0000000089e00000| Untracked 
|  73|0x0000000089f00000, 0x0000000089f00000, 0x000000008a000000|  0%| F|  |TAMS 0x0000000089f00000| PB 0x0000000089f00000| Untracked 
|  74|0x000000008a000000, 0x000000008a000000, 0x000000008a100000|  0%| F|  |TAMS 0x000000008a000000| PB 0x000000008a000000| Untracked 
|  75|0x000000008a100000, 0x000000008a100000, 0x000000008a200000|  0%| F|  |TAMS 0x000000008a100000| PB 0x000000008a100000| Untracked 
|  76|0x000000008a200000, 0x000000008a200000, 0x000000008a300000|  0%| F|  |TAMS 0x000000008a200000| PB 0x000000008a200000| Untracked 
|  77|0x000000008a300000, 0x000000008a300000, 0x000000008a400000|  0%| F|  |TAMS 0x000000008a300000| PB 0x000000008a300000| Untracked 
|  78|0x000000008a400000, 0x000000008a400000, 0x000000008a500000|  0%| F|  |TAMS 0x000000008a400000| PB 0x000000008a400000| Untracked 
|  79|0x000000008a500000, 0x000000008a500000, 0x000000008a600000|  0%| F|  |TAMS 0x000000008a500000| PB 0x000000008a500000| Untracked 
|  80|0x000000008a600000, 0x000000008a600000, 0x000000008a700000|  0%| F|  |TAMS 0x000000008a600000| PB 0x000000008a600000| Untracked 
|  81|0x000000008a700000, 0x000000008a700000, 0x000000008a800000|  0%| F|  |TAMS 0x000000008a700000| PB 0x000000008a700000| Untracked 
|  82|0x000000008a800000, 0x000000008a800000, 0x000000008a900000|  0%| F|  |TAMS 0x000000008a800000| PB 0x000000008a800000| Untracked 
|  83|0x000000008a900000, 0x000000008a900000, 0x000000008aa00000|  0%| F|  |TAMS 0x000000008a900000| PB 0x000000008a900000| Untracked 
|  84|0x000000008aa00000, 0x000000008aa00000, 0x000000008ab00000|  0%| F|  |TAMS 0x000000008aa00000| PB 0x000000008aa00000| Untracked 
|  85|0x000000008ab00000, 0x000000008ab00000, 0x000000008ac00000|  0%| F|  |TAMS 0x000000008ab00000| PB 0x000000008ab00000| Untracked 
|  86|0x000000008ac00000, 0x000000008ac00000, 0x000000008ad00000|  0%| F|  |TAMS 0x000000008ac00000| PB 0x000000008ac00000| Untracked 
|  87|0x000000008ad00000, 0x000000008ad00000, 0x000000008ae00000|  0%| F|  |TAMS 0x000000008ad00000| PB 0x000000008ad00000| Untracked 
|  88|0x000000008ae00000, 0x000000008ae00000, 0x000000008af00000|  0%| F|  |TAMS 0x000000008ae00000| PB 0x000000008ae00000| Untracked 
|  89|0x000000008af00000, 0x000000008af00000, 0x000000008b000000|  0%| F|  |TAMS 0x000000008af00000| PB 0x000000008af00000| Untracked 
|  90|0x000000008b000000, 0x000000008b000000, 0x000000008b100000|  0%| F|  |TAMS 0x000000008b000000| PB 0x000000008b000000| Untracked 
|  91|0x000000008b100000, 0x000000008b100000, 0x000000008b200000|  0%| F|  |TAMS 0x000000008b100000| PB 0x000000008b100000| Untracked 
|  92|0x000000008b200000, 0x000000008b200000, 0x000000008b300000|  0%| F|  |TAMS 0x000000008b200000| PB 0x000000008b200000| Untracked 
|  93|0x000000008b300000, 0x000000008b300000, 0x000000008b400000|  0%| F|  |TAMS 0x000000008b300000| PB 0x000000008b300000| Untracked 
|  94|0x000000008b400000, 0x000000008b400000, 0x000000008b500000|  0%| F|  |TAMS 0x000000008b400000| PB 0x000000008b400000| Untracked 
|  95|0x000000008b500000, 0x000000008b500000, 0x000000008b600000|  0%| F|  |TAMS 0x000000008b500000| PB 0x000000008b500000| Untracked 
|  96|0x000000008b600000, 0x000000008b600000, 0x000000008b700000|  0%| F|  |TAMS 0x000000008b600000| PB 0x000000008b600000| Untracked 
|  97|0x000000008b700000, 0x000000008b700000, 0x000000008b800000|  0%| F|  |TAMS 0x000000008b700000| PB 0x000000008b700000| Untracked 
|  98|0x000000008b800000, 0x000000008b800000, 0x000000008b900000|  0%| F|  |TAMS 0x000000008b800000| PB 0x000000008b800000| Untracked 
|  99|0x000000008b900000, 0x000000008b900000, 0x000000008ba00000|  0%| F|  |TAMS 0x000000008b900000| PB 0x000000008b900000| Untracked 
| 100|0x000000008ba00000, 0x000000008ba00000, 0x000000008bb00000|  0%| F|  |TAMS 0x000000008ba00000| PB 0x000000008ba00000| Untracked 
| 101|0x000000008bb00000, 0x000000008bb00000, 0x000000008bc00000|  0%| F|  |TAMS 0x000000008bb00000| PB 0x000000008bb00000| Untracked 
| 102|0x000000008bc00000, 0x000000008bc00000, 0x000000008bd00000|  0%| F|  |TAMS 0x000000008bc00000| PB 0x000000008bc00000| Untracked 
| 103|0x000000008bd00000, 0x000000008bd00000, 0x000000008be00000|  0%| F|  |TAMS 0x000000008bd00000| PB 0x000000008bd00000| Untracked 
| 104|0x000000008be00000, 0x000000008be00000, 0x000000008bf00000|  0%| F|  |TAMS 0x000000008be00000| PB 0x000000008be00000| Untracked 
| 105|0x000000008bf00000, 0x000000008bf00000, 0x000000008c000000|  0%| F|  |TAMS 0x000000008bf00000| PB 0x000000008bf00000| Untracked 
| 106|0x000000008c000000, 0x000000008c000000, 0x000000008c100000|  0%| F|  |TAMS 0x000000008c000000| PB 0x000000008c000000| Untracked 
| 107|0x000000008c100000, 0x000000008c100000, 0x000000008c200000|  0%| F|  |TAMS 0x000000008c100000| PB 0x000000008c100000| Untracked 
| 108|0x000000008c200000, 0x000000008c200000, 0x000000008c300000|  0%| F|  |TAMS 0x000000008c200000| PB 0x000000008c200000| Untracked 
| 109|0x000000008c300000, 0x000000008c300000, 0x000000008c400000|  0%| F|  |TAMS 0x000000008c300000| PB 0x000000008c300000| Untracked 
| 110|0x000000008c400000, 0x000000008c476450, 0x000000008c500000| 46%| E|  |TAMS 0x000000008c400000| PB 0x000000008c400000| Complete 
| 111|0x000000008c500000, 0x000000008c600000, 0x000000008c600000|100%| E|CS|TAMS 0x000000008c500000| PB 0x000000008c500000| Complete 
| 112|0x000000008c600000, 0x000000008c700000, 0x000000008c700000|100%| E|CS|TAMS 0x000000008c600000| PB 0x000000008c600000| Complete 
| 113|0x000000008c700000, 0x000000008c800000, 0x000000008c800000|100%| E|CS|TAMS 0x000000008c700000| PB 0x000000008c700000| Complete 
| 114|0x000000008c800000, 0x000000008c900000, 0x000000008c900000|100%| E|CS|TAMS 0x000000008c800000| PB 0x000000008c800000| Complete 
| 115|0x000000008c900000, 0x000000008ca00000, 0x000000008ca00000|100%| E|CS|TAMS 0x000000008c900000| PB 0x000000008c900000| Complete 
| 116|0x000000008ca00000, 0x000000008cb00000, 0x000000008cb00000|100%| E|CS|TAMS 0x000000008ca00000| PB 0x000000008ca00000| Complete 
| 117|0x000000008cb00000, 0x000000008cc00000, 0x000000008cc00000|100%| E|CS|TAMS 0x000000008cb00000| PB 0x000000008cb00000| Complete 
| 118|0x000000008cc00000, 0x000000008cd00000, 0x000000008cd00000|100%| E|CS|TAMS 0x000000008cc00000| PB 0x000000008cc00000| Complete 
| 119|0x000000008cd00000, 0x000000008ce00000, 0x000000008ce00000|100%| E|CS|TAMS 0x000000008cd00000| PB 0x000000008cd00000| Complete 
| 120|0x000000008ce00000, 0x000000008cf00000, 0x000000008cf00000|100%| E|CS|TAMS 0x000000008ce00000| PB 0x000000008ce00000| Complete 
| 121|0x000000008cf00000, 0x000000008d000000, 0x000000008d000000|100%| E|  |TAMS 0x000000008cf00000| PB 0x000000008cf00000| Complete 
| 122|0x000000008d000000, 0x000000008d100000, 0x000000008d100000|100%| E|CS|TAMS 0x000000008d000000| PB 0x000000008d000000| Complete 
| 123|0x000000008d100000, 0x000000008d200000, 0x000000008d200000|100%| E|CS|TAMS 0x000000008d100000| PB 0x000000008d100000| Complete 

Card table byte_map: [0x000001a67dbc0000,0x000001a67dfa0000] _byte_map_base: 0x000001a67d795000

Marking Bits: (CMBitMap*) 0x000001a67d42eae0
 Bits: [0x000001a67dfa0000, 0x000001a67fe48000)

Polling page: 0x000001a67b3b0000

Metaspace:

Usage:
  Non-class:      1.98 MB used.
      Class:    193.66 KB used.
       Both:      2.17 MB used.

Virtual space:
  Non-class space:       64.00 MB reserved,       2.06 MB (  3%) committed,  1 nodes.
      Class space:        1.00 GB reserved,     256.00 KB ( <1%) committed,  1 nodes.
             Both:        1.06 GB reserved,       2.31 MB ( <1%) committed. 

Chunk freelists:
   Non-Class:  11.17 MB
       Class:  15.66 MB
        Both:  26.83 MB

MaxMetaspaceSize: unlimited
CompressedClassSpaceSize: 1.00 GB
Initial GC threshold: 21.00 MB
Current GC threshold: 21.00 MB
CDS: on
 - commit_granule_bytes: 65536.
 - commit_granule_words: 8192.
 - virtual_space_node_default_size: 8388608.
 - enlarge_chunks_in_place: 1.
 - use_allocation_guard: 0.


Internal statistics:

num_allocs_failed_limit: 0.
num_arena_births: 28.
num_arena_deaths: 0.
num_vsnodes_births: 2.
num_vsnodes_deaths: 0.
num_space_committed: 37.
num_space_uncommitted: 0.
num_chunks_returned_to_freelist: 0.
num_chunks_taken_from_freelist: 72.
num_chunk_merges: 0.
num_chunk_splits: 46.
num_chunks_enlarged: 34.
num_inconsistent_stats: 0.

CodeHeap 'non-profiled nmethods': size=120000Kb used=338Kb max_used=338Kb free=119661Kb
 bounds [0x000001a6100e0000, 0x000001a610350000, 0x000001a617610000]
CodeHeap 'profiled nmethods': size=120000Kb used=957Kb max_used=957Kb free=119043Kb
 bounds [0x000001a608610000, 0x000001a608880000, 0x000001a60fb40000]
CodeHeap 'non-nmethods': size=5760Kb used=1390Kb max_used=1427Kb free=4369Kb
 bounds [0x000001a60fb40000, 0x000001a60fdb0000, 0x000001a6100e0000]
 total_blobs=1158 nmethods=667 adapters=396
 compilation: enabled
              stopped_count=0, restarted_count=0
 full_count=0

Compilation events (20 events):
Event: 1.406 Thread 0x000001a619f1d7d0  662       1       java.net.URL::getPort (5 bytes)
Event: 1.406 Thread 0x000001a619f1d7d0 nmethod 662 0x000001a610127b10 code [0x000001a610127ca0, 0x000001a610127d68]
Event: 1.406 Thread 0x000001a619f1d7d0  658       3       java.lang.StringConcatHelper::simpleConcat (94 bytes)
Event: 1.407 Thread 0x000001a619f1d7d0 nmethod 658 0x000001a6086fbc10 code [0x000001a6086fbf40, 0x000001a6086fd208]
Event: 1.407 Thread 0x000001a619f1d7d0  663       3       jdk.internal.loader.NativeLibraries$NativeLibraryImpl::find (9 bytes)
Event: 1.407 Thread 0x000001a619f1d7d0 nmethod 663 0x000001a6086fd890 code [0x000001a6086fda40, 0x000001a6086fdb80]
Event: 1.409 Thread 0x000001a65f3f8680 nmethod 603 0x000001a610128210 code [0x000001a6101283c0, 0x000001a610128610]
Event: 1.409 Thread 0x000001a65f3f8680  591       4       java.util.zip.ZipCoder::hash (36 bytes)
Event: 1.410 Thread 0x000001a619f1cd30 nmethod 587 0x000001a610128910 code [0x000001a610128ca0, 0x000001a61012b060]
Event: 1.410 Thread 0x000001a619f1d7d0  665       3       java.lang.String::codePointAt (50 bytes)
Event: 1.411 Thread 0x000001a619f1cd30  576       4       java.util.Collections$EmptyList::iterator (4 bytes)
Event: 1.411 Thread 0x000001a619f1cd30 nmethod 576 0x000001a61012c510 code [0x000001a61012c680, 0x000001a61012c710]
Event: 1.411 Thread 0x000001a619f1cd30  643       4       java.util.ArrayDeque::elementAt (4 bytes)
Event: 1.411 Thread 0x000001a619f1d7d0 nmethod 665 0x000001a6086fdc10 code [0x000001a6086fde00, 0x000001a6086fe260]
Event: 1.411 Thread 0x000001a619f1d7d0  666       3       java.util.Arrays::asList (9 bytes)
Event: 1.411 Thread 0x000001a619f1d7d0 nmethod 666 0x000001a6086fe490 code [0x000001a6086fe660, 0x000001a6086feae8]
Event: 1.411 Thread 0x000001a619f1d7d0  667       3       java.util.Arrays$ArrayList::<init> (16 bytes)
Event: 1.412 Thread 0x000001a619f1cd30 nmethod 643 0x000001a61012c810 code [0x000001a61012c980, 0x000001a61012ca28]
Event: 1.412 Thread 0x000001a619f1d7d0 nmethod 667 0x000001a6086fec90 code [0x000001a6086fee60, 0x000001a6086ff248]
Event: 1.413 Thread 0x000001a65f3f8680 nmethod 591 0x000001a61012cb10 code [0x000001a61012cce0, 0x000001a61012d138]

GC Heap History (0 events):
No events

Dll operation events (20 events):
Event: 1.256 Loaded shared library D:\Registries\microsoft-jdk-21.0.4-windows-x64\jdk-21.0.4+7\bin\api-ms-win-core-datetime-l1-1-0.dll
Event: 1.260 Loaded shared library D:\Registries\microsoft-jdk-21.0.4-windows-x64\jdk-21.0.4+7\bin\api-ms-win-core-localization-l1-2-0.dll
Event: 1.264 Loaded shared library D:\Registries\microsoft-jdk-21.0.4-windows-x64\jdk-21.0.4+7\bin\api-ms-win-core-sysinfo-l1-1-0.dll
Event: 1.268 Loaded shared library D:\Registries\microsoft-jdk-21.0.4-windows-x64\jdk-21.0.4+7\bin\api-ms-win-core-synch-l1-2-0.dll
Event: 1.273 Loaded shared library D:\Registries\microsoft-jdk-21.0.4-windows-x64\jdk-21.0.4+7\bin\api-ms-win-core-console-l1-1-0.dll
Event: 1.311 Loaded shared library D:\Registries\microsoft-jdk-21.0.4-windows-x64\jdk-21.0.4+7\bin\api-ms-win-core-debug-l1-1-0.dll
Event: 1.316 Loaded shared library D:\Registries\microsoft-jdk-21.0.4-windows-x64\jdk-21.0.4+7\bin\api-ms-win-core-rtlsupport-l1-1-0.dll
Event: 1.320 Loaded shared library D:\Registries\microsoft-jdk-21.0.4-windows-x64\jdk-21.0.4+7\bin\api-ms-win-core-processthreads-l1-1-1.dll
Event: 1.325 Loaded shared library D:\Registries\microsoft-jdk-21.0.4-windows-x64\jdk-21.0.4+7\bin\api-ms-win-core-file-l1-2-0.dll
Event: 1.329 Loaded shared library D:\Registries\microsoft-jdk-21.0.4-windows-x64\jdk-21.0.4+7\bin\api-ms-win-core-profile-l1-1-0.dll
Event: 1.334 Loaded shared library D:\Registries\microsoft-jdk-21.0.4-windows-x64\jdk-21.0.4+7\bin\api-ms-win-core-memory-l1-1-0.dll
Event: 1.342 Loaded shared library D:\Registries\microsoft-jdk-21.0.4-windows-x64\jdk-21.0.4+7\bin\api-ms-win-core-util-l1-1-0.dll
Event: 1.350 Loaded shared library D:\Registries\microsoft-jdk-21.0.4-windows-x64\jdk-21.0.4+7\bin\api-ms-win-core-interlocked-l1-1-0.dll
Event: 1.357 Loaded shared library D:\Registries\microsoft-jdk-21.0.4-windows-x64\jdk-21.0.4+7\bin\ucrtbase.dll
Event: 1.360 Loaded shared library D:\Registries\microsoft-jdk-21.0.4-windows-x64\jdk-21.0.4+7\bin\vcruntime140.dll
Event: 1.362 Loaded shared library D:\Registries\microsoft-jdk-21.0.4-windows-x64\jdk-21.0.4+7\bin\vcruntime140_1.dll
Event: 1.364 Loaded shared library D:\Registries\microsoft-jdk-21.0.4-windows-x64\jdk-21.0.4+7\bin\msvcp140.dll
Event: 1.366 Loaded shared library C:\Windows\System32\msvcp140_1.dll
Event: 1.369 Loaded shared library C:\Windows\System32\concrt140.dll
Event: 1.372 Loaded shared library C:\Windows\System32\vcomp140.dll

Deoptimization events (20 events):
Event: 1.351 Thread 0x000001a67b0e9310 Uncommon trap: trap_request=0xffffff45 fr.pc=0x000001a610106af8 relative=0x0000000000000c38
Event: 1.351 Thread 0x000001a67b0e9310 Uncommon trap: reason=unstable_if action=reinterpret pc=0x000001a610106af8 method=jdk.internal.jimage.ImageStringsReader.stringFromByteBufferMatches(Ljava/nio/ByteBuffer;ILjava/lang/String;I)I @ 48 c2
Event: 1.351 Thread 0x000001a67b0e9310 DEOPT PACKING pc=0x000001a610106af8 sp=0x00000069ac7fc8a0
Event: 1.351 Thread 0x000001a67b0e9310 DEOPT UNPACKING pc=0x000001a60fb946a2 sp=0x00000069ac7fc5d8 mode 2
Event: 1.361 Thread 0x000001a67b0e9310 Uncommon trap: trap_request=0xffffffbe fr.pc=0x000001a61011de9c relative=0x00000000000003dc
Event: 1.361 Thread 0x000001a67b0e9310 Uncommon trap: reason=profile_predicate action=maybe_recompile pc=0x000001a61011de9c method=java.lang.StringLatin1.indexOf([BI[BII)I @ 18 c2
Event: 1.361 Thread 0x000001a67b0e9310 DEOPT PACKING pc=0x000001a61011de9c sp=0x00000069ac7fcc80
Event: 1.361 Thread 0x000001a67b0e9310 DEOPT UNPACKING pc=0x000001a60fb946a2 sp=0x00000069ac7fcbe0 mode 2
Event: 1.362 Thread 0x000001a67b0e9310 Uncommon trap: trap_request=0xffffffbe fr.pc=0x000001a61011de9c relative=0x00000000000003dc
Event: 1.362 Thread 0x000001a67b0e9310 Uncommon trap: reason=profile_predicate action=maybe_recompile pc=0x000001a61011de9c method=java.lang.StringLatin1.indexOf([BI[BII)I @ 18 c2
Event: 1.362 Thread 0x000001a67b0e9310 DEOPT PACKING pc=0x000001a61011de9c sp=0x00000069ac7fcc50
Event: 1.362 Thread 0x000001a67b0e9310 DEOPT UNPACKING pc=0x000001a60fb946a2 sp=0x00000069ac7fcbb0 mode 2
Event: 1.363 Thread 0x000001a67b0e9310 Uncommon trap: trap_request=0xffffffbe fr.pc=0x000001a61011de9c relative=0x00000000000003dc
Event: 1.363 Thread 0x000001a67b0e9310 Uncommon trap: reason=profile_predicate action=maybe_recompile pc=0x000001a61011de9c method=java.lang.StringLatin1.indexOf([BI[BII)I @ 18 c2
Event: 1.363 Thread 0x000001a67b0e9310 DEOPT PACKING pc=0x000001a61011de9c sp=0x00000069ac7fcc80
Event: 1.363 Thread 0x000001a67b0e9310 DEOPT UNPACKING pc=0x000001a60fb946a2 sp=0x00000069ac7fcbe0 mode 2
Event: 1.364 Thread 0x000001a67b0e9310 Uncommon trap: trap_request=0xffffffbe fr.pc=0x000001a61011de9c relative=0x00000000000003dc
Event: 1.364 Thread 0x000001a67b0e9310 Uncommon trap: reason=profile_predicate action=maybe_recompile pc=0x000001a61011de9c method=java.lang.StringLatin1.indexOf([BI[BII)I @ 18 c2
Event: 1.364 Thread 0x000001a67b0e9310 DEOPT PACKING pc=0x000001a61011de9c sp=0x00000069ac7fcc50
Event: 1.364 Thread 0x000001a67b0e9310 DEOPT UNPACKING pc=0x000001a60fb946a2 sp=0x00000069ac7fcbb0 mode 2

Classes loaded (20 events):
Event: 1.160 Loading class java/time/zone/ZoneOffsetTransitionRule$TimeDefinition
Event: 1.160 Loading class java/time/zone/ZoneOffsetTransitionRule$TimeDefinition done
Event: 1.160 Loading class java/time/zone/ZoneOffsetTransition
Event: 1.160 Loading class java/time/zone/ZoneOffsetTransition done
Event: 1.160 Loading class java/time/temporal/TemporalAdjusters
Event: 1.161 Loading class java/time/temporal/TemporalAdjusters done
Event: 1.166 Loading class java/lang/NumberFormatException
Event: 1.166 Loading class java/lang/NumberFormatException done
Event: 1.168 Loading class java/lang/ProcessEnvironment
Event: 1.168 Loading class java/lang/ProcessEnvironment done
Event: 1.168 Loading class java/lang/ProcessEnvironment$NameComparator
Event: 1.168 Loading class java/lang/ProcessEnvironment$NameComparator done
Event: 1.168 Loading class java/lang/ProcessEnvironment$EntryComparator
Event: 1.168 Loading class java/lang/ProcessEnvironment$EntryComparator done
Event: 1.168 Loading class java/lang/ProcessEnvironment$CheckedEntrySet
Event: 1.168 Loading class java/lang/ProcessEnvironment$CheckedEntrySet done
Event: 1.168 Loading class java/lang/ProcessEnvironment$CheckedEntrySet$1
Event: 1.168 Loading class java/lang/ProcessEnvironment$CheckedEntrySet$1 done
Event: 1.168 Loading class java/lang/ProcessEnvironment$CheckedEntry
Event: 1.168 Loading class java/lang/ProcessEnvironment$CheckedEntry done

Classes unloaded (0 events):
No events

Classes redefined (0 events):
No events

Internal exceptions (7 events):
Event: 1.115 Thread 0x000001a67b0e9310 Exception <a 'java/lang/NoSuchMethodError'{0x000000008ce3b170}: 'int java.lang.invoke.DirectMethodHandle$Holder.invokeStaticInit(java.lang.Object, java.lang.Object, java.lang.Object, java.lang.Object)'> (0x000000008ce3b170) 
thrown [s\src\hotspot\share\interpreter\linkResolver.cpp, line 773]
Event: 1.116 Thread 0x000001a67b0e9310 Exception <a 'java/lang/NoSuchMethodError'{0x000000008ce43d58}: 'java.lang.Object java.lang.invoke.DirectMethodHandle$Holder.invokeInterface(java.lang.Object, java.lang.Object)'> (0x000000008ce43d58) 
thrown [s\src\hotspot\share\interpreter\linkResolver.cpp, line 773]
Event: 1.116 Thread 0x000001a67b0e9310 Exception <a 'java/lang/IncompatibleClassChangeError'{0x000000008ce47060}: Found class java.lang.Object, but interface was expected> (0x000000008ce47060) 
thrown [s\src\hotspot\share\interpreter\linkResolver.cpp, line 840]
Event: 1.116 Thread 0x000001a67b0e9310 Exception <a 'java/lang/NoSuchMethodError'{0x000000008ce49d30}: 'void java.lang.invoke.DirectMethodHandle$Holder.invokeStatic(java.lang.Object, java.lang.Object)'> (0x000000008ce49d30) 
thrown [s\src\hotspot\share\interpreter\linkResolver.cpp, line 773]
Event: 1.117 Thread 0x000001a67b0e9310 Exception <a 'java/lang/NoSuchMethodError'{0x000000008ce4d130}: 'void java.lang.invoke.DirectMethodHandle$Holder.invokeStaticInit(java.lang.Object, java.lang.Object)'> (0x000000008ce4d130) 
thrown [s\src\hotspot\share\interpreter\linkResolver.cpp, line 773]
Event: 1.117 Thread 0x000001a67b0e9310 Exception <a 'java/lang/NoSuchMethodError'{0x000000008ce52d40}: 'int java.lang.invoke.DirectMethodHandle$Holder.invokeStaticInit(java.lang.Object, java.lang.Object)'> (0x000000008ce52d40) 
thrown [s\src\hotspot\share\interpreter\linkResolver.cpp, line 773]
Event: 1.161 Thread 0x000001a67b0e9310 Exception <a 'java/lang/NoSuchMethodError'{0x000000008cc37e08}: 'java.lang.Object java.lang.invoke.DirectMethodHandle$Holder.invokeStatic(java.lang.Object, int, java.lang.Object)'> (0x000000008cc37e08) 
thrown [s\src\hotspot\share\interpreter\linkResolver.cpp, line 773]

ZGC Phase Switch (0 events):
No events

VM Operations (6 events):
Event: 1.081 Executing VM operation: HandshakeAllThreads (Deoptimize)
Event: 1.081 Executing VM operation: HandshakeAllThreads (Deoptimize) done
Event: 1.081 Executing VM operation: Cleanup
Event: 1.081 Executing VM operation: Cleanup done
Event: 1.168 Executing VM operation: HandshakeAllThreads (Deoptimize)
Event: 1.168 Executing VM operation: HandshakeAllThreads (Deoptimize) done

Memory protections (0 events):
No events

Nmethod flushes (0 events):
No events

Events (14 events):
Event: 0.019 Thread 0x000001a67b0e9310 Thread added: 0x000001a67b0e9310
Event: 0.032 Thread 0x000001a67b0e9310 Thread added: 0x000001a619f16b70
Event: 0.032 Thread 0x000001a67b0e9310 Thread added: 0x000001a619f188a0
Event: 0.032 Thread 0x000001a67b0e9310 Thread added: 0x000001a619f1a470
Event: 0.032 Thread 0x000001a67b0e9310 Thread added: 0x000001a619f1aed0
Event: 0.032 Thread 0x000001a67b0e9310 Thread added: 0x000001a619f1b930
Event: 0.032 Thread 0x000001a67b0e9310 Thread added: 0x000001a619f1c390
Event: 0.032 Thread 0x000001a67b0e9310 Thread added: 0x000001a619f1cd30
Event: 0.032 Thread 0x000001a67b0e9310 Thread added: 0x000001a619f1d7d0
Event: 0.043 Thread 0x000001a67b0e9310 Thread added: 0x000001a65f123cd0
Event: 0.045 Thread 0x000001a67b0e9310 Thread added: 0x000001a65f13d610
Event: 1.167 Thread 0x000001a67b0e9310 Thread added: 0x000001a65f225810
Event: 1.238 Thread 0x000001a619f1cd30 Thread added: 0x000001a65f3cf7e0
Event: 1.257 Thread 0x000001a65f3cf7e0 Thread added: 0x000001a65f3f8680


Dynamic libraries:
0x00007ff665e50000 - 0x00007ff665e5e000 	D:\Registries\microsoft-jdk-21.0.4-windows-x64\jdk-21.0.4+7\bin\java.exe
0x00007ffa88870000 - 0x00007ffa88a68000 	C:\WINDOWS\SYSTEM32\ntdll.dll
0x00007ffa88410000 - 0x00007ffa884d2000 	C:\WINDOWS\System32\KERNEL32.DLL
0x00007ffa86120000 - 0x00007ffa8641e000 	C:\WINDOWS\System32\KERNELBASE.dll
0x00007ffa85f90000 - 0x00007ffa86090000 	C:\WINDOWS\System32\ucrtbase.dll
0x00007ffa752c0000 - 0x00007ffa752d8000 	D:\Registries\microsoft-jdk-21.0.4-windows-x64\jdk-21.0.4+7\bin\jli.dll
0x00007ffa885c0000 - 0x00007ffa8875d000 	C:\WINDOWS\System32\USER32.dll
0x00007ffa86420000 - 0x00007ffa86442000 	C:\WINDOWS\System32\win32u.dll
0x00007ffa75220000 - 0x00007ffa7523d000 	D:\Registries\microsoft-jdk-21.0.4-windows-x64\jdk-21.0.4+7\bin\VCRUNTIME140.dll
0x00007ffa65440000 - 0x00007ffa656da000 	C:\WINDOWS\WinSxS\amd64_microsoft.windows.common-controls_6595b64144ccf1df_6.0.19041.4355_none_60b8b9eb71f62e16\COMCTL32.dll
0x00007ffa870b0000 - 0x00007ffa870db000 	C:\WINDOWS\System32\GDI32.dll
0x00007ffa865a0000 - 0x00007ffa866b7000 	C:\WINDOWS\System32\gdi32full.dll
0x00007ffa86450000 - 0x00007ffa864ed000 	C:\WINDOWS\System32\msvcp_win.dll
0x00007ffa87560000 - 0x00007ffa875fe000 	C:\WINDOWS\System32\msvcrt.dll
0x00007ffa87160000 - 0x00007ffa8718f000 	C:\WINDOWS\System32\IMM32.DLL
0x00007ffa806b0000 - 0x00007ffa806bc000 	D:\Registries\microsoft-jdk-21.0.4-windows-x64\jdk-21.0.4+7\bin\vcruntime140_1.dll
0x00007ffa4a0f0000 - 0x00007ffa4a17d000 	D:\Registries\microsoft-jdk-21.0.4-windows-x64\jdk-21.0.4+7\bin\msvcp140.dll
0x00007ffa0a120000 - 0x00007ffa0aeb0000 	D:\Registries\microsoft-jdk-21.0.4-windows-x64\jdk-21.0.4+7\bin\server\jvm.dll
0x00007ffa87350000 - 0x00007ffa87401000 	C:\WINDOWS\System32\ADVAPI32.dll
0x00007ffa87190000 - 0x00007ffa8722f000 	C:\WINDOWS\System32\sechost.dll
0x00007ffa87410000 - 0x00007ffa87533000 	C:\WINDOWS\System32\RPCRT4.dll
0x00007ffa85f60000 - 0x00007ffa85f87000 	C:\WINDOWS\System32\bcrypt.dll
0x00007ffa887c0000 - 0x00007ffa8882b000 	C:\WINDOWS\System32\WS2_32.dll
0x00007ffa85cc0000 - 0x00007ffa85d0b000 	C:\WINDOWS\SYSTEM32\POWRPROF.dll
0x00007ffa72ce0000 - 0x00007ffa72cea000 	C:\WINDOWS\SYSTEM32\VERSION.dll
0x00007ffa7c420000 - 0x00007ffa7c447000 	C:\WINDOWS\SYSTEM32\WINMM.dll
0x00007ffa85ca0000 - 0x00007ffa85cb2000 	C:\WINDOWS\SYSTEM32\UMPDC.dll
0x00007ffa83a80000 - 0x00007ffa83a92000 	C:\WINDOWS\SYSTEM32\kernel.appcore.dll
0x00007ffa80680000 - 0x00007ffa8068a000 	D:\Registries\microsoft-jdk-21.0.4-windows-x64\jdk-21.0.4+7\bin\jimage.dll
0x00007ffa70180000 - 0x00007ffa70364000 	C:\WINDOWS\SYSTEM32\DBGHELP.DLL
0x00007ffa5e660000 - 0x00007ffa5e694000 	C:\WINDOWS\SYSTEM32\dbgcore.DLL
0x00007ffa86090000 - 0x00007ffa86112000 	C:\WINDOWS\System32\bcryptPrimitives.dll
0x00007ffa75200000 - 0x00007ffa75220000 	D:\Registries\microsoft-jdk-21.0.4-windows-x64\jdk-21.0.4+7\bin\java.dll
0x00007ffa877e0000 - 0x00007ffa87f4d000 	C:\WINDOWS\System32\SHELL32.dll
0x00007ffa83ca0000 - 0x00007ffa84444000 	C:\WINDOWS\SYSTEM32\windows.storage.dll
0x00007ffa880a0000 - 0x00007ffa883f3000 	C:\WINDOWS\System32\combase.dll
0x00007ffa858d0000 - 0x00007ffa858fe000 	C:\WINDOWS\SYSTEM32\Wldp.dll
0x00007ffa884e0000 - 0x00007ffa885ad000 	C:\WINDOWS\System32\OLEAUT32.dll
0x00007ffa86890000 - 0x00007ffa8693d000 	C:\WINDOWS\System32\SHCORE.dll
0x00007ffa87fe0000 - 0x00007ffa88035000 	C:\WINDOWS\System32\shlwapi.dll
0x00007ffa85e40000 - 0x00007ffa85e64000 	C:\WINDOWS\SYSTEM32\profapi.dll
0x00007ffa3e950000 - 0x00007ffa3ea27000 	D:\Registries\microsoft-jdk-21.0.4-windows-x64\jdk-21.0.4+7\bin\jsvml.dll
0x00007ffa7c470000 - 0x00007ffa7c480000 	D:\Registries\microsoft-jdk-21.0.4-windows-x64\jdk-21.0.4+7\bin\net.dll
0x00007ffa84e70000 - 0x00007ffa84f7d000 	C:\WINDOWS\SYSTEM32\WINHTTP.dll
0x00007ffa85630000 - 0x00007ffa8569a000 	C:\WINDOWS\system32\mswsock.dll
0x00007ffa70e80000 - 0x00007ffa70e96000 	D:\Registries\microsoft-jdk-21.0.4-windows-x64\jdk-21.0.4+7\bin\nio.dll
0x00007ffa62560000 - 0x00007ffa62578000 	D:\Registries\microsoft-jdk-21.0.4-windows-x64\jdk-21.0.4+7\bin\zip.dll
0x00007ffa34a70000 - 0x00007ffa34b98000 	C:\Windows\System32\opengl32.dll
0x00007ffa62530000 - 0x00007ffa6255c000 	C:\WINDOWS\SYSTEM32\GLU32.dll
0x00007ffa32cb0000 - 0x00007ffa32f11000 	C:\Users\lekoskos000\.javacpp\cache\jaylib-5.0.0-0.jar\com\raylib\windows-x86_64\jniRaylib.dll
0x000001a619f90000 - 0x000001a619f94000 	D:\Registries\microsoft-jdk-21.0.4-windows-x64\jdk-21.0.4+7\bin\api-ms-win-crt-locale-l1-1-0.dll
0x000001a619fa0000 - 0x000001a619fa5000 	D:\Registries\microsoft-jdk-21.0.4-windows-x64\jdk-21.0.4+7\bin\api-ms-win-crt-string-l1-1-0.dll
0x000001a619fb0000 - 0x000001a619fb5000 	D:\Registries\microsoft-jdk-21.0.4-windows-x64\jdk-21.0.4+7\bin\api-ms-win-crt-stdio-l1-1-0.dll
0x000001a619fc0000 - 0x000001a619fc6000 	D:\Registries\microsoft-jdk-21.0.4-windows-x64\jdk-21.0.4+7\bin\api-ms-win-crt-math-l1-1-0.dll
0x000001a619fd0000 - 0x000001a619fd4000 	D:\Registries\microsoft-jdk-21.0.4-windows-x64\jdk-21.0.4+7\bin\api-ms-win-crt-heap-l1-1-0.dll
0x000001a619fe0000 - 0x000001a619fe5000 	D:\Registries\microsoft-jdk-21.0.4-windows-x64\jdk-21.0.4+7\bin\api-ms-win-crt-runtime-l1-1-0.dll
0x000001a619ff0000 - 0x000001a619ff5000 	D:\Registries\microsoft-jdk-21.0.4-windows-x64\jdk-21.0.4+7\bin\api-ms-win-crt-convert-l1-1-0.dll
0x000001a65f400000 - 0x000001a65f404000 	D:\Registries\microsoft-jdk-21.0.4-windows-x64\jdk-21.0.4+7\bin\api-ms-win-crt-environment-l1-1-0.dll
0x000001a65f410000 - 0x000001a65f414000 	D:\Registries\microsoft-jdk-21.0.4-windows-x64\jdk-21.0.4+7\bin\api-ms-win-crt-time-l1-1-0.dll
0x000001a65f420000 - 0x000001a65f424000 	D:\Registries\microsoft-jdk-21.0.4-windows-x64\jdk-21.0.4+7\bin\api-ms-win-crt-filesystem-l1-1-0.dll
0x000001a65f430000 - 0x000001a65f434000 	D:\Registries\microsoft-jdk-21.0.4-windows-x64\jdk-21.0.4+7\bin\api-ms-win-crt-utility-l1-1-0.dll
0x000001a65f440000 - 0x000001a65f446000 	D:\Registries\microsoft-jdk-21.0.4-windows-x64\jdk-21.0.4+7\bin\api-ms-win-crt-multibyte-l1-1-0.dll
0x000001a65f450000 - 0x000001a65f454000 	D:\Registries\microsoft-jdk-21.0.4-windows-x64\jdk-21.0.4+7\bin\api-ms-win-crt-conio-l1-1-0.dll
0x000001a65f460000 - 0x000001a65f471000 	D:\Registries\microsoft-jdk-21.0.4-windows-x64\jdk-21.0.4+7\bin\api-ms-win-crt-private-l1-1-0.dll
0x000001a65f480000 - 0x000001a65f484000 	D:\Registries\microsoft-jdk-21.0.4-windows-x64\jdk-21.0.4+7\bin\api-ms-win-crt-process-l1-1-0.dll
0x000001a65f490000 - 0x000001a65f494000 	D:\Registries\microsoft-jdk-21.0.4-windows-x64\jdk-21.0.4+7\bin\api-ms-win-core-console-l1-2-0.dll
0x000001a65f4a0000 - 0x000001a65f4a4000 	D:\Registries\microsoft-jdk-21.0.4-windows-x64\jdk-21.0.4+7\bin\api-ms-win-core-string-l1-1-0.dll
0x000001a65fcb0000 - 0x000001a65fcb4000 	D:\Registries\microsoft-jdk-21.0.4-windows-x64\jdk-21.0.4+7\bin\api-ms-win-core-errorhandling-l1-1-0.dll
0x000001a65fcc0000 - 0x000001a65fcc4000 	D:\Registries\microsoft-jdk-21.0.4-windows-x64\jdk-21.0.4+7\bin\api-ms-win-core-timezone-l1-1-0.dll
0x000001a65fcd0000 - 0x000001a65fcd5000 	D:\Registries\microsoft-jdk-21.0.4-windows-x64\jdk-21.0.4+7\bin\api-ms-win-core-file-l1-1-0.dll
0x000001a65fce0000 - 0x000001a65fce4000 	D:\Registries\microsoft-jdk-21.0.4-windows-x64\jdk-21.0.4+7\bin\api-ms-win-core-namedpipe-l1-1-0.dll
0x000001a65fcf0000 - 0x000001a65fcf4000 	D:\Registries\microsoft-jdk-21.0.4-windows-x64\jdk-21.0.4+7\bin\api-ms-win-core-handle-l1-1-0.dll
0x000001a65fd00000 - 0x000001a65fd04000 	D:\Registries\microsoft-jdk-21.0.4-windows-x64\jdk-21.0.4+7\bin\api-ms-win-core-file-l2-1-0.dll
0x000001a65fd10000 - 0x000001a65fd14000 	D:\Registries\microsoft-jdk-21.0.4-windows-x64\jdk-21.0.4+7\bin\api-ms-win-core-heap-l1-1-0.dll
0x000001a65fd20000 - 0x000001a65fd24000 	D:\Registries\microsoft-jdk-21.0.4-windows-x64\jdk-21.0.4+7\bin\api-ms-win-core-libraryloader-l1-1-0.dll
0x000001a65fd30000 - 0x000001a65fd34000 	D:\Registries\microsoft-jdk-21.0.4-windows-x64\jdk-21.0.4+7\bin\api-ms-win-core-synch-l1-1-0.dll
0x000001a65fd40000 - 0x000001a65fd44000 	D:\Registries\microsoft-jdk-21.0.4-windows-x64\jdk-21.0.4+7\bin\api-ms-win-core-processthreads-l1-1-0.dll
0x000001a65fd50000 - 0x000001a65fd54000 	D:\Registries\microsoft-jdk-21.0.4-windows-x64\jdk-21.0.4+7\bin\api-ms-win-core-processenvironment-l1-1-0.dll
0x000001a65fd60000 - 0x000001a65fd64000 	D:\Registries\microsoft-jdk-21.0.4-windows-x64\jdk-21.0.4+7\bin\api-ms-win-core-datetime-l1-1-0.dll
0x000001a65fd70000 - 0x000001a65fd74000 	D:\Registries\microsoft-jdk-21.0.4-windows-x64\jdk-21.0.4+7\bin\api-ms-win-core-localization-l1-2-0.dll
0x000001a65fd80000 - 0x000001a65fd84000 	D:\Registries\microsoft-jdk-21.0.4-windows-x64\jdk-21.0.4+7\bin\api-ms-win-core-sysinfo-l1-1-0.dll
0x000001a65fd90000 - 0x000001a65fd94000 	D:\Registries\microsoft-jdk-21.0.4-windows-x64\jdk-21.0.4+7\bin\api-ms-win-core-synch-l1-2-0.dll
0x000001a65fda0000 - 0x000001a65fda4000 	D:\Registries\microsoft-jdk-21.0.4-windows-x64\jdk-21.0.4+7\bin\api-ms-win-core-console-l1-1-0.dll
0x000001a65fdb0000 - 0x000001a65fdb4000 	D:\Registries\microsoft-jdk-21.0.4-windows-x64\jdk-21.0.4+7\bin\api-ms-win-core-debug-l1-1-0.dll
0x000001a65fdc0000 - 0x000001a65fdc4000 	D:\Registries\microsoft-jdk-21.0.4-windows-x64\jdk-21.0.4+7\bin\api-ms-win-core-rtlsupport-l1-1-0.dll
0x000001a65fdd0000 - 0x000001a65fdd4000 	D:\Registries\microsoft-jdk-21.0.4-windows-x64\jdk-21.0.4+7\bin\api-ms-win-core-processthreads-l1-1-1.dll
0x000001a65fde0000 - 0x000001a65fde4000 	D:\Registries\microsoft-jdk-21.0.4-windows-x64\jdk-21.0.4+7\bin\api-ms-win-core-file-l1-2-0.dll
0x000001a65fdf0000 - 0x000001a65fdf4000 	D:\Registries\microsoft-jdk-21.0.4-windows-x64\jdk-21.0.4+7\bin\api-ms-win-core-profile-l1-1-0.dll
0x000001a65fe00000 - 0x000001a65fe04000 	D:\Registries\microsoft-jdk-21.0.4-windows-x64\jdk-21.0.4+7\bin\api-ms-win-core-memory-l1-1-0.dll
0x000001a65fe10000 - 0x000001a65fe14000 	D:\Registries\microsoft-jdk-21.0.4-windows-x64\jdk-21.0.4+7\bin\api-ms-win-core-util-l1-1-0.dll
0x000001a65fe20000 - 0x000001a65fe24000 	D:\Registries\microsoft-jdk-21.0.4-windows-x64\jdk-21.0.4+7\bin\api-ms-win-core-interlocked-l1-1-0.dll
0x00007ffa34750000 - 0x00007ffa34861000 	D:\Registries\microsoft-jdk-21.0.4-windows-x64\jdk-21.0.4+7\bin\ucrtbase.dll
0x00007ffa7c280000 - 0x00007ffa7c289000 	C:\Windows\System32\msvcp140_1.dll
0x00007ffa588e0000 - 0x00007ffa5892d000 	C:\Windows\System32\concrt140.dll
0x00007ffa5f840000 - 0x00007ffa5f86e000 	C:\Windows\System32\vcomp140.dll

dbghelp: loaded successfully - version: 4.0.5 - missing functions: none
symbol engine: initialized successfully - sym options: 0x614 - pdb path: .;D:\Registries\microsoft-jdk-21.0.4-windows-x64\jdk-21.0.4+7\bin;C:\WINDOWS\SYSTEM32;C:\WINDOWS\WinSxS\amd64_microsoft.windows.common-controls_6595b64144ccf1df_6.0.19041.4355_none_60b8b9eb71f62e16;D:\Registries\microsoft-jdk-21.0.4-windows-x64\jdk-21.0.4+7\bin\server;C:\Users\lekoskos000\.javacpp\cache\jaylib-5.0.0-0.jar\com\raylib\windows-x86_64

VM Arguments:
java_command: com.quimbertco.QuimbertQuarrel.QuimbertQuarrel
java_class_path (initial): .\target\QuimbertQuarrel-1.0-SNAPSHOT.jar;.\lib\jaylib-5.0.0-0.jar
Launcher Type: SUN_STANDARD

[Global flags]
     intx CICompilerCount                          = 4                                         {product} {ergonomic}
     uint ConcGCThreads                            = 2                                         {product} {ergonomic}
     uint G1ConcRefinementThreads                  = 8                                         {product} {ergonomic}
   size_t G1HeapRegionSize                         = 1048576                                   {product} {ergonomic}
    uintx GCDrainStackTargetSize                   = 64                                        {product} {ergonomic}
   size_t InitialHeapSize                          = 130023424                                 {product} {ergonomic}
   size_t MarkStackSize                            = 4194304                                   {product} {ergonomic}
   size_t MaxHeapSize                              = 2057306112                                {product} {ergonomic}
   size_t MaxNewSize                               = 1234173952                                {product} {ergonomic}
   size_t MinHeapDeltaBytes                        = 1048576                                   {product} {ergonomic}
   size_t MinHeapSize                              = 8388608                                   {product} {ergonomic}
    uintx NonNMethodCodeHeapSize                   = 5839372                                {pd product} {ergonomic}
    uintx NonProfiledCodeHeapSize                  = 122909434                              {pd product} {ergonomic}
    uintx ProfiledCodeHeapSize                     = 122909434                              {pd product} {ergonomic}
    uintx ReservedCodeCacheSize                    = 251658240                              {pd product} {ergonomic}
     bool SegmentedCodeCache                       = true                                      {product} {ergonomic}
   size_t SoftMaxHeapSize                          = 2057306112                             {manageable} {ergonomic}
     bool UseCompressedOops                        = true                           {product lp64_product} {ergonomic}
     bool UseG1GC                                  = true                                      {product} {ergonomic}
     bool UseLargePagesIndividualAllocation        = false                                  {pd product} {ergonomic}

Logging:
Log output configuration:
 #0: stdout all=warning uptime,level,tags foldmultilines=false
 #1: stderr all=off uptime,level,tags foldmultilines=false

Environment Variables:
PATH=D:\Registries\microsoft-jdk-21.0.4-windows-x64\jdk-21.0.4+7\bin;D:\Registries\apache-maven-3.9.9-bin\apache-maven-3.9.9\bin;D:\Apps\w64devkit\w64devkit\bin;D:\Apps\git\Git\bin;D:\Apps\git\Git\mingw64\etc\ssl\certs;C:\WINDOWS\system32;C:\WINDOWS;C:\WINDOWS\System32\Wbem;C:\WINDOWS\System32\WindowsPowerShell\v1.0\;C:\Users\lekoskos000\AppData\Local\Microsoft\WindowsApps
USERNAME=lekoskos000
LANG=en_US.UTF-8
OS=Windows_NT
PROCESSOR_IDENTIFIER=Intel64 Family 6 Model 154 Stepping 4, GenuineIntel
TMP=C:\Users\LEKOSK~1\AppData\Local\Temp
TEMP=C:\Users\LEKOSK~1\AppData\Local\Temp




Periodic native trim disabled

---------------  S Y S T E M  ---------------

OS:
 Windows 10 , 64 bit Build 19041 (10.0.19041.5072)
OS uptime: 5 days 3:00 hours

CPU: total 8 (initial active 8) (4 cores per cpu, 2 threads per core) family 6 model 154 stepping 4 microcode 0x430, cx8, cmov, fxsr, ht, mmx, 3dnowpref, sse, sse2, sse3, ssse3, sse4.1, sse4.2, popcnt, lzcnt, tsc, tscinvbit, avx, avx2, aes, erms, clmul, bmi1, bmi2, adx, sha, fma, vzeroupper, clflush, clflushopt, clwb, serialize, rdtscp, rdpid, fsrm, f16c, pku, cet_ibt, cet_ss
Processor Information for processor 0
  Max Mhz: 1000, Current Mhz: 1000, Mhz Limit: 700
Processor Information for processor 1
  Max Mhz: 1000, Current Mhz: 1000, Mhz Limit: 700
Processor Information for processor 2
  Max Mhz: 1000, Current Mhz: 1000, Mhz Limit: 1000
Processor Information for processor 3
  Max Mhz: 1000, Current Mhz: 1000, Mhz Limit: 1000
Processor Information for processor 4
  Max Mhz: 1000, Current Mhz: 700, Mhz Limit: 700
Processor Information for processor 5
  Max Mhz: 1000, Current Mhz: 700, Mhz Limit: 700
Processor Information for processor 6
  Max Mhz: 1000, Current Mhz: 700, Mhz Limit: 700
Processor Information for processor 7
  Max Mhz: 1000, Current Mhz: 700, Mhz Limit: 700

Memory: 4k page, system-wide physical 7840M (1945M free)
TotalPageFile size 12095M (AvailPageFile size 3788M)
current process WorkingSet (physical memory assigned to process): 63M, peak: 67M
current process commit charge ("private bytes"): 219M, peak: 223M

vm_info: OpenJDK 64-Bit Server VM (21.0.4+7-LTS) for windows-amd64 JRE (21.0.4+7-LTS), built on 2024-07-16T17:40:50Z by "MicrosoftCorporation" with unknown MS VC++:1939

END.
