#
# A fatal error has been detected by the Java Runtime Environment:
#
#  EXCEPTION_ACCESS_VIOLATION (0xc0000005) at pc=0x0000000000000000, pid=22272, tid=21072
#
# JRE version: OpenJDK Runtime Environment Microsoft-9889606 (21.0.4+7) (build 21.0.4+7-LTS)
# Java VM: OpenJDK 64-Bit Server VM Microsoft-9889606 (21.0.4+7-LTS, mixed mode, sharing, tiered, compressed oops, compressed class ptrs, g1 gc, windows-amd64)
# Problematic frame:
# C  [jniRaylib.dll+0x1020d8]
#
# No core dump will be written. Minidumps are not enabled by default on client versions of Windows
#
# If you would like to submit a bug report, please visit:
#   https://github.com/microsoft/openjdk/issues
# The crash happened outside the Java Virtual Machine in native code.
# See problematic frame for where to report the bug.
#

---------------  S U M M A R Y ------------

Command Line: com.quimbertco.QuimbertQuarrel.QuimbertQuarrel

Host: 12th Gen Intel(R) Core(TM) i3-1210U, 8 cores, 7G,  Windows 10 , 64 bit Build 19041 (10.0.19041.5072)
Time: Wed Jan 15 15:00:37 2025 Pacific Standard Time elapsed time: 2.996924 seconds (0d 0h 0m 2s)

---------------  T H R E A D  ---------------

Current thread (0x000001c8c3ae89d0):  JavaThread "main"             [_thread_in_native, id=21072, stack(0x00000036a4800000,0x00000036a4900000) (1024K)]

Stack: [0x00000036a4800000,0x00000036a4900000],  sp=0x00000036a48feba0,  free space=1018k
Native frames: (J=compiled Java code, j=interpreted, Vv=VM code, C=native code)

Java frames: (J=compiled Java code, j=interpreted, Vv=VM code)
j  com.raylib.Raylib.LoadTextureFromImage(Lcom/raylib/Raylib$Image;)Lcom/raylib/Raylib$Texture;+0
j  com.quimbertco.QuimbertQuarrel.QuimbertQuarrel.main([Ljava/lang/String;)V+667
v  ~StubRoutines::call_stub 0x000001c8d58a100d

siginfo: EXCEPTION_ACCESS_VIOLATION (0xc0000005), data execution prevention violation at address 0x0000000000000000


Registers:
RAX=0x0000cf856df2011f, RBX=0x0000000000000007, RCX=0x0000000000000de1, RDX=0x0000000000000000
RSP=0x00000036a48feb98, RBP=0x0000000000000040, RSI=0x0000000000000040, RDI=0x00000036a48fed10
R8 =0x0000000000000040, R9 =0x0000000000000007, R10=0x0000000000000300, R11=0xf273ffb838f8f7f9
R12=0x0000000000000000, R13=0x000001c8e274e780, R14=0x0000000000000000, R15=0x0000000000000040
RIP=0x0000000000000000, EFLAGS=0x0000000000010246


Register to memory mapping:

RAX=0x0000cf856df2011f is an unknown value
RBX=0x0000000000000007 is an unknown value
RCX=0x0000000000000de1 is an unknown value
RDX=0x0 is null
RSP=0x00000036a48feb98 is pointing into the stack for thread: 0x000001c8c3ae89d0
RBP=0x0000000000000040 is an unknown value
RSI=0x0000000000000040 is an unknown value
RDI=0x00000036a48fed10 is pointing into the stack for thread: 0x000001c8c3ae89d0
R8 =0x0000000000000040 is an unknown value
R9 =0x0000000000000007 is an unknown value
R10=0x0000000000000300 is an unknown value
R11=0xf273ffb838f8f7f9 is an unknown value
R12=0x0 is null
R13=0x000001c8e274e780 points into unknown readable memory: 0x0000000000000000 | 00 00 00 00 00 00 00 00
R14=0x0 is null
R15=0x0000000000000040 is an unknown value

Top of Stack: (sp=0x00000036a48feb98)
0x00000036a48feb98:   00007ffa32db20d8 0000cc4eee5b3549
0x00000036a48feba8:   0000000000000000 000001c8c3ae89d0
0x00000036a48febb8:   00000036a48fed00 000001c8c3adeb90
0x00000036a48febc8:   000001c8c3ae9040 00007ffa32d00490
0x00000036a48febd8:   00007ffa0a7c3e60 000001c8e3438180
0x00000036a48febe8:   00007ffa32d00490 000001c800000000
0x00000036a48febf8:   000000000000000d 0000004000000040
0x00000036a48fec08:   00007ffa0a7978ec 000001c8e34d2ac8
0x00000036a48fec18:   0000cf856df2011f 000001c8c3ae89d0
0x00000036a48fec28:   00000036a48fede8 000001c8e3438180
0x00000036a48fec38:   0000000000000000 0000000000000007
0x00000036a48fec48:   0000000000000001 000001c8e3438180
0x00000036a48fec58:   0000000000000040 00000036a48fecf0
0x00000036a48fec68:   00007ffa32d812b4 00000036a48fedc8
0x00000036a48fec78:   0000000000000000 000001c8e29eb5d0
0x00000036a48fec88:   00007ffa32e48143 0000000000000001
0x00000036a48fec98:   00007ffa0a7a6bf9 000001c8c3ae89d0
0x00000036a48feca8:   00000036a48fede8 000001c8e29eb5d0
0x00000036a48fecb8:   00007ffa32d00524 000001c8c3ae8d88
0x00000036a48fecc8:   00000036a48fedc8 000001c8e29eaf70
0x00000036a48fecd8:   00007ffa0a4fb745 00000036a48fed00
0x00000036a48fece8:   000001c8c3ae89d0 0000000000000000
0x00000036a48fecf8:   0000000000000000 000001c800000000
0x00000036a48fed08:   000001c8c3ae89d0 000001c8e274e780
0x00000036a48fed18:   0000004000000040 0000000700000001
0x00000036a48fed28:   000001c8e3438190 000001c8d58a89d2
0x00000036a48fed38:   0000000000000000 000001c8e3438190
0x00000036a48fed48:   000001c8d58ace4b 000001c8c3ae8d88
0x00000036a48fed58:   0000000000000000 0000000000000000
0x00000036a48fed68:   000001c8c3b004f8 000001c8e341182d
0x00000036a48fed78:   000001c8d58acadf 00000036a48fed80
0x00000036a48fed88:   000001c8e3438180 0000000000000004 

Instructions: (pc=0x00007ffa32db20d8)
0x00007ffa32db1fd8:   24 50 c7 44 24 50 00 00 00 00 ba 84 8b 00 00 8b
0x00007ffa32db1fe8:   ce ff 15 49 4d 13 00 48 63 44 24 50 85 c0 7e 4d
0x00007ffa32db1ff8:   48 8b c8 c7 44 24 20 00 00 00 00 ba 01 00 00 00
0x00007ffa32db2008:   ff 15 12 96 09 00 8b 54 24 50 4c 8d 44 24 20 4c
0x00007ffa32db2018:   8b c8 8b ce 48 8b d8 ff 15 7b 4c 13 00 4c 8b cb
0x00007ffa32db2028:   48 8d 15 39 6b 0a 00 44 8b c6 b9 04 00 00 00 e8
0x00007ffa32db2038:   b4 5a 08 00 48 8b cb ff 15 e3 95 09 00 8b ce ff
0x00007ffa32db2048:   15 1b 46 13 00 33 c0 48 8b 5c 24 40 48 8b 74 24
0x00007ffa32db2058:   48 48 83 c4 30 5f c3 48 8d 15 22 6b 0a 00 b9 03
0x00007ffa32db2068:   00 00 00 e8 80 5a 08 00 48 8b 5c 24 40 8b c6 48
0x00007ffa32db2078:   8b 74 24 48 48 83 c4 30 5f c3 cc cc cc cc cc cc
0x00007ffa32db2088:   cc cc cc cc cc cc cc cc 40 53 55 41 55 41 56 41
0x00007ffa32db2098:   57 48 81 ec a0 00 00 00 48 8b 05 21 1e 13 00 48
0x00007ffa32db20a8:   33 c4 48 89 44 24 78 8b ea 89 54 24 60 4c 8b e9
0x00007ffa32db20b8:   44 89 44 24 64 45 33 f6 33 d2 b9 e1 0d 00 00 44
0x00007ffa32db20c8:   89 74 24 50 41 8b d9 45 8b f8 ff 15 a8 41 13 00
0x00007ffa32db20d8:   44 38 35 50 78 13 00 75 1d 8d 43 f2 83 f8 03 77
0x00007ffa32db20e8:   15 48 8d 15 78 63 0a 00 41 8d 4e 04 e8 f7 59 08
0x00007ffa32db20f8:   00 e9 0a 04 00 00 44 38 35 2b 78 13 00 75 19 83
0x00007ffa32db2108:   fb 12 75 14 48 8d 15 85 63 0a 00 8d 4b f2 e8 d5
0x00007ffa32db2118:   59 08 00 e9 e8 03 00 00 44 38 35 0a 78 13 00 75
0x00007ffa32db2128:   1e 8d 43 ed 83 f8 01 77 16 48 8d 15 98 63 0a 00
0x00007ffa32db2138:   b9 04 00 00 00 e8 ae 59 08 00 e9 c1 03 00 00 44
0x00007ffa32db2148:   38 35 e4 77 13 00 75 1e 8d 43 eb 83 f8 01 77 16
0x00007ffa32db2158:   48 8d 15 a9 63 0a 00 b9 04 00 00 00 e8 87 59 08
0x00007ffa32db2168:   00 e9 9a 03 00 00 44 38 35 be 77 13 00 75 1e 8d
0x00007ffa32db2178:   43 e9 83 f8 01 77 16 48 8d 15 ba 63 0a 00 b9 04
0x00007ffa32db2188:   00 00 00 e8 60 59 08 00 e9 73 03 00 00 48 89 b4
0x00007ffa32db2198:   24 98 00 00 00 ba 01 00 00 00 48 89 bc 24 90 00
0x00007ffa32db21a8:   00 00 b9 f5 0c 00 00 4c 89 a4 24 88 00 00 00 ff
0x00007ffa32db21b8:   15 db 53 13 00 48 8d 54 24 50 b9 01 00 00 00 ff
0x00007ffa32db21c8:   15 0b 48 13 00 8b 54 24 50 b9 e1 0d 00 00 ff 15 


Stack slot to memory mapping:

stack at sp + 0 slots: 0x0000cc4eee5b3549 is an unknown value
stack at sp + 1 slots: 0x0 is null
stack at sp + 2 slots: 0x000001c8c3ae89d0 is a thread
stack at sp + 3 slots: 0x00000036a48fed00 is pointing into the stack for thread: 0x000001c8c3ae89d0
stack at sp + 4 slots: 0x000001c8c3adeb90 points into unknown readable memory: 0x000001c8c3adeb02 | 02 eb ad c3 c8 01 00 00
stack at sp + 5 slots: 0x000001c8c3ae9040 points into unknown readable memory: 0x0000000000000000 | 00 00 00 00 00 00 00 00
stack at sp + 6 slots: 0x00007ffa32d00490 jniRaylib.dll
stack at sp + 7 slots: 0x00007ffa0a7c3e60 jvm.dll


---------------  P R O C E S S  ---------------

Threads class SMR info:
_java_thread_list=0x000001c8e2b3f260, length=12, elements={
0x000001c8c3ae89d0, 0x000001c8e2728610, 0x000001c8e272a340, 0x000001c8e272bf10,
0x000001c8e272c970, 0x000001c8e272d3d0, 0x000001c8e272de30, 0x000001c8e272ebc0,
0x000001c8e2732900, 0x000001c8e28e3450, 0x000001c8e28f06e0, 0x000001c8e29efaf0
}

Java Threads: ( => current thread )
=>0x000001c8c3ae89d0 JavaThread "main"                              [_thread_in_native, id=21072, stack(0x00000036a4800000,0x00000036a4900000) (1024K)]
  0x000001c8e2728610 JavaThread "Reference Handler"          daemon [_thread_blocked, id=16524, stack(0x00000036a5000000,0x00000036a5100000) (1024K)]
  0x000001c8e272a340 JavaThread "Finalizer"                  daemon [_thread_blocked, id=21044, stack(0x00000036a5100000,0x00000036a5200000) (1024K)]
  0x000001c8e272bf10 JavaThread "Signal Dispatcher"          daemon [_thread_blocked, id=13336, stack(0x00000036a5200000,0x00000036a5300000) (1024K)]
  0x000001c8e272c970 JavaThread "Attach Listener"            daemon [_thread_blocked, id=18748, stack(0x00000036a5300000,0x00000036a5400000) (1024K)]
  0x000001c8e272d3d0 JavaThread "Service Thread"             daemon [_thread_blocked, id=8708, stack(0x00000036a5400000,0x00000036a5500000) (1024K)]
  0x000001c8e272de30 JavaThread "Monitor Deflation Thread"   daemon [_thread_blocked, id=22476, stack(0x00000036a5500000,0x00000036a5600000) (1024K)]
  0x000001c8e272ebc0 JavaThread "C2 CompilerThread0"         daemon [_thread_blocked, id=4808, stack(0x00000036a5600000,0x00000036a5700000) (1024K)]
  0x000001c8e2732900 JavaThread "C1 CompilerThread0"         daemon [_thread_blocked, id=21120, stack(0x00000036a5700000,0x00000036a5800000) (1024K)]
  0x000001c8e28e3450 JavaThread "Notification Thread"        daemon [_thread_blocked, id=5220, stack(0x00000036a5800000,0x00000036a5900000) (1024K)]
  0x000001c8e28f06e0 JavaThread "Common-Cleaner"             daemon [_thread_blocked, id=20996, stack(0x00000036a5900000,0x00000036a5a00000) (1024K)]
  0x000001c8e29efaf0 JavaThread "JavaCPP Deallocator"        daemon [_thread_blocked, id=15236, stack(0x00000036a5a00000,0x00000036a5b00000) (1024K)]
Total: 12

Other Threads:
  0x000001c8e2702430 VMThread "VM Thread"                           [id=18368, stack(0x00000036a4f00000,0x00000036a5000000) (1024K)]
  0x000001c8e26ecf40 WatcherThread "VM Periodic Task Thread"        [id=3348, stack(0x00000036a4e00000,0x00000036a4f00000) (1024K)]
  0x000001c8c5cdf2f0 WorkerThread "GC Thread#0"                     [id=22284, stack(0x00000036a4900000,0x00000036a4a00000) (1024K)]
  0x000001c8c5cef810 ConcurrentGCThread "G1 Main Marker"            [id=2316, stack(0x00000036a4a00000,0x00000036a4b00000) (1024K)]
  0x000001c8c5cf0310 WorkerThread "G1 Conc#0"                       [id=16244, stack(0x00000036a4b00000,0x00000036a4c00000) (1024K)]
  0x000001c8c5d5e700 ConcurrentGCThread "G1 Refine#0"               [id=3424, stack(0x00000036a4c00000,0x00000036a4d00000) (1024K)]
  0x000001c8e25be480 ConcurrentGCThread "G1 Service"                [id=15228, stack(0x00000036a4d00000,0x00000036a4e00000) (1024K)]
Total: 7

Threads with active compile tasks:
Total: 0

VM state: not at safepoint (normal execution)

VM Mutex/Monitor currently owned by a thread: None

Heap address: 0x0000000085600000, size: 1962 MB, Compressed Oops mode: 32-bit

CDS archive(s) mapped at: [0x000001c880000000-0x000001c880c90000-0x000001c880c90000), size 13172736, SharedBaseAddress: 0x000001c880000000, ArchiveRelocationMode: 1.
Compressed class space mapped at: 0x000001c881000000-0x000001c8c1000000, reserved size: 1073741824
Narrow klass base: 0x000001c880000000, Narrow klass shift: 0, Narrow klass range: 0x100000000

GC Precious Log:
 CardTable entry size: 512
 Card Set container configuration: InlinePtr #cards 5 size 8 Array Of Cards #cards 12 size 40 Howl #buckets 4 coarsen threshold 1843 Howl Bitmap #cards 512 size 80 coarsen threshold 460 Card regions per heap region 1 cards per card region 2048
 CPUs: 8 total, 8 available
 Memory: 7840M
 Large Page Support: Disabled
 NUMA Support: Disabled
 Compressed Oops: Enabled (32-bit)
 Heap Region Size: 1M
 Heap Min Capacity: 8M
 Heap Initial Capacity: 124M
 Heap Max Capacity: 1962M
 Pre-touch: Disabled
 Parallel Workers: 8
 Concurrent Workers: 2
 Concurrent Refinement Workers: 8
 Periodic GC: Disabled

Heap:
 garbage-first heap   total 126976K, used 12288K [0x0000000085600000, 0x0000000100000000)
  region size 1024K, 14 young (14336K), 0 survivors (0K)
 Metaspace       used 2371K, committed 2496K, reserved 1114112K
  class space    used 209K, committed 256K, reserved 1048576K

Heap Regions: E=young(eden), S=young(survivor), O=old, HS=humongous(starts), HC=humongous(continues), CS=collection set, F=free, TAMS=top-at-mark-start, PB=parsable bottom
|   0|0x0000000085600000, 0x0000000085600000, 0x0000000085700000|  0%| F|  |TAMS 0x0000000085600000| PB 0x0000000085600000| Untracked 
|   1|0x0000000085700000, 0x0000000085700000, 0x0000000085800000|  0%| F|  |TAMS 0x0000000085700000| PB 0x0000000085700000| Untracked 
|   2|0x0000000085800000, 0x0000000085800000, 0x0000000085900000|  0%| F|  |TAMS 0x0000000085800000| PB 0x0000000085800000| Untracked 
|   3|0x0000000085900000, 0x0000000085900000, 0x0000000085a00000|  0%| F|  |TAMS 0x0000000085900000| PB 0x0000000085900000| Untracked 
|   4|0x0000000085a00000, 0x0000000085a00000, 0x0000000085b00000|  0%| F|  |TAMS 0x0000000085a00000| PB 0x0000000085a00000| Untracked 
|   5|0x0000000085b00000, 0x0000000085b00000, 0x0000000085c00000|  0%| F|  |TAMS 0x0000000085b00000| PB 0x0000000085b00000| Untracked 
|   6|0x0000000085c00000, 0x0000000085c00000, 0x0000000085d00000|  0%| F|  |TAMS 0x0000000085c00000| PB 0x0000000085c00000| Untracked 
|   7|0x0000000085d00000, 0x0000000085d00000, 0x0000000085e00000|  0%| F|  |TAMS 0x0000000085d00000| PB 0x0000000085d00000| Untracked 
|   8|0x0000000085e00000, 0x0000000085e00000, 0x0000000085f00000|  0%| F|  |TAMS 0x0000000085e00000| PB 0x0000000085e00000| Untracked 
|   9|0x0000000085f00000, 0x0000000085f00000, 0x0000000086000000|  0%| F|  |TAMS 0x0000000085f00000| PB 0x0000000085f00000| Untracked 
|  10|0x0000000086000000, 0x0000000086000000, 0x0000000086100000|  0%| F|  |TAMS 0x0000000086000000| PB 0x0000000086000000| Untracked 
|  11|0x0000000086100000, 0x0000000086100000, 0x0000000086200000|  0%| F|  |TAMS 0x0000000086100000| PB 0x0000000086100000| Untracked 
|  12|0x0000000086200000, 0x0000000086200000, 0x0000000086300000|  0%| F|  |TAMS 0x0000000086200000| PB 0x0000000086200000| Untracked 
|  13|0x0000000086300000, 0x0000000086300000, 0x0000000086400000|  0%| F|  |TAMS 0x0000000086300000| PB 0x0000000086300000| Untracked 
|  14|0x0000000086400000, 0x0000000086400000, 0x0000000086500000|  0%| F|  |TAMS 0x0000000086400000| PB 0x0000000086400000| Untracked 
|  15|0x0000000086500000, 0x0000000086500000, 0x0000000086600000|  0%| F|  |TAMS 0x0000000086500000| PB 0x0000000086500000| Untracked 
|  16|0x0000000086600000, 0x0000000086600000, 0x0000000086700000|  0%| F|  |TAMS 0x0000000086600000| PB 0x0000000086600000| Untracked 
|  17|0x0000000086700000, 0x0000000086700000, 0x0000000086800000|  0%| F|  |TAMS 0x0000000086700000| PB 0x0000000086700000| Untracked 
|  18|0x0000000086800000, 0x0000000086800000, 0x0000000086900000|  0%| F|  |TAMS 0x0000000086800000| PB 0x0000000086800000| Untracked 
|  19|0x0000000086900000, 0x0000000086900000, 0x0000000086a00000|  0%| F|  |TAMS 0x0000000086900000| PB 0x0000000086900000| Untracked 
|  20|0x0000000086a00000, 0x0000000086a00000, 0x0000000086b00000|  0%| F|  |TAMS 0x0000000086a00000| PB 0x0000000086a00000| Untracked 
|  21|0x0000000086b00000, 0x0000000086b00000, 0x0000000086c00000|  0%| F|  |TAMS 0x0000000086b00000| PB 0x0000000086b00000| Untracked 
|  22|0x0000000086c00000, 0x0000000086c00000, 0x0000000086d00000|  0%| F|  |TAMS 0x0000000086c00000| PB 0x0000000086c00000| Untracked 
|  23|0x0000000086d00000, 0x0000000086d00000, 0x0000000086e00000|  0%| F|  |TAMS 0x0000000086d00000| PB 0x0000000086d00000| Untracked 
|  24|0x0000000086e00000, 0x0000000086e00000, 0x0000000086f00000|  0%| F|  |TAMS 0x0000000086e00000| PB 0x0000000086e00000| Untracked 
|  25|0x0000000086f00000, 0x0000000086f00000, 0x0000000087000000|  0%| F|  |TAMS 0x0000000086f00000| PB 0x0000000086f00000| Untracked 
|  26|0x0000000087000000, 0x0000000087000000, 0x0000000087100000|  0%| F|  |TAMS 0x0000000087000000| PB 0x0000000087000000| Untracked 
|  27|0x0000000087100000, 0x0000000087100000, 0x0000000087200000|  0%| F|  |TAMS 0x0000000087100000| PB 0x0000000087100000| Untracked 
|  28|0x0000000087200000, 0x0000000087200000, 0x0000000087300000|  0%| F|  |TAMS 0x0000000087200000| PB 0x0000000087200000| Untracked 
|  29|0x0000000087300000, 0x0000000087300000, 0x0000000087400000|  0%| F|  |TAMS 0x0000000087300000| PB 0x0000000087300000| Untracked 
|  30|0x0000000087400000, 0x0000000087400000, 0x0000000087500000|  0%| F|  |TAMS 0x0000000087400000| PB 0x0000000087400000| Untracked 
|  31|0x0000000087500000, 0x0000000087500000, 0x0000000087600000|  0%| F|  |TAMS 0x0000000087500000| PB 0x0000000087500000| Untracked 
|  32|0x0000000087600000, 0x0000000087600000, 0x0000000087700000|  0%| F|  |TAMS 0x0000000087600000| PB 0x0000000087600000| Untracked 
|  33|0x0000000087700000, 0x0000000087700000, 0x0000000087800000|  0%| F|  |TAMS 0x0000000087700000| PB 0x0000000087700000| Untracked 
|  34|0x0000000087800000, 0x0000000087800000, 0x0000000087900000|  0%| F|  |TAMS 0x0000000087800000| PB 0x0000000087800000| Untracked 
|  35|0x0000000087900000, 0x0000000087900000, 0x0000000087a00000|  0%| F|  |TAMS 0x0000000087900000| PB 0x0000000087900000| Untracked 
|  36|0x0000000087a00000, 0x0000000087a00000, 0x0000000087b00000|  0%| F|  |TAMS 0x0000000087a00000| PB 0x0000000087a00000| Untracked 
|  37|0x0000000087b00000, 0x0000000087b00000, 0x0000000087c00000|  0%| F|  |TAMS 0x0000000087b00000| PB 0x0000000087b00000| Untracked 
|  38|0x0000000087c00000, 0x0000000087c00000, 0x0000000087d00000|  0%| F|  |TAMS 0x0000000087c00000| PB 0x0000000087c00000| Untracked 
|  39|0x0000000087d00000, 0x0000000087d00000, 0x0000000087e00000|  0%| F|  |TAMS 0x0000000087d00000| PB 0x0000000087d00000| Untracked 
|  40|0x0000000087e00000, 0x0000000087e00000, 0x0000000087f00000|  0%| F|  |TAMS 0x0000000087e00000| PB 0x0000000087e00000| Untracked 
|  41|0x0000000087f00000, 0x0000000087f00000, 0x0000000088000000|  0%| F|  |TAMS 0x0000000087f00000| PB 0x0000000087f00000| Untracked 
|  42|0x0000000088000000, 0x0000000088000000, 0x0000000088100000|  0%| F|  |TAMS 0x0000000088000000| PB 0x0000000088000000| Untracked 
|  43|0x0000000088100000, 0x0000000088100000, 0x0000000088200000|  0%| F|  |TAMS 0x0000000088100000| PB 0x0000000088100000| Untracked 
|  44|0x0000000088200000, 0x0000000088200000, 0x0000000088300000|  0%| F|  |TAMS 0x0000000088200000| PB 0x0000000088200000| Untracked 
|  45|0x0000000088300000, 0x0000000088300000, 0x0000000088400000|  0%| F|  |TAMS 0x0000000088300000| PB 0x0000000088300000| Untracked 
|  46|0x0000000088400000, 0x0000000088400000, 0x0000000088500000|  0%| F|  |TAMS 0x0000000088400000| PB 0x0000000088400000| Untracked 
|  47|0x0000000088500000, 0x0000000088500000, 0x0000000088600000|  0%| F|  |TAMS 0x0000000088500000| PB 0x0000000088500000| Untracked 
|  48|0x0000000088600000, 0x0000000088600000, 0x0000000088700000|  0%| F|  |TAMS 0x0000000088600000| PB 0x0000000088600000| Untracked 
|  49|0x0000000088700000, 0x0000000088700000, 0x0000000088800000|  0%| F|  |TAMS 0x0000000088700000| PB 0x0000000088700000| Untracked 
|  50|0x0000000088800000, 0x0000000088800000, 0x0000000088900000|  0%| F|  |TAMS 0x0000000088800000| PB 0x0000000088800000| Untracked 
|  51|0x0000000088900000, 0x0000000088900000, 0x0000000088a00000|  0%| F|  |TAMS 0x0000000088900000| PB 0x0000000088900000| Untracked 
|  52|0x0000000088a00000, 0x0000000088a00000, 0x0000000088b00000|  0%| F|  |TAMS 0x0000000088a00000| PB 0x0000000088a00000| Untracked 
|  53|0x0000000088b00000, 0x0000000088b00000, 0x0000000088c00000|  0%| F|  |TAMS 0x0000000088b00000| PB 0x0000000088b00000| Untracked 
|  54|0x0000000088c00000, 0x0000000088c00000, 0x0000000088d00000|  0%| F|  |TAMS 0x0000000088c00000| PB 0x0000000088c00000| Untracked 
|  55|0x0000000088d00000, 0x0000000088d00000, 0x0000000088e00000|  0%| F|  |TAMS 0x0000000088d00000| PB 0x0000000088d00000| Untracked 
|  56|0x0000000088e00000, 0x0000000088e00000, 0x0000000088f00000|  0%| F|  |TAMS 0x0000000088e00000| PB 0x0000000088e00000| Untracked 
|  57|0x0000000088f00000, 0x0000000088f00000, 0x0000000089000000|  0%| F|  |TAMS 0x0000000088f00000| PB 0x0000000088f00000| Untracked 
|  58|0x0000000089000000, 0x0000000089000000, 0x0000000089100000|  0%| F|  |TAMS 0x0000000089000000| PB 0x0000000089000000| Untracked 
|  59|0x0000000089100000, 0x0000000089100000, 0x0000000089200000|  0%| F|  |TAMS 0x0000000089100000| PB 0x0000000089100000| Untracked 
|  60|0x0000000089200000, 0x0000000089200000, 0x0000000089300000|  0%| F|  |TAMS 0x0000000089200000| PB 0x0000000089200000| Untracked 
|  61|0x0000000089300000, 0x0000000089300000, 0x0000000089400000|  0%| F|  |TAMS 0x0000000089300000| PB 0x0000000089300000| Untracked 
|  62|0x0000000089400000, 0x0000000089400000, 0x0000000089500000|  0%| F|  |TAMS 0x0000000089400000| PB 0x0000000089400000| Untracked 
|  63|0x0000000089500000, 0x0000000089500000, 0x0000000089600000|  0%| F|  |TAMS 0x0000000089500000| PB 0x0000000089500000| Untracked 
|  64|0x0000000089600000, 0x0000000089600000, 0x0000000089700000|  0%| F|  |TAMS 0x0000000089600000| PB 0x0000000089600000| Untracked 
|  65|0x0000000089700000, 0x0000000089700000, 0x0000000089800000|  0%| F|  |TAMS 0x0000000089700000| PB 0x0000000089700000| Untracked 
|  66|0x0000000089800000, 0x0000000089800000, 0x0000000089900000|  0%| F|  |TAMS 0x0000000089800000| PB 0x0000000089800000| Untracked 
|  67|0x0000000089900000, 0x0000000089900000, 0x0000000089a00000|  0%| F|  |TAMS 0x0000000089900000| PB 0x0000000089900000| Untracked 
|  68|0x0000000089a00000, 0x0000000089a00000, 0x0000000089b00000|  0%| F|  |TAMS 0x0000000089a00000| PB 0x0000000089a00000| Untracked 
|  69|0x0000000089b00000, 0x0000000089b00000, 0x0000000089c00000|  0%| F|  |TAMS 0x0000000089b00000| PB 0x0000000089b00000| Untracked 
|  70|0x0000000089c00000, 0x0000000089c00000, 0x0000000089d00000|  0%| F|  |TAMS 0x0000000089c00000| PB 0x0000000089c00000| Untracked 
|  71|0x0000000089d00000, 0x0000000089d00000, 0x0000000089e00000|  0%| F|  |TAMS 0x0000000089d00000| PB 0x0000000089d00000| Untracked 
|  72|0x0000000089e00000, 0x0000000089e00000, 0x0000000089f00000|  0%| F|  |TAMS 0x0000000089e00000| PB 0x0000000089e00000| Untracked 
|  73|0x0000000089f00000, 0x0000000089f00000, 0x000000008a000000|  0%| F|  |TAMS 0x0000000089f00000| PB 0x0000000089f00000| Untracked 
|  74|0x000000008a000000, 0x000000008a000000, 0x000000008a100000|  0%| F|  |TAMS 0x000000008a000000| PB 0x000000008a000000| Untracked 
|  75|0x000000008a100000, 0x000000008a100000, 0x000000008a200000|  0%| F|  |TAMS 0x000000008a100000| PB 0x000000008a100000| Untracked 
|  76|0x000000008a200000, 0x000000008a200000, 0x000000008a300000|  0%| F|  |TAMS 0x000000008a200000| PB 0x000000008a200000| Untracked 
|  77|0x000000008a300000, 0x000000008a300000, 0x000000008a400000|  0%| F|  |TAMS 0x000000008a300000| PB 0x000000008a300000| Untracked 
|  78|0x000000008a400000, 0x000000008a400000, 0x000000008a500000|  0%| F|  |TAMS 0x000000008a400000| PB 0x000000008a400000| Untracked 
|  79|0x000000008a500000, 0x000000008a500000, 0x000000008a600000|  0%| F|  |TAMS 0x000000008a500000| PB 0x000000008a500000| Untracked 
|  80|0x000000008a600000, 0x000000008a600000, 0x000000008a700000|  0%| F|  |TAMS 0x000000008a600000| PB 0x000000008a600000| Untracked 
|  81|0x000000008a700000, 0x000000008a700000, 0x000000008a800000|  0%| F|  |TAMS 0x000000008a700000| PB 0x000000008a700000| Untracked 
|  82|0x000000008a800000, 0x000000008a800000, 0x000000008a900000|  0%| F|  |TAMS 0x000000008a800000| PB 0x000000008a800000| Untracked 
|  83|0x000000008a900000, 0x000000008a900000, 0x000000008aa00000|  0%| F|  |TAMS 0x000000008a900000| PB 0x000000008a900000| Untracked 
|  84|0x000000008aa00000, 0x000000008aa00000, 0x000000008ab00000|  0%| F|  |TAMS 0x000000008aa00000| PB 0x000000008aa00000| Untracked 
|  85|0x000000008ab00000, 0x000000008ab00000, 0x000000008ac00000|  0%| F|  |TAMS 0x000000008ab00000| PB 0x000000008ab00000| Untracked 
|  86|0x000000008ac00000, 0x000000008ac00000, 0x000000008ad00000|  0%| F|  |TAMS 0x000000008ac00000| PB 0x000000008ac00000| Untracked 
|  87|0x000000008ad00000, 0x000000008ad00000, 0x000000008ae00000|  0%| F|  |TAMS 0x000000008ad00000| PB 0x000000008ad00000| Untracked 
|  88|0x000000008ae00000, 0x000000008ae00000, 0x000000008af00000|  0%| F|  |TAMS 0x000000008ae00000| PB 0x000000008ae00000| Untracked 
|  89|0x000000008af00000, 0x000000008af00000, 0x000000008b000000|  0%| F|  |TAMS 0x000000008af00000| PB 0x000000008af00000| Untracked 
|  90|0x000000008b000000, 0x000000008b000000, 0x000000008b100000|  0%| F|  |TAMS 0x000000008b000000| PB 0x000000008b000000| Untracked 
|  91|0x000000008b100000, 0x000000008b100000, 0x000000008b200000|  0%| F|  |TAMS 0x000000008b100000| PB 0x000000008b100000| Untracked 
|  92|0x000000008b200000, 0x000000008b200000, 0x000000008b300000|  0%| F|  |TAMS 0x000000008b200000| PB 0x000000008b200000| Untracked 
|  93|0x000000008b300000, 0x000000008b300000, 0x000000008b400000|  0%| F|  |TAMS 0x000000008b300000| PB 0x000000008b300000| Untracked 
|  94|0x000000008b400000, 0x000000008b400000, 0x000000008b500000|  0%| F|  |TAMS 0x000000008b400000| PB 0x000000008b400000| Untracked 
|  95|0x000000008b500000, 0x000000008b500000, 0x000000008b600000|  0%| F|  |TAMS 0x000000008b500000| PB 0x000000008b500000| Untracked 
|  96|0x000000008b600000, 0x000000008b600000, 0x000000008b700000|  0%| F|  |TAMS 0x000000008b600000| PB 0x000000008b600000| Untracked 
|  97|0x000000008b700000, 0x000000008b700000, 0x000000008b800000|  0%| F|  |TAMS 0x000000008b700000| PB 0x000000008b700000| Untracked 
|  98|0x000000008b800000, 0x000000008b800000, 0x000000008b900000|  0%| F|  |TAMS 0x000000008b800000| PB 0x000000008b800000| Untracked 
|  99|0x000000008b900000, 0x000000008b900000, 0x000000008ba00000|  0%| F|  |TAMS 0x000000008b900000| PB 0x000000008b900000| Untracked 
| 100|0x000000008ba00000, 0x000000008ba00000, 0x000000008bb00000|  0%| F|  |TAMS 0x000000008ba00000| PB 0x000000008ba00000| Untracked 
| 101|0x000000008bb00000, 0x000000008bb00000, 0x000000008bc00000|  0%| F|  |TAMS 0x000000008bb00000| PB 0x000000008bb00000| Untracked 
| 102|0x000000008bc00000, 0x000000008bc00000, 0x000000008bd00000|  0%| F|  |TAMS 0x000000008bc00000| PB 0x000000008bc00000| Untracked 
| 103|0x000000008bd00000, 0x000000008bd00000, 0x000000008be00000|  0%| F|  |TAMS 0x000000008bd00000| PB 0x000000008bd00000| Untracked 
| 104|0x000000008be00000, 0x000000008be00000, 0x000000008bf00000|  0%| F|  |TAMS 0x000000008be00000| PB 0x000000008be00000| Untracked 
| 105|0x000000008bf00000, 0x000000008bf00000, 0x000000008c000000|  0%| F|  |TAMS 0x000000008bf00000| PB 0x000000008bf00000| Untracked 
| 106|0x000000008c000000, 0x000000008c000000, 0x000000008c100000|  0%| F|  |TAMS 0x000000008c000000| PB 0x000000008c000000| Untracked 
| 107|0x000000008c100000, 0x000000008c100000, 0x000000008c200000|  0%| F|  |TAMS 0x000000008c100000| PB 0x000000008c100000| Untracked 
| 108|0x000000008c200000, 0x000000008c200000, 0x000000008c300000|  0%| F|  |TAMS 0x000000008c200000| PB 0x000000008c200000| Untracked 
| 109|0x000000008c300000, 0x000000008c300000, 0x000000008c400000|  0%| F|  |TAMS 0x000000008c300000| PB 0x000000008c300000| Untracked 
| 110|0x000000008c400000, 0x000000008c476450, 0x000000008c500000| 46%| E|  |TAMS 0x000000008c400000| PB 0x000000008c400000| Complete 
| 111|0x000000008c500000, 0x000000008c600000, 0x000000008c600000|100%| E|CS|TAMS 0x000000008c500000| PB 0x000000008c500000| Complete 
| 112|0x000000008c600000, 0x000000008c700000, 0x000000008c700000|100%| E|CS|TAMS 0x000000008c600000| PB 0x000000008c600000| Complete 
| 113|0x000000008c700000, 0x000000008c800000, 0x000000008c800000|100%| E|CS|TAMS 0x000000008c700000| PB 0x000000008c700000| Complete 
| 114|0x000000008c800000, 0x000000008c900000, 0x000000008c900000|100%| E|CS|TAMS 0x000000008c800000| PB 0x000000008c800000| Complete 
| 115|0x000000008c900000, 0x000000008ca00000, 0x000000008ca00000|100%| E|CS|TAMS 0x000000008c900000| PB 0x000000008c900000| Complete 
| 116|0x000000008ca00000, 0x000000008cb00000, 0x000000008cb00000|100%| E|CS|TAMS 0x000000008ca00000| PB 0x000000008ca00000| Complete 
| 117|0x000000008cb00000, 0x000000008cc00000, 0x000000008cc00000|100%| E|CS|TAMS 0x000000008cb00000| PB 0x000000008cb00000| Complete 
| 118|0x000000008cc00000, 0x000000008cd00000, 0x000000008cd00000|100%| E|CS|TAMS 0x000000008cc00000| PB 0x000000008cc00000| Complete 
| 119|0x000000008cd00000, 0x000000008ce00000, 0x000000008ce00000|100%| E|CS|TAMS 0x000000008cd00000| PB 0x000000008cd00000| Complete 
| 120|0x000000008ce00000, 0x000000008cf00000, 0x000000008cf00000|100%| E|CS|TAMS 0x000000008ce00000| PB 0x000000008ce00000| Complete 
| 121|0x000000008cf00000, 0x000000008d000000, 0x000000008d000000|100%| E|  |TAMS 0x000000008cf00000| PB 0x000000008cf00000| Complete 
| 122|0x000000008d000000, 0x000000008d100000, 0x000000008d100000|100%| E|CS|TAMS 0x000000008d000000| PB 0x000000008d000000| Complete 
| 123|0x000000008d100000, 0x000000008d200000, 0x000000008d200000|100%| E|CS|TAMS 0x000000008d100000| PB 0x000000008d100000| Complete 

Card table byte_map: [0x000001c8dda80000,0x000001c8dde60000] _byte_map_base: 0x000001c8dd655000

Marking Bits: (CMBitMap*) 0x000001c8c5cdf9f0
 Bits: [0x000001c8dde60000, 0x000001c8dfd08000)

Polling page: 0x000001c8c5460000

Metaspace:

Usage:
  Non-class:      2.11 MB used.
      Class:    209.17 KB used.
       Both:      2.32 MB used.

Virtual space:
  Non-class space:       64.00 MB reserved,       2.19 MB (  3%) committed,  1 nodes.
      Class space:        1.00 GB reserved,     256.00 KB ( <1%) committed,  1 nodes.
             Both:        1.06 GB reserved,       2.44 MB ( <1%) committed. 

Chunk freelists:
   Non-Class:  11.17 MB
       Class:  15.66 MB
        Both:  26.83 MB

MaxMetaspaceSize: unlimited
CompressedClassSpaceSize: 1.00 GB
Initial GC threshold: 21.00 MB
Current GC threshold: 21.00 MB
CDS: on
 - commit_granule_bytes: 65536.
 - commit_granule_words: 8192.
 - virtual_space_node_default_size: 8388608.
 - enlarge_chunks_in_place: 1.
 - use_allocation_guard: 0.


Internal statistics:

num_allocs_failed_limit: 0.
num_arena_births: 28.
num_arena_deaths: 0.
num_vsnodes_births: 2.
num_vsnodes_deaths: 0.
num_space_committed: 39.
num_space_uncommitted: 0.
num_chunks_returned_to_freelist: 0.
num_chunks_taken_from_freelist: 72.
num_chunk_merges: 0.
num_chunk_splits: 46.
num_chunks_enlarged: 34.
num_inconsistent_stats: 0.

CodeHeap 'non-profiled nmethods': size=120000Kb used=331Kb max_used=331Kb free=119668Kb
 bounds [0x000001c8d5e40000, 0x000001c8d60b0000, 0x000001c8dd370000]
CodeHeap 'profiled nmethods': size=120000Kb used=965Kb max_used=965Kb free=119034Kb
 bounds [0x000001c8ce370000, 0x000001c8ce5e0000, 0x000001c8d58a0000]
CodeHeap 'non-nmethods': size=5760Kb used=1399Kb max_used=1420Kb free=4360Kb
 bounds [0x000001c8d58a0000, 0x000001c8d5b10000, 0x000001c8d5e40000]
 total_blobs=1182 nmethods=684 adapters=403
 compilation: enabled
              stopped_count=0, restarted_count=0
 full_count=0

Compilation events (20 events):
Event: 2.915 Thread 0x000001c8e2732900 nmethod 673 0x000001c8d5e90b90 code [0x000001c8d5e90d20, 0x000001c8d5e90de8]
Event: 2.916 Thread 0x000001c8e2732900  676       3       java.util.regex.Pattern::isSupplementary (21 bytes)
Event: 2.916 Thread 0x000001c8e2732900 nmethod 676 0x000001c8ce45cd90 code [0x000001c8ce45cf40, 0x000001c8ce45d1b0]
Event: 2.916 Thread 0x000001c8e2732900  678       3       java.lang.StringLatin1::indexOf (121 bytes)
Event: 2.916 Thread 0x000001c8e2732900 nmethod 678 0x000001c8ce45d290 code [0x000001c8ce45d460, 0x000001c8ce45d948]
Event: 2.916 Thread 0x000001c8e2732900  675       3       sun.reflect.annotation.AnnotationInvocationHandler::invoke (182 bytes)
Event: 2.917 Thread 0x000001c8e2732900 nmethod 675 0x000001c8ce45db90 code [0x000001c8ce45dec0, 0x000001c8ce45efb8]
Event: 2.917 Thread 0x000001c8e2732900  679       3       java.net.URI::match (56 bytes)
Event: 2.917 Thread 0x000001c8e2732900 nmethod 679 0x000001c8ce45f510 code [0x000001c8ce45f6c0, 0x000001c8ce45f9b0]
Event: 2.917 Thread 0x000001c8e2732900  680       3       jdk.internal.loader.NativeLibraries$NativeLibraryImpl::find (9 bytes)
Event: 2.917 Thread 0x000001c8e2732900 nmethod 680 0x000001c8ce45fa90 code [0x000001c8ce45fc40, 0x000001c8ce45fd80]
Event: 2.920 Thread 0x000001c8e272ebc0 nmethod 660 0x000001c8d5e91690 code [0x000001c8d5e918c0, 0x000001c8d5e92350]
Event: 2.920 Thread 0x000001c8e272ebc0  674       4       java.lang.System::getSecurityManager (12 bytes)
Event: 2.920 Thread 0x000001c8e272ebc0 nmethod 674 0x000001c8d5e92990 code [0x000001c8d5e92b00, 0x000001c8d5e92b68]
Event: 2.929 Thread 0x000001c8e2732900  682       3       java.lang.String::codePointAt (50 bytes)
Event: 2.929 Thread 0x000001c8e2732900 nmethod 682 0x000001c8ce45fe10 code [0x000001c8ce460000, 0x000001c8ce460460]
Event: 2.929 Thread 0x000001c8e2732900  683       3       java.util.Arrays::asList (9 bytes)
Event: 2.930 Thread 0x000001c8e2732900 nmethod 683 0x000001c8ce460690 code [0x000001c8ce460860, 0x000001c8ce460ce8]
Event: 2.930 Thread 0x000001c8e2732900  684       3       java.util.Arrays$ArrayList::<init> (16 bytes)
Event: 2.930 Thread 0x000001c8e2732900 nmethod 684 0x000001c8ce460e90 code [0x000001c8ce461060, 0x000001c8ce461448]

GC Heap History (0 events):
No events

Dll operation events (20 events):
Event: 2.153 Loaded shared library D:\Registries\microsoft-jdk-21.0.4-windows-x64\jdk-21.0.4+7\bin\api-ms-win-core-datetime-l1-1-0.dll
Event: 2.204 Loaded shared library D:\Registries\microsoft-jdk-21.0.4-windows-x64\jdk-21.0.4+7\bin\api-ms-win-core-localization-l1-2-0.dll
Event: 2.253 Loaded shared library D:\Registries\microsoft-jdk-21.0.4-windows-x64\jdk-21.0.4+7\bin\api-ms-win-core-sysinfo-l1-1-0.dll
Event: 2.299 Loaded shared library D:\Registries\microsoft-jdk-21.0.4-windows-x64\jdk-21.0.4+7\bin\api-ms-win-core-synch-l1-2-0.dll
Event: 2.376 Loaded shared library D:\Registries\microsoft-jdk-21.0.4-windows-x64\jdk-21.0.4+7\bin\api-ms-win-core-console-l1-1-0.dll
Event: 2.429 Loaded shared library D:\Registries\microsoft-jdk-21.0.4-windows-x64\jdk-21.0.4+7\bin\api-ms-win-core-debug-l1-1-0.dll
Event: 2.479 Loaded shared library D:\Registries\microsoft-jdk-21.0.4-windows-x64\jdk-21.0.4+7\bin\api-ms-win-core-rtlsupport-l1-1-0.dll
Event: 2.524 Loaded shared library D:\Registries\microsoft-jdk-21.0.4-windows-x64\jdk-21.0.4+7\bin\api-ms-win-core-processthreads-l1-1-1.dll
Event: 2.575 Loaded shared library D:\Registries\microsoft-jdk-21.0.4-windows-x64\jdk-21.0.4+7\bin\api-ms-win-core-file-l1-2-0.dll
Event: 2.624 Loaded shared library D:\Registries\microsoft-jdk-21.0.4-windows-x64\jdk-21.0.4+7\bin\api-ms-win-core-profile-l1-1-0.dll
Event: 2.674 Loaded shared library D:\Registries\microsoft-jdk-21.0.4-windows-x64\jdk-21.0.4+7\bin\api-ms-win-core-memory-l1-1-0.dll
Event: 2.720 Loaded shared library D:\Registries\microsoft-jdk-21.0.4-windows-x64\jdk-21.0.4+7\bin\api-ms-win-core-util-l1-1-0.dll
Event: 2.769 Loaded shared library D:\Registries\microsoft-jdk-21.0.4-windows-x64\jdk-21.0.4+7\bin\api-ms-win-core-interlocked-l1-1-0.dll
Event: 2.886 Loaded shared library D:\Registries\microsoft-jdk-21.0.4-windows-x64\jdk-21.0.4+7\bin\ucrtbase.dll
Event: 2.887 Loaded shared library D:\Registries\microsoft-jdk-21.0.4-windows-x64\jdk-21.0.4+7\bin\vcruntime140.dll
Event: 2.888 Loaded shared library D:\Registries\microsoft-jdk-21.0.4-windows-x64\jdk-21.0.4+7\bin\vcruntime140_1.dll
Event: 2.889 Loaded shared library D:\Registries\microsoft-jdk-21.0.4-windows-x64\jdk-21.0.4+7\bin\msvcp140.dll
Event: 2.893 Loaded shared library C:\Windows\System32\msvcp140_1.dll
Event: 2.900 Loaded shared library C:\Windows\System32\concrt140.dll
Event: 2.905 Loaded shared library C:\Windows\System32\vcomp140.dll

Deoptimization events (20 events):
Event: 2.524 Thread 0x000001c8c3ae89d0 Uncommon trap: trap_request=0xffffffbe fr.pc=0x000001c8d5e8a09c relative=0x00000000000003dc
Event: 2.524 Thread 0x000001c8c3ae89d0 Uncommon trap: reason=profile_predicate action=maybe_recompile pc=0x000001c8d5e8a09c method=java.lang.StringLatin1.indexOf([BI[BII)I @ 18 c2
Event: 2.524 Thread 0x000001c8c3ae89d0 DEOPT PACKING pc=0x000001c8d5e8a09c sp=0x00000036a48fc910
Event: 2.524 Thread 0x000001c8c3ae89d0 DEOPT UNPACKING pc=0x000001c8d58f46a2 sp=0x00000036a48fc870 mode 2
Event: 2.575 Thread 0x000001c8c3ae89d0 Uncommon trap: trap_request=0xffffffbe fr.pc=0x000001c8d5e8a09c relative=0x00000000000003dc
Event: 2.575 Thread 0x000001c8c3ae89d0 Uncommon trap: reason=profile_predicate action=maybe_recompile pc=0x000001c8d5e8a09c method=java.lang.StringLatin1.indexOf([BI[BII)I @ 18 c2
Event: 2.575 Thread 0x000001c8c3ae89d0 DEOPT PACKING pc=0x000001c8d5e8a09c sp=0x00000036a48fc8e0
Event: 2.575 Thread 0x000001c8c3ae89d0 DEOPT UNPACKING pc=0x000001c8d58f46a2 sp=0x00000036a48fc840 mode 2
Event: 2.576 Thread 0x000001c8c3ae89d0 Uncommon trap: trap_request=0xffffffbe fr.pc=0x000001c8d5e8a09c relative=0x00000000000003dc
Event: 2.576 Thread 0x000001c8c3ae89d0 Uncommon trap: reason=profile_predicate action=maybe_recompile pc=0x000001c8d5e8a09c method=java.lang.StringLatin1.indexOf([BI[BII)I @ 18 c2
Event: 2.576 Thread 0x000001c8c3ae89d0 DEOPT PACKING pc=0x000001c8d5e8a09c sp=0x00000036a48fc910
Event: 2.576 Thread 0x000001c8c3ae89d0 DEOPT UNPACKING pc=0x000001c8d58f46a2 sp=0x00000036a48fc870 mode 2
Event: 2.770 Thread 0x000001c8c3ae89d0 Uncommon trap: trap_request=0xffffff45 fr.pc=0x000001c8d5e68e40 relative=0x00000000000010a0
Event: 2.770 Thread 0x000001c8c3ae89d0 Uncommon trap: reason=unstable_if action=reinterpret pc=0x000001c8d5e68e40 method=jdk.internal.jimage.ImageStringsReader.stringFromByteBufferMatches(Ljava/nio/ByteBuffer;ILjava/lang/String;I)I @ 48 c2
Event: 2.770 Thread 0x000001c8c3ae89d0 DEOPT PACKING pc=0x000001c8d5e68e40 sp=0x00000036a48fc5b0
Event: 2.770 Thread 0x000001c8c3ae89d0 DEOPT UNPACKING pc=0x000001c8d58f46a2 sp=0x00000036a48fc2e8 mode 2
Event: 2.914 Thread 0x000001c8c3ae89d0 Uncommon trap: trap_request=0xffffff45 fr.pc=0x000001c8d5e8bd10 relative=0x0000000000000350
Event: 2.914 Thread 0x000001c8c3ae89d0 Uncommon trap: reason=unstable_if action=reinterpret pc=0x000001c8d5e8bd10 method=java.lang.StringLatin1.indexOf([BI[BII)I @ 27 c2
Event: 2.914 Thread 0x000001c8c3ae89d0 DEOPT PACKING pc=0x000001c8d5e8bd10 sp=0x00000036a48fddb0
Event: 2.914 Thread 0x000001c8c3ae89d0 DEOPT UNPACKING pc=0x000001c8d58f46a2 sp=0x00000036a48fdd10 mode 2

Classes loaded (20 events):
Event: 0.499 Loading class java/nio/channels/spi/AbstractInterruptibleChannel$1
Event: 0.499 Loading class sun/nio/ch/Interruptible
Event: 0.499 Loading class sun/nio/ch/Interruptible done
Event: 0.499 Loading class java/nio/channels/spi/AbstractInterruptibleChannel$1 done
Event: 0.516 Loading class java/io/FileOutputStream$1
Event: 0.516 Loading class java/io/FileOutputStream$1 done
Event: 0.562 Loading class java/lang/NumberFormatException
Event: 0.562 Loading class java/lang/NumberFormatException done
Event: 0.564 Loading class java/lang/ProcessEnvironment
Event: 0.564 Loading class java/lang/ProcessEnvironment done
Event: 0.564 Loading class java/lang/ProcessEnvironment$NameComparator
Event: 0.564 Loading class java/lang/ProcessEnvironment$NameComparator done
Event: 0.564 Loading class java/lang/ProcessEnvironment$EntryComparator
Event: 0.564 Loading class java/lang/ProcessEnvironment$EntryComparator done
Event: 0.565 Loading class java/lang/ProcessEnvironment$CheckedEntrySet
Event: 0.565 Loading class java/lang/ProcessEnvironment$CheckedEntrySet done
Event: 0.565 Loading class java/lang/ProcessEnvironment$CheckedEntrySet$1
Event: 0.565 Loading class java/lang/ProcessEnvironment$CheckedEntrySet$1 done
Event: 0.565 Loading class java/lang/ProcessEnvironment$CheckedEntry
Event: 0.565 Loading class java/lang/ProcessEnvironment$CheckedEntry done

Classes unloaded (0 events):
No events

Classes redefined (0 events):
No events

Internal exceptions (7 events):
Event: 0.426 Thread 0x000001c8c3ae89d0 Exception <a 'java/lang/NoSuchMethodError'{0x000000008ce3b2b8}: 'int java.lang.invoke.DirectMethodHandle$Holder.invokeStaticInit(java.lang.Object, java.lang.Object, java.lang.Object, java.lang.Object)'> (0x000000008ce3b2b8) 
thrown [s\src\hotspot\share\interpreter\linkResolver.cpp, line 773]
Event: 0.427 Thread 0x000001c8c3ae89d0 Exception <a 'java/lang/NoSuchMethodError'{0x000000008ce43ea0}: 'java.lang.Object java.lang.invoke.DirectMethodHandle$Holder.invokeInterface(java.lang.Object, java.lang.Object)'> (0x000000008ce43ea0) 
thrown [s\src\hotspot\share\interpreter\linkResolver.cpp, line 773]
Event: 0.427 Thread 0x000001c8c3ae89d0 Exception <a 'java/lang/IncompatibleClassChangeError'{0x000000008ce471a8}: Found class java.lang.Object, but interface was expected> (0x000000008ce471a8) 
thrown [s\src\hotspot\share\interpreter\linkResolver.cpp, line 840]
Event: 0.427 Thread 0x000001c8c3ae89d0 Exception <a 'java/lang/NoSuchMethodError'{0x000000008ce49e78}: 'void java.lang.invoke.DirectMethodHandle$Holder.invokeStatic(java.lang.Object, java.lang.Object)'> (0x000000008ce49e78) 
thrown [s\src\hotspot\share\interpreter\linkResolver.cpp, line 773]
Event: 0.428 Thread 0x000001c8c3ae89d0 Exception <a 'java/lang/NoSuchMethodError'{0x000000008ce4d278}: 'void java.lang.invoke.DirectMethodHandle$Holder.invokeStaticInit(java.lang.Object, java.lang.Object)'> (0x000000008ce4d278) 
thrown [s\src\hotspot\share\interpreter\linkResolver.cpp, line 773]
Event: 0.428 Thread 0x000001c8c3ae89d0 Exception <a 'java/lang/NoSuchMethodError'{0x000000008ce52e68}: 'int java.lang.invoke.DirectMethodHandle$Holder.invokeStaticInit(java.lang.Object, java.lang.Object)'> (0x000000008ce52e68) 
thrown [s\src\hotspot\share\interpreter\linkResolver.cpp, line 773]
Event: 0.496 Thread 0x000001c8c3ae89d0 Exception <a 'java/lang/NoSuchMethodError'{0x000000008cc37e08}: 'java.lang.Object java.lang.invoke.DirectMethodHandle$Holder.invokeStatic(java.lang.Object, int, java.lang.Object)'> (0x000000008cc37e08) 
thrown [s\src\hotspot\share\interpreter\linkResolver.cpp, line 773]

ZGC Phase Switch (0 events):
No events

VM Operations (8 events):
Event: 0.141 Executing VM operation: HandshakeAllThreads (Deoptimize)
Event: 0.141 Executing VM operation: HandshakeAllThreads (Deoptimize) done
Event: 0.564 Executing VM operation: HandshakeAllThreads (Deoptimize)
Event: 0.564 Executing VM operation: HandshakeAllThreads (Deoptimize) done
Event: 1.564 Executing VM operation: Cleanup
Event: 1.564 Executing VM operation: Cleanup done
Event: 2.565 Executing VM operation: Cleanup
Event: 2.565 Executing VM operation: Cleanup done

Memory protections (0 events):
No events

Nmethod flushes (0 events):
No events

Events (12 events):
Event: 0.021 Thread 0x000001c8c3ae89d0 Thread added: 0x000001c8c3ae89d0
Event: 0.034 Thread 0x000001c8c3ae89d0 Thread added: 0x000001c8e2728610
Event: 0.034 Thread 0x000001c8c3ae89d0 Thread added: 0x000001c8e272a340
Event: 0.034 Thread 0x000001c8c3ae89d0 Thread added: 0x000001c8e272bf10
Event: 0.034 Thread 0x000001c8c3ae89d0 Thread added: 0x000001c8e272c970
Event: 0.034 Thread 0x000001c8c3ae89d0 Thread added: 0x000001c8e272d3d0
Event: 0.034 Thread 0x000001c8c3ae89d0 Thread added: 0x000001c8e272de30
Event: 0.034 Thread 0x000001c8c3ae89d0 Thread added: 0x000001c8e272ebc0
Event: 0.034 Thread 0x000001c8c3ae89d0 Thread added: 0x000001c8e2732900
Event: 0.046 Thread 0x000001c8c3ae89d0 Thread added: 0x000001c8e28e3450
Event: 0.048 Thread 0x000001c8c3ae89d0 Thread added: 0x000001c8e28f06e0
Event: 0.562 Thread 0x000001c8c3ae89d0 Thread added: 0x000001c8e29efaf0


Dynamic libraries:
0x00007ff665e50000 - 0x00007ff665e5e000 	D:\Registries\microsoft-jdk-21.0.4-windows-x64\jdk-21.0.4+7\bin\java.exe
0x00007ffa88870000 - 0x00007ffa88a68000 	C:\WINDOWS\SYSTEM32\ntdll.dll
0x00007ffa88410000 - 0x00007ffa884d2000 	C:\WINDOWS\System32\KERNEL32.DLL
0x00007ffa86120000 - 0x00007ffa8641e000 	C:\WINDOWS\System32\KERNELBASE.dll
0x00007ffa85f90000 - 0x00007ffa86090000 	C:\WINDOWS\System32\ucrtbase.dll
0x00007ffa62450000 - 0x00007ffa62468000 	D:\Registries\microsoft-jdk-21.0.4-windows-x64\jdk-21.0.4+7\bin\jli.dll
0x00007ffa65440000 - 0x00007ffa656da000 	C:\WINDOWS\WinSxS\amd64_microsoft.windows.common-controls_6595b64144ccf1df_6.0.19041.4355_none_60b8b9eb71f62e16\COMCTL32.dll
0x00007ffa71af0000 - 0x00007ffa71b0d000 	D:\Registries\microsoft-jdk-21.0.4-windows-x64\jdk-21.0.4+7\bin\VCRUNTIME140.dll
0x00007ffa885c0000 - 0x00007ffa8875d000 	C:\WINDOWS\System32\USER32.dll
0x00007ffa87560000 - 0x00007ffa875fe000 	C:\WINDOWS\System32\msvcrt.dll
0x00007ffa870b0000 - 0x00007ffa870db000 	C:\WINDOWS\System32\GDI32.dll
0x00007ffa86420000 - 0x00007ffa86442000 	C:\WINDOWS\System32\win32u.dll
0x00007ffa865a0000 - 0x00007ffa866b7000 	C:\WINDOWS\System32\gdi32full.dll
0x00007ffa86450000 - 0x00007ffa864ed000 	C:\WINDOWS\System32\msvcp_win.dll
0x00007ffa87160000 - 0x00007ffa8718f000 	C:\WINDOWS\System32\IMM32.DLL
0x00007ffa7faf0000 - 0x00007ffa7fafc000 	D:\Registries\microsoft-jdk-21.0.4-windows-x64\jdk-21.0.4+7\bin\vcruntime140_1.dll
0x00007ffa46640000 - 0x00007ffa466cd000 	D:\Registries\microsoft-jdk-21.0.4-windows-x64\jdk-21.0.4+7\bin\msvcp140.dll
0x00007ffa0a120000 - 0x00007ffa0aeb0000 	D:\Registries\microsoft-jdk-21.0.4-windows-x64\jdk-21.0.4+7\bin\server\jvm.dll
0x00007ffa87350000 - 0x00007ffa87401000 	C:\WINDOWS\System32\ADVAPI32.dll
0x00007ffa87190000 - 0x00007ffa8722f000 	C:\WINDOWS\System32\sechost.dll
0x00007ffa87410000 - 0x00007ffa87533000 	C:\WINDOWS\System32\RPCRT4.dll
0x00007ffa85f60000 - 0x00007ffa85f87000 	C:\WINDOWS\System32\bcrypt.dll
0x00007ffa887c0000 - 0x00007ffa8882b000 	C:\WINDOWS\System32\WS2_32.dll
0x00007ffa85cc0000 - 0x00007ffa85d0b000 	C:\WINDOWS\SYSTEM32\POWRPROF.dll
0x00007ffa72ce0000 - 0x00007ffa72cea000 	C:\WINDOWS\SYSTEM32\VERSION.dll
0x00007ffa7c420000 - 0x00007ffa7c447000 	C:\WINDOWS\SYSTEM32\WINMM.dll
0x00007ffa85ca0000 - 0x00007ffa85cb2000 	C:\WINDOWS\SYSTEM32\UMPDC.dll
0x00007ffa83a80000 - 0x00007ffa83a92000 	C:\WINDOWS\SYSTEM32\kernel.appcore.dll
0x00007ffa7fa80000 - 0x00007ffa7fa8a000 	D:\Registries\microsoft-jdk-21.0.4-windows-x64\jdk-21.0.4+7\bin\jimage.dll
0x00007ffa70180000 - 0x00007ffa70364000 	C:\WINDOWS\SYSTEM32\DBGHELP.DLL
0x00007ffa5e660000 - 0x00007ffa5e694000 	C:\WINDOWS\SYSTEM32\dbgcore.DLL
0x00007ffa86090000 - 0x00007ffa86112000 	C:\WINDOWS\System32\bcryptPrimitives.dll
0x00007ffa615e0000 - 0x00007ffa61600000 	D:\Registries\microsoft-jdk-21.0.4-windows-x64\jdk-21.0.4+7\bin\java.dll
0x00007ffa877e0000 - 0x00007ffa87f4d000 	C:\WINDOWS\System32\SHELL32.dll
0x00007ffa83ca0000 - 0x00007ffa84444000 	C:\WINDOWS\SYSTEM32\windows.storage.dll
0x00007ffa880a0000 - 0x00007ffa883f3000 	C:\WINDOWS\System32\combase.dll
0x00007ffa858d0000 - 0x00007ffa858fe000 	C:\WINDOWS\SYSTEM32\Wldp.dll
0x00007ffa884e0000 - 0x00007ffa885ad000 	C:\WINDOWS\System32\OLEAUT32.dll
0x00007ffa86890000 - 0x00007ffa8693d000 	C:\WINDOWS\System32\SHCORE.dll
0x00007ffa87fe0000 - 0x00007ffa88035000 	C:\WINDOWS\System32\shlwapi.dll
0x00007ffa85e40000 - 0x00007ffa85e64000 	C:\WINDOWS\SYSTEM32\profapi.dll
0x00007ffa368f0000 - 0x00007ffa369c7000 	D:\Registries\microsoft-jdk-21.0.4-windows-x64\jdk-21.0.4+7\bin\jsvml.dll
0x00007ffa7c470000 - 0x00007ffa7c480000 	D:\Registries\microsoft-jdk-21.0.4-windows-x64\jdk-21.0.4+7\bin\net.dll
0x00007ffa84e70000 - 0x00007ffa84f7d000 	C:\WINDOWS\SYSTEM32\WINHTTP.dll
0x00007ffa85630000 - 0x00007ffa8569a000 	C:\WINDOWS\system32\mswsock.dll
0x00007ffa5d2c0000 - 0x00007ffa5d2d6000 	D:\Registries\microsoft-jdk-21.0.4-windows-x64\jdk-21.0.4+7\bin\nio.dll
0x00007ffa5c5d0000 - 0x00007ffa5c5e8000 	D:\Registries\microsoft-jdk-21.0.4-windows-x64\jdk-21.0.4+7\bin\zip.dll
0x00007ffa33b40000 - 0x00007ffa33c68000 	C:\Windows\System32\opengl32.dll
0x00007ffa589c0000 - 0x00007ffa589ec000 	C:\WINDOWS\SYSTEM32\GLU32.dll
0x00007ffa32cb0000 - 0x00007ffa32f11000 	C:\Users\lekoskos000\.javacpp\cache\jaylib-5.0.0-0.jar\com\raylib\windows-x86_64\jniRaylib.dll
0x000001c8c5c50000 - 0x000001c8c5c54000 	D:\Registries\microsoft-jdk-21.0.4-windows-x64\jdk-21.0.4+7\bin\api-ms-win-crt-locale-l1-1-0.dll
0x000001c8e2b90000 - 0x000001c8e2b95000 	D:\Registries\microsoft-jdk-21.0.4-windows-x64\jdk-21.0.4+7\bin\api-ms-win-crt-string-l1-1-0.dll
0x000001c8e2ba0000 - 0x000001c8e2ba5000 	D:\Registries\microsoft-jdk-21.0.4-windows-x64\jdk-21.0.4+7\bin\api-ms-win-crt-stdio-l1-1-0.dll
0x000001c8e2bb0000 - 0x000001c8e2bb6000 	D:\Registries\microsoft-jdk-21.0.4-windows-x64\jdk-21.0.4+7\bin\api-ms-win-crt-math-l1-1-0.dll
0x000001c8e2bc0000 - 0x000001c8e2bc4000 	D:\Registries\microsoft-jdk-21.0.4-windows-x64\jdk-21.0.4+7\bin\api-ms-win-crt-heap-l1-1-0.dll
0x000001c8e2bd0000 - 0x000001c8e2bd5000 	D:\Registries\microsoft-jdk-21.0.4-windows-x64\jdk-21.0.4+7\bin\api-ms-win-crt-runtime-l1-1-0.dll
0x000001c8e2be0000 - 0x000001c8e2be5000 	D:\Registries\microsoft-jdk-21.0.4-windows-x64\jdk-21.0.4+7\bin\api-ms-win-crt-convert-l1-1-0.dll
0x000001c8e2bf0000 - 0x000001c8e2bf4000 	D:\Registries\microsoft-jdk-21.0.4-windows-x64\jdk-21.0.4+7\bin\api-ms-win-crt-environment-l1-1-0.dll
0x000001c8e2c00000 - 0x000001c8e2c04000 	D:\Registries\microsoft-jdk-21.0.4-windows-x64\jdk-21.0.4+7\bin\api-ms-win-crt-time-l1-1-0.dll
0x000001c8e2c10000 - 0x000001c8e2c14000 	D:\Registries\microsoft-jdk-21.0.4-windows-x64\jdk-21.0.4+7\bin\api-ms-win-crt-filesystem-l1-1-0.dll
0x000001c8e2c20000 - 0x000001c8e2c24000 	D:\Registries\microsoft-jdk-21.0.4-windows-x64\jdk-21.0.4+7\bin\api-ms-win-crt-utility-l1-1-0.dll
0x000001c8e2c30000 - 0x000001c8e2c36000 	D:\Registries\microsoft-jdk-21.0.4-windows-x64\jdk-21.0.4+7\bin\api-ms-win-crt-multibyte-l1-1-0.dll
0x000001c8e2c40000 - 0x000001c8e2c44000 	D:\Registries\microsoft-jdk-21.0.4-windows-x64\jdk-21.0.4+7\bin\api-ms-win-crt-conio-l1-1-0.dll
0x000001c8e2c50000 - 0x000001c8e2c61000 	D:\Registries\microsoft-jdk-21.0.4-windows-x64\jdk-21.0.4+7\bin\api-ms-win-crt-private-l1-1-0.dll
0x000001c8e2c70000 - 0x000001c8e2c74000 	D:\Registries\microsoft-jdk-21.0.4-windows-x64\jdk-21.0.4+7\bin\api-ms-win-crt-process-l1-1-0.dll
0x000001c8e2c80000 - 0x000001c8e2c84000 	D:\Registries\microsoft-jdk-21.0.4-windows-x64\jdk-21.0.4+7\bin\api-ms-win-core-console-l1-2-0.dll
0x000001c8e2c90000 - 0x000001c8e2c94000 	D:\Registries\microsoft-jdk-21.0.4-windows-x64\jdk-21.0.4+7\bin\api-ms-win-core-string-l1-1-0.dll
0x000001c8e2ca0000 - 0x000001c8e2ca4000 	D:\Registries\microsoft-jdk-21.0.4-windows-x64\jdk-21.0.4+7\bin\api-ms-win-core-errorhandling-l1-1-0.dll
0x000001c8e2cb0000 - 0x000001c8e2cb4000 	D:\Registries\microsoft-jdk-21.0.4-windows-x64\jdk-21.0.4+7\bin\api-ms-win-core-timezone-l1-1-0.dll
0x000001c8e2cc0000 - 0x000001c8e2cc5000 	D:\Registries\microsoft-jdk-21.0.4-windows-x64\jdk-21.0.4+7\bin\api-ms-win-core-file-l1-1-0.dll
0x000001c8e2cd0000 - 0x000001c8e2cd4000 	D:\Registries\microsoft-jdk-21.0.4-windows-x64\jdk-21.0.4+7\bin\api-ms-win-core-namedpipe-l1-1-0.dll
0x000001c8e2ce0000 - 0x000001c8e2ce4000 	D:\Registries\microsoft-jdk-21.0.4-windows-x64\jdk-21.0.4+7\bin\api-ms-win-core-handle-l1-1-0.dll
0x000001c8e2cf0000 - 0x000001c8e2cf4000 	D:\Registries\microsoft-jdk-21.0.4-windows-x64\jdk-21.0.4+7\bin\api-ms-win-core-file-l2-1-0.dll
0x000001c8e2d00000 - 0x000001c8e2d04000 	D:\Registries\microsoft-jdk-21.0.4-windows-x64\jdk-21.0.4+7\bin\api-ms-win-core-heap-l1-1-0.dll
0x000001c8e2d10000 - 0x000001c8e2d14000 	D:\Registries\microsoft-jdk-21.0.4-windows-x64\jdk-21.0.4+7\bin\api-ms-win-core-libraryloader-l1-1-0.dll
0x000001c8e2d20000 - 0x000001c8e2d24000 	D:\Registries\microsoft-jdk-21.0.4-windows-x64\jdk-21.0.4+7\bin\api-ms-win-core-synch-l1-1-0.dll
0x000001c8e2d30000 - 0x000001c8e2d34000 	D:\Registries\microsoft-jdk-21.0.4-windows-x64\jdk-21.0.4+7\bin\api-ms-win-core-processthreads-l1-1-0.dll
0x000001c8e2d40000 - 0x000001c8e2d44000 	D:\Registries\microsoft-jdk-21.0.4-windows-x64\jdk-21.0.4+7\bin\api-ms-win-core-processenvironment-l1-1-0.dll
0x000001c8e2d50000 - 0x000001c8e2d54000 	D:\Registries\microsoft-jdk-21.0.4-windows-x64\jdk-21.0.4+7\bin\api-ms-win-core-datetime-l1-1-0.dll
0x000001c8e2d60000 - 0x000001c8e2d64000 	D:\Registries\microsoft-jdk-21.0.4-windows-x64\jdk-21.0.4+7\bin\api-ms-win-core-localization-l1-2-0.dll
0x000001c8e2d70000 - 0x000001c8e2d74000 	D:\Registries\microsoft-jdk-21.0.4-windows-x64\jdk-21.0.4+7\bin\api-ms-win-core-sysinfo-l1-1-0.dll
0x000001c8e2d80000 - 0x000001c8e2d84000 	D:\Registries\microsoft-jdk-21.0.4-windows-x64\jdk-21.0.4+7\bin\api-ms-win-core-synch-l1-2-0.dll
0x000001c8e2d90000 - 0x000001c8e2d94000 	D:\Registries\microsoft-jdk-21.0.4-windows-x64\jdk-21.0.4+7\bin\api-ms-win-core-console-l1-1-0.dll
0x000001c8e2da0000 - 0x000001c8e2da4000 	D:\Registries\microsoft-jdk-21.0.4-windows-x64\jdk-21.0.4+7\bin\api-ms-win-core-debug-l1-1-0.dll
0x000001c8e2db0000 - 0x000001c8e2db4000 	D:\Registries\microsoft-jdk-21.0.4-windows-x64\jdk-21.0.4+7\bin\api-ms-win-core-rtlsupport-l1-1-0.dll
0x000001c8e2dc0000 - 0x000001c8e2dc4000 	D:\Registries\microsoft-jdk-21.0.4-windows-x64\jdk-21.0.4+7\bin\api-ms-win-core-processthreads-l1-1-1.dll
0x000001c8e2dd0000 - 0x000001c8e2dd4000 	D:\Registries\microsoft-jdk-21.0.4-windows-x64\jdk-21.0.4+7\bin\api-ms-win-core-file-l1-2-0.dll
0x000001c8e2de0000 - 0x000001c8e2de4000 	D:\Registries\microsoft-jdk-21.0.4-windows-x64\jdk-21.0.4+7\bin\api-ms-win-core-profile-l1-1-0.dll
0x000001c8e2df0000 - 0x000001c8e2df4000 	D:\Registries\microsoft-jdk-21.0.4-windows-x64\jdk-21.0.4+7\bin\api-ms-win-core-memory-l1-1-0.dll
0x000001c8e2e00000 - 0x000001c8e2e04000 	D:\Registries\microsoft-jdk-21.0.4-windows-x64\jdk-21.0.4+7\bin\api-ms-win-core-util-l1-1-0.dll
0x000001c8e2e10000 - 0x000001c8e2e14000 	D:\Registries\microsoft-jdk-21.0.4-windows-x64\jdk-21.0.4+7\bin\api-ms-win-core-interlocked-l1-1-0.dll
0x00007ffa31e50000 - 0x00007ffa31f61000 	D:\Registries\microsoft-jdk-21.0.4-windows-x64\jdk-21.0.4+7\bin\ucrtbase.dll
0x00007ffa7a050000 - 0x00007ffa7a059000 	C:\Windows\System32\msvcp140_1.dll
0x00007ffa583b0000 - 0x00007ffa583fd000 	C:\Windows\System32\concrt140.dll
0x00007ffa57870000 - 0x00007ffa5789e000 	C:\Windows\System32\vcomp140.dll

dbghelp: loaded successfully - version: 4.0.5 - missing functions: none
symbol engine: initialized successfully - sym options: 0x614 - pdb path: .;D:\Registries\microsoft-jdk-21.0.4-windows-x64\jdk-21.0.4+7\bin;C:\WINDOWS\SYSTEM32;C:\WINDOWS\WinSxS\amd64_microsoft.windows.common-controls_6595b64144ccf1df_6.0.19041.4355_none_60b8b9eb71f62e16;D:\Registries\microsoft-jdk-21.0.4-windows-x64\jdk-21.0.4+7\bin\server;C:\Users\lekoskos000\.javacpp\cache\jaylib-5.0.0-0.jar\com\raylib\windows-x86_64

VM Arguments:
java_command: com.quimbertco.QuimbertQuarrel.QuimbertQuarrel
java_class_path (initial): .\target\QuimbertQuarrel-1.0-SNAPSHOT.jar;.\lib\jaylib-5.0.0-0.jar
Launcher Type: SUN_STANDARD

[Global flags]
     intx CICompilerCount                          = 4                                         {product} {ergonomic}
     uint ConcGCThreads                            = 2                                         {product} {ergonomic}
     uint G1ConcRefinementThreads                  = 8                                         {product} {ergonomic}
   size_t G1HeapRegionSize                         = 1048576                                   {product} {ergonomic}
    uintx GCDrainStackTargetSize                   = 64                                        {product} {ergonomic}
   size_t InitialHeapSize                          = 130023424                                 {product} {ergonomic}
   size_t MarkStackSize                            = 4194304                                   {product} {ergonomic}
   size_t MaxHeapSize                              = 2057306112                                {product} {ergonomic}
   size_t MaxNewSize                               = 1234173952                                {product} {ergonomic}
   size_t MinHeapDeltaBytes                        = 1048576                                   {product} {ergonomic}
   size_t MinHeapSize                              = 8388608                                   {product} {ergonomic}
    uintx NonNMethodCodeHeapSize                   = 5839372                                {pd product} {ergonomic}
    uintx NonProfiledCodeHeapSize                  = 122909434                              {pd product} {ergonomic}
    uintx ProfiledCodeHeapSize                     = 122909434                              {pd product} {ergonomic}
    uintx ReservedCodeCacheSize                    = 251658240                              {pd product} {ergonomic}
     bool SegmentedCodeCache                       = true                                      {product} {ergonomic}
   size_t SoftMaxHeapSize                          = 2057306112                             {manageable} {ergonomic}
     bool UseCompressedOops                        = true                           {product lp64_product} {ergonomic}
     bool UseG1GC                                  = true                                      {product} {ergonomic}
     bool UseLargePagesIndividualAllocation        = false                                  {pd product} {ergonomic}

Logging:
Log output configuration:
 #0: stdout all=warning uptime,level,tags foldmultilines=false
 #1: stderr all=off uptime,level,tags foldmultilines=false

Environment Variables:
PATH=D:\Registries\microsoft-jdk-21.0.4-windows-x64\jdk-21.0.4+7\bin;D:\Registries\apache-maven-3.9.9-bin\apache-maven-3.9.9\bin;D:\Apps\w64devkit\w64devkit\bin;D:\Apps\git\Git\bin;D:\Apps\git\Git\mingw64\etc\ssl\certs;C:\WINDOWS\system32;C:\WINDOWS;C:\WINDOWS\System32\Wbem;C:\WINDOWS\System32\WindowsPowerShell\v1.0\;C:\Users\lekoskos000\AppData\Local\Microsoft\WindowsApps
USERNAME=lekoskos000
LANG=en_US.UTF-8
OS=Windows_NT
PROCESSOR_IDENTIFIER=Intel64 Family 6 Model 154 Stepping 4, GenuineIntel
TMP=C:\Users\LEKOSK~1\AppData\Local\Temp
TEMP=C:\Users\LEKOSK~1\AppData\Local\Temp




Periodic native trim disabled

---------------  S Y S T E M  ---------------

OS:
 Windows 10 , 64 bit Build 19041 (10.0.19041.5072)
OS uptime: 5 days 2:52 hours

CPU: total 8 (initial active 8) (4 cores per cpu, 2 threads per core) family 6 model 154 stepping 4 microcode 0x430, cx8, cmov, fxsr, ht, mmx, 3dnowpref, sse, sse2, sse3, ssse3, sse4.1, sse4.2, popcnt, lzcnt, tsc, tscinvbit, avx, avx2, aes, erms, clmul, bmi1, bmi2, adx, sha, fma, vzeroupper, clflush, clflushopt, clwb, serialize, rdtscp, rdpid, fsrm, f16c, pku, cet_ibt, cet_ss
Processor Information for processor 0
  Max Mhz: 1000, Current Mhz: 1000, Mhz Limit: 700
Processor Information for processor 1
  Max Mhz: 1000, Current Mhz: 1000, Mhz Limit: 700
Processor Information for processor 2
  Max Mhz: 1000, Current Mhz: 1000, Mhz Limit: 1000
Processor Information for processor 3
  Max Mhz: 1000, Current Mhz: 1000, Mhz Limit: 1000
Processor Information for processor 4
  Max Mhz: 1000, Current Mhz: 700, Mhz Limit: 700
Processor Information for processor 5
  Max Mhz: 1000, Current Mhz: 700, Mhz Limit: 700
Processor Information for processor 6
  Max Mhz: 1000, Current Mhz: 700, Mhz Limit: 700
Processor Information for processor 7
  Max Mhz: 1000, Current Mhz: 700, Mhz Limit: 700

Memory: 4k page, system-wide physical 7840M (2400M free)
TotalPageFile size 12095M (AvailPageFile size 4016M)
current process WorkingSet (physical memory assigned to process): 56M, peak: 56M
current process commit charge ("private bytes"): 211M, peak: 212M

vm_info: OpenJDK 64-Bit Server VM (21.0.4+7-LTS) for windows-amd64 JRE (21.0.4+7-LTS), built on 2024-07-16T17:40:50Z by "MicrosoftCorporation" with unknown MS VC++:1939

END.
