#
# A fatal error has been detected by the Java Runtime Environment:
#
#  SIGSEGV (0xb) at pc=0x0000000000000000, pid=82432, tid=82433
#
# JRE version: OpenJDK Runtime Environment (21.0.6+7) (build 21.0.6+7)
# Java VM: OpenJDK 64-Bit Server VM (21.0.6+7, mixed mode, sharing, tiered, compressed oops, compressed class ptrs, g1 gc, linux-amd64)
# Problematic frame:
# C  [libjniRaylib.so+0x14e2af]  rlLoadTexture+0x4f
#
# Core dump will be written. Default location: Core dumps may be processed with "/usr/lib/systemd/systemd-coredump %P %u %g %s %t %c %h" (or dumping to /home/liam/Code/java/quimbert/java/core.82432)
#
# If you would like to submit a bug report, please visit:
#   https://bugreport.java.com/bugreport/crash.jsp
# The crash happened outside the Java Virtual Machine in native code.
# See problematic frame for where to report the bug.
#

---------------  S U M M A R Y ------------

Command Line: com.quimbertco.QuimbertQuarrel.QuimbertQuarrel

Host: AMD A10-7800 Radeon R7, 12 Compute Cores 4C+8G, 4 cores, 10G, Arch Linux
Time: Mon Mar 24 21:20:11 2025 PDT elapsed time: 0.480526 seconds (0d 0h 0m 0s)

---------------  T H R E A D  ---------------

Current thread (0x0000711b28019250):  JavaThread "main"             [_thread_in_native, id=82433, stack(0x0000711b2e100000,0x0000711b2e200000) (1024K)]

Stack: [0x0000711b2e100000,0x0000711b2e200000],  sp=0x0000711b2e1fe400,  free space=1017k
Native frames: (J=compiled Java code, j=interpreted, Vv=VM code, C=native code)
C  [libjniRaylib.so+0x14e2af]  rlLoadTexture+0x4f
Java frames: (J=compiled Java code, j=interpreted, Vv=VM code)
j  com.raylib.Raylib.LoadTextureFromImage(Lcom/raylib/Raylib$Image;)Lcom/raylib/Raylib$Texture;+0
j  com.quimbertco.QuimbertQuarrel.QuimbertQuarrel.main([Ljava/lang/String;)V+667
v  ~StubRoutines::call_stub 0x0000711b17b37cc6

siginfo: si_signo: 11 (SIGSEGV), si_code: 1 (SEGV_MAPERR), si_addr: 0x0000000000000000

Registers:
RAX=0x0000711b0c970758, RBX=0x0000000000000040, RCX=0x0000000000000007, RDX=0x0000000000000040
RSP=0x0000711b2e1fe3f8, RBP=0x0000000000000001, RSI=0x0000000000000000, RDI=0x0000000000000de1
R8 =0x0000000000000001, R9 =0x0000000000000020, R10=0x0000000000000002, R11=0x0000000000000001
R12=0x0000711b28283280, R13=0x0000000000000007, R14=0x0000000000000007, R15=0x0000711b28019250
RIP=0x0000000000000000, EFLAGS=0x0000000000010246, CSGSFS=0x002b000000000033, ERR=0x0000000000000014
  TRAPNO=0x000000000000000e

XMM[0]=0x0000000000000000 0x0000000000000000
XMM[1]=0x0000000000000000 0x00000000000000ff
XMM[2]=0x0025616700325f67 0x6e697274535f0065
XMM[3]=0x0000000000000000 0x00007274535f0065
XMM[4]=0x0000000000000000 0x0000711b28000090
XMM[5]=0x0000711b2828e718 0x0000711b2828dcb0
XMM[6]=0x0000000000000000 0x2eb4afa7efb4afa7
XMM[7]=0x6567616d496d6f72 0x4665727574786554
XMM[8]=0x384238473852207c 0x2034367834362820
XMM[9]=0x796c6c7566737365 0x6363757320646564
XMM[10]=0x0000000000000000 0xffffffffffffffff
XMM[11]=0x0000000000000000 0x0000000000000000
XMM[12]=0x0000000000000000 0x0000000000000000
XMM[13]=0x0000000000000000 0x0000000000000000
XMM[14]=0x0000000000000000 0x0000000000000000
XMM[15]=0x0000000000000000 0xcafebabecafebabe
  MXCSR=0x00001fa0


Register to memory mapping:

RAX=0x0000711b0c970758: glad_glBindTexture+0x0000000000000000 in /home/liam/.javacpp/cache/jaylib-5.0.0-0.jar/com/raylib/linux-x86_64/libjniRaylib.so at 0x0000711b0c600000
RBX=0x0000000000000040 is an unknown value
RCX=0x0000000000000007 is an unknown value
RDX=0x0000000000000040 is an unknown value
RSP=0x0000711b2e1fe3f8 is pointing into the stack for thread: 0x0000711b28019250
RBP=0x0000000000000001 is an unknown value
RSI=0x0 is null
RDI=0x0000000000000de1 is an unknown value
R8 =0x0000000000000001 is an unknown value
R9 =0x0000000000000020 is an unknown value
R10=0x0000000000000002 is an unknown value
R11=0x0000000000000001 is an unknown value
R12=0x0000711b28283280 points into unknown readable memory: 0x0000711b280005e0 | e0 05 00 28 1b 71 00 00
R13=0x0000000000000007 is an unknown value
R14=0x0000000000000007 is an unknown value
R15=0x0000711b28019250 is a thread

Top of Stack: (sp=0x0000711b2e1fe3f8)
0x0000711b2e1fe3f8:   0000711b0c74e2af 0000711b2e1fe540
0x0000711b2e1fe408:   0000711b28289ca0 0000711b00000001
0x0000711b2e1fe418:   000000000000000d 0000711b28159ee0
0x0000711b2e1fe428:   0000711b28019250 0000711b2e1fe490
0x0000711b2e1fe438:   0000004000000040 0000711a00000000
0x0000711b2e1fe448:   0000000000000000 0000711b28000090
0x0000711b2e1fe458:   0000000000000960 0000711b28019950
0x0000711b2e1fe468:   01d68e2e03b5a700 0000711b28000030
0x0000711b2e1fe478:   0000000000000040 0000000000000001
0x0000711b2e1fe488:   0000711b28283280 0000000000000040
0x0000711b2e1fe498:   0000000000000007 0000711b28019250
0x0000711b2e1fe4a8:   0000711b0c80773d 0000711b28283280
0x0000711b2e1fe4b8:   0000711b2e1fe590 0000000000000000
0x0000711b2e1fe4c8:   0000711aab437980 0000711b2e1fe610
0x0000711b2e1fe4d8:   0000711b0c6d3024 0000711b28289ca0
0x0000711b2e1fe4e8:   0000004000000040 0000000700000001
0x0000711b2e1fe4f8:   0000711b0c6d300c 0000711b2e1fe560
0x0000711b2e1fe508:   0000711b2e1fe610 0000711b2e1fe600
0x0000711b2e1fe518:   0000711b28019608 0000000000000000
0x0000711b2e1fe528:   0000000000000000 0000711b28283130
0x0000711b2e1fe538:   0000000000000000 0000711b2e1fe580
0x0000711b2e1fe548:   0000711b2e8b4fb8 0000711aab437990
0x0000711b2e1fe558:   0000711b28019250 0000711b28289ca0
0x0000711b2e1fe568:   0000004000000040 0000000700000001
0x0000711b2e1fe578:   01d68e2e03b5a700 0000711aab437990
0x0000711b2e1fe588:   0000000000000000 0000711b2e1fe5f0
0x0000711b2e1fe598:   0000711b17b439c0 0000711b17b4365f
0x0000711b2e1fe5a8:   0000711b2e1fe5a8 0000711aab437980
0x0000711b2e1fe5b8:   0000000000000004 0000711aab45d3a0
0x0000711b2e1fe5c8:   0000000000000000 00000007605e5760
0x0000711b2e1fe5d8:   0000711aab437990 0000000000000000
0x0000711b2e1fe5e8:   0000711b2e1fe610 0000711b2e1fe660 

Instructions: (pc=0x0000711b0c74e2af)
0x0000711b0c74e1af:   00 48 8d 05 5b 9a 17 00 c3 0f 1f 84 00 00 00 00
0x0000711b0c74e1bf:   00 48 8d 05 41 9a 17 00 c3 0f 1f 84 00 00 00 00
0x0000711b0c74e1cf:   00 48 8d 05 2d 9a 17 00 c3 0f 1f 84 00 00 00 00
0x0000711b0c74e1df:   00 48 8d 05 10 9a 17 00 c3 0f 1f 84 00 00 00 00
0x0000711b0c74e1ef:   00 48 8d 05 f6 99 17 00 c3 0f 1f 84 00 00 00 00
0x0000711b0c74e1ff:   00 48 8d 05 e2 99 17 00 c3 0f 1f 84 00 00 00 00
0x0000711b0c74e20f:   00 48 8d 05 c9 99 17 00 c3 0f 1f 84 00 00 00 00
0x0000711b0c74e21f:   00 48 8d 05 b0 99 17 00 c3 0f 1f 84 00 00 00 00
0x0000711b0c74e22f:   00 48 8d 05 97 99 17 00 c3 0f 1f 84 00 00 00 00
0x0000711b0c74e23f:   00 48 8d 05 80 99 17 00 c3 0f 1f 84 00 00 00 00
0x0000711b0c74e24f:   00 48 8d 05 69 99 17 00 c3 48 8d 05 4f 99 17 00
0x0000711b0c74e25f:   c3 f3 0f 1e fa 41 57 41 56 41 55 41 89 cd 41 54
0x0000711b0c74e26f:   55 53 48 83 ec 78 48 89 7c 24 08 bf e1 0d 00 00
0x0000711b0c74e27f:   89 74 24 38 31 f6 89 54 24 3c 44 89 44 24 10 64
0x0000711b0c74e28f:   48 8b 04 25 28 00 00 00 48 89 44 24 68 31 c0 48
0x0000711b0c74e29f:   8d 05 b3 24 22 00 c7 44 24 40 00 00 00 00 ff 10
0x0000711b0c74e2af:   80 3d f9 83 22 00 00 75 0d 41 8d 45 f2 83 f8 03
0x0000711b0c74e2bf:   0f 86 b3 03 00 00 80 3d e4 83 22 00 01 74 0a 41
0x0000711b0c74e2cf:   83 fd 12 0f 84 f8 03 00 00 80 3d d2 83 22 00 00
0x0000711b0c74e2df:   75 0d 41 8d 45 ed 83 f8 01 0f 86 aa 03 00 00 80
0x0000711b0c74e2ef:   3d bd 83 22 00 00 75 0d 41 8d 45 eb 83 f8 01 0f
0x0000711b0c74e2ff:   86 b0 03 00 00 80 3d a8 83 22 00 00 0f 84 1f 03
0x0000711b0c74e30f:   00 00 48 8d 05 40 13 22 00 be 01 00 00 00 bf f5
0x0000711b0c74e31f:   0c 00 00 ff 10 48 8d 05 dd 1c 22 00 48 8d 74 24
0x0000711b0c74e32f:   40 bf 01 00 00 00 ff 10 48 8d 05 1a 24 22 00 8b
0x0000711b0c74e33f:   74 24 40 bf e1 0d 00 00 ff 10 44 8b 44 24 10 45
0x0000711b0c74e34f:   85 c0 0f 8e 99 03 00 00 41 8d 45 ff 4c 8b 64 24
0x0000711b0c74e35f:   08 44 8b 7c 24 3c 31 ed 89 44 24 14 41 8d 45 f2
0x0000711b0c74e36f:   44 8b 74 24 38 89 44 24 30 41 8d 45 f0 89 44 24
0x0000711b0c74e37f:   34 48 8d 44 24 4c 48 89 44 24 28 48 8d 44 24 48
0x0000711b0c74e38f:   48 89 44 24 20 48 8d 44 24 44 48 89 44 24 18 e9
0x0000711b0c74e39f:   f5 00 00 00 0f 1f 44 00 00 83 7c 24 30 01 0f 86 


Stack slot to memory mapping:

stack at sp + 0 slots: 0x0000711b2e1fe540 is pointing into the stack for thread: 0x0000711b28019250
stack at sp + 1 slots: 0x0000711b28289ca0 points into unknown readable memory: 0x0000000000000000 | 00 00 00 00 00 00 00 00
stack at sp + 2 slots: 0x0000711b00000001 points into unknown readable memory: 00 00 00 1b 71 00 00
stack at sp + 3 slots: 0x000000000000000d is an unknown value
stack at sp + 4 slots: 0x0000711b28159ee0 points into unknown readable memory: 0x0000711b280f15c8 | c8 15 0f 28 1b 71 00 00
stack at sp + 5 slots: 0x0000711b28019250 is a thread
stack at sp + 6 slots: 0x0000711b2e1fe490 is pointing into the stack for thread: 0x0000711b28019250
stack at sp + 7 slots: 0x0000004000000040 is an unknown value


---------------  P R O C E S S  ---------------

Threads class SMR info:
_java_thread_list=0x0000711b28273500, length=11, elements={
0x0000711b28019250, 0x0000711b2810ab90, 0x0000711b2810c220, 0x0000711b2810d9b0,
0x0000711b2810eff0, 0x0000711b28110590, 0x0000711b281120d0, 0x0000711b28113790,
0x0000711b2815f5b0, 0x0000711b281628c0, 0x0000711b28274270
}

Java Threads: ( => current thread )
=>0x0000711b28019250 JavaThread "main"                              [_thread_in_native, id=82433, stack(0x0000711b2e100000,0x0000711b2e200000) (1024K)]
  0x0000711b2810ab90 JavaThread "Reference Handler"          daemon [_thread_blocked, id=82443, stack(0x0000711b2c0f4000,0x0000711b2c1f4000) (1024K)]
  0x0000711b2810c220 JavaThread "Finalizer"                  daemon [_thread_blocked, id=82444, stack(0x0000711b27f00000,0x0000711b28000000) (1024K)]
  0x0000711b2810d9b0 JavaThread "Signal Dispatcher"          daemon [_thread_blocked, id=82445, stack(0x0000711b0d700000,0x0000711b0d800000) (1024K)]
  0x0000711b2810eff0 JavaThread "Service Thread"             daemon [_thread_blocked, id=82446, stack(0x0000711b0d5ff000,0x0000711b0d6ff000) (1024K)]
  0x0000711b28110590 JavaThread "Monitor Deflation Thread"   daemon [_thread_blocked, id=82447, stack(0x0000711b0d4fe000,0x0000711b0d5fe000) (1024K)]
  0x0000711b281120d0 JavaThread "C2 CompilerThread0"         daemon [_thread_blocked, id=82448, stack(0x0000711b0d3fd000,0x0000711b0d4fd000) (1024K)]
  0x0000711b28113790 JavaThread "C1 CompilerThread0"         daemon [_thread_blocked, id=82449, stack(0x0000711b0d2fc000,0x0000711b0d3fc000) (1024K)]
  0x0000711b2815f5b0 JavaThread "Notification Thread"        daemon [_thread_blocked, id=82450, stack(0x0000711b0d1fb000,0x0000711b0d2fb000) (1024K)]
  0x0000711b281628c0 JavaThread "Common-Cleaner"             daemon [_thread_blocked, id=82451, stack(0x0000711b0d0fa000,0x0000711b0d1fa000) (1024K)]
  0x0000711b28274270 JavaThread "JavaCPP Deallocator"        daemon [_thread_blocked, id=82458, stack(0x0000711b0cff9000,0x0000711b0d0f9000) (1024K)]
Total: 11

Other Threads:
  0x0000711b28101bd0 VMThread "VM Thread"                           [id=82442, stack(0x0000711b2c1f5000,0x0000711b2c2f5000) (1024K)]
  0x0000711b280f02c0 WatcherThread "VM Periodic Task Thread"        [id=82441, stack(0x0000711b2c2f6000,0x0000711b2c3f6000) (1024K)]
  0x0000711b28069540 WorkerThread "GC Thread#0"                     [id=82434, stack(0x0000711b2cc80000,0x0000711b2cd80000) (1024K)]
  0x0000711b28075590 ConcurrentGCThread "G1 Main Marker"            [id=82435, stack(0x0000711b2cb7f000,0x0000711b2cc7f000) (1024K)]
  0x0000711b28076540 WorkerThread "G1 Conc#0"                       [id=82436, stack(0x0000711b2ca7e000,0x0000711b2cb7e000) (1024K)]
  0x0000711b280d6150 ConcurrentGCThread "G1 Refine#0"               [id=82437, stack(0x0000711b2c579000,0x0000711b2c679000) (1024K)]
  0x0000711b280d7110 ConcurrentGCThread "G1 Service"                [id=82438, stack(0x0000711b2c478000,0x0000711b2c578000) (1024K)]
Total: 7

Threads with active compile tasks:
Total: 0

VM state: not at safepoint (normal execution)

VM Mutex/Monitor currently owned by a thread: None

Heap address: 0x0000000755a00000, size: 2726 MB, Compressed Oops mode: Zero based, Oop shift amount: 3

CDS archive(s) mapped at: [0x0000711aaf000000-0x0000711aafc97000-0x0000711aafc97000), size 13201408, SharedBaseAddress: 0x0000711aaf000000, ArchiveRelocationMode: 1.
Compressed class space mapped at: 0x0000711ab0000000-0x0000711af0000000, reserved size: 1073741824
Narrow klass base: 0x0000711aaf000000, Narrow klass shift: 0, Narrow klass range: 0x100000000

GC Precious Log:
 CardTable entry size: 512
 Card Set container configuration: InlinePtr #cards 4 size 8 Array Of Cards #cards 16 size 48 Howl #buckets 8 coarsen threshold 3686 Howl Bitmap #cards 512 size 80 coarsen threshold 460 Card regions per heap region 1 cards per card region 4096
 CPUs: 4 total, 4 available
 Memory: 10899M
 Large Page Support: Disabled
 NUMA Support: Disabled
 Compressed Oops: Enabled (Zero based)
 Heap Region Size: 2M
 Heap Min Capacity: 8M
 Heap Initial Capacity: 172M
 Heap Max Capacity: 2726M
 Pre-touch: Disabled
 Parallel Workers: 4
 Concurrent Workers: 1
 Concurrent Refinement Workers: 4
 Periodic GC: Disabled

Heap:
 garbage-first heap   total 178176K, used 3121K [0x0000000755a00000, 0x0000000800000000)
  region size 2048K, 3 young (6144K), 0 survivors (0K)
 Metaspace       used 2183K, committed 2368K, reserved 1114112K
  class space    used 191K, committed 256K, reserved 1048576K

Heap Regions: E=young(eden), S=young(survivor), O=old, HS=humongous(starts), HC=humongous(continues), CS=collection set, F=free, TAMS=top-at-mark-start, PB=parsable bottom
|   0|0x0000000755a00000, 0x0000000755a00000, 0x0000000755c00000|  0%| F|  |TAMS 0x0000000755a00000| PB 0x0000000755a00000| Untracked 
|   1|0x0000000755c00000, 0x0000000755c00000, 0x0000000755e00000|  0%| F|  |TAMS 0x0000000755c00000| PB 0x0000000755c00000| Untracked 
|   2|0x0000000755e00000, 0x0000000755e00000, 0x0000000756000000|  0%| F|  |TAMS 0x0000000755e00000| PB 0x0000000755e00000| Untracked 
|   3|0x0000000756000000, 0x0000000756000000, 0x0000000756200000|  0%| F|  |TAMS 0x0000000756000000| PB 0x0000000756000000| Untracked 
|   4|0x0000000756200000, 0x0000000756200000, 0x0000000756400000|  0%| F|  |TAMS 0x0000000756200000| PB 0x0000000756200000| Untracked 
|   5|0x0000000756400000, 0x0000000756400000, 0x0000000756600000|  0%| F|  |TAMS 0x0000000756400000| PB 0x0000000756400000| Untracked 
|   6|0x0000000756600000, 0x0000000756600000, 0x0000000756800000|  0%| F|  |TAMS 0x0000000756600000| PB 0x0000000756600000| Untracked 
|   7|0x0000000756800000, 0x0000000756800000, 0x0000000756a00000|  0%| F|  |TAMS 0x0000000756800000| PB 0x0000000756800000| Untracked 
|   8|0x0000000756a00000, 0x0000000756a00000, 0x0000000756c00000|  0%| F|  |TAMS 0x0000000756a00000| PB 0x0000000756a00000| Untracked 
|   9|0x0000000756c00000, 0x0000000756c00000, 0x0000000756e00000|  0%| F|  |TAMS 0x0000000756c00000| PB 0x0000000756c00000| Untracked 
|  10|0x0000000756e00000, 0x0000000756e00000, 0x0000000757000000|  0%| F|  |TAMS 0x0000000756e00000| PB 0x0000000756e00000| Untracked 
|  11|0x0000000757000000, 0x0000000757000000, 0x0000000757200000|  0%| F|  |TAMS 0x0000000757000000| PB 0x0000000757000000| Untracked 
|  12|0x0000000757200000, 0x0000000757200000, 0x0000000757400000|  0%| F|  |TAMS 0x0000000757200000| PB 0x0000000757200000| Untracked 
|  13|0x0000000757400000, 0x0000000757400000, 0x0000000757600000|  0%| F|  |TAMS 0x0000000757400000| PB 0x0000000757400000| Untracked 
|  14|0x0000000757600000, 0x0000000757600000, 0x0000000757800000|  0%| F|  |TAMS 0x0000000757600000| PB 0x0000000757600000| Untracked 
|  15|0x0000000757800000, 0x0000000757800000, 0x0000000757a00000|  0%| F|  |TAMS 0x0000000757800000| PB 0x0000000757800000| Untracked 
|  16|0x0000000757a00000, 0x0000000757a00000, 0x0000000757c00000|  0%| F|  |TAMS 0x0000000757a00000| PB 0x0000000757a00000| Untracked 
|  17|0x0000000757c00000, 0x0000000757c00000, 0x0000000757e00000|  0%| F|  |TAMS 0x0000000757c00000| PB 0x0000000757c00000| Untracked 
|  18|0x0000000757e00000, 0x0000000757e00000, 0x0000000758000000|  0%| F|  |TAMS 0x0000000757e00000| PB 0x0000000757e00000| Untracked 
|  19|0x0000000758000000, 0x0000000758000000, 0x0000000758200000|  0%| F|  |TAMS 0x0000000758000000| PB 0x0000000758000000| Untracked 
|  20|0x0000000758200000, 0x0000000758200000, 0x0000000758400000|  0%| F|  |TAMS 0x0000000758200000| PB 0x0000000758200000| Untracked 
|  21|0x0000000758400000, 0x0000000758400000, 0x0000000758600000|  0%| F|  |TAMS 0x0000000758400000| PB 0x0000000758400000| Untracked 
|  22|0x0000000758600000, 0x0000000758600000, 0x0000000758800000|  0%| F|  |TAMS 0x0000000758600000| PB 0x0000000758600000| Untracked 
|  23|0x0000000758800000, 0x0000000758800000, 0x0000000758a00000|  0%| F|  |TAMS 0x0000000758800000| PB 0x0000000758800000| Untracked 
|  24|0x0000000758a00000, 0x0000000758a00000, 0x0000000758c00000|  0%| F|  |TAMS 0x0000000758a00000| PB 0x0000000758a00000| Untracked 
|  25|0x0000000758c00000, 0x0000000758c00000, 0x0000000758e00000|  0%| F|  |TAMS 0x0000000758c00000| PB 0x0000000758c00000| Untracked 
|  26|0x0000000758e00000, 0x0000000758e00000, 0x0000000759000000|  0%| F|  |TAMS 0x0000000758e00000| PB 0x0000000758e00000| Untracked 
|  27|0x0000000759000000, 0x0000000759000000, 0x0000000759200000|  0%| F|  |TAMS 0x0000000759000000| PB 0x0000000759000000| Untracked 
|  28|0x0000000759200000, 0x0000000759200000, 0x0000000759400000|  0%| F|  |TAMS 0x0000000759200000| PB 0x0000000759200000| Untracked 
|  29|0x0000000759400000, 0x0000000759400000, 0x0000000759600000|  0%| F|  |TAMS 0x0000000759400000| PB 0x0000000759400000| Untracked 
|  30|0x0000000759600000, 0x0000000759600000, 0x0000000759800000|  0%| F|  |TAMS 0x0000000759600000| PB 0x0000000759600000| Untracked 
|  31|0x0000000759800000, 0x0000000759800000, 0x0000000759a00000|  0%| F|  |TAMS 0x0000000759800000| PB 0x0000000759800000| Untracked 
|  32|0x0000000759a00000, 0x0000000759a00000, 0x0000000759c00000|  0%| F|  |TAMS 0x0000000759a00000| PB 0x0000000759a00000| Untracked 
|  33|0x0000000759c00000, 0x0000000759c00000, 0x0000000759e00000|  0%| F|  |TAMS 0x0000000759c00000| PB 0x0000000759c00000| Untracked 
|  34|0x0000000759e00000, 0x0000000759e00000, 0x000000075a000000|  0%| F|  |TAMS 0x0000000759e00000| PB 0x0000000759e00000| Untracked 
|  35|0x000000075a000000, 0x000000075a000000, 0x000000075a200000|  0%| F|  |TAMS 0x000000075a000000| PB 0x000000075a000000| Untracked 
|  36|0x000000075a200000, 0x000000075a200000, 0x000000075a400000|  0%| F|  |TAMS 0x000000075a200000| PB 0x000000075a200000| Untracked 
|  37|0x000000075a400000, 0x000000075a400000, 0x000000075a600000|  0%| F|  |TAMS 0x000000075a400000| PB 0x000000075a400000| Untracked 
|  38|0x000000075a600000, 0x000000075a600000, 0x000000075a800000|  0%| F|  |TAMS 0x000000075a600000| PB 0x000000075a600000| Untracked 
|  39|0x000000075a800000, 0x000000075a800000, 0x000000075aa00000|  0%| F|  |TAMS 0x000000075a800000| PB 0x000000075a800000| Untracked 
|  40|0x000000075aa00000, 0x000000075aa00000, 0x000000075ac00000|  0%| F|  |TAMS 0x000000075aa00000| PB 0x000000075aa00000| Untracked 
|  41|0x000000075ac00000, 0x000000075ac00000, 0x000000075ae00000|  0%| F|  |TAMS 0x000000075ac00000| PB 0x000000075ac00000| Untracked 
|  42|0x000000075ae00000, 0x000000075ae00000, 0x000000075b000000|  0%| F|  |TAMS 0x000000075ae00000| PB 0x000000075ae00000| Untracked 
|  43|0x000000075b000000, 0x000000075b000000, 0x000000075b200000|  0%| F|  |TAMS 0x000000075b000000| PB 0x000000075b000000| Untracked 
|  44|0x000000075b200000, 0x000000075b200000, 0x000000075b400000|  0%| F|  |TAMS 0x000000075b200000| PB 0x000000075b200000| Untracked 
|  45|0x000000075b400000, 0x000000075b400000, 0x000000075b600000|  0%| F|  |TAMS 0x000000075b400000| PB 0x000000075b400000| Untracked 
|  46|0x000000075b600000, 0x000000075b600000, 0x000000075b800000|  0%| F|  |TAMS 0x000000075b600000| PB 0x000000075b600000| Untracked 
|  47|0x000000075b800000, 0x000000075b800000, 0x000000075ba00000|  0%| F|  |TAMS 0x000000075b800000| PB 0x000000075b800000| Untracked 
|  48|0x000000075ba00000, 0x000000075ba00000, 0x000000075bc00000|  0%| F|  |TAMS 0x000000075ba00000| PB 0x000000075ba00000| Untracked 
|  49|0x000000075bc00000, 0x000000075bc00000, 0x000000075be00000|  0%| F|  |TAMS 0x000000075bc00000| PB 0x000000075bc00000| Untracked 
|  50|0x000000075be00000, 0x000000075be00000, 0x000000075c000000|  0%| F|  |TAMS 0x000000075be00000| PB 0x000000075be00000| Untracked 
|  51|0x000000075c000000, 0x000000075c000000, 0x000000075c200000|  0%| F|  |TAMS 0x000000075c000000| PB 0x000000075c000000| Untracked 
|  52|0x000000075c200000, 0x000000075c200000, 0x000000075c400000|  0%| F|  |TAMS 0x000000075c200000| PB 0x000000075c200000| Untracked 
|  53|0x000000075c400000, 0x000000075c400000, 0x000000075c600000|  0%| F|  |TAMS 0x000000075c400000| PB 0x000000075c400000| Untracked 
|  54|0x000000075c600000, 0x000000075c600000, 0x000000075c800000|  0%| F|  |TAMS 0x000000075c600000| PB 0x000000075c600000| Untracked 
|  55|0x000000075c800000, 0x000000075c800000, 0x000000075ca00000|  0%| F|  |TAMS 0x000000075c800000| PB 0x000000075c800000| Untracked 
|  56|0x000000075ca00000, 0x000000075ca00000, 0x000000075cc00000|  0%| F|  |TAMS 0x000000075ca00000| PB 0x000000075ca00000| Untracked 
|  57|0x000000075cc00000, 0x000000075cc00000, 0x000000075ce00000|  0%| F|  |TAMS 0x000000075cc00000| PB 0x000000075cc00000| Untracked 
|  58|0x000000075ce00000, 0x000000075ce00000, 0x000000075d000000|  0%| F|  |TAMS 0x000000075ce00000| PB 0x000000075ce00000| Untracked 
|  59|0x000000075d000000, 0x000000075d000000, 0x000000075d200000|  0%| F|  |TAMS 0x000000075d000000| PB 0x000000075d000000| Untracked 
|  60|0x000000075d200000, 0x000000075d200000, 0x000000075d400000|  0%| F|  |TAMS 0x000000075d200000| PB 0x000000075d200000| Untracked 
|  61|0x000000075d400000, 0x000000075d400000, 0x000000075d600000|  0%| F|  |TAMS 0x000000075d400000| PB 0x000000075d400000| Untracked 
|  62|0x000000075d600000, 0x000000075d600000, 0x000000075d800000|  0%| F|  |TAMS 0x000000075d600000| PB 0x000000075d600000| Untracked 
|  63|0x000000075d800000, 0x000000075d800000, 0x000000075da00000|  0%| F|  |TAMS 0x000000075d800000| PB 0x000000075d800000| Untracked 
|  64|0x000000075da00000, 0x000000075da00000, 0x000000075dc00000|  0%| F|  |TAMS 0x000000075da00000| PB 0x000000075da00000| Untracked 
|  65|0x000000075dc00000, 0x000000075dc00000, 0x000000075de00000|  0%| F|  |TAMS 0x000000075dc00000| PB 0x000000075dc00000| Untracked 
|  66|0x000000075de00000, 0x000000075de00000, 0x000000075e000000|  0%| F|  |TAMS 0x000000075de00000| PB 0x000000075de00000| Untracked 
|  67|0x000000075e000000, 0x000000075e000000, 0x000000075e200000|  0%| F|  |TAMS 0x000000075e000000| PB 0x000000075e000000| Untracked 
|  68|0x000000075e200000, 0x000000075e200000, 0x000000075e400000|  0%| F|  |TAMS 0x000000075e200000| PB 0x000000075e200000| Untracked 
|  69|0x000000075e400000, 0x000000075e400000, 0x000000075e600000|  0%| F|  |TAMS 0x000000075e400000| PB 0x000000075e400000| Untracked 
|  70|0x000000075e600000, 0x000000075e600000, 0x000000075e800000|  0%| F|  |TAMS 0x000000075e600000| PB 0x000000075e600000| Untracked 
|  71|0x000000075e800000, 0x000000075e800000, 0x000000075ea00000|  0%| F|  |TAMS 0x000000075e800000| PB 0x000000075e800000| Untracked 
|  72|0x000000075ea00000, 0x000000075ea00000, 0x000000075ec00000|  0%| F|  |TAMS 0x000000075ea00000| PB 0x000000075ea00000| Untracked 
|  73|0x000000075ec00000, 0x000000075ec00000, 0x000000075ee00000|  0%| F|  |TAMS 0x000000075ec00000| PB 0x000000075ec00000| Untracked 
|  74|0x000000075ee00000, 0x000000075ee00000, 0x000000075f000000|  0%| F|  |TAMS 0x000000075ee00000| PB 0x000000075ee00000| Untracked 
|  75|0x000000075f000000, 0x000000075f000000, 0x000000075f200000|  0%| F|  |TAMS 0x000000075f000000| PB 0x000000075f000000| Untracked 
|  76|0x000000075f200000, 0x000000075f200000, 0x000000075f400000|  0%| F|  |TAMS 0x000000075f200000| PB 0x000000075f200000| Untracked 
|  77|0x000000075f400000, 0x000000075f400000, 0x000000075f600000|  0%| F|  |TAMS 0x000000075f400000| PB 0x000000075f400000| Untracked 
|  78|0x000000075f600000, 0x000000075f600000, 0x000000075f800000|  0%| F|  |TAMS 0x000000075f600000| PB 0x000000075f600000| Untracked 
|  79|0x000000075f800000, 0x000000075f800000, 0x000000075fa00000|  0%| F|  |TAMS 0x000000075f800000| PB 0x000000075f800000| Untracked 
|  80|0x000000075fa00000, 0x000000075fa00000, 0x000000075fc00000|  0%| F|  |TAMS 0x000000075fa00000| PB 0x000000075fa00000| Untracked 
|  81|0x000000075fc00000, 0x000000075fc00000, 0x000000075fe00000|  0%| F|  |TAMS 0x000000075fc00000| PB 0x000000075fc00000| Untracked 
|  82|0x000000075fe00000, 0x000000075fe00000, 0x0000000760000000|  0%| F|  |TAMS 0x000000075fe00000| PB 0x000000075fe00000| Untracked 
|  83|0x0000000760000000, 0x00000007600f7448, 0x0000000760200000| 48%| E|  |TAMS 0x0000000760000000| PB 0x0000000760000000| Complete 
|  84|0x0000000760200000, 0x0000000760400000, 0x0000000760400000|100%| E|CS|TAMS 0x0000000760200000| PB 0x0000000760200000| Complete 
|  85|0x0000000760400000, 0x0000000760600000, 0x0000000760600000|100%| E|  |TAMS 0x0000000760400000| PB 0x0000000760400000| Complete 
|1362|0x00000007ffe00000, 0x00000007fff0c670, 0x0000000800000000| 52%| O|  |TAMS 0x00000007ffe00000| PB 0x00000007ffe00000| Untracked 

Card table byte_map: [0x0000711b2cd80000,0x0000711b2d2d3000] _byte_map_base: 0x0000711b292d3000

Marking Bits: (CMBitMap*) 0x0000711b2806a070
 Bits: [0x0000711b0db68000, 0x0000711b10600000)

Polling page: 0x0000711b2f90a000

Metaspace:

Usage:
  Non-class:      1.95 MB used.
      Class:    191.82 KB used.
       Both:      2.13 MB used.

Virtual space:
  Non-class space:       64.00 MB reserved,       2.06 MB (  3%) committed,  1 nodes.
      Class space:        1.00 GB reserved,     256.00 KB ( <1%) committed,  1 nodes.
             Both:        1.06 GB reserved,       2.31 MB ( <1%) committed. 

Chunk freelists:
   Non-Class:  11.17 MB
       Class:  15.66 MB
        Both:  26.83 MB

MaxMetaspaceSize: unlimited
CompressedClassSpaceSize: 1.00 GB
Initial GC threshold: 21.00 MB
Current GC threshold: 21.00 MB
CDS: on
 - commit_granule_bytes: 65536.
 - commit_granule_words: 8192.
 - virtual_space_node_default_size: 8388608.
 - enlarge_chunks_in_place: 1.
 - use_allocation_guard: 0.


Internal statistics:

num_allocs_failed_limit: 0.
num_arena_births: 28.
num_arena_deaths: 0.
num_vsnodes_births: 2.
num_vsnodes_deaths: 0.
num_space_committed: 37.
num_space_uncommitted: 0.
num_chunks_returned_to_freelist: 0.
num_chunks_taken_from_freelist: 72.
num_chunk_merges: 0.
num_chunk_splits: 45.
num_chunks_enlarged: 34.
num_inconsistent_stats: 0.

CodeHeap 'non-profiled nmethods': size=120032Kb used=153Kb max_used=153Kb free=119879Kb
 bounds [0x0000711b180c8000, 0x0000711b18338000, 0x0000711b1f600000]
CodeHeap 'profiled nmethods': size=120028Kb used=726Kb max_used=726Kb free=119301Kb
 bounds [0x0000711b10600000, 0x0000711b10870000, 0x0000711b17b37000]
CodeHeap 'non-nmethods': size=5700Kb used=1373Kb max_used=1388Kb free=4326Kb
 bounds [0x0000711b17b37000, 0x0000711b17da7000, 0x0000711b180c8000]
 total_blobs=1017 nmethods=527 adapters=397
 compilation: enabled
              stopped_count=0, restarted_count=0
 full_count=0

Compilation events (20 events):
Event: 0.456 Thread 0x0000711b28113790 nmethod 521 0x0000711b106b1610 code [0x0000711b106b17c0, 0x0000711b106b19e8]
Event: 0.456 Thread 0x0000711b28113790  517   !   3       jdk.internal.loader.BuiltinClassLoader::loadClassOrNull (143 bytes)
Event: 0.457 Thread 0x0000711b281120d0 nmethod 501 0x0000711b180ed390 code [0x0000711b180ed520, 0x0000711b180ed708]
Event: 0.458 Thread 0x0000711b281120d0  503       4       java.lang.String::toString (2 bytes)
Event: 0.458 Thread 0x0000711b281120d0 nmethod 503 0x0000711b180ed810 code [0x0000711b180ed980, 0x0000711b180eda08]
Event: 0.459 Thread 0x0000711b28113790 nmethod 517 0x0000711b106b1a90 code [0x0000711b106b1d60, 0x0000711b106b2c40]
Event: 0.459 Thread 0x0000711b28113790  523       3       java.net.URI::match (56 bytes)
Event: 0.459 Thread 0x0000711b28113790 nmethod 523 0x0000711b106b3290 code [0x0000711b106b3440, 0x0000711b106b3708]
Event: 0.459 Thread 0x0000711b28113790  522       1       java.net.URL::getHost (5 bytes)
Event: 0.459 Thread 0x0000711b28113790 nmethod 522 0x0000711b180edb10 code [0x0000711b180edca0, 0x0000711b180edd68]
Event: 0.459 Thread 0x0000711b28113790  519       1       java.util.jar.Attributes$Name::hashCode (5 bytes)
Event: 0.459 Thread 0x0000711b28113790 nmethod 519 0x0000711b180ede10 code [0x0000711b180edfa0, 0x0000711b180ee060]
Event: 0.472 Thread 0x0000711b28113790  524       3       java.lang.ref.SoftReference::get (29 bytes)
Event: 0.472 Thread 0x0000711b28113790 nmethod 524 0x0000711b106b3790 code [0x0000711b106b3920, 0x0000711b106b3ad8]
Event: 0.472 Thread 0x0000711b28113790  525       3       sun.reflect.annotation.AnnotationInvocationHandler::invoke (182 bytes)
Event: 0.474 Thread 0x0000711b28113790 nmethod 525 0x0000711b106b3b90 code [0x0000711b106b3ec0, 0x0000711b106b4f60]
Event: 0.474 Thread 0x0000711b28113790  526       3       java.util.regex.Pattern::next (33 bytes)
Event: 0.475 Thread 0x0000711b28113790 nmethod 526 0x0000711b106b5490 code [0x0000711b106b5640, 0x0000711b106b5898]
Event: 0.475 Thread 0x0000711b28113790  527       1       java.net.URL::getRef (5 bytes)
Event: 0.475 Thread 0x0000711b28113790 nmethod 527 0x0000711b180ee110 code [0x0000711b180ee2a0, 0x0000711b180ee368]

GC Heap History (0 events):
No events

Dll operation events (8 events):
Event: 0.003 Loaded shared library /usr/lib/jvm/java-21-openjdk/lib/libjava.so
Event: 0.036 Loaded shared library /usr/lib/jvm/java-21-openjdk/lib/libjsvml.so
Event: 0.043 Loaded shared library /usr/lib/jvm/java-21-openjdk/lib/libnio.so
Event: 0.046 Loaded shared library /usr/lib/jvm/java-21-openjdk/lib/libzip.so
Event: 0.136 Loaded shared library /usr/lib/jvm/java-21-openjdk/lib/libjimage.so
Event: 0.238 Loaded shared library /usr/lib/libX11.so.6.4.0
Event: 0.324 Loaded shared library /usr/local/lib/libraylib.so.5.5.0
Event: 0.409 Loaded shared library /home/liam/.javacpp/cache/jaylib-5.0.0-0.jar/com/raylib/linux-x86_64/libjniRaylib.so

Deoptimization events (4 events):
Event: 0.151 Thread 0x0000711b28019250 Uncommon trap: trap_request=0xffffff45 fr.pc=0x0000711b180d14e0 relative=0x00000000000000c0
Event: 0.151 Thread 0x0000711b28019250 Uncommon trap: reason=unstable_if action=reinterpret pc=0x0000711b180d14e0 method=java.lang.String.isLatin1()Z @ 10 c2
Event: 0.151 Thread 0x0000711b28019250 DEOPT PACKING pc=0x0000711b180d14e0 sp=0x0000711b2e1fdfa0
Event: 0.151 Thread 0x0000711b28019250 DEOPT UNPACKING pc=0x0000711b17b8af99 sp=0x0000711b2e1fdf00 mode 2

Classes loaded (20 events):
Event: 0.422 Loading class java/lang/NumberFormatException
Event: 0.422 Loading class java/lang/NumberFormatException done
Event: 0.428 Loading class java/lang/Class$1
Event: 0.428 Loading class java/lang/Class$1 done
Event: 0.428 Loading class java/lang/ProcessEnvironment
Event: 0.428 Loading class java/lang/ProcessEnvironment done
Event: 0.428 Loading class java/lang/ProcessEnvironment$Variable
Event: 0.428 Loading class java/lang/ProcessEnvironment$ExternalData
Event: 0.428 Loading class java/lang/ProcessEnvironment$ExternalData done
Event: 0.429 Loading class java/lang/ProcessEnvironment$Variable done
Event: 0.429 Loading class java/lang/ProcessImpl
Event: 0.429 Loading class java/lang/Process
Event: 0.429 Loading class java/lang/Process done
Event: 0.429 Loading class java/lang/ProcessImpl done
Event: 0.429 Loading class java/lang/ProcessImpl$LaunchMechanism
Event: 0.430 Loading class java/lang/ProcessImpl$LaunchMechanism done
Event: 0.430 Loading class java/lang/ProcessEnvironment$Value
Event: 0.430 Loading class java/lang/ProcessEnvironment$Value done
Event: 0.431 Loading class java/lang/ProcessEnvironment$StringEnvironment
Event: 0.431 Loading class java/lang/ProcessEnvironment$StringEnvironment done

Classes unloaded (0 events):
No events

Classes redefined (0 events):
No events

Internal exceptions (7 events):
Event: 0.179 Thread 0x0000711b28019250 Exception <a 'java/lang/NoSuchMethodError'{0x00000007602753c8}: 'int java.lang.invoke.DirectMethodHandle$Holder.invokeStaticInit(java.lang.Object, java.lang.Object, java.lang.Object, java.lang.Object)'> (0x00000007602753c8) 
thrown [/usr/src/debug/java21-openjdk/jdk21u-jdk-21.0.6-7/src/hotspot/share/interpreter/linkResolver.cpp, line 772]
Event: 0.181 Thread 0x0000711b28019250 Exception <a 'java/lang/NoSuchMethodError'{0x000000076027df10}: 'java.lang.Object java.lang.invoke.DirectMethodHandle$Holder.invokeInterface(java.lang.Object, java.lang.Object)'> (0x000000076027df10) 
thrown [/usr/src/debug/java21-openjdk/jdk21u-jdk-21.0.6-7/src/hotspot/share/interpreter/linkResolver.cpp, line 772]
Event: 0.182 Thread 0x0000711b28019250 Exception <a 'java/lang/IncompatibleClassChangeError'{0x00000007602811a8}: Found class java.lang.Object, but interface was expected> (0x00000007602811a8) 
thrown [/usr/src/debug/java21-openjdk/jdk21u-jdk-21.0.6-7/src/hotspot/share/interpreter/linkResolver.cpp, line 840]
Event: 0.183 Thread 0x0000711b28019250 Exception <a 'java/lang/NoSuchMethodError'{0x0000000760283e38}: 'void java.lang.invoke.DirectMethodHandle$Holder.invokeStatic(java.lang.Object, java.lang.Object)'> (0x0000000760283e38) 
thrown [/usr/src/debug/java21-openjdk/jdk21u-jdk-21.0.6-7/src/hotspot/share/interpreter/linkResolver.cpp, line 772]
Event: 0.183 Thread 0x0000711b28019250 Exception <a 'java/lang/NoSuchMethodError'{0x0000000760287248}: 'void java.lang.invoke.DirectMethodHandle$Holder.invokeStaticInit(java.lang.Object, java.lang.Object)'> (0x0000000760287248) 
thrown [/usr/src/debug/java21-openjdk/jdk21u-jdk-21.0.6-7/src/hotspot/share/interpreter/linkResolver.cpp, line 772]
Event: 0.185 Thread 0x0000711b28019250 Exception <a 'java/lang/NoSuchMethodError'{0x000000076028ce50}: 'int java.lang.invoke.DirectMethodHandle$Holder.invokeStaticInit(java.lang.Object, java.lang.Object)'> (0x000000076028ce50) 
thrown [/usr/src/debug/java21-openjdk/jdk21u-jdk-21.0.6-7/src/hotspot/share/interpreter/linkResolver.cpp, line 772]
Event: 0.359 Thread 0x0000711b28019250 Exception <a 'java/lang/NoSuchMethodError'{0x00000007603d89c0}: 'java.lang.Object java.lang.invoke.DirectMethodHandle$Holder.invokeStatic(java.lang.Object, int, java.lang.Object)'> (0x00000007603d89c0) 
thrown [/usr/src/debug/java21-openjdk/jdk21u-jdk-21.0.6-7/src/hotspot/share/interpreter/linkResolver.cpp, line 772]

ZGC Phase Switch (0 events):
No events

VM Operations (0 events):
No events

Memory protections (12 events):
Event: 0.002 Protecting memory [0x0000711b2e100000,0x0000711b2e104000] with protection modes 0
Event: 0.034 Protecting memory [0x0000711b2c0f4000,0x0000711b2c0f8000] with protection modes 0
Event: 0.034 Protecting memory [0x0000711b27f00000,0x0000711b27f04000] with protection modes 0
Event: 0.035 Protecting memory [0x0000711b0d700000,0x0000711b0d704000] with protection modes 0
Event: 0.035 Protecting memory [0x0000711b0d5ff000,0x0000711b0d603000] with protection modes 0
Event: 0.035 Protecting memory [0x0000711b0d4fe000,0x0000711b0d502000] with protection modes 0
Event: 0.035 Protecting memory [0x0000711b0d3fd000,0x0000711b0d401000] with protection modes 0
Event: 0.035 Protecting memory [0x0000711b0d2fc000,0x0000711b0d300000] with protection modes 0
Event: 0.040 Protecting memory [0x0000711b0d1fb000,0x0000711b0d1ff000] with protection modes 0
Event: 0.042 Protecting memory [0x0000711b0d0fa000,0x0000711b0d0fe000] with protection modes 0
Event: 0.153 Protecting memory [0x0000711b0cff9000,0x0000711b0cffd000] with protection modes 0
Event: 0.424 Protecting memory [0x0000711b0cff9000,0x0000711b0cffd000] with protection modes 0

Nmethod flushes (0 events):
No events

Events (13 events):
Event: 0.024 Thread 0x0000711b28019250 Thread added: 0x0000711b28019250
Event: 0.034 Thread 0x0000711b28019250 Thread added: 0x0000711b2810ab90
Event: 0.034 Thread 0x0000711b28019250 Thread added: 0x0000711b2810c220
Event: 0.035 Thread 0x0000711b28019250 Thread added: 0x0000711b2810d9b0
Event: 0.035 Thread 0x0000711b28019250 Thread added: 0x0000711b2810eff0
Event: 0.035 Thread 0x0000711b28019250 Thread added: 0x0000711b28110590
Event: 0.035 Thread 0x0000711b28019250 Thread added: 0x0000711b281120d0
Event: 0.035 Thread 0x0000711b28019250 Thread added: 0x0000711b28113790
Event: 0.040 Thread 0x0000711b28019250 Thread added: 0x0000711b2815f5b0
Event: 0.042 Thread 0x0000711b28019250 Thread added: 0x0000711b281628c0
Event: 0.153 Thread 0x0000711b28113790 Thread added: 0x0000711a8407f320
Event: 0.337 Thread 0x0000711a8407f320 Thread exited: 0x0000711a8407f320
Event: 0.423 Thread 0x0000711b28019250 Thread added: 0x0000711b28274270


Dynamic libraries:
755a00000-760600000 rw-p 00000000 00:00 0 
760600000-7ffe00000 ---p 00000000 00:00 0 
7ffe00000-7fff0d000 rw-p 00cd6000 00:1a 6262016                          /usr/lib/jvm/java-21-openjdk/lib/server/classes.jsa
7fff0d000-800000000 rw-p 00000000 00:00 0 
61ae343a5000-61ae343a6000 r--p 00000000 00:1a 6261778                    /usr/lib/jvm/java-21-openjdk/bin/java
61ae343a6000-61ae343a7000 r-xp 00001000 00:1a 6261778                    /usr/lib/jvm/java-21-openjdk/bin/java
61ae343a7000-61ae343a8000 r--p 00002000 00:1a 6261778                    /usr/lib/jvm/java-21-openjdk/bin/java
61ae343a8000-61ae343a9000 r--p 00002000 00:1a 6261778                    /usr/lib/jvm/java-21-openjdk/bin/java
61ae343a9000-61ae343aa000 rw-p 00003000 00:1a 6261778                    /usr/lib/jvm/java-21-openjdk/bin/java
61ae684a2000-61ae684e9000 rw-p 00000000 00:00 0                          [heap]
711a7c000000-711a7c021000 rw-p 00000000 00:00 0 
711a7c021000-711a80000000 ---p 00000000 00:00 0 
711a80000000-711a80028000 rw-p 00000000 00:00 0 
711a80028000-711a84000000 ---p 00000000 00:00 0 
711a84000000-711a840db000 rw-p 00000000 00:00 0 
711a840db000-711a88000000 ---p 00000000 00:00 0 
711a88000000-711a88021000 rw-p 00000000 00:00 0 
711a88021000-711a8c000000 ---p 00000000 00:00 0 
711a8c000000-711a8c021000 rw-p 00000000 00:00 0 
711a8c021000-711a90000000 ---p 00000000 00:00 0 
711a90000000-711a90111000 rw-p 00000000 00:00 0 
711a90111000-711a94000000 ---p 00000000 00:00 0 
711a94000000-711a94021000 rw-p 00000000 00:00 0 
711a94021000-711a98000000 ---p 00000000 00:00 0 
711a98000000-711a98021000 rw-p 00000000 00:00 0 
711a98021000-711a9c000000 ---p 00000000 00:00 0 
711a9c000000-711a9c021000 rw-p 00000000 00:00 0 
711a9c021000-711aa0000000 ---p 00000000 00:00 0 
711aa0000000-711aa0021000 rw-p 00000000 00:00 0 
711aa0021000-711aa4000000 ---p 00000000 00:00 0 
711aa4000000-711aa4021000 rw-p 00000000 00:00 0 
711aa4021000-711aa8000000 ---p 00000000 00:00 0 
711aab000000-711aab130000 rw-p 00000000 00:00 0 
711aab130000-711aab400000 ---p 00000000 00:00 0 
711aab400000-711aab4e0000 rw-p 00000000 00:00 0 
711aab4e0000-711aaf000000 ---p 00000000 00:00 0 
711aaf000000-711aafc97000 rw-p 00001000 00:1a 6262016                    /usr/lib/jvm/java-21-openjdk/lib/server/classes.jsa
711aafc97000-711ab0000000 ---p 00000000 00:00 0 
711ab0000000-711ab0020000 rw-p 00000000 00:00 0 
711ab0020000-711ab0040000 ---p 00000000 00:00 0 
711ab0040000-711ab0060000 rw-p 00000000 00:00 0 
711ab0060000-711af0000000 ---p 00000000 00:00 0 
711af0000000-711af0021000 rw-p 00000000 00:00 0 
711af0021000-711af4000000 ---p 00000000 00:00 0 
711af4000000-711af4021000 rw-p 00000000 00:00 0 
711af4021000-711af8000000 ---p 00000000 00:00 0 
711af8000000-711af8021000 rw-p 00000000 00:00 0 
711af8021000-711afc000000 ---p 00000000 00:00 0 
711afe000000-711b00021000 rw-p 00000000 00:00 0 
711b00021000-711b04000000 ---p 00000000 00:00 0 
711b04000000-711b04021000 rw-p 00000000 00:00 0 
711b04021000-711b08000000 ---p 00000000 00:00 0 
711b08000000-711b08021000 rw-p 00000000 00:00 0 
711b08021000-711b0c000000 ---p 00000000 00:00 0 
711b0c600000-711b0c66d000 r--p 00000000 00:1a 19238367                   /home/liam/.javacpp/cache/jaylib-5.0.0-0.jar/com/raylib/linux-x86_64/libjniRaylib.so
711b0c66d000-711b0c8c0000 r-xp 0006d000 00:1a 19238367                   /home/liam/.javacpp/cache/jaylib-5.0.0-0.jar/com/raylib/linux-x86_64/libjniRaylib.so
711b0c8c0000-711b0c958000 r--p 002c0000 00:1a 19238367                   /home/liam/.javacpp/cache/jaylib-5.0.0-0.jar/com/raylib/linux-x86_64/libjniRaylib.so
711b0c958000-711b0c959000 ---p 00358000 00:1a 19238367                   /home/liam/.javacpp/cache/jaylib-5.0.0-0.jar/com/raylib/linux-x86_64/libjniRaylib.so
711b0c959000-711b0c95a000 r--p 00358000 00:1a 19238367                   /home/liam/.javacpp/cache/jaylib-5.0.0-0.jar/com/raylib/linux-x86_64/libjniRaylib.so
711b0c95a000-711b0c964000 rw-p 00359000 00:1a 19238367                   /home/liam/.javacpp/cache/jaylib-5.0.0-0.jar/com/raylib/linux-x86_64/libjniRaylib.so
711b0c964000-711b0c99d000 rw-p 00000000 00:00 0 
711b0ca00000-711b0ca32000 r--p 00000000 00:1a 2571161                    /usr/local/lib/libraylib.so.5.5.0
711b0ca32000-711b0cc41000 r-xp 00032000 00:1a 2571161                    /usr/local/lib/libraylib.so.5.5.0
711b0cc41000-711b0ccaf000 r--p 00241000 00:1a 2571161                    /usr/local/lib/libraylib.so.5.5.0
711b0ccaf000-711b0ccb5000 r--p 002ae000 00:1a 2571161                    /usr/local/lib/libraylib.so.5.5.0
711b0ccb5000-711b0ccbc000 rw-p 002b4000 00:1a 2571161                    /usr/local/lib/libraylib.so.5.5.0
711b0ccbc000-711b0cced000 rw-p 00000000 00:00 0 
711b0cda0000-711b0cde1000 r--p 00000000 00:1a 63558                      /usr/lib/libGLdispatch.so.0.0.0
711b0cde1000-711b0ce20000 r-xp 00041000 00:1a 63558                      /usr/lib/libGLdispatch.so.0.0.0
711b0ce20000-711b0ce33000 r--p 00080000 00:1a 63558                      /usr/lib/libGLdispatch.so.0.0.0
711b0ce33000-711b0ce4f000 r--p 00093000 00:1a 63558                      /usr/lib/libGLdispatch.so.0.0.0
711b0ce4f000-711b0ce50000 rw-p 000af000 00:1a 63558                      /usr/lib/libGLdispatch.so.0.0.0
711b0ce50000-711b0ce58000 rw-p 00000000 00:00 0 
711b0ce58000-711b0ce5b000 r--p 00000000 00:1a 2459674                    /usr/lib/libGLU.so.1.3.1
711b0ce5b000-711b0cea2000 r-xp 00003000 00:1a 2459674                    /usr/lib/libGLU.so.1.3.1
711b0cea2000-711b0cead000 r--p 0004a000 00:1a 2459674                    /usr/lib/libGLU.so.1.3.1
711b0cead000-711b0ceae000 r--p 00055000 00:1a 2459674                    /usr/lib/libGLU.so.1.3.1
711b0ceae000-711b0ceaf000 rw-p 00056000 00:1a 2459674                    /usr/lib/libGLU.so.1.3.1
711b0ceb0000-711b0cec7000 r--p 00000000 00:1a 7231440                    /usr/lib/libX11.so.6.4.0
711b0cec7000-711b0cf5b000 r-xp 00017000 00:1a 7231440                    /usr/lib/libX11.so.6.4.0
711b0cf5b000-711b0cfea000 r--p 000ab000 00:1a 7231440                    /usr/lib/libX11.so.6.4.0
711b0cfea000-711b0cfed000 r--p 00139000 00:1a 7231440                    /usr/lib/libX11.so.6.4.0
711b0cfed000-711b0cff1000 rw-p 0013c000 00:1a 7231440                    /usr/lib/libX11.so.6.4.0
711b0cff8000-711b0cff9000 ---p 00000000 00:00 0 
711b0cff9000-711b0cffd000 ---p 00000000 00:00 0 
711b0cffd000-711b0d0f9000 rw-p 00000000 00:00 0 
711b0d0f9000-711b0d0fa000 ---p 00000000 00:00 0 
711b0d0fa000-711b0d0fe000 ---p 00000000 00:00 0 
711b0d0fe000-711b0d1fa000 rw-p 00000000 00:00 0 
711b0d1fa000-711b0d1fb000 ---p 00000000 00:00 0 
711b0d1fb000-711b0d1ff000 ---p 00000000 00:00 0 
711b0d1ff000-711b0d2fb000 rw-p 00000000 00:00 0 
711b0d2fb000-711b0d2fc000 ---p 00000000 00:00 0 
711b0d2fc000-711b0d300000 ---p 00000000 00:00 0 
711b0d300000-711b0d3fc000 rw-p 00000000 00:00 0 
711b0d3fc000-711b0d3fd000 ---p 00000000 00:00 0 
711b0d3fd000-711b0d401000 ---p 00000000 00:00 0 
711b0d401000-711b0d4fd000 rw-p 00000000 00:00 0 
711b0d4fd000-711b0d4fe000 ---p 00000000 00:00 0 
711b0d4fe000-711b0d502000 ---p 00000000 00:00 0 
711b0d502000-711b0d5fe000 rw-p 00000000 00:00 0 
711b0d5fe000-711b0d5ff000 ---p 00000000 00:00 0 
711b0d5ff000-711b0d603000 ---p 00000000 00:00 0 
711b0d603000-711b0d6ff000 rw-p 00000000 00:00 0 
711b0d6ff000-711b0d700000 ---p 00000000 00:00 0 
711b0d700000-711b0d704000 ---p 00000000 00:00 0 
711b0d704000-711b0d800000 rw-p 00000000 00:00 0 
711b0d800000-711b0daec000 r--p 00000000 00:1a 6756722                    /usr/lib/locale/locale-archive
711b0daf3000-711b0db30000 rw-p 00000000 00:00 0 
711b0db30000-711b0db33000 r--p 00000000 00:1a 63555                      /usr/lib/libGLX.so.0.0.0
711b0db33000-711b0db4d000 r-xp 00003000 00:1a 63555                      /usr/lib/libGLX.so.0.0.0
711b0db4d000-711b0db50000 r--p 0001d000 00:1a 63555                      /usr/lib/libGLX.so.0.0.0
711b0db50000-711b0db51000 r--p 00020000 00:1a 63555                      /usr/lib/libGLX.so.0.0.0
711b0db51000-711b0db52000 rw-p 00021000 00:1a 63555                      /usr/lib/libGLX.so.0.0.0
711b0db52000-711b0db62000 rw-p 00000000 00:00 0 
711b0db68000-711b0de18000 rw-p 00000000 00:00 0 
711b0de18000-711b105f8000 ---p 00000000 00:00 0 
711b105f8000-711b10600000 rw-p 00000000 00:00 0 
711b10600000-711b10870000 rwxp 00000000 00:00 0 
711b10870000-711b17b37000 ---p 00000000 00:00 0 
711b17b37000-711b17da7000 rwxp 00000000 00:00 0 
711b17da7000-711b180c8000 ---p 00000000 00:00 0 
711b180c8000-711b18338000 rwxp 00000000 00:00 0 
711b18338000-711b1f600000 ---p 00000000 00:00 0 
711b1f600000-711b27e0e000 r--s 00000000 00:1a 6262009                    /usr/lib/jvm/java-21-openjdk/lib/modules
711b27e21000-711b27e80000 rw-p 00000000 00:00 0 
711b27e80000-711b27e8c000 r--p 00000000 00:1a 1889220                    /usr/lib/libxcb.so.1.1.0
711b27e8c000-711b27ea0000 r-xp 0000c000 00:1a 1889220                    /usr/lib/libxcb.so.1.1.0
711b27ea0000-711b27ea9000 r--p 00020000 00:1a 1889220                    /usr/lib/libxcb.so.1.1.0
711b27ea9000-711b27eaa000 r--p 00028000 00:1a 1889220                    /usr/lib/libxcb.so.1.1.0
711b27eaa000-711b27eab000 rw-p 00029000 00:1a 1889220                    /usr/lib/libxcb.so.1.1.0
711b27ec0000-711b27ec7000 r--s 00000000 00:1a 6756725                    /usr/lib/gconv/gconv-modules.cache
711b27ec8000-711b27ec9000 r--p 00000000 00:1a 6756032                    /usr/lib/libpthread.so.0
711b27ec9000-711b27eca000 r-xp 00001000 00:1a 6756032                    /usr/lib/libpthread.so.0
711b27eca000-711b27ecb000 r--p 00002000 00:1a 6756032                    /usr/lib/libpthread.so.0
711b27ecb000-711b27ecc000 r--p 00002000 00:1a 6756032                    /usr/lib/libpthread.so.0
711b27ecc000-711b27ecd000 rw-p 00003000 00:1a 6756032                    /usr/lib/libpthread.so.0
711b27ed0000-711b27ee5000 r--p 00000000 00:1a 63561                      /usr/lib/libOpenGL.so.0.0.0
711b27ee5000-711b27ef0000 r-xp 00015000 00:1a 63561                      /usr/lib/libOpenGL.so.0.0.0
711b27ef0000-711b27ef5000 r--p 00020000 00:1a 63561                      /usr/lib/libOpenGL.so.0.0.0
711b27ef5000-711b27efa000 r--p 00025000 00:1a 63561                      /usr/lib/libOpenGL.so.0.0.0
711b27efa000-711b27efb000 rw-p 0002a000 00:1a 63561                      /usr/lib/libOpenGL.so.0.0.0
711b27eff000-711b27f00000 ---p 00000000 00:00 0 
711b27f00000-711b27f04000 ---p 00000000 00:00 0 
711b27f04000-711b28000000 rw-p 00000000 00:00 0 
711b28000000-711b282bb000 rw-p 00000000 00:00 0 
711b282bb000-711b2c000000 ---p 00000000 00:00 0 
711b2c008000-711b2c00a000 r--p 00000000 00:1a 490052                     /usr/lib/libXdmcp.so.6.0.0
711b2c00a000-711b2c00c000 r-xp 00002000 00:1a 490052                     /usr/lib/libXdmcp.so.6.0.0
711b2c00c000-711b2c00e000 r--p 00004000 00:1a 490052                     /usr/lib/libXdmcp.so.6.0.0
711b2c00e000-711b2c00f000 r--p 00005000 00:1a 490052                     /usr/lib/libXdmcp.so.6.0.0
711b2c00f000-711b2c010000 rw-p 00006000 00:1a 490052                     /usr/lib/libXdmcp.so.6.0.0
711b2c010000-711b2c012000 r--p 00000000 00:1a 6262008                    /usr/lib/jvm/java-21-openjdk/lib/libzip.so
711b2c012000-711b2c016000 r-xp 00002000 00:1a 6262008                    /usr/lib/jvm/java-21-openjdk/lib/libzip.so
711b2c016000-711b2c018000 r--p 00006000 00:1a 6262008                    /usr/lib/jvm/java-21-openjdk/lib/libzip.so
711b2c018000-711b2c019000 r--p 00007000 00:1a 6262008                    /usr/lib/jvm/java-21-openjdk/lib/libzip.so
711b2c019000-711b2c01a000 rw-p 00008000 00:1a 6262008                    /usr/lib/jvm/java-21-openjdk/lib/libzip.so
711b2c020000-711b2c025000 r--p 00000000 00:1a 6261992                    /usr/lib/jvm/java-21-openjdk/lib/libjsvml.so
711b2c025000-711b2c066000 r-xp 00005000 00:1a 6261992                    /usr/lib/jvm/java-21-openjdk/lib/libjsvml.so
711b2c066000-711b2c0ef000 r--p 00046000 00:1a 6261992                    /usr/lib/jvm/java-21-openjdk/lib/libjsvml.so
711b2c0ef000-711b2c0f0000 r--p 000ce000 00:1a 6261992                    /usr/lib/jvm/java-21-openjdk/lib/libjsvml.so
711b2c0f0000-711b2c0f1000 rw-p 000cf000 00:1a 6261992                    /usr/lib/jvm/java-21-openjdk/lib/libjsvml.so
711b2c0f3000-711b2c0f4000 ---p 00000000 00:00 0 
711b2c0f4000-711b2c0f8000 ---p 00000000 00:00 0 
711b2c0f8000-711b2c1f4000 rw-p 00000000 00:00 0 
711b2c1f4000-711b2c1f5000 ---p 00000000 00:00 0 
711b2c1f5000-711b2c2f5000 rw-p 00000000 00:00 0 
711b2c2f5000-711b2c2f6000 ---p 00000000 00:00 0 
711b2c2f6000-711b2c3f6000 rw-p 00000000 00:00 0 
711b2c3f6000-711b2c477000 rw-p 00000000 00:00 0 
711b2c477000-711b2c478000 ---p 00000000 00:00 0 
711b2c478000-711b2c578000 rw-p 00000000 00:00 0 
711b2c578000-711b2c579000 ---p 00000000 00:00 0 
711b2c579000-711b2c679000 rw-p 00000000 00:00 0 
711b2c679000-711b2ca7d000 rw-p 00000000 00:00 0 
711b2ca7d000-711b2ca7e000 ---p 00000000 00:00 0 
711b2ca7e000-711b2cb7e000 rw-p 00000000 00:00 0 
711b2cb7e000-711b2cb7f000 ---p 00000000 00:00 0 
711b2cb7f000-711b2cc7f000 rw-p 00000000 00:00 0 
711b2cc7f000-711b2cc80000 ---p 00000000 00:00 0 
711b2cc80000-711b2cd80000 rw-p 00000000 00:00 0 
711b2cd80000-711b2cdd6000 rw-p 00000000 00:00 0 
711b2cdd6000-711b2d2d2000 ---p 00000000 00:00 0 
711b2d2d2000-711b2d329000 rw-p 00000000 00:00 0 
711b2d329000-711b2d825000 ---p 00000000 00:00 0 
711b2d825000-711b2dc2f000 rw-p 00000000 00:00 0 
711b2dc2f000-711b2dd15000 ---p 00000000 00:00 0 
711b2dd15000-711b2dd1a000 rw-p 00000000 00:00 0 
711b2dd1a000-711b2de00000 ---p 00000000 00:00 0 
711b2de00000-711b2de97000 r--p 00000000 00:1a 6575794                    /usr/lib/libstdc++.so.6.0.33
711b2de97000-711b2dfe4000 r-xp 00097000 00:1a 6575794                    /usr/lib/libstdc++.so.6.0.33
711b2dfe4000-711b2e074000 r--p 001e4000 00:1a 6575794                    /usr/lib/libstdc++.so.6.0.33
711b2e074000-711b2e081000 r--p 00274000 00:1a 6575794                    /usr/lib/libstdc++.so.6.0.33
711b2e081000-711b2e082000 rw-p 00281000 00:1a 6575794                    /usr/lib/libstdc++.so.6.0.33
711b2e082000-711b2e086000 rw-p 00000000 00:00 0 
711b2e088000-711b2e08f000 r--p 00000000 00:1a 6262000                    /usr/lib/jvm/java-21-openjdk/lib/libnio.so
711b2e08f000-711b2e098000 r-xp 00007000 00:1a 6262000                    /usr/lib/jvm/java-21-openjdk/lib/libnio.so
711b2e098000-711b2e09d000 r--p 00010000 00:1a 6262000                    /usr/lib/jvm/java-21-openjdk/lib/libnio.so
711b2e09d000-711b2e09e000 r--p 00014000 00:1a 6262000                    /usr/lib/jvm/java-21-openjdk/lib/libnio.so
711b2e09e000-711b2e09f000 rw-p 00015000 00:1a 6262000                    /usr/lib/jvm/java-21-openjdk/lib/libnio.so
711b2e0a5000-711b2e100000 rw-p 00000000 00:00 0 
711b2e100000-711b2e104000 ---p 00000000 00:00 0 
711b2e104000-711b2e200000 rw-p 00000000 00:00 0 
711b2e200000-711b2e20e000 r--p 00000000 00:1a 6262019                    /usr/lib/jvm/java-21-openjdk/lib/server/libjvm.so
711b2e20e000-711b2f195000 r-xp 0000e000 00:1a 6262019                    /usr/lib/jvm/java-21-openjdk/lib/server/libjvm.so
711b2f195000-711b2f389000 r--p 00f95000 00:1a 6262019                    /usr/lib/jvm/java-21-openjdk/lib/server/libjvm.so
711b2f389000-711b2f459000 r--p 01189000 00:1a 6262019                    /usr/lib/jvm/java-21-openjdk/lib/server/libjvm.so
711b2f459000-711b2f483000 rw-p 01259000 00:1a 6262019                    /usr/lib/jvm/java-21-openjdk/lib/server/libjvm.so
711b2f483000-711b2f4e9000 rw-p 00000000 00:00 0 
711b2f4f0000-711b2f4f1000 r--p 00000000 00:1a 5358889                    /usr/lib/libXau.so.6.0.0
711b2f4f1000-711b2f4f2000 r-xp 00001000 00:1a 5358889                    /usr/lib/libXau.so.6.0.0
711b2f4f2000-711b2f4f3000 r--p 00002000 00:1a 5358889                    /usr/lib/libXau.so.6.0.0
711b2f4f3000-711b2f4f4000 r--p 00002000 00:1a 5358889                    /usr/lib/libXau.so.6.0.0
711b2f4f4000-711b2f4f5000 rw-p 00003000 00:1a 5358889                    /usr/lib/libXau.so.6.0.0
711b2f4f9000-711b2f568000 rw-p 00000000 00:00 0 
711b2f568000-711b2f56c000 r--p 00000000 00:1a 6575764                    /usr/lib/libgcc_s.so.1
711b2f56c000-711b2f590000 r-xp 00004000 00:1a 6575764                    /usr/lib/libgcc_s.so.1
711b2f590000-711b2f594000 r--p 00028000 00:1a 6575764                    /usr/lib/libgcc_s.so.1
711b2f594000-711b2f595000 r--p 0002b000 00:1a 6575764                    /usr/lib/libgcc_s.so.1
711b2f595000-711b2f596000 rw-p 0002c000 00:1a 6575764                    /usr/lib/libgcc_s.so.1
711b2f598000-711b2f5a7000 r--p 00000000 00:1a 6756015                    /usr/lib/libm.so.6
711b2f5a7000-711b2f62d000 r-xp 0000f000 00:1a 6756015                    /usr/lib/libm.so.6
711b2f62d000-711b2f68e000 r--p 00095000 00:1a 6756015                    /usr/lib/libm.so.6
711b2f68e000-711b2f68f000 r--p 000f5000 00:1a 6756015                    /usr/lib/libm.so.6
711b2f68f000-711b2f690000 rw-p 000f6000 00:1a 6756015                    /usr/lib/libm.so.6
711b2f690000-711b2f693000 r--p 00000000 00:1a 1502060                    /usr/lib/libz.so.1.3.1
711b2f693000-711b2f6a1000 r-xp 00003000 00:1a 1502060                    /usr/lib/libz.so.1.3.1
711b2f6a1000-711b2f6a7000 r--p 00011000 00:1a 1502060                    /usr/lib/libz.so.1.3.1
711b2f6a7000-711b2f6a8000 r--p 00017000 00:1a 1502060                    /usr/lib/libz.so.1.3.1
711b2f6a8000-711b2f6a9000 rw-p 00018000 00:1a 1502060                    /usr/lib/libz.so.1.3.1
711b2f6b0000-711b2f6d4000 r--p 00000000 00:1a 6756005                    /usr/lib/libc.so.6
711b2f6d4000-711b2f845000 r-xp 00024000 00:1a 6756005                    /usr/lib/libc.so.6
711b2f845000-711b2f894000 r--p 00195000 00:1a 6756005                    /usr/lib/libc.so.6
711b2f894000-711b2f898000 r--p 001e3000 00:1a 6756005                    /usr/lib/libc.so.6
711b2f898000-711b2f89a000 rw-p 001e7000 00:1a 6756005                    /usr/lib/libc.so.6
711b2f89a000-711b2f8a2000 rw-p 00000000 00:00 0 
711b2f8a8000-711b2f8ab000 r--p 00000000 00:1a 6261999                    /usr/lib/jvm/java-21-openjdk/lib/libnet.so
711b2f8ab000-711b2f8b2000 r-xp 00003000 00:1a 6261999                    /usr/lib/jvm/java-21-openjdk/lib/libnet.so
711b2f8b2000-711b2f8b4000 r--p 0000a000 00:1a 6261999                    /usr/lib/jvm/java-21-openjdk/lib/libnet.so
711b2f8b4000-711b2f8b5000 r--p 0000b000 00:1a 6261999                    /usr/lib/jvm/java-21-openjdk/lib/libnet.so
711b2f8b5000-711b2f8b6000 rw-p 0000c000 00:1a 6261999                    /usr/lib/jvm/java-21-openjdk/lib/libnet.so
711b2f8bc000-711b2f8c1000 rw-p 00000000 00:00 0 
711b2f8c1000-711b2f8c8000 ---p 00000000 00:00 0 
711b2f8c8000-711b2f8d2000 r--p 00000000 00:1a 6261984                    /usr/lib/jvm/java-21-openjdk/lib/libjava.so
711b2f8d2000-711b2f8df000 r-xp 0000a000 00:1a 6261984                    /usr/lib/jvm/java-21-openjdk/lib/libjava.so
711b2f8df000-711b2f8e4000 r--p 00017000 00:1a 6261984                    /usr/lib/jvm/java-21-openjdk/lib/libjava.so
711b2f8e4000-711b2f8e5000 r--p 0001c000 00:1a 6261984                    /usr/lib/jvm/java-21-openjdk/lib/libjava.so
711b2f8e5000-711b2f8e6000 rw-p 0001d000 00:1a 6261984                    /usr/lib/jvm/java-21-openjdk/lib/libjava.so
711b2f8e6000-711b2f8e7000 rw-p 00000000 00:00 0 
711b2f8e8000-711b2f8f0000 rw-s 00000000 00:31 1606                       /tmp/hsperfdata_liam/82432
711b2f8f0000-711b2f8f1000 r--p 00000000 00:1a 6261988                    /usr/lib/jvm/java-21-openjdk/lib/libjimage.so
711b2f8f1000-711b2f8f3000 r-xp 00001000 00:1a 6261988                    /usr/lib/jvm/java-21-openjdk/lib/libjimage.so
711b2f8f3000-711b2f8f4000 r--p 00003000 00:1a 6261988                    /usr/lib/jvm/java-21-openjdk/lib/libjimage.so
711b2f8f4000-711b2f8f5000 r--p 00003000 00:1a 6261988                    /usr/lib/jvm/java-21-openjdk/lib/libjimage.so
711b2f8f5000-711b2f8f6000 rw-p 00004000 00:1a 6261988                    /usr/lib/jvm/java-21-openjdk/lib/libjimage.so
711b2f8f8000-711b2f8fa000 r--p 00000000 00:1a 6261989                    /usr/lib/jvm/java-21-openjdk/lib/libjli.so
711b2f8fa000-711b2f904000 r-xp 00002000 00:1a 6261989                    /usr/lib/jvm/java-21-openjdk/lib/libjli.so
711b2f904000-711b2f907000 r--p 0000c000 00:1a 6261989                    /usr/lib/jvm/java-21-openjdk/lib/libjli.so
711b2f907000-711b2f908000 r--p 0000e000 00:1a 6261989                    /usr/lib/jvm/java-21-openjdk/lib/libjli.so
711b2f908000-711b2f909000 rw-p 0000f000 00:1a 6261989                    /usr/lib/jvm/java-21-openjdk/lib/libjli.so
711b2f90a000-711b2f90b000 ---p 00000000 00:00 0 
711b2f90b000-711b2f90c000 r--p 00000000 00:00 0 
711b2f90c000-711b2f90d000 ---p 00000000 00:00 0 
711b2f90d000-711b2f912000 rw-p 00000000 00:00 0 
711b2f912000-711b2f914000 r--p 00000000 00:00 0                          [vvar]
711b2f914000-711b2f916000 r--p 00000000 00:00 0                          [vvar_vclock]
711b2f916000-711b2f918000 r-xp 00000000 00:00 0                          [vdso]
711b2f918000-711b2f919000 r--p 00000000 00:1a 6755996                    /usr/lib/ld-linux-x86-64.so.2
711b2f919000-711b2f942000 r-xp 00001000 00:1a 6755996                    /usr/lib/ld-linux-x86-64.so.2
711b2f942000-711b2f94d000 r--p 0002a000 00:1a 6755996                    /usr/lib/ld-linux-x86-64.so.2
711b2f94d000-711b2f94f000 r--p 00034000 00:1a 6755996                    /usr/lib/ld-linux-x86-64.so.2
711b2f94f000-711b2f950000 rw-p 00036000 00:1a 6755996                    /usr/lib/ld-linux-x86-64.so.2
711b2f950000-711b2f951000 rw-p 00000000 00:00 0 
7ffe328aa000-7ffe328cc000 rw-p 00000000 00:00 0                          [stack]
ffffffffff600000-ffffffffff601000 --xp 00000000 00:00 0                  [vsyscall]
Total number of mappings: 275


VM Arguments:
java_command: com.quimbertco.QuimbertQuarrel.QuimbertQuarrel
java_class_path (initial): ./target/QuimbertQuarrel-1.0-SNAPSHOT.jar:./lib/jaylib-5.0.0-0.jar
Launcher Type: SUN_STANDARD

[Global flags]
     intx CICompilerCount                          = 3                                         {product} {ergonomic}
     uint ConcGCThreads                            = 1                                         {product} {ergonomic}
     uint G1ConcRefinementThreads                  = 4                                         {product} {ergonomic}
   size_t G1HeapRegionSize                         = 2097152                                   {product} {ergonomic}
    uintx GCDrainStackTargetSize                   = 64                                        {product} {ergonomic}
   size_t InitialHeapSize                          = 180355072                                 {product} {ergonomic}
   size_t MarkStackSize                            = 4194304                                   {product} {ergonomic}
   size_t MaxHeapSize                              = 2858418176                                {product} {ergonomic}
   size_t MaxNewSize                               = 1713373184                                {product} {ergonomic}
   size_t MinHeapDeltaBytes                        = 2097152                                   {product} {ergonomic}
   size_t MinHeapSize                              = 8388608                                   {product} {ergonomic}
    uintx NonNMethodCodeHeapSize                   = 5832780                                {pd product} {ergonomic}
    uintx NonProfiledCodeHeapSize                  = 122912730                              {pd product} {ergonomic}
    uintx ProfiledCodeHeapSize                     = 122912730                              {pd product} {ergonomic}
    uintx ReservedCodeCacheSize                    = 251658240                              {pd product} {ergonomic}
     bool SegmentedCodeCache                       = true                                      {product} {ergonomic}
   size_t SoftMaxHeapSize                          = 2858418176                             {manageable} {ergonomic}
     bool UseCompressedOops                        = true                           {product lp64_product} {ergonomic}
     bool UseG1GC                                  = true                                      {product} {ergonomic}

Logging:
Log output configuration:
 #0: stdout all=warning uptime,level,tags foldmultilines=false
 #1: stderr all=off uptime,level,tags foldmultilines=false

Environment Variables:
PATH=/home/liam/.local/share/zinit/polaris/bin:/home/liam/.local/bin:/home/liam/.config/emacs/bin:/home/liam/.cargo/bin:/usr/local/sbin:/usr/local/bin:/usr/bin:/opt/android-sdk/platform-tools:/var/lib/flatpak/exports/bin:/usr/lib/jvm/default/bin:/usr/bin/site_perl:/usr/bin/vendor_perl:/usr/bin/core_perl:/opt/rocm/bin:/usr/lib/rustup/bin
XDG_CACHE_HOME=/home/liam/.cache
XDG_CONFIG_HOME=/home/liam/.config
LD_LIBRARY_PATH=/usr/local/lib/
SHELL=/bin/zsh
DISPLAY=:0
LANG=en_US.UTF-8
TERM=xterm-256color

Active Locale:
LC_ALL=en_US.UTF-8
LC_COLLATE=en_US.UTF-8
LC_CTYPE=en_US.UTF-8
LC_MESSAGES=en_US.UTF-8
LC_MONETARY=en_US.UTF-8
LC_NUMERIC=en_US.UTF-8
LC_TIME=en_US.UTF-8

Signal Handlers:
   SIGSEGV: 0x0000711b2ee57cf0 in libjvm.so+12942576, mask=11100100010111111101111111111110, flags=SA_RESTART|SA_SIGINFO, unblocked
    SIGBUS: 0x0000711b2ee57cf0 in libjvm.so+12942576, mask=11100100010111111101111111111110, flags=SA_RESTART|SA_SIGINFO, unblocked
    SIGFPE: 0x0000711b2ee57cf0 in libjvm.so+12942576, mask=11100100010111111101111111111110, flags=SA_RESTART|SA_SIGINFO, unblocked
   SIGPIPE: 0x0000711b2ed17f70 in libjvm.so+11632496, mask=11100100010111111101111111111110, flags=SA_RESTART|SA_SIGINFO, blocked
   SIGXFSZ: 0x0000711b2ed17f70 in libjvm.so+11632496, mask=11100100010111111101111111111110, flags=SA_RESTART|SA_SIGINFO, blocked
    SIGILL: 0x0000711b2ee57cf0 in libjvm.so+12942576, mask=11100100010111111101111111111110, flags=SA_RESTART|SA_SIGINFO, unblocked
   SIGUSR2: 0x0000711b2ed25390 in libjvm.so+11686800, mask=00000000000000000000000000000000, flags=SA_RESTART|SA_SIGINFO, blocked
    SIGHUP: 0x0000711b2ed10cc0 in libjvm.so+11603136, mask=11100100010111111101111111111110, flags=SA_RESTART|SA_SIGINFO, blocked
    SIGINT: 0x0000711b2ed10cc0 in libjvm.so+11603136, mask=11100100010111111101111111111110, flags=SA_RESTART|SA_SIGINFO, blocked
   SIGTERM: 0x0000711b2ed10cc0 in libjvm.so+11603136, mask=11100100010111111101111111111110, flags=SA_RESTART|SA_SIGINFO, blocked
   SIGQUIT: 0x0000711b2ed10cc0 in libjvm.so+11603136, mask=11100100010111111101111111111110, flags=SA_RESTART|SA_SIGINFO, blocked
   SIGTRAP: 0x0000711b2ee57cf0 in libjvm.so+12942576, mask=11100100010111111101111111111110, flags=SA_RESTART|SA_SIGINFO, unblocked


Periodic native trim disabled

---------------  S Y S T E M  ---------------

OS:
DISTRIB_ID="Arch"
DISTRIB_RELEASE="rolling"
DISTRIB_DESCRIPTION="Arch Linux"
uname: Linux 6.13.7-arch1-1 #1 SMP PREEMPT_DYNAMIC Thu, 13 Mar 2025 18:12:00 +0000 x86_64
OS uptime: 0 days 3:47 hours
libc: glibc 2.41 NPTL 2.41 
rlimit (soft/hard): STACK 8192k/infinity , CORE infinity/infinity , NPROC 43321/43321 , NOFILE 524288/524288 , AS infinity/infinity , CPU infinity/infinity , DATA infinity/infinity , FSIZE infinity/infinity , MEMLOCK 8192k/8192k
load average: 1.15 1.05 1.14

/proc/meminfo:
MemTotal:       11161088 kB
MemFree:          552100 kB
MemAvailable:    7030348 kB
Buffers:              28 kB
Cached:          6781052 kB
SwapCached:         1308 kB
Active:          5168300 kB
Inactive:        4670760 kB
Active(anon):    2259440 kB
Inactive(anon):   934068 kB
Active(file):    2908860 kB
Inactive(file):  3736692 kB
Unevictable:          48 kB
Mlocked:              48 kB
SwapTotal:      20971512 kB
SwapFree:       20637892 kB
Zswap:                 0 kB
Zswapped:              0 kB
Dirty:               116 kB
Writeback:             0 kB
AnonPages:       2883460 kB
Mapped:           865708 kB
Shmem:            135808 kB
KReclaimable:     141576 kB
Slab:             285956 kB
SReclaimable:     141576 kB
SUnreclaim:       144380 kB
KernelStack:       16688 kB
PageTables:        36368 kB
SecPageTables:      4140 kB
NFS_Unstable:          0 kB
Bounce:                0 kB
WritebackTmp:          0 kB
CommitLimit:    26552056 kB
Committed_AS:   13660976 kB
VmallocTotal:   34359738367 kB
VmallocUsed:      104488 kB
VmallocChunk:          0 kB
Percpu:             3024 kB
HardwareCorrupted:     0 kB
AnonHugePages:    890880 kB
ShmemHugePages:        0 kB
ShmemPmdMapped:        0 kB
FileHugePages:    567296 kB
FilePmdMapped:    321536 kB
CmaTotal:              0 kB
CmaFree:               0 kB
Unaccepted:            0 kB
HugePages_Total:       0
HugePages_Free:        0
HugePages_Rsvd:        0
HugePages_Surp:        0
Hugepagesize:       2048 kB
Hugetlb:               0 kB
DirectMap4k:      819136 kB
DirectMap2M:     9613312 kB
DirectMap1G:     2097152 kB

/sys/kernel/mm/transparent_hugepage/enabled: [always] madvise never
/sys/kernel/mm/transparent_hugepage/hpage_pmd_size: 2097152
/sys/kernel/mm/transparent_hugepage/defrag (defrag/compaction efforts parameter): always defer defer+madvise [madvise] never

Process Memory:
Virtual Size: 5644448K (peak: 5644448K)
Resident Set Size: 60860K (peak: 60860K) (anon: 32360K, file: 28500K, shmem: 0K)
Swapped out: 0K
C-Heap outstanding allocations: 14601K, retained: 2450K
glibc malloc tunables: (default)

/proc/sys/kernel/threads-max (system-wide limit on the number of threads): 86642
/proc/sys/vm/max_map_count (maximum number of memory map areas a process may have): 1048576
/proc/sys/vm/swappiness (control to define how aggressively the kernel swaps out anonymous memory): 60
/proc/sys/kernel/pid_max (system-wide limit on number of process identifiers): 4194304

container information not found.
Steal ticks since vm start: 0
Steal ticks percentage since vm start:  0.000

CPU: total 4 (initial active 4) (4 cores per cpu, 1 threads per core) family 21 model 48 stepping 1 microcode 0x6003106, cx8, cmov, fxsr, mmx, 3dnowpref, sse, sse2, sse3, ssse3, sse4a, sse4.1, sse4.2, popcnt, lzcnt, tsc, tscinvbit, avx, aes, clmul, bmi1, fma, vzeroupper, clflush, rdtscp, f16c
CPU Model and flags from /proc/cpuinfo:
model name	: AMD A10-7800 Radeon R7, 12 Compute Cores 4C+8G
flags		: fpu vme de pse tsc msr pae mce cx8 apic sep mtrr pge mca cmov pat pse36 clflush mmx fxsr sse sse2 ht syscall nx mmxext fxsr_opt pdpe1gb rdtscp lm constant_tsc rep_good nopl nonstop_tsc cpuid extd_apicid aperfmperf pni pclmulqdq monitor ssse3 fma cx16 sse4_1 sse4_2 popcnt aes xsave avx f16c lahf_lm cmp_legacy svm extapic cr8_legacy abm sse4a misalignsse 3dnowprefetch osvw ibs xop skinit wdt lwp fma4 tce nodeid_msr tbm topoext perfctr_core perfctr_nb bpext ptsc cpb hw_pstate ssbd vmmcall fsgsbase bmi1 xsaveopt arat npt lbrv svm_lock nrip_save tsc_scale vmcb_clean flushbyasid decodeassists pausefilter pfthreshold overflow_recov

Online cpus: 0-3
Offline cpus: 
BIOS frequency limitation: 3500000
Frequency switch latency (ns): 4000
Available cpu frequencies: 3500000 3000000 2500000 1900000 1400000 
Current governor: schedutil
Core performance/turbo boost: 1

Memory: 4k page, physical 11161088k(7030348k free), swap 20971512k(20637892k free)
Page Sizes: 4k

vm_info: OpenJDK 64-Bit Server VM (21.0.6+7) for linux-amd64 JRE (21.0.6+7), built on 2025-01-22T10:12:15Z by "builduser" with gcc 14.2.1 20240910

END.
